<?xml version="1.0" encoding="UTF-8"?>
<testsuite name="AccountServiceTest" tests="1" skipped="0" failures="0" errors="0" timestamp="2022-08-17T07:47:34" hostname="LAPTOP-VBFHQFG2" time="56.941">
  <properties/>
  <testcase name="start" classname="AccountServiceTest" time="56.941"/>
  <system-out><![CDATA[?[1;31m
Start test 1?[0m

  .   ____          _            __ _ _
 /\\ / ___'_ __ _ _(_)_ __  __ _ \ \ \ \
( ( )\___ | '_ | '_| | '_ \/ _` | \ \ \ \
 \\/  ___)| |_)| | | | | || (_| |  ) ) ) )
  '  |____| .__|_| |_|_| |_\__, | / / / /
 =========|_|==============|___/=/_/_/_/
 :: Spring Boot ::        (v2.3.1.RELEASE)

2022-08-17 10:47:35.323  INFO 24432 --- [    Test worker] account.AccountServiceApplication        : Starting AccountServiceApplication on LAPTOP-VBFHQFG2 with PID 24432 (started by Ansis in C:\Users\Ansis\Desktop\maven\Account Service\Account Service\task)
2022-08-17 10:47:35.328  INFO 24432 --- [    Test worker] account.AccountServiceApplication        : No active profile set, falling back to default profiles: default
2022-08-17 10:47:36.477  INFO 24432 --- [    Test worker] .s.d.r.c.RepositoryConfigurationDelegate : Bootstrapping Spring Data JPA repositories in DEFERRED mode.
2022-08-17 10:47:36.552  INFO 24432 --- [    Test worker] .s.d.r.c.RepositoryConfigurationDelegate : Finished Spring Data repository scanning in 68ms. Found 4 JPA repository interfaces.
2022-08-17 10:47:36.960  INFO 24432 --- [    Test worker] trationDelegate$BeanPostProcessorChecker : Bean 'org.springframework.security.access.expression.method.DefaultMethodSecurityExpressionHandler@4e0cc334' of type [org.springframework.security.access.expression.method.DefaultMethodSecurityExpressionHandler] is not eligible for getting processed by all BeanPostProcessors (for example: not eligible for auto-proxying)
2022-08-17 10:47:36.962  INFO 24432 --- [    Test worker] trationDelegate$BeanPostProcessorChecker : Bean 'methodSecurityConfig' of type [account.securityConfig.MethodSecurityConfig$$EnhancerBySpringCGLIB$$4b303389] is not eligible for getting processed by all BeanPostProcessors (for example: not eligible for auto-proxying)
2022-08-17 10:47:36.973  INFO 24432 --- [    Test worker] trationDelegate$BeanPostProcessorChecker : Bean 'methodSecurityMetadataSource' of type [org.springframework.security.access.method.DelegatingMethodSecurityMetadataSource] is not eligible for getting processed by all BeanPostProcessors (for example: not eligible for auto-proxying)
2022-08-17 10:47:37.279  INFO 24432 --- [    Test worker] o.s.b.w.embedded.tomcat.TomcatWebServer  : Tomcat initialized with port(s): 28852 (http)
2022-08-17 10:47:37.295  INFO 24432 --- [    Test worker] o.apache.catalina.core.StandardService   : Starting service [Tomcat]
2022-08-17 10:47:37.295  INFO 24432 --- [    Test worker] org.apache.catalina.core.StandardEngine  : Starting Servlet engine: [Apache Tomcat/9.0.36]
2022-08-17 10:47:37.403  INFO 24432 --- [    Test worker] o.a.c.c.C.[Tomcat].[localhost].[/]       : Initializing Spring embedded WebApplicationContext
2022-08-17 10:47:37.404  INFO 24432 --- [    Test worker] w.s.c.ServletWebServerApplicationContext : Root WebApplicationContext: initialization completed in 2022 ms
2022-08-17 10:47:37.560  INFO 24432 --- [    Test worker] com.zaxxer.hikari.HikariDataSource       : HikariPool-1 - Starting...
2022-08-17 10:47:37.766  INFO 24432 --- [    Test worker] com.zaxxer.hikari.HikariDataSource       : HikariPool-1 - Start completed.
2022-08-17 10:47:37.775  INFO 24432 --- [    Test worker] o.s.b.a.h2.H2ConsoleAutoConfiguration    : H2 console available at '/h2-console'. Database available at 'jdbc:h2:file:../service_db'
2022-08-17 10:47:37.953  INFO 24432 --- [    Test worker] o.s.s.concurrent.ThreadPoolTaskExecutor  : Initializing ExecutorService 'applicationTaskExecutor'
2022-08-17 10:47:38.010  INFO 24432 --- [         task-1] o.hibernate.jpa.internal.util.LogHelper  : HHH000204: Processing PersistenceUnitInfo [name: default]
2022-08-17 10:47:38.080  INFO 24432 --- [         task-1] org.hibernate.Version                    : HHH000412: Hibernate ORM core version 5.4.17.Final
2022-08-17 10:47:38.108  WARN 24432 --- [    Test worker] JpaBaseConfiguration$JpaWebConfiguration : spring.jpa.open-in-view is enabled by default. Therefore, database queries may be performed during view rendering. Explicitly configure spring.jpa.open-in-view to disable this warning
2022-08-17 10:47:38.272  INFO 24432 --- [         task-1] o.hibernate.annotations.common.Version   : HCANN000001: Hibernate Commons Annotations {5.1.0.Final}
2022-08-17 10:47:38.420  INFO 24432 --- [         task-1] org.hibernate.dialect.Dialect            : HHH000400: Using dialect: org.hibernate.dialect.H2Dialect
Hibernate: create table event (id bigint not null, action varchar(255), date varchar(255), object varchar(255), path varchar(255), subject varchar(255), primary key (id))
Hibernate: create table id (number bigint not null, primary key (number))
Hibernate: create table pay_slip (id bigint not null, date varchar(255), lastname varchar(255), name varchar(255), period varchar(255), salary varchar(255), user_email varchar(255) not null, primary key (id))
Hibernate: create table user (email varchar(255) not null, id bigint, lastname varchar(30), months binary(255), name varchar(30), password varchar(255), roles binary(255), idd bigint, primary key (email))
Hibernate: create sequence hibernate_sequence start with 1 increment by 1
Hibernate: alter table pay_slip add constraint FK6iq3q6htw3itl605wlhkcjutn foreign key (user_email) references user
Hibernate: alter table user add constraint FK3mi03cam43b65y2a7q2o4mbc0 foreign key (idd) references id
2022-08-17 10:47:39.341  INFO 24432 --- [         task-1] o.h.e.t.j.p.i.JtaPlatformInitiator       : HHH000490: Using JtaPlatform implementation: [org.hibernate.engine.transaction.jta.platform.internal.NoJtaPlatform]
2022-08-17 10:47:39.349  INFO 24432 --- [         task-1] j.LocalContainerEntityManagerFactoryBean : Initialized JPA EntityManagerFactory for persistence unit 'default'
2022-08-17 10:47:39.714  INFO 24432 --- [    Test worker] o.s.b.a.e.web.EndpointLinksResolver      : Exposing 14 endpoint(s) beneath base path '/actuator'
2022-08-17 10:47:39.783  INFO 24432 --- [    Test worker] o.s.s.web.DefaultSecurityFilterChain     : Creating filter chain: any request, [org.springframework.security.web.context.request.async.WebAsyncManagerIntegrationFilter@2adc1e84, org.springframework.security.web.context.SecurityContextPersistenceFilter@43d6262c, org.springframework.security.web.header.HeaderWriterFilter@5c60c08, org.springframework.security.web.authentication.logout.LogoutFilter@362be0cd, org.springframework.security.web.authentication.www.BasicAuthenticationFilter@9cc0505, org.springframework.security.web.savedrequest.RequestCacheAwareFilter@38cf4497, org.springframework.security.web.servletapi.SecurityContextHolderAwareRequestFilter@152891f8, org.springframework.security.web.authentication.AnonymousAuthenticationFilter@2a99fa07, org.springframework.security.web.session.SessionManagementFilter@4f552aa2, org.springframework.security.web.access.ExceptionTranslationFilter@3f80d8c, org.springframework.security.web.access.intercept.FilterSecurityInterceptor@98722ef]
2022-08-17 10:47:40.062  INFO 24432 --- [    Test worker] o.s.b.w.embedded.tomcat.TomcatWebServer  : Tomcat started on port(s): 28852 (http) with context path ''
2022-08-17 10:47:40.063  INFO 24432 --- [    Test worker] DeferredRepositoryInitializationListener : Triggering deferred initialization of Spring Data repositoriesâ€¦
2022-08-17 10:47:40.421  INFO 24432 --- [    Test worker] DeferredRepositoryInitializationListener : Spring Data repositories initialized!
2022-08-17 10:47:40.433  INFO 24432 --- [    Test worker] account.AccountServiceApplication        : Started AccountServiceApplication in 5.41 seconds (JVM running for 6.312)
2022-08-17 10:47:40.723  INFO 24432 --- [io-28852-exec-1] o.a.c.c.C.[Tomcat].[localhost].[/]       : Initializing Spring DispatcherServlet 'dispatcherServlet'
2022-08-17 10:47:40.724  INFO 24432 --- [io-28852-exec-1] o.s.web.servlet.DispatcherServlet        : Initializing Servlet 'dispatcherServlet'
2022-08-17 10:47:40.732  INFO 24432 --- [io-28852-exec-1] o.s.web.servlet.DispatcherServlet        : Completed initialization in 7 ms


REGISTRATION


Doe
JohnDoe@acme.com
oMoa3VvqnLxW
********************
?[1;31m
Start test 2?[0m


REGISTRATION

null
Doe
JohnDoe@acme.com
oMoa3VvqnLxW
********************
?[1;31m
Start test 3?[0m


REGISTRATION

John

JohnDoe@acme.com
oMoa3VvqnLxW
********************
?[1;31m
Start test 4?[0m


REGISTRATION

John
null
JohnDoe@acme.com
oMoa3VvqnLxW
********************
?[1;31m
Start test 5?[0m


REGISTRATION

John
Doe

oMoa3VvqnLxW
********************
?[1;31m
Start test 6?[0m


REGISTRATION

John
Doe
null
oMoa3VvqnLxW
********************
?[1;31m
Start test 7?[0m


REGISTRATION

John
Doe
JohnDoe@acme.com

********************
?[1;31m
Start test 8?[0m


REGISTRATION

John
Doe
JohnDoe@acme.com
null
********************
?[1;31m
Start test 9?[0m


REGISTRATION

John
Doe
johndoeacme.com
oMoa3VvqnLxW
********************
?[1;31m
Start test 10?[0m


REGISTRATION

John
Doe
johndoe@google.com
oMoa3VvqnLxW
********************
?[1;31m
Start test 11?[0m


REGISTRATION

John
Doe
JohnDoe@acme.com
PasswordForJanuary
********************
Hibernate: select count(*) as col_0_0_ from user user0_ where user0_.email=?


REGISTRATION

John
Doe
JohnDoe@acme.com
PasswordForFebruary
********************
Hibernate: select count(*) as col_0_0_ from user user0_ where user0_.email=?


REGISTRATION

John
Doe
JohnDoe@acme.com
PasswordForMarch
********************
Hibernate: select count(*) as col_0_0_ from user user0_ where user0_.email=?


REGISTRATION

John
Doe
JohnDoe@acme.com
PasswordForApril
********************
Hibernate: select count(*) as col_0_0_ from user user0_ where user0_.email=?


REGISTRATION

John
Doe
JohnDoe@acme.com
PasswordForMay
********************
Hibernate: select count(*) as col_0_0_ from user user0_ where user0_.email=?


REGISTRATION

John
Doe
JohnDoe@acme.com
PasswordForJune
********************
Hibernate: select count(*) as col_0_0_ from user user0_ where user0_.email=?


REGISTRATION

John
Doe
JohnDoe@acme.com
PasswordForJuly
********************
Hibernate: select count(*) as col_0_0_ from user user0_ where user0_.email=?


REGISTRATION

John
Doe
JohnDoe@acme.com
PasswordForAugust
********************
Hibernate: select count(*) as col_0_0_ from user user0_ where user0_.email=?


REGISTRATION

John
Doe
JohnDoe@acme.com
PasswordForSeptember
********************
Hibernate: select count(*) as col_0_0_ from user user0_ where user0_.email=?


REGISTRATION

John
Doe
JohnDoe@acme.com
PasswordForOctober
********************
Hibernate: select count(*) as col_0_0_ from user user0_ where user0_.email=?


REGISTRATION

John
Doe
JohnDoe@acme.com
PasswordForNovember
********************
Hibernate: select count(*) as col_0_0_ from user user0_ where user0_.email=?


REGISTRATION

John
Doe
JohnDoe@acme.com
PasswordForDecember
********************
Hibernate: select count(*) as col_0_0_ from user user0_ where user0_.email=?
?[1;31m
Start test 12?[0m


REGISTRATION

John
Doe
JohnDoe@acme.com
oMoa3VvqnLxW
********************
Hibernate: select count(*) as col_0_0_ from user user0_ where user0_.email=?
SAVED!!!

Hibernate: select count(*) as col_0_0_ from user user0_
Hibernate: select user0_.email as email1_3_1_, user0_.id as id2_3_1_, user0_.lastname as lastname3_3_1_, user0_.months as months4_3_1_, user0_.name as name5_3_1_, user0_.idd as idd8_3_1_, user0_.password as password6_3_1_, user0_.roles as roles7_3_1_, generalseq1_.number as number1_1_0_ from user user0_ left outer join id generalseq1_ on user0_.idd=generalseq1_.number where user0_.email=?
Hibernate: call next value for hibernate_sequence
Hibernate: insert into id (number) values (?)
Hibernate: insert into user (id, lastname, months, name, idd, password, roles, email) values (?, ?, ?, ?, ?, ?, ?, ?)
Hibernate: update user set id=?, lastname=?, months=?, name=?, idd=?, password=?, roles=? where email=?
?[1;31m
Start test 13?[0m


REGISTRATION

Max
Mustermann
maxmustermann@acme.com
ai0y9bMvyF6G
********************
Hibernate: select count(*) as col_0_0_ from user user0_ where user0_.email=?
SAVED!!!

Hibernate: select count(*) as col_0_0_ from user user0_
Hibernate: select user0_.email as email1_3_1_, user0_.id as id2_3_1_, user0_.lastname as lastname3_3_1_, user0_.months as months4_3_1_, user0_.name as name5_3_1_, user0_.idd as idd8_3_1_, user0_.password as password6_3_1_, user0_.roles as roles7_3_1_, generalseq1_.number as number1_1_0_ from user user0_ left outer join id generalseq1_ on user0_.idd=generalseq1_.number where user0_.email=?
Hibernate: call next value for hibernate_sequence
Hibernate: insert into id (number) values (?)
Hibernate: insert into user (id, lastname, months, name, idd, password, roles, email) values (?, ?, ?, ?, ?, ?, ?, ?)
Hibernate: update user set id=?, lastname=?, months=?, name=?, idd=?, password=?, roles=? where email=?
?[1;31m
Start test 14?[0m


REGISTRATION

Ivan
Ivanov
IvanIvanov@acme.com
rXoa4CvqpLxW
********************
Hibernate: select count(*) as col_0_0_ from user user0_ where user0_.email=?
SAVED!!!

Hibernate: select count(*) as col_0_0_ from user user0_
Hibernate: select user0_.email as email1_3_1_, user0_.id as id2_3_1_, user0_.lastname as lastname3_3_1_, user0_.months as months4_3_1_, user0_.name as name5_3_1_, user0_.idd as idd8_3_1_, user0_.password as password6_3_1_, user0_.roles as roles7_3_1_, generalseq1_.number as number1_1_0_ from user user0_ left outer join id generalseq1_ on user0_.idd=generalseq1_.number where user0_.email=?
Hibernate: call next value for hibernate_sequence
Hibernate: insert into id (number) values (?)
Hibernate: insert into user (id, lastname, months, name, idd, password, roles, email) values (?, ?, ?, ?, ?, ?, ?, ?)
Hibernate: update user set id=?, lastname=?, months=?, name=?, idd=?, password=?, roles=? where email=?
?[1;31m
Start test 15?[0m


REGISTRATION

Petr
Petrov
PetrPetrov@acme.com
nWza98hjkLPE
********************
Hibernate: select count(*) as col_0_0_ from user user0_ where user0_.email=?
SAVED!!!

Hibernate: select count(*) as col_0_0_ from user user0_
Hibernate: select user0_.email as email1_3_1_, user0_.id as id2_3_1_, user0_.lastname as lastname3_3_1_, user0_.months as months4_3_1_, user0_.name as name5_3_1_, user0_.idd as idd8_3_1_, user0_.password as password6_3_1_, user0_.roles as roles7_3_1_, generalseq1_.number as number1_1_0_ from user user0_ left outer join id generalseq1_ on user0_.idd=generalseq1_.number where user0_.email=?
Hibernate: call next value for hibernate_sequence
Hibernate: insert into id (number) values (?)
Hibernate: insert into user (id, lastname, months, name, idd, password, roles, email) values (?, ?, ?, ?, ?, ?, ?, ?)
Hibernate: update user set id=?, lastname=?, months=?, name=?, idd=?, password=?, roles=? where email=?
?[1;31m
Start test 16?[0m


REGISTRATION

John
Doe
JohnDoe@acme.com
oMoa3VvqnLxW
********************
Hibernate: select count(*) as col_0_0_ from user user0_ where user0_.email=?
?[1;31m
Start test 17?[0m


REGISTRATION

John
Doe
JohnDoe@acme.com
oMoa3VvqnLxW
********************
Hibernate: select count(*) as col_0_0_ from user user0_ where user0_.email=?
?[1;31m
Start test 18?[0m


REGISTRATION

John
Doe
johndoe@acme.com
oMoa3VvqnLxW
********************
Hibernate: select count(*) as col_0_0_ from user user0_ where user0_.email=?
?[1;31m
Start test 19?[0m
Hibernate: select user0_.email as email1_3_, user0_.id as id2_3_, user0_.lastname as lastname3_3_, user0_.months as months4_3_, user0_.name as name5_3_, user0_.idd as idd8_3_, user0_.password as password6_3_, user0_.roles as roles7_3_ from user user0_ where user0_.email=?
Hibernate: select generalseq0_.number as number1_1_0_, user1_.email as email1_3_1_, user1_.id as id2_3_1_, user1_.lastname as lastname3_3_1_, user1_.months as months4_3_1_, user1_.name as name5_3_1_, user1_.idd as idd8_3_1_, user1_.password as password6_3_1_, user1_.roles as roles7_3_1_ from id generalseq0_ left outer join user user1_ on generalseq0_.number=user1_.idd where generalseq0_.number=?
Hibernate: select user0_.email as email1_3_1_, user0_.id as id2_3_1_, user0_.lastname as lastname3_3_1_, user0_.months as months4_3_1_, user0_.name as name5_3_1_, user0_.idd as idd8_3_1_, user0_.password as password6_3_1_, user0_.roles as roles7_3_1_, generalseq1_.number as number1_1_0_ from user user0_ left outer join id generalseq1_ on user0_.idd=generalseq1_.number where user0_.idd=?


******PAYMENT********
maxmustermann@acme.com
Hibernate: select user0_.email as email1_3_0_, user0_.id as id2_3_0_, user0_.lastname as lastname3_3_0_, user0_.months as months4_3_0_, user0_.name as name5_3_0_, user0_.idd as idd8_3_0_, user0_.password as password6_3_0_, user0_.roles as roles7_3_0_, generalseq1_.number as number1_1_1_ from user user0_ left outer join id generalseq1_ on user0_.idd=generalseq1_.number where user0_.email=?
Hibernate: select payslips0_.user_email as user_ema7_2_0_, payslips0_.id as id1_2_0_, payslips0_.id as id1_2_1_, payslips0_.date as date2_2_1_, payslips0_.lastname as lastname3_2_1_, payslips0_.name as name4_2_1_, payslips0_.period as period5_2_1_, payslips0_.salary as salary6_2_1_, payslips0_.user_email as user_ema7_2_1_ from pay_slip payslips0_ where payslips0_.user_email=?
?[1;31m
Start test 20?[0m
Hibernate: select user0_.email as email1_3_, user0_.id as id2_3_, user0_.lastname as lastname3_3_, user0_.months as months4_3_, user0_.name as name5_3_, user0_.idd as idd8_3_, user0_.password as password6_3_, user0_.roles as roles7_3_ from user user0_ where user0_.email=?
Hibernate: select generalseq0_.number as number1_1_0_, user1_.email as email1_3_1_, user1_.id as id2_3_1_, user1_.lastname as lastname3_3_1_, user1_.months as months4_3_1_, user1_.name as name5_3_1_, user1_.idd as idd8_3_1_, user1_.password as password6_3_1_, user1_.roles as roles7_3_1_ from id generalseq0_ left outer join user user1_ on generalseq0_.number=user1_.idd where generalseq0_.number=?
Hibernate: select user0_.email as email1_3_1_, user0_.id as id2_3_1_, user0_.lastname as lastname3_3_1_, user0_.months as months4_3_1_, user0_.name as name5_3_1_, user0_.idd as idd8_3_1_, user0_.password as password6_3_1_, user0_.roles as roles7_3_1_, generalseq1_.number as number1_1_0_ from user user0_ left outer join id generalseq1_ on user0_.idd=generalseq1_.number where user0_.idd=?


******PAYMENT********
maxmustermann@acme.com
Hibernate: select user0_.email as email1_3_0_, user0_.id as id2_3_0_, user0_.lastname as lastname3_3_0_, user0_.months as months4_3_0_, user0_.name as name5_3_0_, user0_.idd as idd8_3_0_, user0_.password as password6_3_0_, user0_.roles as roles7_3_0_, generalseq1_.number as number1_1_1_ from user user0_ left outer join id generalseq1_ on user0_.idd=generalseq1_.number where user0_.email=?
Hibernate: select payslips0_.user_email as user_ema7_2_0_, payslips0_.id as id1_2_0_, payslips0_.id as id1_2_1_, payslips0_.date as date2_2_1_, payslips0_.lastname as lastname3_2_1_, payslips0_.name as name4_2_1_, payslips0_.period as period5_2_1_, payslips0_.salary as salary6_2_1_, payslips0_.user_email as user_ema7_2_1_ from pay_slip payslips0_ where payslips0_.user_email=?
?[1;31m
Start test 21?[0m
Hibernate: select user0_.email as email1_3_, user0_.id as id2_3_, user0_.lastname as lastname3_3_, user0_.months as months4_3_, user0_.name as name5_3_, user0_.idd as idd8_3_, user0_.password as password6_3_, user0_.roles as roles7_3_ from user user0_ where user0_.email=?
Hibernate: select generalseq0_.number as number1_1_0_, user1_.email as email1_3_1_, user1_.id as id2_3_1_, user1_.lastname as lastname3_3_1_, user1_.months as months4_3_1_, user1_.name as name5_3_1_, user1_.idd as idd8_3_1_, user1_.password as password6_3_1_, user1_.roles as roles7_3_1_ from id generalseq0_ left outer join user user1_ on generalseq0_.number=user1_.idd where generalseq0_.number=?
Hibernate: select user0_.email as email1_3_1_, user0_.id as id2_3_1_, user0_.lastname as lastname3_3_1_, user0_.months as months4_3_1_, user0_.name as name5_3_1_, user0_.idd as idd8_3_1_, user0_.password as password6_3_1_, user0_.roles as roles7_3_1_, generalseq1_.number as number1_1_0_ from user user0_ left outer join id generalseq1_ on user0_.idd=generalseq1_.number where user0_.idd=?
?[1;31m
Start test 22?[0m
Hibernate: select user0_.email as email1_3_, user0_.id as id2_3_, user0_.lastname as lastname3_3_, user0_.months as months4_3_, user0_.name as name5_3_, user0_.idd as idd8_3_, user0_.password as password6_3_, user0_.roles as roles7_3_ from user user0_ where user0_.email=?
?[1;31m
Start test 23?[0m
Hibernate: select user0_.email as email1_3_, user0_.id as id2_3_, user0_.lastname as lastname3_3_, user0_.months as months4_3_, user0_.name as name5_3_, user0_.idd as idd8_3_, user0_.password as password6_3_, user0_.roles as roles7_3_ from user user0_ where user0_.email=?
?[1;31m
Start test 24?[0m
?[1;31m
Start test 25?[0m
?[1;31m
Start test 26?[0m
Hibernate: select user0_.email as email1_3_, user0_.id as id2_3_, user0_.lastname as lastname3_3_, user0_.months as months4_3_, user0_.name as name5_3_, user0_.idd as idd8_3_, user0_.password as password6_3_, user0_.roles as roles7_3_ from user user0_ where user0_.email=?
Hibernate: select generalseq0_.number as number1_1_0_, user1_.email as email1_3_1_, user1_.id as id2_3_1_, user1_.lastname as lastname3_3_1_, user1_.months as months4_3_1_, user1_.name as name5_3_1_, user1_.idd as idd8_3_1_, user1_.password as password6_3_1_, user1_.roles as roles7_3_1_ from id generalseq0_ left outer join user user1_ on generalseq0_.number=user1_.idd where generalseq0_.number=?
Hibernate: select user0_.email as email1_3_1_, user0_.id as id2_3_1_, user0_.lastname as lastname3_3_1_, user0_.months as months4_3_1_, user0_.name as name5_3_1_, user0_.idd as idd8_3_1_, user0_.password as password6_3_1_, user0_.roles as roles7_3_1_, generalseq1_.number as number1_1_0_ from user user0_ left outer join id generalseq1_ on user0_.idd=generalseq1_.number where user0_.idd=?

ChangePassword


oMoa3Vvqn
johndoe@acme.com
Hibernate: select user0_.email as email1_3_0_, user0_.id as id2_3_0_, user0_.lastname as lastname3_3_0_, user0_.months as months4_3_0_, user0_.name as name5_3_0_, user0_.idd as idd8_3_0_, user0_.password as password6_3_0_, user0_.roles as roles7_3_0_, generalseq1_.number as number1_1_1_ from user user0_ left outer join id generalseq1_ on user0_.idd=generalseq1_.number where user0_.email=?

******************


?[1;31m
Start test 27?[0m
Hibernate: select user0_.email as email1_3_, user0_.id as id2_3_, user0_.lastname as lastname3_3_, user0_.months as months4_3_, user0_.name as name5_3_, user0_.idd as idd8_3_, user0_.password as password6_3_, user0_.roles as roles7_3_ from user user0_ where user0_.email=?
Hibernate: select generalseq0_.number as number1_1_0_, user1_.email as email1_3_1_, user1_.id as id2_3_1_, user1_.lastname as lastname3_3_1_, user1_.months as months4_3_1_, user1_.name as name5_3_1_, user1_.idd as idd8_3_1_, user1_.password as password6_3_1_, user1_.roles as roles7_3_1_ from id generalseq0_ left outer join user user1_ on generalseq0_.number=user1_.idd where generalseq0_.number=?
Hibernate: select user0_.email as email1_3_1_, user0_.id as id2_3_1_, user0_.lastname as lastname3_3_1_, user0_.months as months4_3_1_, user0_.name as name5_3_1_, user0_.idd as idd8_3_1_, user0_.password as password6_3_1_, user0_.roles as roles7_3_1_, generalseq1_.number as number1_1_0_ from user user0_ left outer join id generalseq1_ on user0_.idd=generalseq1_.number where user0_.idd=?

ChangePassword


oMoa3VvqnLxW
johndoe@acme.com
Hibernate: select user0_.email as email1_3_0_, user0_.id as id2_3_0_, user0_.lastname as lastname3_3_0_, user0_.months as months4_3_0_, user0_.name as name5_3_0_, user0_.idd as idd8_3_0_, user0_.password as password6_3_0_, user0_.roles as roles7_3_0_, generalseq1_.number as number1_1_1_ from user user0_ left outer join id generalseq1_ on user0_.idd=generalseq1_.number where user0_.email=?

******************


?[1;31m
Start test 28?[0m
Hibernate: select user0_.email as email1_3_, user0_.id as id2_3_, user0_.lastname as lastname3_3_, user0_.months as months4_3_, user0_.name as name5_3_, user0_.idd as idd8_3_, user0_.password as password6_3_, user0_.roles as roles7_3_ from user user0_ where user0_.email=?
Hibernate: select generalseq0_.number as number1_1_0_, user1_.email as email1_3_1_, user1_.id as id2_3_1_, user1_.lastname as lastname3_3_1_, user1_.months as months4_3_1_, user1_.name as name5_3_1_, user1_.idd as idd8_3_1_, user1_.password as password6_3_1_, user1_.roles as roles7_3_1_ from id generalseq0_ left outer join user user1_ on generalseq0_.number=user1_.idd where generalseq0_.number=?
Hibernate: select user0_.email as email1_3_1_, user0_.id as id2_3_1_, user0_.lastname as lastname3_3_1_, user0_.months as months4_3_1_, user0_.name as name5_3_1_, user0_.idd as idd8_3_1_, user0_.password as password6_3_1_, user0_.roles as roles7_3_1_, generalseq1_.number as number1_1_0_ from user user0_ left outer join id generalseq1_ on user0_.idd=generalseq1_.number where user0_.idd=?

ChangePassword


PasswordForJanuary
johndoe@acme.com
Hibernate: select user0_.email as email1_3_0_, user0_.id as id2_3_0_, user0_.lastname as lastname3_3_0_, user0_.months as months4_3_0_, user0_.name as name5_3_0_, user0_.idd as idd8_3_0_, user0_.password as password6_3_0_, user0_.roles as roles7_3_0_, generalseq1_.number as number1_1_1_ from user user0_ left outer join id generalseq1_ on user0_.idd=generalseq1_.number where user0_.email=?

******************


Hibernate: select user0_.email as email1_3_, user0_.id as id2_3_, user0_.lastname as lastname3_3_, user0_.months as months4_3_, user0_.name as name5_3_, user0_.idd as idd8_3_, user0_.password as password6_3_, user0_.roles as roles7_3_ from user user0_ where user0_.email=?
Hibernate: select generalseq0_.number as number1_1_0_, user1_.email as email1_3_1_, user1_.id as id2_3_1_, user1_.lastname as lastname3_3_1_, user1_.months as months4_3_1_, user1_.name as name5_3_1_, user1_.idd as idd8_3_1_, user1_.password as password6_3_1_, user1_.roles as roles7_3_1_ from id generalseq0_ left outer join user user1_ on generalseq0_.number=user1_.idd where generalseq0_.number=?
Hibernate: select user0_.email as email1_3_1_, user0_.id as id2_3_1_, user0_.lastname as lastname3_3_1_, user0_.months as months4_3_1_, user0_.name as name5_3_1_, user0_.idd as idd8_3_1_, user0_.password as password6_3_1_, user0_.roles as roles7_3_1_, generalseq1_.number as number1_1_0_ from user user0_ left outer join id generalseq1_ on user0_.idd=generalseq1_.number where user0_.idd=?

ChangePassword


PasswordForFebruary
johndoe@acme.com
Hibernate: select user0_.email as email1_3_0_, user0_.id as id2_3_0_, user0_.lastname as lastname3_3_0_, user0_.months as months4_3_0_, user0_.name as name5_3_0_, user0_.idd as idd8_3_0_, user0_.password as password6_3_0_, user0_.roles as roles7_3_0_, generalseq1_.number as number1_1_1_ from user user0_ left outer join id generalseq1_ on user0_.idd=generalseq1_.number where user0_.email=?

******************


Hibernate: select user0_.email as email1_3_, user0_.id as id2_3_, user0_.lastname as lastname3_3_, user0_.months as months4_3_, user0_.name as name5_3_, user0_.idd as idd8_3_, user0_.password as password6_3_, user0_.roles as roles7_3_ from user user0_ where user0_.email=?
Hibernate: select generalseq0_.number as number1_1_0_, user1_.email as email1_3_1_, user1_.id as id2_3_1_, user1_.lastname as lastname3_3_1_, user1_.months as months4_3_1_, user1_.name as name5_3_1_, user1_.idd as idd8_3_1_, user1_.password as password6_3_1_, user1_.roles as roles7_3_1_ from id generalseq0_ left outer join user user1_ on generalseq0_.number=user1_.idd where generalseq0_.number=?
Hibernate: select user0_.email as email1_3_1_, user0_.id as id2_3_1_, user0_.lastname as lastname3_3_1_, user0_.months as months4_3_1_, user0_.name as name5_3_1_, user0_.idd as idd8_3_1_, user0_.password as password6_3_1_, user0_.roles as roles7_3_1_, generalseq1_.number as number1_1_0_ from user user0_ left outer join id generalseq1_ on user0_.idd=generalseq1_.number where user0_.idd=?

ChangePassword


PasswordForMarch
johndoe@acme.com
Hibernate: select user0_.email as email1_3_0_, user0_.id as id2_3_0_, user0_.lastname as lastname3_3_0_, user0_.months as months4_3_0_, user0_.name as name5_3_0_, user0_.idd as idd8_3_0_, user0_.password as password6_3_0_, user0_.roles as roles7_3_0_, generalseq1_.number as number1_1_1_ from user user0_ left outer join id generalseq1_ on user0_.idd=generalseq1_.number where user0_.email=?

******************


Hibernate: select user0_.email as email1_3_, user0_.id as id2_3_, user0_.lastname as lastname3_3_, user0_.months as months4_3_, user0_.name as name5_3_, user0_.idd as idd8_3_, user0_.password as password6_3_, user0_.roles as roles7_3_ from user user0_ where user0_.email=?
Hibernate: select generalseq0_.number as number1_1_0_, user1_.email as email1_3_1_, user1_.id as id2_3_1_, user1_.lastname as lastname3_3_1_, user1_.months as months4_3_1_, user1_.name as name5_3_1_, user1_.idd as idd8_3_1_, user1_.password as password6_3_1_, user1_.roles as roles7_3_1_ from id generalseq0_ left outer join user user1_ on generalseq0_.number=user1_.idd where generalseq0_.number=?
Hibernate: select user0_.email as email1_3_1_, user0_.id as id2_3_1_, user0_.lastname as lastname3_3_1_, user0_.months as months4_3_1_, user0_.name as name5_3_1_, user0_.idd as idd8_3_1_, user0_.password as password6_3_1_, user0_.roles as roles7_3_1_, generalseq1_.number as number1_1_0_ from user user0_ left outer join id generalseq1_ on user0_.idd=generalseq1_.number where user0_.idd=?

ChangePassword


PasswordForApril
johndoe@acme.com
Hibernate: select user0_.email as email1_3_0_, user0_.id as id2_3_0_, user0_.lastname as lastname3_3_0_, user0_.months as months4_3_0_, user0_.name as name5_3_0_, user0_.idd as idd8_3_0_, user0_.password as password6_3_0_, user0_.roles as roles7_3_0_, generalseq1_.number as number1_1_1_ from user user0_ left outer join id generalseq1_ on user0_.idd=generalseq1_.number where user0_.email=?

******************


Hibernate: select user0_.email as email1_3_, user0_.id as id2_3_, user0_.lastname as lastname3_3_, user0_.months as months4_3_, user0_.name as name5_3_, user0_.idd as idd8_3_, user0_.password as password6_3_, user0_.roles as roles7_3_ from user user0_ where user0_.email=?
Hibernate: select generalseq0_.number as number1_1_0_, user1_.email as email1_3_1_, user1_.id as id2_3_1_, user1_.lastname as lastname3_3_1_, user1_.months as months4_3_1_, user1_.name as name5_3_1_, user1_.idd as idd8_3_1_, user1_.password as password6_3_1_, user1_.roles as roles7_3_1_ from id generalseq0_ left outer join user user1_ on generalseq0_.number=user1_.idd where generalseq0_.number=?
Hibernate: select user0_.email as email1_3_1_, user0_.id as id2_3_1_, user0_.lastname as lastname3_3_1_, user0_.months as months4_3_1_, user0_.name as name5_3_1_, user0_.idd as idd8_3_1_, user0_.password as password6_3_1_, user0_.roles as roles7_3_1_, generalseq1_.number as number1_1_0_ from user user0_ left outer join id generalseq1_ on user0_.idd=generalseq1_.number where user0_.idd=?

ChangePassword


PasswordForMay
johndoe@acme.com
Hibernate: select user0_.email as email1_3_0_, user0_.id as id2_3_0_, user0_.lastname as lastname3_3_0_, user0_.months as months4_3_0_, user0_.name as name5_3_0_, user0_.idd as idd8_3_0_, user0_.password as password6_3_0_, user0_.roles as roles7_3_0_, generalseq1_.number as number1_1_1_ from user user0_ left outer join id generalseq1_ on user0_.idd=generalseq1_.number where user0_.email=?

******************


Hibernate: select user0_.email as email1_3_, user0_.id as id2_3_, user0_.lastname as lastname3_3_, user0_.months as months4_3_, user0_.name as name5_3_, user0_.idd as idd8_3_, user0_.password as password6_3_, user0_.roles as roles7_3_ from user user0_ where user0_.email=?
Hibernate: select generalseq0_.number as number1_1_0_, user1_.email as email1_3_1_, user1_.id as id2_3_1_, user1_.lastname as lastname3_3_1_, user1_.months as months4_3_1_, user1_.name as name5_3_1_, user1_.idd as idd8_3_1_, user1_.password as password6_3_1_, user1_.roles as roles7_3_1_ from id generalseq0_ left outer join user user1_ on generalseq0_.number=user1_.idd where generalseq0_.number=?
Hibernate: select user0_.email as email1_3_1_, user0_.id as id2_3_1_, user0_.lastname as lastname3_3_1_, user0_.months as months4_3_1_, user0_.name as name5_3_1_, user0_.idd as idd8_3_1_, user0_.password as password6_3_1_, user0_.roles as roles7_3_1_, generalseq1_.number as number1_1_0_ from user user0_ left outer join id generalseq1_ on user0_.idd=generalseq1_.number where user0_.idd=?

ChangePassword


PasswordForJune
johndoe@acme.com
Hibernate: select user0_.email as email1_3_0_, user0_.id as id2_3_0_, user0_.lastname as lastname3_3_0_, user0_.months as months4_3_0_, user0_.name as name5_3_0_, user0_.idd as idd8_3_0_, user0_.password as password6_3_0_, user0_.roles as roles7_3_0_, generalseq1_.number as number1_1_1_ from user user0_ left outer join id generalseq1_ on user0_.idd=generalseq1_.number where user0_.email=?

******************


Hibernate: select user0_.email as email1_3_, user0_.id as id2_3_, user0_.lastname as lastname3_3_, user0_.months as months4_3_, user0_.name as name5_3_, user0_.idd as idd8_3_, user0_.password as password6_3_, user0_.roles as roles7_3_ from user user0_ where user0_.email=?
Hibernate: select generalseq0_.number as number1_1_0_, user1_.email as email1_3_1_, user1_.id as id2_3_1_, user1_.lastname as lastname3_3_1_, user1_.months as months4_3_1_, user1_.name as name5_3_1_, user1_.idd as idd8_3_1_, user1_.password as password6_3_1_, user1_.roles as roles7_3_1_ from id generalseq0_ left outer join user user1_ on generalseq0_.number=user1_.idd where generalseq0_.number=?
Hibernate: select user0_.email as email1_3_1_, user0_.id as id2_3_1_, user0_.lastname as lastname3_3_1_, user0_.months as months4_3_1_, user0_.name as name5_3_1_, user0_.idd as idd8_3_1_, user0_.password as password6_3_1_, user0_.roles as roles7_3_1_, generalseq1_.number as number1_1_0_ from user user0_ left outer join id generalseq1_ on user0_.idd=generalseq1_.number where user0_.idd=?

ChangePassword


PasswordForJuly
johndoe@acme.com
Hibernate: select user0_.email as email1_3_0_, user0_.id as id2_3_0_, user0_.lastname as lastname3_3_0_, user0_.months as months4_3_0_, user0_.name as name5_3_0_, user0_.idd as idd8_3_0_, user0_.password as password6_3_0_, user0_.roles as roles7_3_0_, generalseq1_.number as number1_1_1_ from user user0_ left outer join id generalseq1_ on user0_.idd=generalseq1_.number where user0_.email=?

******************


Hibernate: select user0_.email as email1_3_, user0_.id as id2_3_, user0_.lastname as lastname3_3_, user0_.months as months4_3_, user0_.name as name5_3_, user0_.idd as idd8_3_, user0_.password as password6_3_, user0_.roles as roles7_3_ from user user0_ where user0_.email=?
Hibernate: select generalseq0_.number as number1_1_0_, user1_.email as email1_3_1_, user1_.id as id2_3_1_, user1_.lastname as lastname3_3_1_, user1_.months as months4_3_1_, user1_.name as name5_3_1_, user1_.idd as idd8_3_1_, user1_.password as password6_3_1_, user1_.roles as roles7_3_1_ from id generalseq0_ left outer join user user1_ on generalseq0_.number=user1_.idd where generalseq0_.number=?
Hibernate: select user0_.email as email1_3_1_, user0_.id as id2_3_1_, user0_.lastname as lastname3_3_1_, user0_.months as months4_3_1_, user0_.name as name5_3_1_, user0_.idd as idd8_3_1_, user0_.password as password6_3_1_, user0_.roles as roles7_3_1_, generalseq1_.number as number1_1_0_ from user user0_ left outer join id generalseq1_ on user0_.idd=generalseq1_.number where user0_.idd=?

ChangePassword


PasswordForAugust
johndoe@acme.com
Hibernate: select user0_.email as email1_3_0_, user0_.id as id2_3_0_, user0_.lastname as lastname3_3_0_, user0_.months as months4_3_0_, user0_.name as name5_3_0_, user0_.idd as idd8_3_0_, user0_.password as password6_3_0_, user0_.roles as roles7_3_0_, generalseq1_.number as number1_1_1_ from user user0_ left outer join id generalseq1_ on user0_.idd=generalseq1_.number where user0_.email=?

******************


Hibernate: select user0_.email as email1_3_, user0_.id as id2_3_, user0_.lastname as lastname3_3_, user0_.months as months4_3_, user0_.name as name5_3_, user0_.idd as idd8_3_, user0_.password as password6_3_, user0_.roles as roles7_3_ from user user0_ where user0_.email=?
Hibernate: select generalseq0_.number as number1_1_0_, user1_.email as email1_3_1_, user1_.id as id2_3_1_, user1_.lastname as lastname3_3_1_, user1_.months as months4_3_1_, user1_.name as name5_3_1_, user1_.idd as idd8_3_1_, user1_.password as password6_3_1_, user1_.roles as roles7_3_1_ from id generalseq0_ left outer join user user1_ on generalseq0_.number=user1_.idd where generalseq0_.number=?
Hibernate: select user0_.email as email1_3_1_, user0_.id as id2_3_1_, user0_.lastname as lastname3_3_1_, user0_.months as months4_3_1_, user0_.name as name5_3_1_, user0_.idd as idd8_3_1_, user0_.password as password6_3_1_, user0_.roles as roles7_3_1_, generalseq1_.number as number1_1_0_ from user user0_ left outer join id generalseq1_ on user0_.idd=generalseq1_.number where user0_.idd=?

ChangePassword


PasswordForSeptember
johndoe@acme.com
Hibernate: select user0_.email as email1_3_0_, user0_.id as id2_3_0_, user0_.lastname as lastname3_3_0_, user0_.months as months4_3_0_, user0_.name as name5_3_0_, user0_.idd as idd8_3_0_, user0_.password as password6_3_0_, user0_.roles as roles7_3_0_, generalseq1_.number as number1_1_1_ from user user0_ left outer join id generalseq1_ on user0_.idd=generalseq1_.number where user0_.email=?

******************


Hibernate: select user0_.email as email1_3_, user0_.id as id2_3_, user0_.lastname as lastname3_3_, user0_.months as months4_3_, user0_.name as name5_3_, user0_.idd as idd8_3_, user0_.password as password6_3_, user0_.roles as roles7_3_ from user user0_ where user0_.email=?
Hibernate: select generalseq0_.number as number1_1_0_, user1_.email as email1_3_1_, user1_.id as id2_3_1_, user1_.lastname as lastname3_3_1_, user1_.months as months4_3_1_, user1_.name as name5_3_1_, user1_.idd as idd8_3_1_, user1_.password as password6_3_1_, user1_.roles as roles7_3_1_ from id generalseq0_ left outer join user user1_ on generalseq0_.number=user1_.idd where generalseq0_.number=?
Hibernate: select user0_.email as email1_3_1_, user0_.id as id2_3_1_, user0_.lastname as lastname3_3_1_, user0_.months as months4_3_1_, user0_.name as name5_3_1_, user0_.idd as idd8_3_1_, user0_.password as password6_3_1_, user0_.roles as roles7_3_1_, generalseq1_.number as number1_1_0_ from user user0_ left outer join id generalseq1_ on user0_.idd=generalseq1_.number where user0_.idd=?

ChangePassword


PasswordForOctober
johndoe@acme.com
Hibernate: select user0_.email as email1_3_0_, user0_.id as id2_3_0_, user0_.lastname as lastname3_3_0_, user0_.months as months4_3_0_, user0_.name as name5_3_0_, user0_.idd as idd8_3_0_, user0_.password as password6_3_0_, user0_.roles as roles7_3_0_, generalseq1_.number as number1_1_1_ from user user0_ left outer join id generalseq1_ on user0_.idd=generalseq1_.number where user0_.email=?

******************


Hibernate: select user0_.email as email1_3_, user0_.id as id2_3_, user0_.lastname as lastname3_3_, user0_.months as months4_3_, user0_.name as name5_3_, user0_.idd as idd8_3_, user0_.password as password6_3_, user0_.roles as roles7_3_ from user user0_ where user0_.email=?
Hibernate: select generalseq0_.number as number1_1_0_, user1_.email as email1_3_1_, user1_.id as id2_3_1_, user1_.lastname as lastname3_3_1_, user1_.months as months4_3_1_, user1_.name as name5_3_1_, user1_.idd as idd8_3_1_, user1_.password as password6_3_1_, user1_.roles as roles7_3_1_ from id generalseq0_ left outer join user user1_ on generalseq0_.number=user1_.idd where generalseq0_.number=?
Hibernate: select user0_.email as email1_3_1_, user0_.id as id2_3_1_, user0_.lastname as lastname3_3_1_, user0_.months as months4_3_1_, user0_.name as name5_3_1_, user0_.idd as idd8_3_1_, user0_.password as password6_3_1_, user0_.roles as roles7_3_1_, generalseq1_.number as number1_1_0_ from user user0_ left outer join id generalseq1_ on user0_.idd=generalseq1_.number where user0_.idd=?

ChangePassword


PasswordForNovember
johndoe@acme.com
Hibernate: select user0_.email as email1_3_0_, user0_.id as id2_3_0_, user0_.lastname as lastname3_3_0_, user0_.months as months4_3_0_, user0_.name as name5_3_0_, user0_.idd as idd8_3_0_, user0_.password as password6_3_0_, user0_.roles as roles7_3_0_, generalseq1_.number as number1_1_1_ from user user0_ left outer join id generalseq1_ on user0_.idd=generalseq1_.number where user0_.email=?

******************


Hibernate: select user0_.email as email1_3_, user0_.id as id2_3_, user0_.lastname as lastname3_3_, user0_.months as months4_3_, user0_.name as name5_3_, user0_.idd as idd8_3_, user0_.password as password6_3_, user0_.roles as roles7_3_ from user user0_ where user0_.email=?
Hibernate: select generalseq0_.number as number1_1_0_, user1_.email as email1_3_1_, user1_.id as id2_3_1_, user1_.lastname as lastname3_3_1_, user1_.months as months4_3_1_, user1_.name as name5_3_1_, user1_.idd as idd8_3_1_, user1_.password as password6_3_1_, user1_.roles as roles7_3_1_ from id generalseq0_ left outer join user user1_ on generalseq0_.number=user1_.idd where generalseq0_.number=?
Hibernate: select user0_.email as email1_3_1_, user0_.id as id2_3_1_, user0_.lastname as lastname3_3_1_, user0_.months as months4_3_1_, user0_.name as name5_3_1_, user0_.idd as idd8_3_1_, user0_.password as password6_3_1_, user0_.roles as roles7_3_1_, generalseq1_.number as number1_1_0_ from user user0_ left outer join id generalseq1_ on user0_.idd=generalseq1_.number where user0_.idd=?

ChangePassword


PasswordForDecember
johndoe@acme.com
Hibernate: select user0_.email as email1_3_0_, user0_.id as id2_3_0_, user0_.lastname as lastname3_3_0_, user0_.months as months4_3_0_, user0_.name as name5_3_0_, user0_.idd as idd8_3_0_, user0_.password as password6_3_0_, user0_.roles as roles7_3_0_, generalseq1_.number as number1_1_1_ from user user0_ left outer join id generalseq1_ on user0_.idd=generalseq1_.number where user0_.email=?

******************


?[1;31m
Start test 29?[0m
Hibernate: select user0_.email as email1_3_, user0_.id as id2_3_, user0_.lastname as lastname3_3_, user0_.months as months4_3_, user0_.name as name5_3_, user0_.idd as idd8_3_, user0_.password as password6_3_, user0_.roles as roles7_3_ from user user0_ where user0_.email=?
Hibernate: select generalseq0_.number as number1_1_0_, user1_.email as email1_3_1_, user1_.id as id2_3_1_, user1_.lastname as lastname3_3_1_, user1_.months as months4_3_1_, user1_.name as name5_3_1_, user1_.idd as idd8_3_1_, user1_.password as password6_3_1_, user1_.roles as roles7_3_1_ from id generalseq0_ left outer join user user1_ on generalseq0_.number=user1_.idd where generalseq0_.number=?
Hibernate: select user0_.email as email1_3_1_, user0_.id as id2_3_1_, user0_.lastname as lastname3_3_1_, user0_.months as months4_3_1_, user0_.name as name5_3_1_, user0_.idd as idd8_3_1_, user0_.password as password6_3_1_, user0_.roles as roles7_3_1_, generalseq1_.number as number1_1_0_ from user user0_ left outer join id generalseq1_ on user0_.idd=generalseq1_.number where user0_.idd=?

ChangePassword


aNob5VvqzRtb
johndoe@acme.com
Hibernate: select user0_.email as email1_3_0_, user0_.id as id2_3_0_, user0_.lastname as lastname3_3_0_, user0_.months as months4_3_0_, user0_.name as name5_3_0_, user0_.idd as idd8_3_0_, user0_.password as password6_3_0_, user0_.roles as roles7_3_0_, generalseq1_.number as number1_1_1_ from user user0_ left outer join id generalseq1_ on user0_.idd=generalseq1_.number where user0_.email=?

******************


Hibernate: update user set id=?, lastname=?, months=?, name=?, idd=?, password=?, roles=? where email=?
?[1;31m
Start test 30?[0m
Hibernate: select user0_.email as email1_3_, user0_.id as id2_3_, user0_.lastname as lastname3_3_, user0_.months as months4_3_, user0_.name as name5_3_, user0_.idd as idd8_3_, user0_.password as password6_3_, user0_.roles as roles7_3_ from user user0_ where user0_.email=?
Hibernate: select generalseq0_.number as number1_1_0_, user1_.email as email1_3_1_, user1_.id as id2_3_1_, user1_.lastname as lastname3_3_1_, user1_.months as months4_3_1_, user1_.name as name5_3_1_, user1_.idd as idd8_3_1_, user1_.password as password6_3_1_, user1_.roles as roles7_3_1_ from id generalseq0_ left outer join user user1_ on generalseq0_.number=user1_.idd where generalseq0_.number=?
Hibernate: select user0_.email as email1_3_1_, user0_.id as id2_3_1_, user0_.lastname as lastname3_3_1_, user0_.months as months4_3_1_, user0_.name as name5_3_1_, user0_.idd as idd8_3_1_, user0_.password as password6_3_1_, user0_.roles as roles7_3_1_, generalseq1_.number as number1_1_0_ from user user0_ left outer join id generalseq1_ on user0_.idd=generalseq1_.number where user0_.idd=?
?[1;31m
Start test 31?[0m
Hibernate: select user0_.email as email1_3_, user0_.id as id2_3_, user0_.lastname as lastname3_3_, user0_.months as months4_3_, user0_.name as name5_3_, user0_.idd as idd8_3_, user0_.password as password6_3_, user0_.roles as roles7_3_ from user user0_ where user0_.email=?
Hibernate: select generalseq0_.number as number1_1_0_, user1_.email as email1_3_1_, user1_.id as id2_3_1_, user1_.lastname as lastname3_3_1_, user1_.months as months4_3_1_, user1_.name as name5_3_1_, user1_.idd as idd8_3_1_, user1_.password as password6_3_1_, user1_.roles as roles7_3_1_ from id generalseq0_ left outer join user user1_ on generalseq0_.number=user1_.idd where generalseq0_.number=?
Hibernate: select user0_.email as email1_3_1_, user0_.id as id2_3_1_, user0_.lastname as lastname3_3_1_, user0_.months as months4_3_1_, user0_.name as name5_3_1_, user0_.idd as idd8_3_1_, user0_.password as password6_3_1_, user0_.roles as roles7_3_1_, generalseq1_.number as number1_1_0_ from user user0_ left outer join id generalseq1_ on user0_.idd=generalseq1_.number where user0_.idd=?
Hibernate: select user0_.email as email1_3_, user0_.id as id2_3_, user0_.lastname as lastname3_3_, user0_.months as months4_3_, user0_.name as name5_3_, user0_.idd as idd8_3_, user0_.password as password6_3_, user0_.roles as roles7_3_ from user user0_
Hibernate: select generalseq0_.number as number1_1_0_, user1_.email as email1_3_1_, user1_.id as id2_3_1_, user1_.lastname as lastname3_3_1_, user1_.months as months4_3_1_, user1_.name as name5_3_1_, user1_.idd as idd8_3_1_, user1_.password as password6_3_1_, user1_.roles as roles7_3_1_ from id generalseq0_ left outer join user user1_ on generalseq0_.number=user1_.idd where generalseq0_.number=?
Hibernate: select user0_.email as email1_3_1_, user0_.id as id2_3_1_, user0_.lastname as lastname3_3_1_, user0_.months as months4_3_1_, user0_.name as name5_3_1_, user0_.idd as idd8_3_1_, user0_.password as password6_3_1_, user0_.roles as roles7_3_1_, generalseq1_.number as number1_1_0_ from user user0_ left outer join id generalseq1_ on user0_.idd=generalseq1_.number where user0_.idd=?
Hibernate: select generalseq0_.number as number1_1_0_, user1_.email as email1_3_1_, user1_.id as id2_3_1_, user1_.lastname as lastname3_3_1_, user1_.months as months4_3_1_, user1_.name as name5_3_1_, user1_.idd as idd8_3_1_, user1_.password as password6_3_1_, user1_.roles as roles7_3_1_ from id generalseq0_ left outer join user user1_ on generalseq0_.number=user1_.idd where generalseq0_.number=?
Hibernate: select user0_.email as email1_3_1_, user0_.id as id2_3_1_, user0_.lastname as lastname3_3_1_, user0_.months as months4_3_1_, user0_.name as name5_3_1_, user0_.idd as idd8_3_1_, user0_.password as password6_3_1_, user0_.roles as roles7_3_1_, generalseq1_.number as number1_1_0_ from user user0_ left outer join id generalseq1_ on user0_.idd=generalseq1_.number where user0_.idd=?
Hibernate: select generalseq0_.number as number1_1_0_, user1_.email as email1_3_1_, user1_.id as id2_3_1_, user1_.lastname as lastname3_3_1_, user1_.months as months4_3_1_, user1_.name as name5_3_1_, user1_.idd as idd8_3_1_, user1_.password as password6_3_1_, user1_.roles as roles7_3_1_ from id generalseq0_ left outer join user user1_ on generalseq0_.number=user1_.idd where generalseq0_.number=?
Hibernate: select user0_.email as email1_3_1_, user0_.id as id2_3_1_, user0_.lastname as lastname3_3_1_, user0_.months as months4_3_1_, user0_.name as name5_3_1_, user0_.idd as idd8_3_1_, user0_.password as password6_3_1_, user0_.roles as roles7_3_1_, generalseq1_.number as number1_1_0_ from user user0_ left outer join id generalseq1_ on user0_.idd=generalseq1_.number where user0_.idd=?
Hibernate: select generalseq0_.number as number1_1_0_, user1_.email as email1_3_1_, user1_.id as id2_3_1_, user1_.lastname as lastname3_3_1_, user1_.months as months4_3_1_, user1_.name as name5_3_1_, user1_.idd as idd8_3_1_, user1_.password as password6_3_1_, user1_.roles as roles7_3_1_ from id generalseq0_ left outer join user user1_ on generalseq0_.number=user1_.idd where generalseq0_.number=?
Hibernate: select user0_.email as email1_3_1_, user0_.id as id2_3_1_, user0_.lastname as lastname3_3_1_, user0_.months as months4_3_1_, user0_.name as name5_3_1_, user0_.idd as idd8_3_1_, user0_.password as password6_3_1_, user0_.roles as roles7_3_1_, generalseq1_.number as number1_1_0_ from user user0_ left outer join id generalseq1_ on user0_.idd=generalseq1_.number where user0_.idd=?
?[1;31m
Start test 32?[0m
2022-08-17 10:48:04.406  INFO 24432 --- [     Thread-336] j.LocalContainerEntityManagerFactoryBean : Closing JPA EntityManagerFactory for persistence unit 'default'
2022-08-17 10:48:04.409  INFO 24432 --- [     Thread-336] o.s.s.concurrent.ThreadPoolTaskExecutor  : Shutting down ExecutorService 'applicationTaskExecutor'
2022-08-17 10:48:04.410  INFO 24432 --- [     Thread-336] com.zaxxer.hikari.HikariDataSource       : HikariPool-1 - Shutdown initiated...
2022-08-17 10:48:04.418  INFO 24432 --- [     Thread-336] com.zaxxer.hikari.HikariDataSource       : HikariPool-1 - Shutdown completed.

  .   ____          _            __ _ _
 /\\ / ___'_ __ _ _(_)_ __  __ _ \ \ \ \
( ( )\___ | '_ | '_| | '_ \/ _` | \ \ \ \
 \\/  ___)| |_)| | | | | || (_| |  ) ) ) )
  '  |____| .__|_| |_|_| |_\__, | / / / /
 =========|_|==============|___/=/_/_/_/
 :: Spring Boot ::        (v2.3.1.RELEASE)

2022-08-17 10:48:04.459  INFO 24432 --- [    Test worker] account.AccountServiceApplication        : Starting AccountServiceApplication on LAPTOP-VBFHQFG2 with PID 24432 (started by Ansis in C:\Users\Ansis\Desktop\maven\Account Service\Account Service\task)
2022-08-17 10:48:04.460  INFO 24432 --- [    Test worker] account.AccountServiceApplication        : No active profile set, falling back to default profiles: default
2022-08-17 10:48:04.960  INFO 24432 --- [    Test worker] .s.d.r.c.RepositoryConfigurationDelegate : Bootstrapping Spring Data JPA repositories in DEFERRED mode.
2022-08-17 10:48:04.982  INFO 24432 --- [    Test worker] .s.d.r.c.RepositoryConfigurationDelegate : Finished Spring Data repository scanning in 21ms. Found 4 JPA repository interfaces.
2022-08-17 10:48:05.058  INFO 24432 --- [    Test worker] trationDelegate$BeanPostProcessorChecker : Bean 'org.springframework.security.access.expression.method.DefaultMethodSecurityExpressionHandler@5f190cfe' of type [org.springframework.security.access.expression.method.DefaultMethodSecurityExpressionHandler] is not eligible for getting processed by all BeanPostProcessors (for example: not eligible for auto-proxying)
2022-08-17 10:48:05.060  INFO 24432 --- [    Test worker] trationDelegate$BeanPostProcessorChecker : Bean 'methodSecurityConfig' of type [account.securityConfig.MethodSecurityConfig$$EnhancerBySpringCGLIB$$4b303389] is not eligible for getting processed by all BeanPostProcessors (for example: not eligible for auto-proxying)
2022-08-17 10:48:05.063  INFO 24432 --- [    Test worker] trationDelegate$BeanPostProcessorChecker : Bean 'methodSecurityMetadataSource' of type [org.springframework.security.access.method.DelegatingMethodSecurityMetadataSource] is not eligible for getting processed by all BeanPostProcessors (for example: not eligible for auto-proxying)
2022-08-17 10:48:05.114  INFO 24432 --- [    Test worker] o.s.b.w.embedded.tomcat.TomcatWebServer  : Tomcat initialized with port(s): 28852 (http)
2022-08-17 10:48:05.115  INFO 24432 --- [    Test worker] o.apache.catalina.core.StandardService   : Starting service [Tomcat]
2022-08-17 10:48:05.115  INFO 24432 --- [    Test worker] org.apache.catalina.core.StandardEngine  : Starting Servlet engine: [Apache Tomcat/9.0.36]
2022-08-17 10:48:05.141  INFO 24432 --- [    Test worker] o.a.c.c.C.[Tomcat].[localhost].[/]       : Initializing Spring embedded WebApplicationContext
2022-08-17 10:48:05.141  INFO 24432 --- [    Test worker] w.s.c.ServletWebServerApplicationContext : Root WebApplicationContext: initialization completed in 679 ms
2022-08-17 10:48:05.197  INFO 24432 --- [    Test worker] com.zaxxer.hikari.HikariDataSource       : HikariPool-2 - Starting...
2022-08-17 10:48:05.210  INFO 24432 --- [    Test worker] com.zaxxer.hikari.HikariDataSource       : HikariPool-2 - Start completed.
2022-08-17 10:48:05.210  INFO 24432 --- [    Test worker] o.s.b.a.h2.H2ConsoleAutoConfiguration    : H2 console available at '/h2-console'. Database available at 'jdbc:h2:file:../service_db'
2022-08-17 10:48:05.261  INFO 24432 --- [    Test worker] o.s.s.concurrent.ThreadPoolTaskExecutor  : Initializing ExecutorService 'applicationTaskExecutor'
2022-08-17 10:48:05.268  INFO 24432 --- [         task-1] o.hibernate.jpa.internal.util.LogHelper  : HHH000204: Processing PersistenceUnitInfo [name: default]
2022-08-17 10:48:05.274  INFO 24432 --- [         task-1] org.hibernate.dialect.Dialect            : HHH000400: Using dialect: org.hibernate.dialect.H2Dialect
2022-08-17 10:48:05.305  WARN 24432 --- [    Test worker] JpaBaseConfiguration$JpaWebConfiguration : spring.jpa.open-in-view is enabled by default. Therefore, database queries may be performed during view rendering. Explicitly configure spring.jpa.open-in-view to disable this warning
2022-08-17 10:48:05.393  INFO 24432 --- [         task-1] o.h.e.t.j.p.i.JtaPlatformInitiator       : HHH000490: Using JtaPlatform implementation: [org.hibernate.engine.transaction.jta.platform.internal.NoJtaPlatform]
2022-08-17 10:48:05.394  INFO 24432 --- [         task-1] j.LocalContainerEntityManagerFactoryBean : Initialized JPA EntityManagerFactory for persistence unit 'default'
2022-08-17 10:48:06.441  INFO 24432 --- [    Test worker] o.s.b.a.e.web.EndpointLinksResolver      : Exposing 14 endpoint(s) beneath base path '/actuator'
2022-08-17 10:48:06.459  INFO 24432 --- [    Test worker] o.s.s.web.DefaultSecurityFilterChain     : Creating filter chain: any request, [org.springframework.security.web.context.request.async.WebAsyncManagerIntegrationFilter@29693b1d, org.springframework.security.web.context.SecurityContextPersistenceFilter@3a83cfbc, org.springframework.security.web.header.HeaderWriterFilter@12925d2, org.springframework.security.web.authentication.logout.LogoutFilter@4fea23d6, org.springframework.security.web.authentication.www.BasicAuthenticationFilter@5ace6611, org.springframework.security.web.savedrequest.RequestCacheAwareFilter@6b9fc5c7, org.springframework.security.web.servletapi.SecurityContextHolderAwareRequestFilter@23d07ad3, org.springframework.security.web.authentication.AnonymousAuthenticationFilter@3a225534, org.springframework.security.web.session.SessionManagementFilter@612531a3, org.springframework.security.web.access.ExceptionTranslationFilter@218e186b, org.springframework.security.web.access.intercept.FilterSecurityInterceptor@341889a1]
2022-08-17 10:48:06.530  INFO 24432 --- [    Test worker] o.s.b.w.embedded.tomcat.TomcatWebServer  : Tomcat started on port(s): 28852 (http) with context path ''
2022-08-17 10:48:06.530  INFO 24432 --- [    Test worker] DeferredRepositoryInitializationListener : Triggering deferred initialization of Spring Data repositoriesâ€¦
2022-08-17 10:48:06.599  INFO 24432 --- [    Test worker] DeferredRepositoryInitializationListener : Spring Data repositories initialized!
2022-08-17 10:48:06.603  INFO 24432 --- [    Test worker] account.AccountServiceApplication        : Started AccountServiceApplication in 2.17 seconds (JVM running for 32.481)
?[1;31m
Start test 33?[0m
2022-08-17 10:48:06.606  INFO 24432 --- [io-28852-exec-1] o.a.c.c.C.[Tomcat].[localhost].[/]       : Initializing Spring DispatcherServlet 'dispatcherServlet'
2022-08-17 10:48:06.607  INFO 24432 --- [io-28852-exec-1] o.s.web.servlet.DispatcherServlet        : Initializing Servlet 'dispatcherServlet'
2022-08-17 10:48:06.609  INFO 24432 --- [io-28852-exec-1] o.s.web.servlet.DispatcherServlet        : Completed initialization in 2 ms
Hibernate: select user0_.email as email1_3_, user0_.id as id2_3_, user0_.lastname as lastname3_3_, user0_.months as months4_3_, user0_.name as name5_3_, user0_.idd as idd8_3_, user0_.password as password6_3_, user0_.roles as roles7_3_ from user user0_ where user0_.email=?
Hibernate: select generalseq0_.number as number1_1_0_, user1_.email as email1_3_1_, user1_.id as id2_3_1_, user1_.lastname as lastname3_3_1_, user1_.months as months4_3_1_, user1_.name as name5_3_1_, user1_.idd as idd8_3_1_, user1_.password as password6_3_1_, user1_.roles as roles7_3_1_ from id generalseq0_ left outer join user user1_ on generalseq0_.number=user1_.idd where generalseq0_.number=?
Hibernate: select user0_.email as email1_3_1_, user0_.id as id2_3_1_, user0_.lastname as lastname3_3_1_, user0_.months as months4_3_1_, user0_.name as name5_3_1_, user0_.idd as idd8_3_1_, user0_.password as password6_3_1_, user0_.roles as roles7_3_1_, generalseq1_.number as number1_1_0_ from user user0_ left outer join id generalseq1_ on user0_.idd=generalseq1_.number where user0_.idd=?


******PAYMENT********
maxmustermann@acme.com
Hibernate: select user0_.email as email1_3_0_, user0_.id as id2_3_0_, user0_.lastname as lastname3_3_0_, user0_.months as months4_3_0_, user0_.name as name5_3_0_, user0_.idd as idd8_3_0_, user0_.password as password6_3_0_, user0_.roles as roles7_3_0_, generalseq1_.number as number1_1_1_ from user user0_ left outer join id generalseq1_ on user0_.idd=generalseq1_.number where user0_.email=?
Hibernate: select payslips0_.user_email as user_ema7_2_0_, payslips0_.id as id1_2_0_, payslips0_.id as id1_2_1_, payslips0_.date as date2_2_1_, payslips0_.lastname as lastname3_2_1_, payslips0_.name as name4_2_1_, payslips0_.period as period5_2_1_, payslips0_.salary as salary6_2_1_, payslips0_.user_email as user_ema7_2_1_ from pay_slip payslips0_ where payslips0_.user_email=?
?[1;31m
Start test 34?[0m
Hibernate: select user0_.email as email1_3_, user0_.id as id2_3_, user0_.lastname as lastname3_3_, user0_.months as months4_3_, user0_.name as name5_3_, user0_.idd as idd8_3_, user0_.password as password6_3_, user0_.roles as roles7_3_ from user user0_ where user0_.email=?
Hibernate: select generalseq0_.number as number1_1_0_, user1_.email as email1_3_1_, user1_.id as id2_3_1_, user1_.lastname as lastname3_3_1_, user1_.months as months4_3_1_, user1_.name as name5_3_1_, user1_.idd as idd8_3_1_, user1_.password as password6_3_1_, user1_.roles as roles7_3_1_ from id generalseq0_ left outer join user user1_ on generalseq0_.number=user1_.idd where generalseq0_.number=?
Hibernate: select user0_.email as email1_3_1_, user0_.id as id2_3_1_, user0_.lastname as lastname3_3_1_, user0_.months as months4_3_1_, user0_.name as name5_3_1_, user0_.idd as idd8_3_1_, user0_.password as password6_3_1_, user0_.roles as roles7_3_1_, generalseq1_.number as number1_1_0_ from user user0_ left outer join id generalseq1_ on user0_.idd=generalseq1_.number where user0_.idd=?



INSIDE CUSTOM!!!!



?[1;31m
Start test 35?[0m
Hibernate: select user0_.email as email1_3_, user0_.id as id2_3_, user0_.lastname as lastname3_3_, user0_.months as months4_3_, user0_.name as name5_3_, user0_.idd as idd8_3_, user0_.password as password6_3_, user0_.roles as roles7_3_ from user user0_ where user0_.email=?
Hibernate: select generalseq0_.number as number1_1_0_, user1_.email as email1_3_1_, user1_.id as id2_3_1_, user1_.lastname as lastname3_3_1_, user1_.months as months4_3_1_, user1_.name as name5_3_1_, user1_.idd as idd8_3_1_, user1_.password as password6_3_1_, user1_.roles as roles7_3_1_ from id generalseq0_ left outer join user user1_ on generalseq0_.number=user1_.idd where generalseq0_.number=?
Hibernate: select user0_.email as email1_3_1_, user0_.id as id2_3_1_, user0_.lastname as lastname3_3_1_, user0_.months as months4_3_1_, user0_.name as name5_3_1_, user0_.idd as idd8_3_1_, user0_.password as password6_3_1_, user0_.roles as roles7_3_1_, generalseq1_.number as number1_1_0_ from user user0_ left outer join id generalseq1_ on user0_.idd=generalseq1_.number where user0_.idd=?



INSIDE CUSTOM!!!!



?[1;31m
Start test 36?[0m
Hibernate: select user0_.email as email1_3_, user0_.id as id2_3_, user0_.lastname as lastname3_3_, user0_.months as months4_3_, user0_.name as name5_3_, user0_.idd as idd8_3_, user0_.password as password6_3_, user0_.roles as roles7_3_ from user user0_ where user0_.email=?
Hibernate: select generalseq0_.number as number1_1_0_, user1_.email as email1_3_1_, user1_.id as id2_3_1_, user1_.lastname as lastname3_3_1_, user1_.months as months4_3_1_, user1_.name as name5_3_1_, user1_.idd as idd8_3_1_, user1_.password as password6_3_1_, user1_.roles as roles7_3_1_ from id generalseq0_ left outer join user user1_ on generalseq0_.number=user1_.idd where generalseq0_.number=?
Hibernate: select user0_.email as email1_3_1_, user0_.id as id2_3_1_, user0_.lastname as lastname3_3_1_, user0_.months as months4_3_1_, user0_.name as name5_3_1_, user0_.idd as idd8_3_1_, user0_.password as password6_3_1_, user0_.roles as roles7_3_1_, generalseq1_.number as number1_1_0_ from user user0_ left outer join id generalseq1_ on user0_.idd=generalseq1_.number where user0_.idd=?
Hibernate: select user0_.email as email1_3_, user0_.id as id2_3_, user0_.lastname as lastname3_3_, user0_.months as months4_3_, user0_.name as name5_3_, user0_.idd as idd8_3_, user0_.password as password6_3_, user0_.roles as roles7_3_ from user user0_
Hibernate: select generalseq0_.number as number1_1_0_, user1_.email as email1_3_1_, user1_.id as id2_3_1_, user1_.lastname as lastname3_3_1_, user1_.months as months4_3_1_, user1_.name as name5_3_1_, user1_.idd as idd8_3_1_, user1_.password as password6_3_1_, user1_.roles as roles7_3_1_ from id generalseq0_ left outer join user user1_ on generalseq0_.number=user1_.idd where generalseq0_.number=?
Hibernate: select user0_.email as email1_3_1_, user0_.id as id2_3_1_, user0_.lastname as lastname3_3_1_, user0_.months as months4_3_1_, user0_.name as name5_3_1_, user0_.idd as idd8_3_1_, user0_.password as password6_3_1_, user0_.roles as roles7_3_1_, generalseq1_.number as number1_1_0_ from user user0_ left outer join id generalseq1_ on user0_.idd=generalseq1_.number where user0_.idd=?
Hibernate: select generalseq0_.number as number1_1_0_, user1_.email as email1_3_1_, user1_.id as id2_3_1_, user1_.lastname as lastname3_3_1_, user1_.months as months4_3_1_, user1_.name as name5_3_1_, user1_.idd as idd8_3_1_, user1_.password as password6_3_1_, user1_.roles as roles7_3_1_ from id generalseq0_ left outer join user user1_ on generalseq0_.number=user1_.idd where generalseq0_.number=?
Hibernate: select user0_.email as email1_3_1_, user0_.id as id2_3_1_, user0_.lastname as lastname3_3_1_, user0_.months as months4_3_1_, user0_.name as name5_3_1_, user0_.idd as idd8_3_1_, user0_.password as password6_3_1_, user0_.roles as roles7_3_1_, generalseq1_.number as number1_1_0_ from user user0_ left outer join id generalseq1_ on user0_.idd=generalseq1_.number where user0_.idd=?
Hibernate: select generalseq0_.number as number1_1_0_, user1_.email as email1_3_1_, user1_.id as id2_3_1_, user1_.lastname as lastname3_3_1_, user1_.months as months4_3_1_, user1_.name as name5_3_1_, user1_.idd as idd8_3_1_, user1_.password as password6_3_1_, user1_.roles as roles7_3_1_ from id generalseq0_ left outer join user user1_ on generalseq0_.number=user1_.idd where generalseq0_.number=?
Hibernate: select user0_.email as email1_3_1_, user0_.id as id2_3_1_, user0_.lastname as lastname3_3_1_, user0_.months as months4_3_1_, user0_.name as name5_3_1_, user0_.idd as idd8_3_1_, user0_.password as password6_3_1_, user0_.roles as roles7_3_1_, generalseq1_.number as number1_1_0_ from user user0_ left outer join id generalseq1_ on user0_.idd=generalseq1_.number where user0_.idd=?
Hibernate: select generalseq0_.number as number1_1_0_, user1_.email as email1_3_1_, user1_.id as id2_3_1_, user1_.lastname as lastname3_3_1_, user1_.months as months4_3_1_, user1_.name as name5_3_1_, user1_.idd as idd8_3_1_, user1_.password as password6_3_1_, user1_.roles as roles7_3_1_ from id generalseq0_ left outer join user user1_ on generalseq0_.number=user1_.idd where generalseq0_.number=?
Hibernate: select user0_.email as email1_3_1_, user0_.id as id2_3_1_, user0_.lastname as lastname3_3_1_, user0_.months as months4_3_1_, user0_.name as name5_3_1_, user0_.idd as idd8_3_1_, user0_.password as password6_3_1_, user0_.roles as roles7_3_1_, generalseq1_.number as number1_1_0_ from user user0_ left outer join id generalseq1_ on user0_.idd=generalseq1_.number where user0_.idd=?
?[1;31m
Start test 37?[0m
Hibernate: select user0_.email as email1_3_, user0_.id as id2_3_, user0_.lastname as lastname3_3_, user0_.months as months4_3_, user0_.name as name5_3_, user0_.idd as idd8_3_, user0_.password as password6_3_, user0_.roles as roles7_3_ from user user0_ where user0_.email=?
Hibernate: select generalseq0_.number as number1_1_0_, user1_.email as email1_3_1_, user1_.id as id2_3_1_, user1_.lastname as lastname3_3_1_, user1_.months as months4_3_1_, user1_.name as name5_3_1_, user1_.idd as idd8_3_1_, user1_.password as password6_3_1_, user1_.roles as roles7_3_1_ from id generalseq0_ left outer join user user1_ on generalseq0_.number=user1_.idd where generalseq0_.number=?
Hibernate: select user0_.email as email1_3_1_, user0_.id as id2_3_1_, user0_.lastname as lastname3_3_1_, user0_.months as months4_3_1_, user0_.name as name5_3_1_, user0_.idd as idd8_3_1_, user0_.password as password6_3_1_, user0_.roles as roles7_3_1_, generalseq1_.number as number1_1_0_ from user user0_ left outer join id generalseq1_ on user0_.idd=generalseq1_.number where user0_.idd=?


*******Inside api/admin/user/{email}


Hibernate: select count(*) as col_0_0_ from user user0_ where user0_.email=?
Hibernate: select user0_.email as email1_3_0_, user0_.id as id2_3_0_, user0_.lastname as lastname3_3_0_, user0_.months as months4_3_0_, user0_.name as name5_3_0_, user0_.idd as idd8_3_0_, user0_.password as password6_3_0_, user0_.roles as roles7_3_0_, generalseq1_.number as number1_1_1_ from user user0_ left outer join id generalseq1_ on user0_.idd=generalseq1_.number where user0_.email=?
Hibernate: delete from user where email=?
Hibernate: delete from id where number=?
?[1;31m
Start test 38?[0m
Hibernate: select user0_.email as email1_3_, user0_.id as id2_3_, user0_.lastname as lastname3_3_, user0_.months as months4_3_, user0_.name as name5_3_, user0_.idd as idd8_3_, user0_.password as password6_3_, user0_.roles as roles7_3_ from user user0_ where user0_.email=?
Hibernate: select generalseq0_.number as number1_1_0_, user1_.email as email1_3_1_, user1_.id as id2_3_1_, user1_.lastname as lastname3_3_1_, user1_.months as months4_3_1_, user1_.name as name5_3_1_, user1_.idd as idd8_3_1_, user1_.password as password6_3_1_, user1_.roles as roles7_3_1_ from id generalseq0_ left outer join user user1_ on generalseq0_.number=user1_.idd where generalseq0_.number=?
Hibernate: select user0_.email as email1_3_1_, user0_.id as id2_3_1_, user0_.lastname as lastname3_3_1_, user0_.months as months4_3_1_, user0_.name as name5_3_1_, user0_.idd as idd8_3_1_, user0_.password as password6_3_1_, user0_.roles as roles7_3_1_, generalseq1_.number as number1_1_0_ from user user0_ left outer join id generalseq1_ on user0_.idd=generalseq1_.number where user0_.idd=?
Hibernate: select user0_.email as email1_3_, user0_.id as id2_3_, user0_.lastname as lastname3_3_, user0_.months as months4_3_, user0_.name as name5_3_, user0_.idd as idd8_3_, user0_.password as password6_3_, user0_.roles as roles7_3_ from user user0_
Hibernate: select generalseq0_.number as number1_1_0_, user1_.email as email1_3_1_, user1_.id as id2_3_1_, user1_.lastname as lastname3_3_1_, user1_.months as months4_3_1_, user1_.name as name5_3_1_, user1_.idd as idd8_3_1_, user1_.password as password6_3_1_, user1_.roles as roles7_3_1_ from id generalseq0_ left outer join user user1_ on generalseq0_.number=user1_.idd where generalseq0_.number=?
Hibernate: select user0_.email as email1_3_1_, user0_.id as id2_3_1_, user0_.lastname as lastname3_3_1_, user0_.months as months4_3_1_, user0_.name as name5_3_1_, user0_.idd as idd8_3_1_, user0_.password as password6_3_1_, user0_.roles as roles7_3_1_, generalseq1_.number as number1_1_0_ from user user0_ left outer join id generalseq1_ on user0_.idd=generalseq1_.number where user0_.idd=?
Hibernate: select generalseq0_.number as number1_1_0_, user1_.email as email1_3_1_, user1_.id as id2_3_1_, user1_.lastname as lastname3_3_1_, user1_.months as months4_3_1_, user1_.name as name5_3_1_, user1_.idd as idd8_3_1_, user1_.password as password6_3_1_, user1_.roles as roles7_3_1_ from id generalseq0_ left outer join user user1_ on generalseq0_.number=user1_.idd where generalseq0_.number=?
Hibernate: select user0_.email as email1_3_1_, user0_.id as id2_3_1_, user0_.lastname as lastname3_3_1_, user0_.months as months4_3_1_, user0_.name as name5_3_1_, user0_.idd as idd8_3_1_, user0_.password as password6_3_1_, user0_.roles as roles7_3_1_, generalseq1_.number as number1_1_0_ from user user0_ left outer join id generalseq1_ on user0_.idd=generalseq1_.number where user0_.idd=?
Hibernate: select generalseq0_.number as number1_1_0_, user1_.email as email1_3_1_, user1_.id as id2_3_1_, user1_.lastname as lastname3_3_1_, user1_.months as months4_3_1_, user1_.name as name5_3_1_, user1_.idd as idd8_3_1_, user1_.password as password6_3_1_, user1_.roles as roles7_3_1_ from id generalseq0_ left outer join user user1_ on generalseq0_.number=user1_.idd where generalseq0_.number=?
Hibernate: select user0_.email as email1_3_1_, user0_.id as id2_3_1_, user0_.lastname as lastname3_3_1_, user0_.months as months4_3_1_, user0_.name as name5_3_1_, user0_.idd as idd8_3_1_, user0_.password as password6_3_1_, user0_.roles as roles7_3_1_, generalseq1_.number as number1_1_0_ from user user0_ left outer join id generalseq1_ on user0_.idd=generalseq1_.number where user0_.idd=?
?[1;31m
Start test 39?[0m
Hibernate: select user0_.email as email1_3_, user0_.id as id2_3_, user0_.lastname as lastname3_3_, user0_.months as months4_3_, user0_.name as name5_3_, user0_.idd as idd8_3_, user0_.password as password6_3_, user0_.roles as roles7_3_ from user user0_ where user0_.email=?
Hibernate: select generalseq0_.number as number1_1_0_, user1_.email as email1_3_1_, user1_.id as id2_3_1_, user1_.lastname as lastname3_3_1_, user1_.months as months4_3_1_, user1_.name as name5_3_1_, user1_.idd as idd8_3_1_, user1_.password as password6_3_1_, user1_.roles as roles7_3_1_ from id generalseq0_ left outer join user user1_ on generalseq0_.number=user1_.idd where generalseq0_.number=?
Hibernate: select user0_.email as email1_3_1_, user0_.id as id2_3_1_, user0_.lastname as lastname3_3_1_, user0_.months as months4_3_1_, user0_.name as name5_3_1_, user0_.idd as idd8_3_1_, user0_.password as password6_3_1_, user0_.roles as roles7_3_1_, generalseq1_.number as number1_1_0_ from user user0_ left outer join id generalseq1_ on user0_.idd=generalseq1_.number where user0_.idd=?


*******Inside api/admin/user/{email}


Hibernate: select count(*) as col_0_0_ from user user0_ where user0_.email=?
Hibernate: select user0_.email as email1_3_0_, user0_.id as id2_3_0_, user0_.lastname as lastname3_3_0_, user0_.months as months4_3_0_, user0_.name as name5_3_0_, user0_.idd as idd8_3_0_, user0_.password as password6_3_0_, user0_.roles as roles7_3_0_, generalseq1_.number as number1_1_1_ from user user0_ left outer join id generalseq1_ on user0_.idd=generalseq1_.number where user0_.email=?
?[1;31m
Start test 40?[0m
Hibernate: select user0_.email as email1_3_, user0_.id as id2_3_, user0_.lastname as lastname3_3_, user0_.months as months4_3_, user0_.name as name5_3_, user0_.idd as idd8_3_, user0_.password as password6_3_, user0_.roles as roles7_3_ from user user0_ where user0_.email=?
Hibernate: select generalseq0_.number as number1_1_0_, user1_.email as email1_3_1_, user1_.id as id2_3_1_, user1_.lastname as lastname3_3_1_, user1_.months as months4_3_1_, user1_.name as name5_3_1_, user1_.idd as idd8_3_1_, user1_.password as password6_3_1_, user1_.roles as roles7_3_1_ from id generalseq0_ left outer join user user1_ on generalseq0_.number=user1_.idd where generalseq0_.number=?
Hibernate: select user0_.email as email1_3_1_, user0_.id as id2_3_1_, user0_.lastname as lastname3_3_1_, user0_.months as months4_3_1_, user0_.name as name5_3_1_, user0_.idd as idd8_3_1_, user0_.password as password6_3_1_, user0_.roles as roles7_3_1_, generalseq1_.number as number1_1_0_ from user user0_ left outer join id generalseq1_ on user0_.idd=generalseq1_.number where user0_.idd=?


*******Inside api/admin/user/{email}


Hibernate: select count(*) as col_0_0_ from user user0_ where user0_.email=?
?[1;31m
Start test 41?[0m


REGISTRATION

Ivan
Hoe
IvanHoe@acme.com
nWza98hjkLPE
********************
Hibernate: select count(*) as col_0_0_ from user user0_ where user0_.email=?
SAVED!!!

Hibernate: select count(*) as col_0_0_ from user user0_
Hibernate: select user0_.email as email1_3_1_, user0_.id as id2_3_1_, user0_.lastname as lastname3_3_1_, user0_.months as months4_3_1_, user0_.name as name5_3_1_, user0_.idd as idd8_3_1_, user0_.password as password6_3_1_, user0_.roles as roles7_3_1_, generalseq1_.number as number1_1_0_ from user user0_ left outer join id generalseq1_ on user0_.idd=generalseq1_.number where user0_.email=?
Hibernate: call next value for hibernate_sequence
Hibernate: insert into id (number) values (?)
Hibernate: insert into user (id, lastname, months, name, idd, password, roles, email) values (?, ?, ?, ?, ?, ?, ?, ?)
Hibernate: update user set id=?, lastname=?, months=?, name=?, idd=?, password=?, roles=? where email=?
?[1;31m
Start test 42?[0m
Hibernate: select user0_.email as email1_3_, user0_.id as id2_3_, user0_.lastname as lastname3_3_, user0_.months as months4_3_, user0_.name as name5_3_, user0_.idd as idd8_3_, user0_.password as password6_3_, user0_.roles as roles7_3_ from user user0_ where user0_.email=?
Hibernate: select generalseq0_.number as number1_1_0_, user1_.email as email1_3_1_, user1_.id as id2_3_1_, user1_.lastname as lastname3_3_1_, user1_.months as months4_3_1_, user1_.name as name5_3_1_, user1_.idd as idd8_3_1_, user1_.password as password6_3_1_, user1_.roles as roles7_3_1_ from id generalseq0_ left outer join user user1_ on generalseq0_.number=user1_.idd where generalseq0_.number=?
Hibernate: select user0_.email as email1_3_1_, user0_.id as id2_3_1_, user0_.lastname as lastname3_3_1_, user0_.months as months4_3_1_, user0_.name as name5_3_1_, user0_.idd as idd8_3_1_, user0_.password as password6_3_1_, user0_.roles as roles7_3_1_, generalseq1_.number as number1_1_0_ from user user0_ left outer join id generalseq1_ on user0_.idd=generalseq1_.number where user0_.idd=?


******PAYMENT********
ivanhoe@acme.com
Hibernate: select user0_.email as email1_3_0_, user0_.id as id2_3_0_, user0_.lastname as lastname3_3_0_, user0_.months as months4_3_0_, user0_.name as name5_3_0_, user0_.idd as idd8_3_0_, user0_.password as password6_3_0_, user0_.roles as roles7_3_0_, generalseq1_.number as number1_1_1_ from user user0_ left outer join id generalseq1_ on user0_.idd=generalseq1_.number where user0_.email=?
Hibernate: select payslips0_.user_email as user_ema7_2_0_, payslips0_.id as id1_2_0_, payslips0_.id as id1_2_1_, payslips0_.date as date2_2_1_, payslips0_.lastname as lastname3_2_1_, payslips0_.name as name4_2_1_, payslips0_.period as period5_2_1_, payslips0_.salary as salary6_2_1_, payslips0_.user_email as user_ema7_2_1_ from pay_slip payslips0_ where payslips0_.user_email=?
?[1;31m
Start test 43?[0m
Hibernate: select user0_.email as email1_3_, user0_.id as id2_3_, user0_.lastname as lastname3_3_, user0_.months as months4_3_, user0_.name as name5_3_, user0_.idd as idd8_3_, user0_.password as password6_3_, user0_.roles as roles7_3_ from user user0_ where user0_.email=?
Hibernate: select generalseq0_.number as number1_1_0_, user1_.email as email1_3_1_, user1_.id as id2_3_1_, user1_.lastname as lastname3_3_1_, user1_.months as months4_3_1_, user1_.name as name5_3_1_, user1_.idd as idd8_3_1_, user1_.password as password6_3_1_, user1_.roles as roles7_3_1_ from id generalseq0_ left outer join user user1_ on generalseq0_.number=user1_.idd where generalseq0_.number=?
Hibernate: select user0_.email as email1_3_1_, user0_.id as id2_3_1_, user0_.lastname as lastname3_3_1_, user0_.months as months4_3_1_, user0_.name as name5_3_1_, user0_.idd as idd8_3_1_, user0_.password as password6_3_1_, user0_.roles as roles7_3_1_, generalseq1_.number as number1_1_0_ from user user0_ left outer join id generalseq1_ on user0_.idd=generalseq1_.number where user0_.idd=?
Hibernate: select user0_.email as email1_3_, user0_.id as id2_3_, user0_.lastname as lastname3_3_, user0_.months as months4_3_, user0_.name as name5_3_, user0_.idd as idd8_3_, user0_.password as password6_3_, user0_.roles as roles7_3_ from user user0_
Hibernate: select generalseq0_.number as number1_1_0_, user1_.email as email1_3_1_, user1_.id as id2_3_1_, user1_.lastname as lastname3_3_1_, user1_.months as months4_3_1_, user1_.name as name5_3_1_, user1_.idd as idd8_3_1_, user1_.password as password6_3_1_, user1_.roles as roles7_3_1_ from id generalseq0_ left outer join user user1_ on generalseq0_.number=user1_.idd where generalseq0_.number=?
Hibernate: select user0_.email as email1_3_1_, user0_.id as id2_3_1_, user0_.lastname as lastname3_3_1_, user0_.months as months4_3_1_, user0_.name as name5_3_1_, user0_.idd as idd8_3_1_, user0_.password as password6_3_1_, user0_.roles as roles7_3_1_, generalseq1_.number as number1_1_0_ from user user0_ left outer join id generalseq1_ on user0_.idd=generalseq1_.number where user0_.idd=?
Hibernate: select generalseq0_.number as number1_1_0_, user1_.email as email1_3_1_, user1_.id as id2_3_1_, user1_.lastname as lastname3_3_1_, user1_.months as months4_3_1_, user1_.name as name5_3_1_, user1_.idd as idd8_3_1_, user1_.password as password6_3_1_, user1_.roles as roles7_3_1_ from id generalseq0_ left outer join user user1_ on generalseq0_.number=user1_.idd where generalseq0_.number=?
Hibernate: select user0_.email as email1_3_1_, user0_.id as id2_3_1_, user0_.lastname as lastname3_3_1_, user0_.months as months4_3_1_, user0_.name as name5_3_1_, user0_.idd as idd8_3_1_, user0_.password as password6_3_1_, user0_.roles as roles7_3_1_, generalseq1_.number as number1_1_0_ from user user0_ left outer join id generalseq1_ on user0_.idd=generalseq1_.number where user0_.idd=?
Hibernate: select generalseq0_.number as number1_1_0_, user1_.email as email1_3_1_, user1_.id as id2_3_1_, user1_.lastname as lastname3_3_1_, user1_.months as months4_3_1_, user1_.name as name5_3_1_, user1_.idd as idd8_3_1_, user1_.password as password6_3_1_, user1_.roles as roles7_3_1_ from id generalseq0_ left outer join user user1_ on generalseq0_.number=user1_.idd where generalseq0_.number=?
Hibernate: select user0_.email as email1_3_1_, user0_.id as id2_3_1_, user0_.lastname as lastname3_3_1_, user0_.months as months4_3_1_, user0_.name as name5_3_1_, user0_.idd as idd8_3_1_, user0_.password as password6_3_1_, user0_.roles as roles7_3_1_, generalseq1_.number as number1_1_0_ from user user0_ left outer join id generalseq1_ on user0_.idd=generalseq1_.number where user0_.idd=?
Hibernate: select generalseq0_.number as number1_1_0_, user1_.email as email1_3_1_, user1_.id as id2_3_1_, user1_.lastname as lastname3_3_1_, user1_.months as months4_3_1_, user1_.name as name5_3_1_, user1_.idd as idd8_3_1_, user1_.password as password6_3_1_, user1_.roles as roles7_3_1_ from id generalseq0_ left outer join user user1_ on generalseq0_.number=user1_.idd where generalseq0_.number=?
Hibernate: select user0_.email as email1_3_1_, user0_.id as id2_3_1_, user0_.lastname as lastname3_3_1_, user0_.months as months4_3_1_, user0_.name as name5_3_1_, user0_.idd as idd8_3_1_, user0_.password as password6_3_1_, user0_.roles as roles7_3_1_, generalseq1_.number as number1_1_0_ from user user0_ left outer join id generalseq1_ on user0_.idd=generalseq1_.number where user0_.idd=?
?[1;31m
Start test 44?[0m
Hibernate: select user0_.email as email1_3_, user0_.id as id2_3_, user0_.lastname as lastname3_3_, user0_.months as months4_3_, user0_.name as name5_3_, user0_.idd as idd8_3_, user0_.password as password6_3_, user0_.roles as roles7_3_ from user user0_ where user0_.email=?
Hibernate: select generalseq0_.number as number1_1_0_, user1_.email as email1_3_1_, user1_.id as id2_3_1_, user1_.lastname as lastname3_3_1_, user1_.months as months4_3_1_, user1_.name as name5_3_1_, user1_.idd as idd8_3_1_, user1_.password as password6_3_1_, user1_.roles as roles7_3_1_ from id generalseq0_ left outer join user user1_ on generalseq0_.number=user1_.idd where generalseq0_.number=?
Hibernate: select user0_.email as email1_3_1_, user0_.id as id2_3_1_, user0_.lastname as lastname3_3_1_, user0_.months as months4_3_1_, user0_.name as name5_3_1_, user0_.idd as idd8_3_1_, user0_.password as password6_3_1_, user0_.roles as roles7_3_1_, generalseq1_.number as number1_1_0_ from user user0_ left outer join id generalseq1_ on user0_.idd=generalseq1_.number where user0_.idd=?


*******Inside api/admin/user/{email}


Hibernate: select count(*) as col_0_0_ from user user0_ where user0_.email=?
Hibernate: select user0_.email as email1_3_0_, user0_.id as id2_3_0_, user0_.lastname as lastname3_3_0_, user0_.months as months4_3_0_, user0_.name as name5_3_0_, user0_.idd as idd8_3_0_, user0_.password as password6_3_0_, user0_.roles as roles7_3_0_, generalseq1_.number as number1_1_1_ from user user0_ left outer join id generalseq1_ on user0_.idd=generalseq1_.number where user0_.email=?
Hibernate: delete from user where email=?
Hibernate: delete from id where number=?
?[1;31m
Start test 45?[0m
2022-08-17 10:48:13.427  INFO 24432 --- [     Thread-669] j.LocalContainerEntityManagerFactoryBean : Closing JPA EntityManagerFactory for persistence unit 'default'
2022-08-17 10:48:13.428  INFO 24432 --- [     Thread-669] o.s.s.concurrent.ThreadPoolTaskExecutor  : Shutting down ExecutorService 'applicationTaskExecutor'
2022-08-17 10:48:13.428  INFO 24432 --- [     Thread-669] com.zaxxer.hikari.HikariDataSource       : HikariPool-2 - Shutdown initiated...
2022-08-17 10:48:13.436  INFO 24432 --- [     Thread-669] com.zaxxer.hikari.HikariDataSource       : HikariPool-2 - Shutdown completed.

  .   ____          _            __ _ _
 /\\ / ___'_ __ _ _(_)_ __  __ _ \ \ \ \
( ( )\___ | '_ | '_| | '_ \/ _` | \ \ \ \
 \\/  ___)| |_)| | | | | || (_| |  ) ) ) )
  '  |____| .__|_| |_|_| |_\__, | / / / /
 =========|_|==============|___/=/_/_/_/
 :: Spring Boot ::        (v2.3.1.RELEASE)

2022-08-17 10:48:13.463  INFO 24432 --- [    Test worker] account.AccountServiceApplication        : Starting AccountServiceApplication on LAPTOP-VBFHQFG2 with PID 24432 (started by Ansis in C:\Users\Ansis\Desktop\maven\Account Service\Account Service\task)
2022-08-17 10:48:13.463  INFO 24432 --- [    Test worker] account.AccountServiceApplication        : No active profile set, falling back to default profiles: default
2022-08-17 10:48:13.761  INFO 24432 --- [    Test worker] .s.d.r.c.RepositoryConfigurationDelegate : Bootstrapping Spring Data JPA repositories in DEFERRED mode.
2022-08-17 10:48:13.776  INFO 24432 --- [    Test worker] .s.d.r.c.RepositoryConfigurationDelegate : Finished Spring Data repository scanning in 15ms. Found 4 JPA repository interfaces.
2022-08-17 10:48:13.831  INFO 24432 --- [    Test worker] trationDelegate$BeanPostProcessorChecker : Bean 'org.springframework.security.access.expression.method.DefaultMethodSecurityExpressionHandler@18ed9480' of type [org.springframework.security.access.expression.method.DefaultMethodSecurityExpressionHandler] is not eligible for getting processed by all BeanPostProcessors (for example: not eligible for auto-proxying)
2022-08-17 10:48:13.832  INFO 24432 --- [    Test worker] trationDelegate$BeanPostProcessorChecker : Bean 'methodSecurityConfig' of type [account.securityConfig.MethodSecurityConfig$$EnhancerBySpringCGLIB$$4b303389] is not eligible for getting processed by all BeanPostProcessors (for example: not eligible for auto-proxying)
2022-08-17 10:48:13.834  INFO 24432 --- [    Test worker] trationDelegate$BeanPostProcessorChecker : Bean 'methodSecurityMetadataSource' of type [org.springframework.security.access.method.DelegatingMethodSecurityMetadataSource] is not eligible for getting processed by all BeanPostProcessors (for example: not eligible for auto-proxying)
2022-08-17 10:48:13.871  INFO 24432 --- [    Test worker] o.s.b.w.embedded.tomcat.TomcatWebServer  : Tomcat initialized with port(s): 28852 (http)
2022-08-17 10:48:13.872  INFO 24432 --- [    Test worker] o.apache.catalina.core.StandardService   : Starting service [Tomcat]
2022-08-17 10:48:13.872  INFO 24432 --- [    Test worker] org.apache.catalina.core.StandardEngine  : Starting Servlet engine: [Apache Tomcat/9.0.36]
2022-08-17 10:48:13.896  INFO 24432 --- [    Test worker] o.a.c.c.C.[Tomcat].[localhost].[/]       : Initializing Spring embedded WebApplicationContext
2022-08-17 10:48:13.896  INFO 24432 --- [    Test worker] w.s.c.ServletWebServerApplicationContext : Root WebApplicationContext: initialization completed in 431 ms
2022-08-17 10:48:13.937  INFO 24432 --- [    Test worker] com.zaxxer.hikari.HikariDataSource       : HikariPool-3 - Starting...
2022-08-17 10:48:13.947  INFO 24432 --- [    Test worker] com.zaxxer.hikari.HikariDataSource       : HikariPool-3 - Start completed.
2022-08-17 10:48:13.948  INFO 24432 --- [    Test worker] o.s.b.a.h2.H2ConsoleAutoConfiguration    : H2 console available at '/h2-console'. Database available at 'jdbc:h2:file:../service_db'
2022-08-17 10:48:13.996  INFO 24432 --- [    Test worker] o.s.s.concurrent.ThreadPoolTaskExecutor  : Initializing ExecutorService 'applicationTaskExecutor'
2022-08-17 10:48:14.004  INFO 24432 --- [         task-1] o.hibernate.jpa.internal.util.LogHelper  : HHH000204: Processing PersistenceUnitInfo [name: default]
2022-08-17 10:48:14.011  INFO 24432 --- [         task-1] org.hibernate.dialect.Dialect            : HHH000400: Using dialect: org.hibernate.dialect.H2Dialect
2022-08-17 10:48:14.040  WARN 24432 --- [    Test worker] JpaBaseConfiguration$JpaWebConfiguration : spring.jpa.open-in-view is enabled by default. Therefore, database queries may be performed during view rendering. Explicitly configure spring.jpa.open-in-view to disable this warning
2022-08-17 10:48:14.095  INFO 24432 --- [         task-1] o.h.e.t.j.p.i.JtaPlatformInitiator       : HHH000490: Using JtaPlatform implementation: [org.hibernate.engine.transaction.jta.platform.internal.NoJtaPlatform]
2022-08-17 10:48:14.095  INFO 24432 --- [         task-1] j.LocalContainerEntityManagerFactoryBean : Initialized JPA EntityManagerFactory for persistence unit 'default'
2022-08-17 10:48:15.107  INFO 24432 --- [    Test worker] o.s.b.a.e.web.EndpointLinksResolver      : Exposing 14 endpoint(s) beneath base path '/actuator'
2022-08-17 10:48:15.123  INFO 24432 --- [    Test worker] o.s.s.web.DefaultSecurityFilterChain     : Creating filter chain: any request, [org.springframework.security.web.context.request.async.WebAsyncManagerIntegrationFilter@4df54c1, org.springframework.security.web.context.SecurityContextPersistenceFilter@655b9169, org.springframework.security.web.header.HeaderWriterFilter@3453f79c, org.springframework.security.web.authentication.logout.LogoutFilter@27f4761b, org.springframework.security.web.authentication.www.BasicAuthenticationFilter@52df6d0f, org.springframework.security.web.savedrequest.RequestCacheAwareFilter@4917992b, org.springframework.security.web.servletapi.SecurityContextHolderAwareRequestFilter@62536882, org.springframework.security.web.authentication.AnonymousAuthenticationFilter@785477e5, org.springframework.security.web.session.SessionManagementFilter@6f627a1a, org.springframework.security.web.access.ExceptionTranslationFilter@c040c8d, org.springframework.security.web.access.intercept.FilterSecurityInterceptor@363ee411]
2022-08-17 10:48:15.191  INFO 24432 --- [    Test worker] o.s.b.w.embedded.tomcat.TomcatWebServer  : Tomcat started on port(s): 28852 (http) with context path ''
2022-08-17 10:48:15.192  INFO 24432 --- [    Test worker] DeferredRepositoryInitializationListener : Triggering deferred initialization of Spring Data repositoriesâ€¦
2022-08-17 10:48:15.261  INFO 24432 --- [    Test worker] DeferredRepositoryInitializationListener : Spring Data repositories initialized!
2022-08-17 10:48:15.265  INFO 24432 --- [    Test worker] account.AccountServiceApplication        : Started AccountServiceApplication in 1.821 seconds (JVM running for 41.144)
?[1;31m
Start test 46?[0m
2022-08-17 10:48:15.269  INFO 24432 --- [io-28852-exec-1] o.a.c.c.C.[Tomcat].[localhost].[/]       : Initializing Spring DispatcherServlet 'dispatcherServlet'
2022-08-17 10:48:15.269  INFO 24432 --- [io-28852-exec-1] o.s.web.servlet.DispatcherServlet        : Initializing Servlet 'dispatcherServlet'
2022-08-17 10:48:15.272  INFO 24432 --- [io-28852-exec-1] o.s.web.servlet.DispatcherServlet        : Completed initialization in 2 ms
Hibernate: select user0_.email as email1_3_, user0_.id as id2_3_, user0_.lastname as lastname3_3_, user0_.months as months4_3_, user0_.name as name5_3_, user0_.idd as idd8_3_, user0_.password as password6_3_, user0_.roles as roles7_3_ from user user0_ where user0_.email=?
Hibernate: select generalseq0_.number as number1_1_0_, user1_.email as email1_3_1_, user1_.id as id2_3_1_, user1_.lastname as lastname3_3_1_, user1_.months as months4_3_1_, user1_.name as name5_3_1_, user1_.idd as idd8_3_1_, user1_.password as password6_3_1_, user1_.roles as roles7_3_1_ from id generalseq0_ left outer join user user1_ on generalseq0_.number=user1_.idd where generalseq0_.number=?
Hibernate: select user0_.email as email1_3_1_, user0_.id as id2_3_1_, user0_.lastname as lastname3_3_1_, user0_.months as months4_3_1_, user0_.name as name5_3_1_, user0_.idd as idd8_3_1_, user0_.password as password6_3_1_, user0_.roles as roles7_3_1_, generalseq1_.number as number1_1_0_ from user user0_ left outer join id generalseq1_ on user0_.idd=generalseq1_.number where user0_.idd=?
Hibernate: select user0_.email as email1_3_, user0_.id as id2_3_, user0_.lastname as lastname3_3_, user0_.months as months4_3_, user0_.name as name5_3_, user0_.idd as idd8_3_, user0_.password as password6_3_, user0_.roles as roles7_3_ from user user0_
Hibernate: select generalseq0_.number as number1_1_0_, user1_.email as email1_3_1_, user1_.id as id2_3_1_, user1_.lastname as lastname3_3_1_, user1_.months as months4_3_1_, user1_.name as name5_3_1_, user1_.idd as idd8_3_1_, user1_.password as password6_3_1_, user1_.roles as roles7_3_1_ from id generalseq0_ left outer join user user1_ on generalseq0_.number=user1_.idd where generalseq0_.number=?
Hibernate: select user0_.email as email1_3_1_, user0_.id as id2_3_1_, user0_.lastname as lastname3_3_1_, user0_.months as months4_3_1_, user0_.name as name5_3_1_, user0_.idd as idd8_3_1_, user0_.password as password6_3_1_, user0_.roles as roles7_3_1_, generalseq1_.number as number1_1_0_ from user user0_ left outer join id generalseq1_ on user0_.idd=generalseq1_.number where user0_.idd=?
Hibernate: select generalseq0_.number as number1_1_0_, user1_.email as email1_3_1_, user1_.id as id2_3_1_, user1_.lastname as lastname3_3_1_, user1_.months as months4_3_1_, user1_.name as name5_3_1_, user1_.idd as idd8_3_1_, user1_.password as password6_3_1_, user1_.roles as roles7_3_1_ from id generalseq0_ left outer join user user1_ on generalseq0_.number=user1_.idd where generalseq0_.number=?
Hibernate: select user0_.email as email1_3_1_, user0_.id as id2_3_1_, user0_.lastname as lastname3_3_1_, user0_.months as months4_3_1_, user0_.name as name5_3_1_, user0_.idd as idd8_3_1_, user0_.password as password6_3_1_, user0_.roles as roles7_3_1_, generalseq1_.number as number1_1_0_ from user user0_ left outer join id generalseq1_ on user0_.idd=generalseq1_.number where user0_.idd=?
Hibernate: select generalseq0_.number as number1_1_0_, user1_.email as email1_3_1_, user1_.id as id2_3_1_, user1_.lastname as lastname3_3_1_, user1_.months as months4_3_1_, user1_.name as name5_3_1_, user1_.idd as idd8_3_1_, user1_.password as password6_3_1_, user1_.roles as roles7_3_1_ from id generalseq0_ left outer join user user1_ on generalseq0_.number=user1_.idd where generalseq0_.number=?
Hibernate: select user0_.email as email1_3_1_, user0_.id as id2_3_1_, user0_.lastname as lastname3_3_1_, user0_.months as months4_3_1_, user0_.name as name5_3_1_, user0_.idd as idd8_3_1_, user0_.password as password6_3_1_, user0_.roles as roles7_3_1_, generalseq1_.number as number1_1_0_ from user user0_ left outer join id generalseq1_ on user0_.idd=generalseq1_.number where user0_.idd=?
?[1;31m
Start test 47?[0m
Hibernate: select user0_.email as email1_3_, user0_.id as id2_3_, user0_.lastname as lastname3_3_, user0_.months as months4_3_, user0_.name as name5_3_, user0_.idd as idd8_3_, user0_.password as password6_3_, user0_.roles as roles7_3_ from user user0_ where user0_.email=?
Hibernate: select generalseq0_.number as number1_1_0_, user1_.email as email1_3_1_, user1_.id as id2_3_1_, user1_.lastname as lastname3_3_1_, user1_.months as months4_3_1_, user1_.name as name5_3_1_, user1_.idd as idd8_3_1_, user1_.password as password6_3_1_, user1_.roles as roles7_3_1_ from id generalseq0_ left outer join user user1_ on generalseq0_.number=user1_.idd where generalseq0_.number=?
Hibernate: select user0_.email as email1_3_1_, user0_.id as id2_3_1_, user0_.lastname as lastname3_3_1_, user0_.months as months4_3_1_, user0_.name as name5_3_1_, user0_.idd as idd8_3_1_, user0_.password as password6_3_1_, user0_.roles as roles7_3_1_, generalseq1_.number as number1_1_0_ from user user0_ left outer join id generalseq1_ on user0_.idd=generalseq1_.number where user0_.idd=?

********api/admin/user/role***********


IvanIvanov@acme.com
ACCOUNTANT
GRANT
Hibernate: select user0_.email as email1_3_0_, user0_.id as id2_3_0_, user0_.lastname as lastname3_3_0_, user0_.months as months4_3_0_, user0_.name as name5_3_0_, user0_.idd as idd8_3_0_, user0_.password as password6_3_0_, user0_.roles as roles7_3_0_, generalseq1_.number as number1_1_1_ from user user0_ left outer join id generalseq1_ on user0_.idd=generalseq1_.number where user0_.email=?
Hibernate: update user set id=?, lastname=?, months=?, name=?, idd=?, password=?, roles=? where email=?
?[1;31m
Start test 48?[0m
Hibernate: select user0_.email as email1_3_, user0_.id as id2_3_, user0_.lastname as lastname3_3_, user0_.months as months4_3_, user0_.name as name5_3_, user0_.idd as idd8_3_, user0_.password as password6_3_, user0_.roles as roles7_3_ from user user0_ where user0_.email=?
Hibernate: select generalseq0_.number as number1_1_0_, user1_.email as email1_3_1_, user1_.id as id2_3_1_, user1_.lastname as lastname3_3_1_, user1_.months as months4_3_1_, user1_.name as name5_3_1_, user1_.idd as idd8_3_1_, user1_.password as password6_3_1_, user1_.roles as roles7_3_1_ from id generalseq0_ left outer join user user1_ on generalseq0_.number=user1_.idd where generalseq0_.number=?
Hibernate: select user0_.email as email1_3_1_, user0_.id as id2_3_1_, user0_.lastname as lastname3_3_1_, user0_.months as months4_3_1_, user0_.name as name5_3_1_, user0_.idd as idd8_3_1_, user0_.password as password6_3_1_, user0_.roles as roles7_3_1_, generalseq1_.number as number1_1_0_ from user user0_ left outer join id generalseq1_ on user0_.idd=generalseq1_.number where user0_.idd=?
Hibernate: select user0_.email as email1_3_, user0_.id as id2_3_, user0_.lastname as lastname3_3_, user0_.months as months4_3_, user0_.name as name5_3_, user0_.idd as idd8_3_, user0_.password as password6_3_, user0_.roles as roles7_3_ from user user0_
Hibernate: select generalseq0_.number as number1_1_0_, user1_.email as email1_3_1_, user1_.id as id2_3_1_, user1_.lastname as lastname3_3_1_, user1_.months as months4_3_1_, user1_.name as name5_3_1_, user1_.idd as idd8_3_1_, user1_.password as password6_3_1_, user1_.roles as roles7_3_1_ from id generalseq0_ left outer join user user1_ on generalseq0_.number=user1_.idd where generalseq0_.number=?
Hibernate: select user0_.email as email1_3_1_, user0_.id as id2_3_1_, user0_.lastname as lastname3_3_1_, user0_.months as months4_3_1_, user0_.name as name5_3_1_, user0_.idd as idd8_3_1_, user0_.password as password6_3_1_, user0_.roles as roles7_3_1_, generalseq1_.number as number1_1_0_ from user user0_ left outer join id generalseq1_ on user0_.idd=generalseq1_.number where user0_.idd=?
Hibernate: select generalseq0_.number as number1_1_0_, user1_.email as email1_3_1_, user1_.id as id2_3_1_, user1_.lastname as lastname3_3_1_, user1_.months as months4_3_1_, user1_.name as name5_3_1_, user1_.idd as idd8_3_1_, user1_.password as password6_3_1_, user1_.roles as roles7_3_1_ from id generalseq0_ left outer join user user1_ on generalseq0_.number=user1_.idd where generalseq0_.number=?
Hibernate: select user0_.email as email1_3_1_, user0_.id as id2_3_1_, user0_.lastname as lastname3_3_1_, user0_.months as months4_3_1_, user0_.name as name5_3_1_, user0_.idd as idd8_3_1_, user0_.password as password6_3_1_, user0_.roles as roles7_3_1_, generalseq1_.number as number1_1_0_ from user user0_ left outer join id generalseq1_ on user0_.idd=generalseq1_.number where user0_.idd=?
Hibernate: select generalseq0_.number as number1_1_0_, user1_.email as email1_3_1_, user1_.id as id2_3_1_, user1_.lastname as lastname3_3_1_, user1_.months as months4_3_1_, user1_.name as name5_3_1_, user1_.idd as idd8_3_1_, user1_.password as password6_3_1_, user1_.roles as roles7_3_1_ from id generalseq0_ left outer join user user1_ on generalseq0_.number=user1_.idd where generalseq0_.number=?
Hibernate: select user0_.email as email1_3_1_, user0_.id as id2_3_1_, user0_.lastname as lastname3_3_1_, user0_.months as months4_3_1_, user0_.name as name5_3_1_, user0_.idd as idd8_3_1_, user0_.password as password6_3_1_, user0_.roles as roles7_3_1_, generalseq1_.number as number1_1_0_ from user user0_ left outer join id generalseq1_ on user0_.idd=generalseq1_.number where user0_.idd=?
?[1;31m
Start test 49?[0m
Hibernate: select user0_.email as email1_3_, user0_.id as id2_3_, user0_.lastname as lastname3_3_, user0_.months as months4_3_, user0_.name as name5_3_, user0_.idd as idd8_3_, user0_.password as password6_3_, user0_.roles as roles7_3_ from user user0_ where user0_.email=?
Hibernate: select generalseq0_.number as number1_1_0_, user1_.email as email1_3_1_, user1_.id as id2_3_1_, user1_.lastname as lastname3_3_1_, user1_.months as months4_3_1_, user1_.name as name5_3_1_, user1_.idd as idd8_3_1_, user1_.password as password6_3_1_, user1_.roles as roles7_3_1_ from id generalseq0_ left outer join user user1_ on generalseq0_.number=user1_.idd where generalseq0_.number=?
Hibernate: select user0_.email as email1_3_1_, user0_.id as id2_3_1_, user0_.lastname as lastname3_3_1_, user0_.months as months4_3_1_, user0_.name as name5_3_1_, user0_.idd as idd8_3_1_, user0_.password as password6_3_1_, user0_.roles as roles7_3_1_, generalseq1_.number as number1_1_0_ from user user0_ left outer join id generalseq1_ on user0_.idd=generalseq1_.number where user0_.idd=?

********api/admin/user/role***********


IvanIvanov@acme.com
ACCOUNTANT
REMOVE
Hibernate: select user0_.email as email1_3_0_, user0_.id as id2_3_0_, user0_.lastname as lastname3_3_0_, user0_.months as months4_3_0_, user0_.name as name5_3_0_, user0_.idd as idd8_3_0_, user0_.password as password6_3_0_, user0_.roles as roles7_3_0_, generalseq1_.number as number1_1_1_ from user user0_ left outer join id generalseq1_ on user0_.idd=generalseq1_.number where user0_.email=?
Hibernate: update user set id=?, lastname=?, months=?, name=?, idd=?, password=?, roles=? where email=?
?[1;31m
Start test 50?[0m
Hibernate: select user0_.email as email1_3_, user0_.id as id2_3_, user0_.lastname as lastname3_3_, user0_.months as months4_3_, user0_.name as name5_3_, user0_.idd as idd8_3_, user0_.password as password6_3_, user0_.roles as roles7_3_ from user user0_ where user0_.email=?
Hibernate: select generalseq0_.number as number1_1_0_, user1_.email as email1_3_1_, user1_.id as id2_3_1_, user1_.lastname as lastname3_3_1_, user1_.months as months4_3_1_, user1_.name as name5_3_1_, user1_.idd as idd8_3_1_, user1_.password as password6_3_1_, user1_.roles as roles7_3_1_ from id generalseq0_ left outer join user user1_ on generalseq0_.number=user1_.idd where generalseq0_.number=?
Hibernate: select user0_.email as email1_3_1_, user0_.id as id2_3_1_, user0_.lastname as lastname3_3_1_, user0_.months as months4_3_1_, user0_.name as name5_3_1_, user0_.idd as idd8_3_1_, user0_.password as password6_3_1_, user0_.roles as roles7_3_1_, generalseq1_.number as number1_1_0_ from user user0_ left outer join id generalseq1_ on user0_.idd=generalseq1_.number where user0_.idd=?
Hibernate: select user0_.email as email1_3_, user0_.id as id2_3_, user0_.lastname as lastname3_3_, user0_.months as months4_3_, user0_.name as name5_3_, user0_.idd as idd8_3_, user0_.password as password6_3_, user0_.roles as roles7_3_ from user user0_
Hibernate: select generalseq0_.number as number1_1_0_, user1_.email as email1_3_1_, user1_.id as id2_3_1_, user1_.lastname as lastname3_3_1_, user1_.months as months4_3_1_, user1_.name as name5_3_1_, user1_.idd as idd8_3_1_, user1_.password as password6_3_1_, user1_.roles as roles7_3_1_ from id generalseq0_ left outer join user user1_ on generalseq0_.number=user1_.idd where generalseq0_.number=?
Hibernate: select user0_.email as email1_3_1_, user0_.id as id2_3_1_, user0_.lastname as lastname3_3_1_, user0_.months as months4_3_1_, user0_.name as name5_3_1_, user0_.idd as idd8_3_1_, user0_.password as password6_3_1_, user0_.roles as roles7_3_1_, generalseq1_.number as number1_1_0_ from user user0_ left outer join id generalseq1_ on user0_.idd=generalseq1_.number where user0_.idd=?
Hibernate: select generalseq0_.number as number1_1_0_, user1_.email as email1_3_1_, user1_.id as id2_3_1_, user1_.lastname as lastname3_3_1_, user1_.months as months4_3_1_, user1_.name as name5_3_1_, user1_.idd as idd8_3_1_, user1_.password as password6_3_1_, user1_.roles as roles7_3_1_ from id generalseq0_ left outer join user user1_ on generalseq0_.number=user1_.idd where generalseq0_.number=?
Hibernate: select user0_.email as email1_3_1_, user0_.id as id2_3_1_, user0_.lastname as lastname3_3_1_, user0_.months as months4_3_1_, user0_.name as name5_3_1_, user0_.idd as idd8_3_1_, user0_.password as password6_3_1_, user0_.roles as roles7_3_1_, generalseq1_.number as number1_1_0_ from user user0_ left outer join id generalseq1_ on user0_.idd=generalseq1_.number where user0_.idd=?
Hibernate: select generalseq0_.number as number1_1_0_, user1_.email as email1_3_1_, user1_.id as id2_3_1_, user1_.lastname as lastname3_3_1_, user1_.months as months4_3_1_, user1_.name as name5_3_1_, user1_.idd as idd8_3_1_, user1_.password as password6_3_1_, user1_.roles as roles7_3_1_ from id generalseq0_ left outer join user user1_ on generalseq0_.number=user1_.idd where generalseq0_.number=?
Hibernate: select user0_.email as email1_3_1_, user0_.id as id2_3_1_, user0_.lastname as lastname3_3_1_, user0_.months as months4_3_1_, user0_.name as name5_3_1_, user0_.idd as idd8_3_1_, user0_.password as password6_3_1_, user0_.roles as roles7_3_1_, generalseq1_.number as number1_1_0_ from user user0_ left outer join id generalseq1_ on user0_.idd=generalseq1_.number where user0_.idd=?
?[1;31m
Start test 51?[0m
Hibernate: select user0_.email as email1_3_, user0_.id as id2_3_, user0_.lastname as lastname3_3_, user0_.months as months4_3_, user0_.name as name5_3_, user0_.idd as idd8_3_, user0_.password as password6_3_, user0_.roles as roles7_3_ from user user0_ where user0_.email=?
Hibernate: select generalseq0_.number as number1_1_0_, user1_.email as email1_3_1_, user1_.id as id2_3_1_, user1_.lastname as lastname3_3_1_, user1_.months as months4_3_1_, user1_.name as name5_3_1_, user1_.idd as idd8_3_1_, user1_.password as password6_3_1_, user1_.roles as roles7_3_1_ from id generalseq0_ left outer join user user1_ on generalseq0_.number=user1_.idd where generalseq0_.number=?
Hibernate: select user0_.email as email1_3_1_, user0_.id as id2_3_1_, user0_.lastname as lastname3_3_1_, user0_.months as months4_3_1_, user0_.name as name5_3_1_, user0_.idd as idd8_3_1_, user0_.password as password6_3_1_, user0_.roles as roles7_3_1_, generalseq1_.number as number1_1_0_ from user user0_ left outer join id generalseq1_ on user0_.idd=generalseq1_.number where user0_.idd=?

********api/admin/user/role***********


IvanIvanov@acme.com
ACCOUNTANT
GRANT
Hibernate: select user0_.email as email1_3_0_, user0_.id as id2_3_0_, user0_.lastname as lastname3_3_0_, user0_.months as months4_3_0_, user0_.name as name5_3_0_, user0_.idd as idd8_3_0_, user0_.password as password6_3_0_, user0_.roles as roles7_3_0_, generalseq1_.number as number1_1_1_ from user user0_ left outer join id generalseq1_ on user0_.idd=generalseq1_.number where user0_.email=?
Hibernate: update user set id=?, lastname=?, months=?, name=?, idd=?, password=?, roles=? where email=?
?[1;31m
Start test 52?[0m
Hibernate: select user0_.email as email1_3_, user0_.id as id2_3_, user0_.lastname as lastname3_3_, user0_.months as months4_3_, user0_.name as name5_3_, user0_.idd as idd8_3_, user0_.password as password6_3_, user0_.roles as roles7_3_ from user user0_ where user0_.email=?
Hibernate: select generalseq0_.number as number1_1_0_, user1_.email as email1_3_1_, user1_.id as id2_3_1_, user1_.lastname as lastname3_3_1_, user1_.months as months4_3_1_, user1_.name as name5_3_1_, user1_.idd as idd8_3_1_, user1_.password as password6_3_1_, user1_.roles as roles7_3_1_ from id generalseq0_ left outer join user user1_ on generalseq0_.number=user1_.idd where generalseq0_.number=?
Hibernate: select user0_.email as email1_3_1_, user0_.id as id2_3_1_, user0_.lastname as lastname3_3_1_, user0_.months as months4_3_1_, user0_.name as name5_3_1_, user0_.idd as idd8_3_1_, user0_.password as password6_3_1_, user0_.roles as roles7_3_1_, generalseq1_.number as number1_1_0_ from user user0_ left outer join id generalseq1_ on user0_.idd=generalseq1_.number where user0_.idd=?

********api/admin/user/role***********


IvanIvanov@acme.com
NEW_ROLE
GRANT
Hibernate: select user0_.email as email1_3_0_, user0_.id as id2_3_0_, user0_.lastname as lastname3_3_0_, user0_.months as months4_3_0_, user0_.name as name5_3_0_, user0_.idd as idd8_3_0_, user0_.password as password6_3_0_, user0_.roles as roles7_3_0_, generalseq1_.number as number1_1_1_ from user user0_ left outer join id generalseq1_ on user0_.idd=generalseq1_.number where user0_.email=?
?[1;31m
Start test 53?[0m
Hibernate: select user0_.email as email1_3_, user0_.id as id2_3_, user0_.lastname as lastname3_3_, user0_.months as months4_3_, user0_.name as name5_3_, user0_.idd as idd8_3_, user0_.password as password6_3_, user0_.roles as roles7_3_ from user user0_ where user0_.email=?
Hibernate: select generalseq0_.number as number1_1_0_, user1_.email as email1_3_1_, user1_.id as id2_3_1_, user1_.lastname as lastname3_3_1_, user1_.months as months4_3_1_, user1_.name as name5_3_1_, user1_.idd as idd8_3_1_, user1_.password as password6_3_1_, user1_.roles as roles7_3_1_ from id generalseq0_ left outer join user user1_ on generalseq0_.number=user1_.idd where generalseq0_.number=?
Hibernate: select user0_.email as email1_3_1_, user0_.id as id2_3_1_, user0_.lastname as lastname3_3_1_, user0_.months as months4_3_1_, user0_.name as name5_3_1_, user0_.idd as idd8_3_1_, user0_.password as password6_3_1_, user0_.roles as roles7_3_1_, generalseq1_.number as number1_1_0_ from user user0_ left outer join id generalseq1_ on user0_.idd=generalseq1_.number where user0_.idd=?

********api/admin/user/role***********


IvanIvanov@acme.com
ADMINISTRATOR
GRANT
Hibernate: select user0_.email as email1_3_0_, user0_.id as id2_3_0_, user0_.lastname as lastname3_3_0_, user0_.months as months4_3_0_, user0_.name as name5_3_0_, user0_.idd as idd8_3_0_, user0_.password as password6_3_0_, user0_.roles as roles7_3_0_, generalseq1_.number as number1_1_1_ from user user0_ left outer join id generalseq1_ on user0_.idd=generalseq1_.number where user0_.email=?
?[1;31m
Start test 54?[0m
Hibernate: select user0_.email as email1_3_, user0_.id as id2_3_, user0_.lastname as lastname3_3_, user0_.months as months4_3_, user0_.name as name5_3_, user0_.idd as idd8_3_, user0_.password as password6_3_, user0_.roles as roles7_3_ from user user0_ where user0_.email=?
Hibernate: select generalseq0_.number as number1_1_0_, user1_.email as email1_3_1_, user1_.id as id2_3_1_, user1_.lastname as lastname3_3_1_, user1_.months as months4_3_1_, user1_.name as name5_3_1_, user1_.idd as idd8_3_1_, user1_.password as password6_3_1_, user1_.roles as roles7_3_1_ from id generalseq0_ left outer join user user1_ on generalseq0_.number=user1_.idd where generalseq0_.number=?
Hibernate: select user0_.email as email1_3_1_, user0_.id as id2_3_1_, user0_.lastname as lastname3_3_1_, user0_.months as months4_3_1_, user0_.name as name5_3_1_, user0_.idd as idd8_3_1_, user0_.password as password6_3_1_, user0_.roles as roles7_3_1_, generalseq1_.number as number1_1_0_ from user user0_ left outer join id generalseq1_ on user0_.idd=generalseq1_.number where user0_.idd=?

********api/admin/user/role***********


JohnDoe@acme.com
USER
GRANT
Hibernate: select user0_.email as email1_3_0_, user0_.id as id2_3_0_, user0_.lastname as lastname3_3_0_, user0_.months as months4_3_0_, user0_.name as name5_3_0_, user0_.idd as idd8_3_0_, user0_.password as password6_3_0_, user0_.roles as roles7_3_0_, generalseq1_.number as number1_1_1_ from user user0_ left outer join id generalseq1_ on user0_.idd=generalseq1_.number where user0_.email=?
?[1;31m
Start test 55?[0m
Hibernate: select user0_.email as email1_3_, user0_.id as id2_3_, user0_.lastname as lastname3_3_, user0_.months as months4_3_, user0_.name as name5_3_, user0_.idd as idd8_3_, user0_.password as password6_3_, user0_.roles as roles7_3_ from user user0_ where user0_.email=?
Hibernate: select generalseq0_.number as number1_1_0_, user1_.email as email1_3_1_, user1_.id as id2_3_1_, user1_.lastname as lastname3_3_1_, user1_.months as months4_3_1_, user1_.name as name5_3_1_, user1_.idd as idd8_3_1_, user1_.password as password6_3_1_, user1_.roles as roles7_3_1_ from id generalseq0_ left outer join user user1_ on generalseq0_.number=user1_.idd where generalseq0_.number=?
Hibernate: select user0_.email as email1_3_1_, user0_.id as id2_3_1_, user0_.lastname as lastname3_3_1_, user0_.months as months4_3_1_, user0_.name as name5_3_1_, user0_.idd as idd8_3_1_, user0_.password as password6_3_1_, user0_.roles as roles7_3_1_, generalseq1_.number as number1_1_0_ from user user0_ left outer join id generalseq1_ on user0_.idd=generalseq1_.number where user0_.idd=?

********api/admin/user/role***********


JohnDoe@acme.com
ADMINISTRATOR
REMOVE
Hibernate: select user0_.email as email1_3_0_, user0_.id as id2_3_0_, user0_.lastname as lastname3_3_0_, user0_.months as months4_3_0_, user0_.name as name5_3_0_, user0_.idd as idd8_3_0_, user0_.password as password6_3_0_, user0_.roles as roles7_3_0_, generalseq1_.number as number1_1_1_ from user user0_ left outer join id generalseq1_ on user0_.idd=generalseq1_.number where user0_.email=?
?[1;31m
Start test 56?[0m
Hibernate: select user0_.email as email1_3_, user0_.id as id2_3_, user0_.lastname as lastname3_3_, user0_.months as months4_3_, user0_.name as name5_3_, user0_.idd as idd8_3_, user0_.password as password6_3_, user0_.roles as roles7_3_ from user user0_ where user0_.email=?
Hibernate: select generalseq0_.number as number1_1_0_, user1_.email as email1_3_1_, user1_.id as id2_3_1_, user1_.lastname as lastname3_3_1_, user1_.months as months4_3_1_, user1_.name as name5_3_1_, user1_.idd as idd8_3_1_, user1_.password as password6_3_1_, user1_.roles as roles7_3_1_ from id generalseq0_ left outer join user user1_ on generalseq0_.number=user1_.idd where generalseq0_.number=?
Hibernate: select user0_.email as email1_3_1_, user0_.id as id2_3_1_, user0_.lastname as lastname3_3_1_, user0_.months as months4_3_1_, user0_.name as name5_3_1_, user0_.idd as idd8_3_1_, user0_.password as password6_3_1_, user0_.roles as roles7_3_1_, generalseq1_.number as number1_1_0_ from user user0_ left outer join id generalseq1_ on user0_.idd=generalseq1_.number where user0_.idd=?

********api/admin/user/role***********


MaxMustermann@acme.com
USER
REMOVE
Hibernate: select user0_.email as email1_3_0_, user0_.id as id2_3_0_, user0_.lastname as lastname3_3_0_, user0_.months as months4_3_0_, user0_.name as name5_3_0_, user0_.idd as idd8_3_0_, user0_.password as password6_3_0_, user0_.roles as roles7_3_0_, generalseq1_.number as number1_1_1_ from user user0_ left outer join id generalseq1_ on user0_.idd=generalseq1_.number where user0_.email=?
?[1;31m
Start test 57?[0m
Hibernate: select user0_.email as email1_3_, user0_.id as id2_3_, user0_.lastname as lastname3_3_, user0_.months as months4_3_, user0_.name as name5_3_, user0_.idd as idd8_3_, user0_.password as password6_3_, user0_.roles as roles7_3_ from user user0_ where user0_.email=?
Hibernate: select generalseq0_.number as number1_1_0_, user1_.email as email1_3_1_, user1_.id as id2_3_1_, user1_.lastname as lastname3_3_1_, user1_.months as months4_3_1_, user1_.name as name5_3_1_, user1_.idd as idd8_3_1_, user1_.password as password6_3_1_, user1_.roles as roles7_3_1_ from id generalseq0_ left outer join user user1_ on generalseq0_.number=user1_.idd where generalseq0_.number=?
Hibernate: select user0_.email as email1_3_1_, user0_.id as id2_3_1_, user0_.lastname as lastname3_3_1_, user0_.months as months4_3_1_, user0_.name as name5_3_1_, user0_.idd as idd8_3_1_, user0_.password as password6_3_1_, user0_.roles as roles7_3_1_, generalseq1_.number as number1_1_0_ from user user0_ left outer join id generalseq1_ on user0_.idd=generalseq1_.number where user0_.idd=?

********api/admin/user/role***********


MaxMustermann@acme.com
ACCOUNTANT
REMOVE
Hibernate: select user0_.email as email1_3_0_, user0_.id as id2_3_0_, user0_.lastname as lastname3_3_0_, user0_.months as months4_3_0_, user0_.name as name5_3_0_, user0_.idd as idd8_3_0_, user0_.password as password6_3_0_, user0_.roles as roles7_3_0_, generalseq1_.number as number1_1_1_ from user user0_ left outer join id generalseq1_ on user0_.idd=generalseq1_.number where user0_.email=?
?[1;31m
Start test 58?[0m
Hibernate: select user0_.email as email1_3_, user0_.id as id2_3_, user0_.lastname as lastname3_3_, user0_.months as months4_3_, user0_.name as name5_3_, user0_.idd as idd8_3_, user0_.password as password6_3_, user0_.roles as roles7_3_ from user user0_ where user0_.email=?
Hibernate: select generalseq0_.number as number1_1_0_, user1_.email as email1_3_1_, user1_.id as id2_3_1_, user1_.lastname as lastname3_3_1_, user1_.months as months4_3_1_, user1_.name as name5_3_1_, user1_.idd as idd8_3_1_, user1_.password as password6_3_1_, user1_.roles as roles7_3_1_ from id generalseq0_ left outer join user user1_ on generalseq0_.number=user1_.idd where generalseq0_.number=?
Hibernate: select user0_.email as email1_3_1_, user0_.id as id2_3_1_, user0_.lastname as lastname3_3_1_, user0_.months as months4_3_1_, user0_.name as name5_3_1_, user0_.idd as idd8_3_1_, user0_.password as password6_3_1_, user0_.roles as roles7_3_1_, generalseq1_.number as number1_1_0_ from user user0_ left outer join id generalseq1_ on user0_.idd=generalseq1_.number where user0_.idd=?

********api/admin/user/role***********


nautilus@pompilius.com
ACCOUNTANT
REMOVE
Hibernate: select user0_.email as email1_3_0_, user0_.id as id2_3_0_, user0_.lastname as lastname3_3_0_, user0_.months as months4_3_0_, user0_.name as name5_3_0_, user0_.idd as idd8_3_0_, user0_.password as password6_3_0_, user0_.roles as roles7_3_0_, generalseq1_.number as number1_1_1_ from user user0_ left outer join id generalseq1_ on user0_.idd=generalseq1_.number where user0_.email=?
?[1;31m
Start test 59?[0m
Hibernate: select user0_.email as email1_3_, user0_.id as id2_3_, user0_.lastname as lastname3_3_, user0_.months as months4_3_, user0_.name as name5_3_, user0_.idd as idd8_3_, user0_.password as password6_3_, user0_.roles as roles7_3_ from user user0_ where user0_.email=?
Hibernate: select generalseq0_.number as number1_1_0_, user1_.email as email1_3_1_, user1_.id as id2_3_1_, user1_.lastname as lastname3_3_1_, user1_.months as months4_3_1_, user1_.name as name5_3_1_, user1_.idd as idd8_3_1_, user1_.password as password6_3_1_, user1_.roles as roles7_3_1_ from id generalseq0_ left outer join user user1_ on generalseq0_.number=user1_.idd where generalseq0_.number=?
Hibernate: select user0_.email as email1_3_1_, user0_.id as id2_3_1_, user0_.lastname as lastname3_3_1_, user0_.months as months4_3_1_, user0_.name as name5_3_1_, user0_.idd as idd8_3_1_, user0_.password as password6_3_1_, user0_.roles as roles7_3_1_, generalseq1_.number as number1_1_0_ from user user0_ left outer join id generalseq1_ on user0_.idd=generalseq1_.number where user0_.idd=?



INSIDE CUSTOM!!!!



?[1;31m
Start test 60?[0m
Hibernate: select user0_.email as email1_3_, user0_.id as id2_3_, user0_.lastname as lastname3_3_, user0_.months as months4_3_, user0_.name as name5_3_, user0_.idd as idd8_3_, user0_.password as password6_3_, user0_.roles as roles7_3_ from user user0_ where user0_.email=?
Hibernate: select generalseq0_.number as number1_1_0_, user1_.email as email1_3_1_, user1_.id as id2_3_1_, user1_.lastname as lastname3_3_1_, user1_.months as months4_3_1_, user1_.name as name5_3_1_, user1_.idd as idd8_3_1_, user1_.password as password6_3_1_, user1_.roles as roles7_3_1_ from id generalseq0_ left outer join user user1_ on generalseq0_.number=user1_.idd where generalseq0_.number=?
Hibernate: select user0_.email as email1_3_1_, user0_.id as id2_3_1_, user0_.lastname as lastname3_3_1_, user0_.months as months4_3_1_, user0_.name as name5_3_1_, user0_.idd as idd8_3_1_, user0_.password as password6_3_1_, user0_.roles as roles7_3_1_, generalseq1_.number as number1_1_0_ from user user0_ left outer join id generalseq1_ on user0_.idd=generalseq1_.number where user0_.idd=?



INSIDE CUSTOM!!!!



?[1;31m
Start test 61?[0m
Hibernate: select user0_.email as email1_3_, user0_.id as id2_3_, user0_.lastname as lastname3_3_, user0_.months as months4_3_, user0_.name as name5_3_, user0_.idd as idd8_3_, user0_.password as password6_3_, user0_.roles as roles7_3_ from user user0_ where user0_.email=?
Hibernate: select generalseq0_.number as number1_1_0_, user1_.email as email1_3_1_, user1_.id as id2_3_1_, user1_.lastname as lastname3_3_1_, user1_.months as months4_3_1_, user1_.name as name5_3_1_, user1_.idd as idd8_3_1_, user1_.password as password6_3_1_, user1_.roles as roles7_3_1_ from id generalseq0_ left outer join user user1_ on generalseq0_.number=user1_.idd where generalseq0_.number=?
Hibernate: select user0_.email as email1_3_1_, user0_.id as id2_3_1_, user0_.lastname as lastname3_3_1_, user0_.months as months4_3_1_, user0_.name as name5_3_1_, user0_.idd as idd8_3_1_, user0_.password as password6_3_1_, user0_.roles as roles7_3_1_, generalseq1_.number as number1_1_0_ from user user0_ left outer join id generalseq1_ on user0_.idd=generalseq1_.number where user0_.idd=?



INSIDE CUSTOM!!!!



?[1;31m
Start test 62?[0m
Hibernate: select user0_.email as email1_3_, user0_.id as id2_3_, user0_.lastname as lastname3_3_, user0_.months as months4_3_, user0_.name as name5_3_, user0_.idd as idd8_3_, user0_.password as password6_3_, user0_.roles as roles7_3_ from user user0_ where user0_.email=?
Hibernate: select generalseq0_.number as number1_1_0_, user1_.email as email1_3_1_, user1_.id as id2_3_1_, user1_.lastname as lastname3_3_1_, user1_.months as months4_3_1_, user1_.name as name5_3_1_, user1_.idd as idd8_3_1_, user1_.password as password6_3_1_, user1_.roles as roles7_3_1_ from id generalseq0_ left outer join user user1_ on generalseq0_.number=user1_.idd where generalseq0_.number=?
Hibernate: select user0_.email as email1_3_1_, user0_.id as id2_3_1_, user0_.lastname as lastname3_3_1_, user0_.months as months4_3_1_, user0_.name as name5_3_1_, user0_.idd as idd8_3_1_, user0_.password as password6_3_1_, user0_.roles as roles7_3_1_, generalseq1_.number as number1_1_0_ from user user0_ left outer join id generalseq1_ on user0_.idd=generalseq1_.number where user0_.idd=?



INSIDE CUSTOM!!!!



?[1;31m
Start test 63?[0m
Hibernate: select user0_.email as email1_3_, user0_.id as id2_3_, user0_.lastname as lastname3_3_, user0_.months as months4_3_, user0_.name as name5_3_, user0_.idd as idd8_3_, user0_.password as password6_3_, user0_.roles as roles7_3_ from user user0_ where user0_.email=?
Hibernate: select generalseq0_.number as number1_1_0_, user1_.email as email1_3_1_, user1_.id as id2_3_1_, user1_.lastname as lastname3_3_1_, user1_.months as months4_3_1_, user1_.name as name5_3_1_, user1_.idd as idd8_3_1_, user1_.password as password6_3_1_, user1_.roles as roles7_3_1_ from id generalseq0_ left outer join user user1_ on generalseq0_.number=user1_.idd where generalseq0_.number=?
Hibernate: select user0_.email as email1_3_1_, user0_.id as id2_3_1_, user0_.lastname as lastname3_3_1_, user0_.months as months4_3_1_, user0_.name as name5_3_1_, user0_.idd as idd8_3_1_, user0_.password as password6_3_1_, user0_.roles as roles7_3_1_, generalseq1_.number as number1_1_0_ from user user0_ left outer join id generalseq1_ on user0_.idd=generalseq1_.number where user0_.idd=?



INSIDE CUSTOM!!!!



?[1;31m
Start test 64?[0m
Hibernate: select user0_.email as email1_3_, user0_.id as id2_3_, user0_.lastname as lastname3_3_, user0_.months as months4_3_, user0_.name as name5_3_, user0_.idd as idd8_3_, user0_.password as password6_3_, user0_.roles as roles7_3_ from user user0_ where user0_.email=?
Hibernate: select generalseq0_.number as number1_1_0_, user1_.email as email1_3_1_, user1_.id as id2_3_1_, user1_.lastname as lastname3_3_1_, user1_.months as months4_3_1_, user1_.name as name5_3_1_, user1_.idd as idd8_3_1_, user1_.password as password6_3_1_, user1_.roles as roles7_3_1_ from id generalseq0_ left outer join user user1_ on generalseq0_.number=user1_.idd where generalseq0_.number=?
Hibernate: select user0_.email as email1_3_1_, user0_.id as id2_3_1_, user0_.lastname as lastname3_3_1_, user0_.months as months4_3_1_, user0_.name as name5_3_1_, user0_.idd as idd8_3_1_, user0_.password as password6_3_1_, user0_.roles as roles7_3_1_, generalseq1_.number as number1_1_0_ from user user0_ left outer join id generalseq1_ on user0_.idd=generalseq1_.number where user0_.idd=?



INSIDE CUSTOM!!!!



?[1;31m
Start test 65?[0m
Hibernate: select user0_.email as email1_3_, user0_.id as id2_3_, user0_.lastname as lastname3_3_, user0_.months as months4_3_, user0_.name as name5_3_, user0_.idd as idd8_3_, user0_.password as password6_3_, user0_.roles as roles7_3_ from user user0_ where user0_.email=?
Hibernate: select generalseq0_.number as number1_1_0_, user1_.email as email1_3_1_, user1_.id as id2_3_1_, user1_.lastname as lastname3_3_1_, user1_.months as months4_3_1_, user1_.name as name5_3_1_, user1_.idd as idd8_3_1_, user1_.password as password6_3_1_, user1_.roles as roles7_3_1_ from id generalseq0_ left outer join user user1_ on generalseq0_.number=user1_.idd where generalseq0_.number=?
Hibernate: select user0_.email as email1_3_1_, user0_.id as id2_3_1_, user0_.lastname as lastname3_3_1_, user0_.months as months4_3_1_, user0_.name as name5_3_1_, user0_.idd as idd8_3_1_, user0_.password as password6_3_1_, user0_.roles as roles7_3_1_, generalseq1_.number as number1_1_0_ from user user0_ left outer join id generalseq1_ on user0_.idd=generalseq1_.number where user0_.idd=?


********INSIDE POST api/acct/payments*******


Hibernate: select user0_.email as email1_3_0_, user0_.id as id2_3_0_, user0_.lastname as lastname3_3_0_, user0_.months as months4_3_0_, user0_.name as name5_3_0_, user0_.idd as idd8_3_0_, user0_.password as password6_3_0_, user0_.roles as roles7_3_0_, generalseq1_.number as number1_1_1_ from user user0_ left outer join id generalseq1_ on user0_.idd=generalseq1_.number where user0_.email=?
Hibernate: call next value for hibernate_sequence
Hibernate: insert into pay_slip (date, lastname, name, period, salary, user_email, id) values (?, ?, ?, ?, ?, ?, ?)
Hibernate: update user set id=?, lastname=?, months=?, name=?, idd=?, password=?, roles=? where email=?
Hibernate: call next value for hibernate_sequence
Hibernate: insert into pay_slip (date, lastname, name, period, salary, user_email, id) values (?, ?, ?, ?, ?, ?, ?)
Hibernate: update user set id=?, lastname=?, months=?, name=?, idd=?, password=?, roles=? where email=?
Hibernate: call next value for hibernate_sequence
Hibernate: insert into pay_slip (date, lastname, name, period, salary, user_email, id) values (?, ?, ?, ?, ?, ?, ?)
Hibernate: update user set id=?, lastname=?, months=?, name=?, idd=?, password=?, roles=? where email=?
Hibernate: select user0_.email as email1_3_0_, user0_.id as id2_3_0_, user0_.lastname as lastname3_3_0_, user0_.months as months4_3_0_, user0_.name as name5_3_0_, user0_.idd as idd8_3_0_, user0_.password as password6_3_0_, user0_.roles as roles7_3_0_, generalseq1_.number as number1_1_1_ from user user0_ left outer join id generalseq1_ on user0_.idd=generalseq1_.number where user0_.email=?
Hibernate: call next value for hibernate_sequence
Hibernate: insert into pay_slip (date, lastname, name, period, salary, user_email, id) values (?, ?, ?, ?, ?, ?, ?)
Hibernate: update user set id=?, lastname=?, months=?, name=?, idd=?, password=?, roles=? where email=?
Hibernate: call next value for hibernate_sequence
Hibernate: insert into pay_slip (date, lastname, name, period, salary, user_email, id) values (?, ?, ?, ?, ?, ?, ?)
Hibernate: update user set id=?, lastname=?, months=?, name=?, idd=?, password=?, roles=? where email=?
Hibernate: call next value for hibernate_sequence
Hibernate: insert into pay_slip (date, lastname, name, period, salary, user_email, id) values (?, ?, ?, ?, ?, ?, ?)
Hibernate: update user set id=?, lastname=?, months=?, name=?, idd=?, password=?, roles=? where email=?
?[1;31m
Start test 66?[0m
Hibernate: select user0_.email as email1_3_, user0_.id as id2_3_, user0_.lastname as lastname3_3_, user0_.months as months4_3_, user0_.name as name5_3_, user0_.idd as idd8_3_, user0_.password as password6_3_, user0_.roles as roles7_3_ from user user0_ where user0_.email=?
Hibernate: select generalseq0_.number as number1_1_0_, user1_.email as email1_3_1_, user1_.id as id2_3_1_, user1_.lastname as lastname3_3_1_, user1_.months as months4_3_1_, user1_.name as name5_3_1_, user1_.idd as idd8_3_1_, user1_.password as password6_3_1_, user1_.roles as roles7_3_1_ from id generalseq0_ left outer join user user1_ on generalseq0_.number=user1_.idd where generalseq0_.number=?
Hibernate: select user0_.email as email1_3_1_, user0_.id as id2_3_1_, user0_.lastname as lastname3_3_1_, user0_.months as months4_3_1_, user0_.name as name5_3_1_, user0_.idd as idd8_3_1_, user0_.password as password6_3_1_, user0_.roles as roles7_3_1_, generalseq1_.number as number1_1_0_ from user user0_ left outer join id generalseq1_ on user0_.idd=generalseq1_.number where user0_.idd=?


******PAYMENT********
maxmustermann@acme.com
Hibernate: select user0_.email as email1_3_0_, user0_.id as id2_3_0_, user0_.lastname as lastname3_3_0_, user0_.months as months4_3_0_, user0_.name as name5_3_0_, user0_.idd as idd8_3_0_, user0_.password as password6_3_0_, user0_.roles as roles7_3_0_, generalseq1_.number as number1_1_1_ from user user0_ left outer join id generalseq1_ on user0_.idd=generalseq1_.number where user0_.email=?
Hibernate: select payslips0_.user_email as user_ema7_2_0_, payslips0_.id as id1_2_0_, payslips0_.id as id1_2_1_, payslips0_.date as date2_2_1_, payslips0_.lastname as lastname3_2_1_, payslips0_.name as name4_2_1_, payslips0_.period as period5_2_1_, payslips0_.salary as salary6_2_1_, payslips0_.user_email as user_ema7_2_1_ from pay_slip payslips0_ where payslips0_.user_email=?
?[1;31m
Start test 67?[0m
Hibernate: select user0_.email as email1_3_, user0_.id as id2_3_, user0_.lastname as lastname3_3_, user0_.months as months4_3_, user0_.name as name5_3_, user0_.idd as idd8_3_, user0_.password as password6_3_, user0_.roles as roles7_3_ from user user0_ where user0_.email=?
Hibernate: select generalseq0_.number as number1_1_0_, user1_.email as email1_3_1_, user1_.id as id2_3_1_, user1_.lastname as lastname3_3_1_, user1_.months as months4_3_1_, user1_.name as name5_3_1_, user1_.idd as idd8_3_1_, user1_.password as password6_3_1_, user1_.roles as roles7_3_1_ from id generalseq0_ left outer join user user1_ on generalseq0_.number=user1_.idd where generalseq0_.number=?
Hibernate: select user0_.email as email1_3_1_, user0_.id as id2_3_1_, user0_.lastname as lastname3_3_1_, user0_.months as months4_3_1_, user0_.name as name5_3_1_, user0_.idd as idd8_3_1_, user0_.password as password6_3_1_, user0_.roles as roles7_3_1_, generalseq1_.number as number1_1_0_ from user user0_ left outer join id generalseq1_ on user0_.idd=generalseq1_.number where user0_.idd=?


******PAYMENT********
ivanivanov@acme.com
Hibernate: select user0_.email as email1_3_0_, user0_.id as id2_3_0_, user0_.lastname as lastname3_3_0_, user0_.months as months4_3_0_, user0_.name as name5_3_0_, user0_.idd as idd8_3_0_, user0_.password as password6_3_0_, user0_.roles as roles7_3_0_, generalseq1_.number as number1_1_1_ from user user0_ left outer join id generalseq1_ on user0_.idd=generalseq1_.number where user0_.email=?
Hibernate: select payslips0_.user_email as user_ema7_2_0_, payslips0_.id as id1_2_0_, payslips0_.id as id1_2_1_, payslips0_.date as date2_2_1_, payslips0_.lastname as lastname3_2_1_, payslips0_.name as name4_2_1_, payslips0_.period as period5_2_1_, payslips0_.salary as salary6_2_1_, payslips0_.user_email as user_ema7_2_1_ from pay_slip payslips0_ where payslips0_.user_email=?
?[1;31m
Start test 68?[0m
Hibernate: select user0_.email as email1_3_, user0_.id as id2_3_, user0_.lastname as lastname3_3_, user0_.months as months4_3_, user0_.name as name5_3_, user0_.idd as idd8_3_, user0_.password as password6_3_, user0_.roles as roles7_3_ from user user0_ where user0_.email=?
Hibernate: select generalseq0_.number as number1_1_0_, user1_.email as email1_3_1_, user1_.id as id2_3_1_, user1_.lastname as lastname3_3_1_, user1_.months as months4_3_1_, user1_.name as name5_3_1_, user1_.idd as idd8_3_1_, user1_.password as password6_3_1_, user1_.roles as roles7_3_1_ from id generalseq0_ left outer join user user1_ on generalseq0_.number=user1_.idd where generalseq0_.number=?
Hibernate: select user0_.email as email1_3_1_, user0_.id as id2_3_1_, user0_.lastname as lastname3_3_1_, user0_.months as months4_3_1_, user0_.name as name5_3_1_, user0_.idd as idd8_3_1_, user0_.password as password6_3_1_, user0_.roles as roles7_3_1_, generalseq1_.number as number1_1_0_ from user user0_ left outer join id generalseq1_ on user0_.idd=generalseq1_.number where user0_.idd=?


********INSIDE POST api/acct/payments*******


?[1;31m
Start test 69?[0m
Hibernate: select user0_.email as email1_3_, user0_.id as id2_3_, user0_.lastname as lastname3_3_, user0_.months as months4_3_, user0_.name as name5_3_, user0_.idd as idd8_3_, user0_.password as password6_3_, user0_.roles as roles7_3_ from user user0_ where user0_.email=?
Hibernate: select generalseq0_.number as number1_1_0_, user1_.email as email1_3_1_, user1_.id as id2_3_1_, user1_.lastname as lastname3_3_1_, user1_.months as months4_3_1_, user1_.name as name5_3_1_, user1_.idd as idd8_3_1_, user1_.password as password6_3_1_, user1_.roles as roles7_3_1_ from id generalseq0_ left outer join user user1_ on generalseq0_.number=user1_.idd where generalseq0_.number=?
Hibernate: select user0_.email as email1_3_1_, user0_.id as id2_3_1_, user0_.lastname as lastname3_3_1_, user0_.months as months4_3_1_, user0_.name as name5_3_1_, user0_.idd as idd8_3_1_, user0_.password as password6_3_1_, user0_.roles as roles7_3_1_, generalseq1_.number as number1_1_0_ from user user0_ left outer join id generalseq1_ on user0_.idd=generalseq1_.number where user0_.idd=?


******PAYMENT********
maxmustermann@acme.com
Hibernate: select user0_.email as email1_3_0_, user0_.id as id2_3_0_, user0_.lastname as lastname3_3_0_, user0_.months as months4_3_0_, user0_.name as name5_3_0_, user0_.idd as idd8_3_0_, user0_.password as password6_3_0_, user0_.roles as roles7_3_0_, generalseq1_.number as number1_1_1_ from user user0_ left outer join id generalseq1_ on user0_.idd=generalseq1_.number where user0_.email=?
Hibernate: select payslips0_.user_email as user_ema7_2_0_, payslips0_.id as id1_2_0_, payslips0_.id as id1_2_1_, payslips0_.date as date2_2_1_, payslips0_.lastname as lastname3_2_1_, payslips0_.name as name4_2_1_, payslips0_.period as period5_2_1_, payslips0_.salary as salary6_2_1_, payslips0_.user_email as user_ema7_2_1_ from pay_slip payslips0_ where payslips0_.user_email=?
?[1;31m
Start test 70?[0m
Hibernate: select user0_.email as email1_3_, user0_.id as id2_3_, user0_.lastname as lastname3_3_, user0_.months as months4_3_, user0_.name as name5_3_, user0_.idd as idd8_3_, user0_.password as password6_3_, user0_.roles as roles7_3_ from user user0_ where user0_.email=?
Hibernate: select generalseq0_.number as number1_1_0_, user1_.email as email1_3_1_, user1_.id as id2_3_1_, user1_.lastname as lastname3_3_1_, user1_.months as months4_3_1_, user1_.name as name5_3_1_, user1_.idd as idd8_3_1_, user1_.password as password6_3_1_, user1_.roles as roles7_3_1_ from id generalseq0_ left outer join user user1_ on generalseq0_.number=user1_.idd where generalseq0_.number=?
Hibernate: select user0_.email as email1_3_1_, user0_.id as id2_3_1_, user0_.lastname as lastname3_3_1_, user0_.months as months4_3_1_, user0_.name as name5_3_1_, user0_.idd as idd8_3_1_, user0_.password as password6_3_1_, user0_.roles as roles7_3_1_, generalseq1_.number as number1_1_0_ from user user0_ left outer join id generalseq1_ on user0_.idd=generalseq1_.number where user0_.idd=?


********INSIDE POST api/acct/payments*******


?[1;31m
Start test 71?[0m
Hibernate: select user0_.email as email1_3_, user0_.id as id2_3_, user0_.lastname as lastname3_3_, user0_.months as months4_3_, user0_.name as name5_3_, user0_.idd as idd8_3_, user0_.password as password6_3_, user0_.roles as roles7_3_ from user user0_ where user0_.email=?
Hibernate: select generalseq0_.number as number1_1_0_, user1_.email as email1_3_1_, user1_.id as id2_3_1_, user1_.lastname as lastname3_3_1_, user1_.months as months4_3_1_, user1_.name as name5_3_1_, user1_.idd as idd8_3_1_, user1_.password as password6_3_1_, user1_.roles as roles7_3_1_ from id generalseq0_ left outer join user user1_ on generalseq0_.number=user1_.idd where generalseq0_.number=?
Hibernate: select user0_.email as email1_3_1_, user0_.id as id2_3_1_, user0_.lastname as lastname3_3_1_, user0_.months as months4_3_1_, user0_.name as name5_3_1_, user0_.idd as idd8_3_1_, user0_.password as password6_3_1_, user0_.roles as roles7_3_1_, generalseq1_.number as number1_1_0_ from user user0_ left outer join id generalseq1_ on user0_.idd=generalseq1_.number where user0_.idd=?


******PAYMENT********
maxmustermann@acme.com
Hibernate: select user0_.email as email1_3_0_, user0_.id as id2_3_0_, user0_.lastname as lastname3_3_0_, user0_.months as months4_3_0_, user0_.name as name5_3_0_, user0_.idd as idd8_3_0_, user0_.password as password6_3_0_, user0_.roles as roles7_3_0_, generalseq1_.number as number1_1_1_ from user user0_ left outer join id generalseq1_ on user0_.idd=generalseq1_.number where user0_.email=?
Hibernate: select payslips0_.user_email as user_ema7_2_0_, payslips0_.id as id1_2_0_, payslips0_.id as id1_2_1_, payslips0_.date as date2_2_1_, payslips0_.lastname as lastname3_2_1_, payslips0_.name as name4_2_1_, payslips0_.period as period5_2_1_, payslips0_.salary as salary6_2_1_, payslips0_.user_email as user_ema7_2_1_ from pay_slip payslips0_ where payslips0_.user_email=?
?[1;31m
Start test 72?[0m
Hibernate: select user0_.email as email1_3_, user0_.id as id2_3_, user0_.lastname as lastname3_3_, user0_.months as months4_3_, user0_.name as name5_3_, user0_.idd as idd8_3_, user0_.password as password6_3_, user0_.roles as roles7_3_ from user user0_ where user0_.email=?
Hibernate: select generalseq0_.number as number1_1_0_, user1_.email as email1_3_1_, user1_.id as id2_3_1_, user1_.lastname as lastname3_3_1_, user1_.months as months4_3_1_, user1_.name as name5_3_1_, user1_.idd as idd8_3_1_, user1_.password as password6_3_1_, user1_.roles as roles7_3_1_ from id generalseq0_ left outer join user user1_ on generalseq0_.number=user1_.idd where generalseq0_.number=?
Hibernate: select user0_.email as email1_3_1_, user0_.id as id2_3_1_, user0_.lastname as lastname3_3_1_, user0_.months as months4_3_1_, user0_.name as name5_3_1_, user0_.idd as idd8_3_1_, user0_.password as password6_3_1_, user0_.roles as roles7_3_1_, generalseq1_.number as number1_1_0_ from user user0_ left outer join id generalseq1_ on user0_.idd=generalseq1_.number where user0_.idd=?


********INSIDE POST api/acct/payments*******


Hibernate: select user0_.email as email1_3_0_, user0_.id as id2_3_0_, user0_.lastname as lastname3_3_0_, user0_.months as months4_3_0_, user0_.name as name5_3_0_, user0_.idd as idd8_3_0_, user0_.password as password6_3_0_, user0_.roles as roles7_3_0_, generalseq1_.number as number1_1_1_ from user user0_ left outer join id generalseq1_ on user0_.idd=generalseq1_.number where user0_.email=?
?[1;31m
Start test 73?[0m
Hibernate: select user0_.email as email1_3_, user0_.id as id2_3_, user0_.lastname as lastname3_3_, user0_.months as months4_3_, user0_.name as name5_3_, user0_.idd as idd8_3_, user0_.password as password6_3_, user0_.roles as roles7_3_ from user user0_ where user0_.email=?
Hibernate: select generalseq0_.number as number1_1_0_, user1_.email as email1_3_1_, user1_.id as id2_3_1_, user1_.lastname as lastname3_3_1_, user1_.months as months4_3_1_, user1_.name as name5_3_1_, user1_.idd as idd8_3_1_, user1_.password as password6_3_1_, user1_.roles as roles7_3_1_ from id generalseq0_ left outer join user user1_ on generalseq0_.number=user1_.idd where generalseq0_.number=?
Hibernate: select user0_.email as email1_3_1_, user0_.id as id2_3_1_, user0_.lastname as lastname3_3_1_, user0_.months as months4_3_1_, user0_.name as name5_3_1_, user0_.idd as idd8_3_1_, user0_.password as password6_3_1_, user0_.roles as roles7_3_1_, generalseq1_.number as number1_1_0_ from user user0_ left outer join id generalseq1_ on user0_.idd=generalseq1_.number where user0_.idd=?


******PAYMENT********
maxmustermann@acme.com
Hibernate: select user0_.email as email1_3_0_, user0_.id as id2_3_0_, user0_.lastname as lastname3_3_0_, user0_.months as months4_3_0_, user0_.name as name5_3_0_, user0_.idd as idd8_3_0_, user0_.password as password6_3_0_, user0_.roles as roles7_3_0_, generalseq1_.number as number1_1_1_ from user user0_ left outer join id generalseq1_ on user0_.idd=generalseq1_.number where user0_.email=?
Hibernate: select payslips0_.user_email as user_ema7_2_0_, payslips0_.id as id1_2_0_, payslips0_.id as id1_2_1_, payslips0_.date as date2_2_1_, payslips0_.lastname as lastname3_2_1_, payslips0_.name as name4_2_1_, payslips0_.period as period5_2_1_, payslips0_.salary as salary6_2_1_, payslips0_.user_email as user_ema7_2_1_ from pay_slip payslips0_ where payslips0_.user_email=?
?[1;31m
Start test 74?[0m
Hibernate: select user0_.email as email1_3_, user0_.id as id2_3_, user0_.lastname as lastname3_3_, user0_.months as months4_3_, user0_.name as name5_3_, user0_.idd as idd8_3_, user0_.password as password6_3_, user0_.roles as roles7_3_ from user user0_ where user0_.email=?
Hibernate: select generalseq0_.number as number1_1_0_, user1_.email as email1_3_1_, user1_.id as id2_3_1_, user1_.lastname as lastname3_3_1_, user1_.months as months4_3_1_, user1_.name as name5_3_1_, user1_.idd as idd8_3_1_, user1_.password as password6_3_1_, user1_.roles as roles7_3_1_ from id generalseq0_ left outer join user user1_ on generalseq0_.number=user1_.idd where generalseq0_.number=?
Hibernate: select user0_.email as email1_3_1_, user0_.id as id2_3_1_, user0_.lastname as lastname3_3_1_, user0_.months as months4_3_1_, user0_.name as name5_3_1_, user0_.idd as idd8_3_1_, user0_.password as password6_3_1_, user0_.roles as roles7_3_1_, generalseq1_.number as number1_1_0_ from user user0_ left outer join id generalseq1_ on user0_.idd=generalseq1_.number where user0_.idd=?


****INSIDE PUT api/acct/payments******


Hibernate: select user0_.email as email1_3_0_, user0_.id as id2_3_0_, user0_.lastname as lastname3_3_0_, user0_.months as months4_3_0_, user0_.name as name5_3_0_, user0_.idd as idd8_3_0_, user0_.password as password6_3_0_, user0_.roles as roles7_3_0_, generalseq1_.number as number1_1_1_ from user user0_ left outer join id generalseq1_ on user0_.idd=generalseq1_.number where user0_.email=?
?[1;31m
Start test 75?[0m
Hibernate: select user0_.email as email1_3_, user0_.id as id2_3_, user0_.lastname as lastname3_3_, user0_.months as months4_3_, user0_.name as name5_3_, user0_.idd as idd8_3_, user0_.password as password6_3_, user0_.roles as roles7_3_ from user user0_ where user0_.email=?
Hibernate: select generalseq0_.number as number1_1_0_, user1_.email as email1_3_1_, user1_.id as id2_3_1_, user1_.lastname as lastname3_3_1_, user1_.months as months4_3_1_, user1_.name as name5_3_1_, user1_.idd as idd8_3_1_, user1_.password as password6_3_1_, user1_.roles as roles7_3_1_ from id generalseq0_ left outer join user user1_ on generalseq0_.number=user1_.idd where generalseq0_.number=?
Hibernate: select user0_.email as email1_3_1_, user0_.id as id2_3_1_, user0_.lastname as lastname3_3_1_, user0_.months as months4_3_1_, user0_.name as name5_3_1_, user0_.idd as idd8_3_1_, user0_.password as password6_3_1_, user0_.roles as roles7_3_1_, generalseq1_.number as number1_1_0_ from user user0_ left outer join id generalseq1_ on user0_.idd=generalseq1_.number where user0_.idd=?


****INSIDE PUT api/acct/payments******


Hibernate: select user0_.email as email1_3_0_, user0_.id as id2_3_0_, user0_.lastname as lastname3_3_0_, user0_.months as months4_3_0_, user0_.name as name5_3_0_, user0_.idd as idd8_3_0_, user0_.password as password6_3_0_, user0_.roles as roles7_3_0_, generalseq1_.number as number1_1_1_ from user user0_ left outer join id generalseq1_ on user0_.idd=generalseq1_.number where user0_.email=?
?[1;31m
Start test 76?[0m
Hibernate: select user0_.email as email1_3_, user0_.id as id2_3_, user0_.lastname as lastname3_3_, user0_.months as months4_3_, user0_.name as name5_3_, user0_.idd as idd8_3_, user0_.password as password6_3_, user0_.roles as roles7_3_ from user user0_ where user0_.email=?
Hibernate: select generalseq0_.number as number1_1_0_, user1_.email as email1_3_1_, user1_.id as id2_3_1_, user1_.lastname as lastname3_3_1_, user1_.months as months4_3_1_, user1_.name as name5_3_1_, user1_.idd as idd8_3_1_, user1_.password as password6_3_1_, user1_.roles as roles7_3_1_ from id generalseq0_ left outer join user user1_ on generalseq0_.number=user1_.idd where generalseq0_.number=?
Hibernate: select user0_.email as email1_3_1_, user0_.id as id2_3_1_, user0_.lastname as lastname3_3_1_, user0_.months as months4_3_1_, user0_.name as name5_3_1_, user0_.idd as idd8_3_1_, user0_.password as password6_3_1_, user0_.roles as roles7_3_1_, generalseq1_.number as number1_1_0_ from user user0_ left outer join id generalseq1_ on user0_.idd=generalseq1_.number where user0_.idd=?


****INSIDE PUT api/acct/payments******


Hibernate: select user0_.email as email1_3_0_, user0_.id as id2_3_0_, user0_.lastname as lastname3_3_0_, user0_.months as months4_3_0_, user0_.name as name5_3_0_, user0_.idd as idd8_3_0_, user0_.password as password6_3_0_, user0_.roles as roles7_3_0_, generalseq1_.number as number1_1_1_ from user user0_ left outer join id generalseq1_ on user0_.idd=generalseq1_.number where user0_.email=?
Hibernate: select payslips0_.user_email as user_ema7_2_0_, payslips0_.id as id1_2_0_, payslips0_.id as id1_2_1_, payslips0_.date as date2_2_1_, payslips0_.lastname as lastname3_2_1_, payslips0_.name as name4_2_1_, payslips0_.period as period5_2_1_, payslips0_.salary as salary6_2_1_, payslips0_.user_email as user_ema7_2_1_ from pay_slip payslips0_ where payslips0_.user_email=?
Hibernate: update pay_slip set date=?, lastname=?, name=?, period=?, salary=?, user_email=? where id=?
?[1;31m
Start test 77?[0m
Hibernate: select user0_.email as email1_3_, user0_.id as id2_3_, user0_.lastname as lastname3_3_, user0_.months as months4_3_, user0_.name as name5_3_, user0_.idd as idd8_3_, user0_.password as password6_3_, user0_.roles as roles7_3_ from user user0_ where user0_.email=?
Hibernate: select generalseq0_.number as number1_1_0_, user1_.email as email1_3_1_, user1_.id as id2_3_1_, user1_.lastname as lastname3_3_1_, user1_.months as months4_3_1_, user1_.name as name5_3_1_, user1_.idd as idd8_3_1_, user1_.password as password6_3_1_, user1_.roles as roles7_3_1_ from id generalseq0_ left outer join user user1_ on generalseq0_.number=user1_.idd where generalseq0_.number=?
Hibernate: select user0_.email as email1_3_1_, user0_.id as id2_3_1_, user0_.lastname as lastname3_3_1_, user0_.months as months4_3_1_, user0_.name as name5_3_1_, user0_.idd as idd8_3_1_, user0_.password as password6_3_1_, user0_.roles as roles7_3_1_, generalseq1_.number as number1_1_0_ from user user0_ left outer join id generalseq1_ on user0_.idd=generalseq1_.number where user0_.idd=?


******PAYMENT********
maxmustermann@acme.com
Hibernate: select user0_.email as email1_3_0_, user0_.id as id2_3_0_, user0_.lastname as lastname3_3_0_, user0_.months as months4_3_0_, user0_.name as name5_3_0_, user0_.idd as idd8_3_0_, user0_.password as password6_3_0_, user0_.roles as roles7_3_0_, generalseq1_.number as number1_1_1_ from user user0_ left outer join id generalseq1_ on user0_.idd=generalseq1_.number where user0_.email=?
Hibernate: select payslips0_.user_email as user_ema7_2_0_, payslips0_.id as id1_2_0_, payslips0_.id as id1_2_1_, payslips0_.date as date2_2_1_, payslips0_.lastname as lastname3_2_1_, payslips0_.name as name4_2_1_, payslips0_.period as period5_2_1_, payslips0_.salary as salary6_2_1_, payslips0_.user_email as user_ema7_2_1_ from pay_slip payslips0_ where payslips0_.user_email=?
?[1;31m
Start test 78?[0m
Hibernate: select user0_.email as email1_3_, user0_.id as id2_3_, user0_.lastname as lastname3_3_, user0_.months as months4_3_, user0_.name as name5_3_, user0_.idd as idd8_3_, user0_.password as password6_3_, user0_.roles as roles7_3_ from user user0_ where user0_.email=?
Hibernate: select generalseq0_.number as number1_1_0_, user1_.email as email1_3_1_, user1_.id as id2_3_1_, user1_.lastname as lastname3_3_1_, user1_.months as months4_3_1_, user1_.name as name5_3_1_, user1_.idd as idd8_3_1_, user1_.password as password6_3_1_, user1_.roles as roles7_3_1_ from id generalseq0_ left outer join user user1_ on generalseq0_.number=user1_.idd where generalseq0_.number=?
Hibernate: select user0_.email as email1_3_1_, user0_.id as id2_3_1_, user0_.lastname as lastname3_3_1_, user0_.months as months4_3_1_, user0_.name as name5_3_1_, user0_.idd as idd8_3_1_, user0_.password as password6_3_1_, user0_.roles as roles7_3_1_, generalseq1_.number as number1_1_0_ from user user0_ left outer join id generalseq1_ on user0_.idd=generalseq1_.number where user0_.idd=?


******PAYMENT********
maxmustermann@acme.com
Hibernate: select user0_.email as email1_3_0_, user0_.id as id2_3_0_, user0_.lastname as lastname3_3_0_, user0_.months as months4_3_0_, user0_.name as name5_3_0_, user0_.idd as idd8_3_0_, user0_.password as password6_3_0_, user0_.roles as roles7_3_0_, generalseq1_.number as number1_1_1_ from user user0_ left outer join id generalseq1_ on user0_.idd=generalseq1_.number where user0_.email=?
Hibernate: select payslips0_.user_email as user_ema7_2_0_, payslips0_.id as id1_2_0_, payslips0_.id as id1_2_1_, payslips0_.date as date2_2_1_, payslips0_.lastname as lastname3_2_1_, payslips0_.name as name4_2_1_, payslips0_.period as period5_2_1_, payslips0_.salary as salary6_2_1_, payslips0_.user_email as user_ema7_2_1_ from pay_slip payslips0_ where payslips0_.user_email=?
]]></system-out>
  <system-err><![CDATA[]]></system-err>
</testsuite>
