<?xml version="1.0" encoding="UTF-8"?>
<testsuite name="AccountServiceTest" tests="1" skipped="0" failures="0" errors="0" timestamp="2022-08-15T17:57:03" hostname="LAPTOP-VBFHQFG2" time="36.518">
  <properties/>
  <testcase name="start" classname="AccountServiceTest" time="36.518"/>
  <system-out><![CDATA[?[1;31m
Start test 1?[0m

  .   ____          _            __ _ _
 /\\ / ___'_ __ _ _(_)_ __  __ _ \ \ \ \
( ( )\___ | '_ | '_| | '_ \/ _` | \ \ \ \
 \\/  ___)| |_)| | | | | || (_| |  ) ) ) )
  '  |____| .__|_| |_|_| |_\__, | / / / /
 =========|_|==============|___/=/_/_/_/
 :: Spring Boot ::        (v2.3.1.RELEASE)

2022-08-15 20:57:03.928  INFO 21060 --- [    Test worker] account.AccountServiceApplication        : Starting AccountServiceApplication on LAPTOP-VBFHQFG2 with PID 21060 (started by Ansis in C:\Users\Ansis\Desktop\maven\Account Service\Account Service\task)
2022-08-15 20:57:03.932  INFO 21060 --- [    Test worker] account.AccountServiceApplication        : No active profile set, falling back to default profiles: default
2022-08-15 20:57:04.996  INFO 21060 --- [    Test worker] .s.d.r.c.RepositoryConfigurationDelegate : Bootstrapping Spring Data JPA repositories in DEFERRED mode.
2022-08-15 20:57:05.098  INFO 21060 --- [    Test worker] .s.d.r.c.RepositoryConfigurationDelegate : Finished Spring Data repository scanning in 91ms. Found 3 JPA repository interfaces.
2022-08-15 20:57:05.697  INFO 21060 --- [    Test worker] o.s.b.w.embedded.tomcat.TomcatWebServer  : Tomcat initialized with port(s): 28852 (http)
2022-08-15 20:57:05.709  INFO 21060 --- [    Test worker] o.apache.catalina.core.StandardService   : Starting service [Tomcat]
2022-08-15 20:57:05.709  INFO 21060 --- [    Test worker] org.apache.catalina.core.StandardEngine  : Starting Servlet engine: [Apache Tomcat/9.0.36]
2022-08-15 20:57:05.812  INFO 21060 --- [    Test worker] o.a.c.c.C.[Tomcat].[localhost].[/]       : Initializing Spring embedded WebApplicationContext
2022-08-15 20:57:05.812  INFO 21060 --- [    Test worker] w.s.c.ServletWebServerApplicationContext : Root WebApplicationContext: initialization completed in 1820 ms
2022-08-15 20:57:05.932  INFO 21060 --- [    Test worker] com.zaxxer.hikari.HikariDataSource       : HikariPool-1 - Starting...
2022-08-15 20:57:06.108  INFO 21060 --- [    Test worker] com.zaxxer.hikari.HikariDataSource       : HikariPool-1 - Start completed.
2022-08-15 20:57:06.115  INFO 21060 --- [    Test worker] o.s.b.a.h2.H2ConsoleAutoConfiguration    : H2 console available at '/h2-console'. Database available at 'jdbc:h2:file:../service_db'
2022-08-15 20:57:06.254  INFO 21060 --- [    Test worker] o.s.s.concurrent.ThreadPoolTaskExecutor  : Initializing ExecutorService 'applicationTaskExecutor'
2022-08-15 20:57:06.305  INFO 21060 --- [         task-1] o.hibernate.jpa.internal.util.LogHelper  : HHH000204: Processing PersistenceUnitInfo [name: default]
2022-08-15 20:57:06.348  WARN 21060 --- [    Test worker] JpaBaseConfiguration$JpaWebConfiguration : spring.jpa.open-in-view is enabled by default. Therefore, database queries may be performed during view rendering. Explicitly configure spring.jpa.open-in-view to disable this warning
2022-08-15 20:57:06.367  INFO 21060 --- [         task-1] org.hibernate.Version                    : HHH000412: Hibernate ORM core version 5.4.17.Final
2022-08-15 20:57:06.527  INFO 21060 --- [         task-1] o.hibernate.annotations.common.Version   : HCANN000001: Hibernate Commons Annotations {5.1.0.Final}
2022-08-15 20:57:06.655  INFO 21060 --- [         task-1] org.hibernate.dialect.Dialect            : HHH000400: Using dialect: org.hibernate.dialect.H2Dialect
Hibernate: create table id (number bigint not null, primary key (number))
Hibernate: create table pay_slip (id bigint not null, date varchar(255), lastname varchar(255), name varchar(255), period varchar(255), salary varchar(255), user_email varchar(255) not null, primary key (id))
Hibernate: create table user (email varchar(255) not null, id bigint, lastname varchar(30), months binary(255), name varchar(30), password varchar(255), idd bigint, primary key (email))
Hibernate: create sequence hibernate_sequence start with 1 increment by 1
Hibernate: alter table pay_slip add constraint FK6iq3q6htw3itl605wlhkcjutn foreign key (user_email) references user
Hibernate: alter table user add constraint FK3mi03cam43b65y2a7q2o4mbc0 foreign key (idd) references id
2022-08-15 20:57:07.477  INFO 21060 --- [         task-1] o.h.e.t.j.p.i.JtaPlatformInitiator       : HHH000490: Using JtaPlatform implementation: [org.hibernate.engine.transaction.jta.platform.internal.NoJtaPlatform]
2022-08-15 20:57:07.483  INFO 21060 --- [         task-1] j.LocalContainerEntityManagerFactoryBean : Initialized JPA EntityManagerFactory for persistence unit 'default'
2022-08-15 20:57:07.769  INFO 21060 --- [    Test worker] o.s.b.a.e.web.EndpointLinksResolver      : Exposing 14 endpoint(s) beneath base path '/actuator'
2022-08-15 20:57:07.810  INFO 21060 --- [    Test worker] o.s.s.web.DefaultSecurityFilterChain     : Creating filter chain: any request, [org.springframework.security.web.context.request.async.WebAsyncManagerIntegrationFilter@14239223, org.springframework.security.web.context.SecurityContextPersistenceFilter@56c6d515, org.springframework.security.web.header.HeaderWriterFilter@29699283, org.springframework.security.web.authentication.logout.LogoutFilter@20f63ddc, org.springframework.security.web.authentication.www.BasicAuthenticationFilter@6cde0c69, org.springframework.security.web.savedrequest.RequestCacheAwareFilter@528f5b7f, org.springframework.security.web.servletapi.SecurityContextHolderAwareRequestFilter@d512c1, org.springframework.security.web.authentication.AnonymousAuthenticationFilter@68df8c6, org.springframework.security.web.session.SessionManagementFilter@3a3316b6, org.springframework.security.web.access.ExceptionTranslationFilter@73a49597, org.springframework.security.web.access.intercept.FilterSecurityInterceptor@590dea35]
2022-08-15 20:57:08.032  INFO 21060 --- [    Test worker] o.s.b.w.embedded.tomcat.TomcatWebServer  : Tomcat started on port(s): 28852 (http) with context path ''
2022-08-15 20:57:08.033  INFO 21060 --- [    Test worker] DeferredRepositoryInitializationListener : Triggering deferred initialization of Spring Data repositoriesâ€¦
2022-08-15 20:57:08.333  INFO 21060 --- [    Test worker] DeferredRepositoryInitializationListener : Spring Data repositories initialized!
2022-08-15 20:57:08.347  INFO 21060 --- [    Test worker] account.AccountServiceApplication        : Started AccountServiceApplication in 4.765 seconds (JVM running for 5.479)
2022-08-15 20:57:08.618  INFO 21060 --- [io-28852-exec-1] o.a.c.c.C.[Tomcat].[localhost].[/]       : Initializing Spring DispatcherServlet 'dispatcherServlet'
2022-08-15 20:57:08.619  INFO 21060 --- [io-28852-exec-1] o.s.web.servlet.DispatcherServlet        : Initializing Servlet 'dispatcherServlet'
2022-08-15 20:57:08.626  INFO 21060 --- [io-28852-exec-1] o.s.web.servlet.DispatcherServlet        : Completed initialization in 7 ms


REGISTRATION


Doe
JohnDoe@acme.com
oMoa3VvqnLxW
********************
?[1;31m
Start test 2?[0m


REGISTRATION

null
Doe
JohnDoe@acme.com
oMoa3VvqnLxW
********************
?[1;31m
Start test 3?[0m


REGISTRATION

John

JohnDoe@acme.com
oMoa3VvqnLxW
********************
?[1;31m
Start test 4?[0m


REGISTRATION

John
null
JohnDoe@acme.com
oMoa3VvqnLxW
********************
?[1;31m
Start test 5?[0m


REGISTRATION

John
Doe

oMoa3VvqnLxW
********************
?[1;31m
Start test 6?[0m


REGISTRATION

John
Doe
null
oMoa3VvqnLxW
********************
?[1;31m
Start test 7?[0m


REGISTRATION

John
Doe
JohnDoe@acme.com

********************
?[1;31m
Start test 8?[0m


REGISTRATION

John
Doe
JohnDoe@acme.com
null
********************
?[1;31m
Start test 9?[0m


REGISTRATION

John
Doe
johndoeacme.com
oMoa3VvqnLxW
********************
?[1;31m
Start test 10?[0m


REGISTRATION

John
Doe
johndoe@google.com
oMoa3VvqnLxW
********************
?[1;31m
Start test 11?[0m


REGISTRATION

John
Doe
JohnDoe@acme.com
PasswordForJanuary
********************
Hibernate: select count(*) as col_0_0_ from user user0_ where user0_.email=?


REGISTRATION

John
Doe
JohnDoe@acme.com
PasswordForFebruary
********************
Hibernate: select count(*) as col_0_0_ from user user0_ where user0_.email=?


REGISTRATION

John
Doe
JohnDoe@acme.com
PasswordForMarch
********************
Hibernate: select count(*) as col_0_0_ from user user0_ where user0_.email=?


REGISTRATION

John
Doe
JohnDoe@acme.com
PasswordForApril
********************
Hibernate: select count(*) as col_0_0_ from user user0_ where user0_.email=?


REGISTRATION

John
Doe
JohnDoe@acme.com
PasswordForMay
********************
Hibernate: select count(*) as col_0_0_ from user user0_ where user0_.email=?


REGISTRATION

John
Doe
JohnDoe@acme.com
PasswordForJune
********************
Hibernate: select count(*) as col_0_0_ from user user0_ where user0_.email=?


REGISTRATION

John
Doe
JohnDoe@acme.com
PasswordForJuly
********************
Hibernate: select count(*) as col_0_0_ from user user0_ where user0_.email=?


REGISTRATION

John
Doe
JohnDoe@acme.com
PasswordForAugust
********************
Hibernate: select count(*) as col_0_0_ from user user0_ where user0_.email=?


REGISTRATION

John
Doe
JohnDoe@acme.com
PasswordForSeptember
********************
Hibernate: select count(*) as col_0_0_ from user user0_ where user0_.email=?


REGISTRATION

John
Doe
JohnDoe@acme.com
PasswordForOctober
********************
Hibernate: select count(*) as col_0_0_ from user user0_ where user0_.email=?


REGISTRATION

John
Doe
JohnDoe@acme.com
PasswordForNovember
********************
Hibernate: select count(*) as col_0_0_ from user user0_ where user0_.email=?


REGISTRATION

John
Doe
JohnDoe@acme.com
PasswordForDecember
********************
Hibernate: select count(*) as col_0_0_ from user user0_ where user0_.email=?
?[1;31m
Start test 12?[0m


REGISTRATION

John
Doe
JohnDoe@acme.com
oMoa3VvqnLxW
********************
Hibernate: select count(*) as col_0_0_ from user user0_ where user0_.email=?
SAVED!!!

Hibernate: select user0_.email as email1_2_1_, user0_.id as id2_2_1_, user0_.lastname as lastname3_2_1_, user0_.months as months4_2_1_, user0_.name as name5_2_1_, user0_.idd as idd7_2_1_, user0_.password as password6_2_1_, generalseq1_.number as number1_0_0_ from user user0_ left outer join id generalseq1_ on user0_.idd=generalseq1_.number where user0_.email=?
Hibernate: call next value for hibernate_sequence
Hibernate: insert into id (number) values (?)
Hibernate: insert into user (id, lastname, months, name, idd, password, email) values (?, ?, ?, ?, ?, ?, ?)
Hibernate: update user set id=?, lastname=?, months=?, name=?, idd=?, password=? where email=?


REGISTRATION

John
Doe
JohnDoe@acme.com
oMoa3VvqnLxW
********************
Hibernate: select count(*) as col_0_0_ from user user0_ where user0_.email=?
?[1;31m
Start test 13?[0m


REGISTRATION

John
Doe
JohnDoe@acme.com
oMoa3VvqnLxW
********************
Hibernate: select count(*) as col_0_0_ from user user0_ where user0_.email=?
?[1;31m
Start test 14?[0m


REGISTRATION

John
Doe
JohnDoe@acme.com
oMoa3VvqnLxW
********************
Hibernate: select count(*) as col_0_0_ from user user0_ where user0_.email=?
?[1;31m
Start test 15?[0m


REGISTRATION

John
Doe
johndoe@acme.com
oMoa3VvqnLxW
********************
Hibernate: select count(*) as col_0_0_ from user user0_ where user0_.email=?
?[1;31m
Start test 16?[0m


REGISTRATION

Max
Mustermann
maxmustermann@acme.com
ai0y9bMvyF6G
********************
Hibernate: select count(*) as col_0_0_ from user user0_ where user0_.email=?
SAVED!!!

Hibernate: select user0_.email as email1_2_1_, user0_.id as id2_2_1_, user0_.lastname as lastname3_2_1_, user0_.months as months4_2_1_, user0_.name as name5_2_1_, user0_.idd as idd7_2_1_, user0_.password as password6_2_1_, generalseq1_.number as number1_0_0_ from user user0_ left outer join id generalseq1_ on user0_.idd=generalseq1_.number where user0_.email=?
Hibernate: call next value for hibernate_sequence
Hibernate: insert into id (number) values (?)
Hibernate: insert into user (id, lastname, months, name, idd, password, email) values (?, ?, ?, ?, ?, ?, ?)
Hibernate: update user set id=?, lastname=?, months=?, name=?, idd=?, password=? where email=?


REGISTRATION

Max
Mustermann
maxmustermann@acme.com
ai0y9bMvyF6G
********************
Hibernate: select count(*) as col_0_0_ from user user0_ where user0_.email=?
?[1;31m
Start test 17?[0m


REGISTRATION

Max
Mustermann
maxmustermann@acme.com
ai0y9bMvyF6G
********************
Hibernate: select count(*) as col_0_0_ from user user0_ where user0_.email=?
?[1;31m
Start test 18?[0m


REGISTRATION

Max
Mustermann
MaxMustermann@acme.com
ai0y9bMvyF6G
********************
Hibernate: select count(*) as col_0_0_ from user user0_ where user0_.email=?
?[1;31m
Start test 19?[0m
Hibernate: select user0_.email as email1_2_, user0_.id as id2_2_, user0_.lastname as lastname3_2_, user0_.months as months4_2_, user0_.name as name5_2_, user0_.idd as idd7_2_, user0_.password as password6_2_ from user user0_ where user0_.email=?
Hibernate: select generalseq0_.number as number1_0_0_, user1_.email as email1_2_1_, user1_.id as id2_2_1_, user1_.lastname as lastname3_2_1_, user1_.months as months4_2_1_, user1_.name as name5_2_1_, user1_.idd as idd7_2_1_, user1_.password as password6_2_1_ from id generalseq0_ left outer join user user1_ on generalseq0_.number=user1_.idd where generalseq0_.number=?
Hibernate: select user0_.email as email1_2_1_, user0_.id as id2_2_1_, user0_.lastname as lastname3_2_1_, user0_.months as months4_2_1_, user0_.name as name5_2_1_, user0_.idd as idd7_2_1_, user0_.password as password6_2_1_, generalseq1_.number as number1_0_0_ from user user0_ left outer join id generalseq1_ on user0_.idd=generalseq1_.number where user0_.idd=?


******PAYMENT********
johndoe@acme.com
Hibernate: select user0_.email as email1_2_0_, user0_.id as id2_2_0_, user0_.lastname as lastname3_2_0_, user0_.months as months4_2_0_, user0_.name as name5_2_0_, user0_.idd as idd7_2_0_, user0_.password as password6_2_0_, generalseq1_.number as number1_0_1_ from user user0_ left outer join id generalseq1_ on user0_.idd=generalseq1_.number where user0_.email=?
Hibernate: select payslips0_.user_email as user_ema7_1_0_, payslips0_.id as id1_1_0_, payslips0_.id as id1_1_1_, payslips0_.date as date2_1_1_, payslips0_.lastname as lastname3_1_1_, payslips0_.name as name4_1_1_, payslips0_.period as period5_1_1_, payslips0_.salary as salary6_1_1_, payslips0_.user_email as user_ema7_1_1_ from pay_slip payslips0_ where payslips0_.user_email=?
?[1;31m
Start test 20?[0m
Hibernate: select user0_.email as email1_2_, user0_.id as id2_2_, user0_.lastname as lastname3_2_, user0_.months as months4_2_, user0_.name as name5_2_, user0_.idd as idd7_2_, user0_.password as password6_2_ from user user0_ where user0_.email=?
Hibernate: select generalseq0_.number as number1_0_0_, user1_.email as email1_2_1_, user1_.id as id2_2_1_, user1_.lastname as lastname3_2_1_, user1_.months as months4_2_1_, user1_.name as name5_2_1_, user1_.idd as idd7_2_1_, user1_.password as password6_2_1_ from id generalseq0_ left outer join user user1_ on generalseq0_.number=user1_.idd where generalseq0_.number=?
Hibernate: select user0_.email as email1_2_1_, user0_.id as id2_2_1_, user0_.lastname as lastname3_2_1_, user0_.months as months4_2_1_, user0_.name as name5_2_1_, user0_.idd as idd7_2_1_, user0_.password as password6_2_1_, generalseq1_.number as number1_0_0_ from user user0_ left outer join id generalseq1_ on user0_.idd=generalseq1_.number where user0_.idd=?


******PAYMENT********
johndoe@acme.com
Hibernate: select user0_.email as email1_2_0_, user0_.id as id2_2_0_, user0_.lastname as lastname3_2_0_, user0_.months as months4_2_0_, user0_.name as name5_2_0_, user0_.idd as idd7_2_0_, user0_.password as password6_2_0_, generalseq1_.number as number1_0_1_ from user user0_ left outer join id generalseq1_ on user0_.idd=generalseq1_.number where user0_.email=?
Hibernate: select payslips0_.user_email as user_ema7_1_0_, payslips0_.id as id1_1_0_, payslips0_.id as id1_1_1_, payslips0_.date as date2_1_1_, payslips0_.lastname as lastname3_1_1_, payslips0_.name as name4_1_1_, payslips0_.period as period5_1_1_, payslips0_.salary as salary6_1_1_, payslips0_.user_email as user_ema7_1_1_ from pay_slip payslips0_ where payslips0_.user_email=?
?[1;31m
Start test 21?[0m
Hibernate: select user0_.email as email1_2_, user0_.id as id2_2_, user0_.lastname as lastname3_2_, user0_.months as months4_2_, user0_.name as name5_2_, user0_.idd as idd7_2_, user0_.password as password6_2_ from user user0_ where user0_.email=?
Hibernate: select generalseq0_.number as number1_0_0_, user1_.email as email1_2_1_, user1_.id as id2_2_1_, user1_.lastname as lastname3_2_1_, user1_.months as months4_2_1_, user1_.name as name5_2_1_, user1_.idd as idd7_2_1_, user1_.password as password6_2_1_ from id generalseq0_ left outer join user user1_ on generalseq0_.number=user1_.idd where generalseq0_.number=?
Hibernate: select user0_.email as email1_2_1_, user0_.id as id2_2_1_, user0_.lastname as lastname3_2_1_, user0_.months as months4_2_1_, user0_.name as name5_2_1_, user0_.idd as idd7_2_1_, user0_.password as password6_2_1_, generalseq1_.number as number1_0_0_ from user user0_ left outer join id generalseq1_ on user0_.idd=generalseq1_.number where user0_.idd=?


******PAYMENT********
maxmustermann@acme.com
Hibernate: select user0_.email as email1_2_0_, user0_.id as id2_2_0_, user0_.lastname as lastname3_2_0_, user0_.months as months4_2_0_, user0_.name as name5_2_0_, user0_.idd as idd7_2_0_, user0_.password as password6_2_0_, generalseq1_.number as number1_0_1_ from user user0_ left outer join id generalseq1_ on user0_.idd=generalseq1_.number where user0_.email=?
Hibernate: select payslips0_.user_email as user_ema7_1_0_, payslips0_.id as id1_1_0_, payslips0_.id as id1_1_1_, payslips0_.date as date2_1_1_, payslips0_.lastname as lastname3_1_1_, payslips0_.name as name4_1_1_, payslips0_.period as period5_1_1_, payslips0_.salary as salary6_1_1_, payslips0_.user_email as user_ema7_1_1_ from pay_slip payslips0_ where payslips0_.user_email=?
?[1;31m
Start test 22?[0m
Hibernate: select user0_.email as email1_2_, user0_.id as id2_2_, user0_.lastname as lastname3_2_, user0_.months as months4_2_, user0_.name as name5_2_, user0_.idd as idd7_2_, user0_.password as password6_2_ from user user0_ where user0_.email=?
Hibernate: select generalseq0_.number as number1_0_0_, user1_.email as email1_2_1_, user1_.id as id2_2_1_, user1_.lastname as lastname3_2_1_, user1_.months as months4_2_1_, user1_.name as name5_2_1_, user1_.idd as idd7_2_1_, user1_.password as password6_2_1_ from id generalseq0_ left outer join user user1_ on generalseq0_.number=user1_.idd where generalseq0_.number=?
Hibernate: select user0_.email as email1_2_1_, user0_.id as id2_2_1_, user0_.lastname as lastname3_2_1_, user0_.months as months4_2_1_, user0_.name as name5_2_1_, user0_.idd as idd7_2_1_, user0_.password as password6_2_1_, generalseq1_.number as number1_0_0_ from user user0_ left outer join id generalseq1_ on user0_.idd=generalseq1_.number where user0_.idd=?


******PAYMENT********
maxmustermann@acme.com
Hibernate: select user0_.email as email1_2_0_, user0_.id as id2_2_0_, user0_.lastname as lastname3_2_0_, user0_.months as months4_2_0_, user0_.name as name5_2_0_, user0_.idd as idd7_2_0_, user0_.password as password6_2_0_, generalseq1_.number as number1_0_1_ from user user0_ left outer join id generalseq1_ on user0_.idd=generalseq1_.number where user0_.email=?
Hibernate: select payslips0_.user_email as user_ema7_1_0_, payslips0_.id as id1_1_0_, payslips0_.id as id1_1_1_, payslips0_.date as date2_1_1_, payslips0_.lastname as lastname3_1_1_, payslips0_.name as name4_1_1_, payslips0_.period as period5_1_1_, payslips0_.salary as salary6_1_1_, payslips0_.user_email as user_ema7_1_1_ from pay_slip payslips0_ where payslips0_.user_email=?
?[1;31m
Start test 23?[0m
Hibernate: select user0_.email as email1_2_, user0_.id as id2_2_, user0_.lastname as lastname3_2_, user0_.months as months4_2_, user0_.name as name5_2_, user0_.idd as idd7_2_, user0_.password as password6_2_ from user user0_ where user0_.email=?
Hibernate: select generalseq0_.number as number1_0_0_, user1_.email as email1_2_1_, user1_.id as id2_2_1_, user1_.lastname as lastname3_2_1_, user1_.months as months4_2_1_, user1_.name as name5_2_1_, user1_.idd as idd7_2_1_, user1_.password as password6_2_1_ from id generalseq0_ left outer join user user1_ on generalseq0_.number=user1_.idd where generalseq0_.number=?
Hibernate: select user0_.email as email1_2_1_, user0_.id as id2_2_1_, user0_.lastname as lastname3_2_1_, user0_.months as months4_2_1_, user0_.name as name5_2_1_, user0_.idd as idd7_2_1_, user0_.password as password6_2_1_, generalseq1_.number as number1_0_0_ from user user0_ left outer join id generalseq1_ on user0_.idd=generalseq1_.number where user0_.idd=?
?[1;31m
Start test 24?[0m
Hibernate: select user0_.email as email1_2_, user0_.id as id2_2_, user0_.lastname as lastname3_2_, user0_.months as months4_2_, user0_.name as name5_2_, user0_.idd as idd7_2_, user0_.password as password6_2_ from user user0_ where user0_.email=?
?[1;31m
Start test 25?[0m
Hibernate: select user0_.email as email1_2_, user0_.id as id2_2_, user0_.lastname as lastname3_2_, user0_.months as months4_2_, user0_.name as name5_2_, user0_.idd as idd7_2_, user0_.password as password6_2_ from user user0_ where user0_.email=?
Hibernate: select generalseq0_.number as number1_0_0_, user1_.email as email1_2_1_, user1_.id as id2_2_1_, user1_.lastname as lastname3_2_1_, user1_.months as months4_2_1_, user1_.name as name5_2_1_, user1_.idd as idd7_2_1_, user1_.password as password6_2_1_ from id generalseq0_ left outer join user user1_ on generalseq0_.number=user1_.idd where generalseq0_.number=?
Hibernate: select user0_.email as email1_2_1_, user0_.id as id2_2_1_, user0_.lastname as lastname3_2_1_, user0_.months as months4_2_1_, user0_.name as name5_2_1_, user0_.idd as idd7_2_1_, user0_.password as password6_2_1_, generalseq1_.number as number1_0_0_ from user user0_ left outer join id generalseq1_ on user0_.idd=generalseq1_.number where user0_.idd=?
?[1;31m
Start test 26?[0m
Hibernate: select user0_.email as email1_2_, user0_.id as id2_2_, user0_.lastname as lastname3_2_, user0_.months as months4_2_, user0_.name as name5_2_, user0_.idd as idd7_2_, user0_.password as password6_2_ from user user0_ where user0_.email=?
?[1;31m
Start test 27?[0m
?[1;31m
Start test 28?[0m
?[1;31m
Start test 29?[0m
Hibernate: select user0_.email as email1_2_, user0_.id as id2_2_, user0_.lastname as lastname3_2_, user0_.months as months4_2_, user0_.name as name5_2_, user0_.idd as idd7_2_, user0_.password as password6_2_ from user user0_ where user0_.email=?
Hibernate: select generalseq0_.number as number1_0_0_, user1_.email as email1_2_1_, user1_.id as id2_2_1_, user1_.lastname as lastname3_2_1_, user1_.months as months4_2_1_, user1_.name as name5_2_1_, user1_.idd as idd7_2_1_, user1_.password as password6_2_1_ from id generalseq0_ left outer join user user1_ on generalseq0_.number=user1_.idd where generalseq0_.number=?
Hibernate: select user0_.email as email1_2_1_, user0_.id as id2_2_1_, user0_.lastname as lastname3_2_1_, user0_.months as months4_2_1_, user0_.name as name5_2_1_, user0_.idd as idd7_2_1_, user0_.password as password6_2_1_, generalseq1_.number as number1_0_0_ from user user0_ left outer join id generalseq1_ on user0_.idd=generalseq1_.number where user0_.idd=?

ChangePassword


oMoa3Vvqn
johndoe@acme.com
Hibernate: select user0_.email as email1_2_0_, user0_.id as id2_2_0_, user0_.lastname as lastname3_2_0_, user0_.months as months4_2_0_, user0_.name as name5_2_0_, user0_.idd as idd7_2_0_, user0_.password as password6_2_0_, generalseq1_.number as number1_0_1_ from user user0_ left outer join id generalseq1_ on user0_.idd=generalseq1_.number where user0_.email=?

******************


?[1;31m
Start test 30?[0m
Hibernate: select user0_.email as email1_2_, user0_.id as id2_2_, user0_.lastname as lastname3_2_, user0_.months as months4_2_, user0_.name as name5_2_, user0_.idd as idd7_2_, user0_.password as password6_2_ from user user0_ where user0_.email=?
Hibernate: select generalseq0_.number as number1_0_0_, user1_.email as email1_2_1_, user1_.id as id2_2_1_, user1_.lastname as lastname3_2_1_, user1_.months as months4_2_1_, user1_.name as name5_2_1_, user1_.idd as idd7_2_1_, user1_.password as password6_2_1_ from id generalseq0_ left outer join user user1_ on generalseq0_.number=user1_.idd where generalseq0_.number=?
Hibernate: select user0_.email as email1_2_1_, user0_.id as id2_2_1_, user0_.lastname as lastname3_2_1_, user0_.months as months4_2_1_, user0_.name as name5_2_1_, user0_.idd as idd7_2_1_, user0_.password as password6_2_1_, generalseq1_.number as number1_0_0_ from user user0_ left outer join id generalseq1_ on user0_.idd=generalseq1_.number where user0_.idd=?

ChangePassword


oMoa3VvqnLxW
johndoe@acme.com
Hibernate: select user0_.email as email1_2_0_, user0_.id as id2_2_0_, user0_.lastname as lastname3_2_0_, user0_.months as months4_2_0_, user0_.name as name5_2_0_, user0_.idd as idd7_2_0_, user0_.password as password6_2_0_, generalseq1_.number as number1_0_1_ from user user0_ left outer join id generalseq1_ on user0_.idd=generalseq1_.number where user0_.email=?

******************


?[1;31m
Start test 31?[0m
Hibernate: select user0_.email as email1_2_, user0_.id as id2_2_, user0_.lastname as lastname3_2_, user0_.months as months4_2_, user0_.name as name5_2_, user0_.idd as idd7_2_, user0_.password as password6_2_ from user user0_ where user0_.email=?
Hibernate: select generalseq0_.number as number1_0_0_, user1_.email as email1_2_1_, user1_.id as id2_2_1_, user1_.lastname as lastname3_2_1_, user1_.months as months4_2_1_, user1_.name as name5_2_1_, user1_.idd as idd7_2_1_, user1_.password as password6_2_1_ from id generalseq0_ left outer join user user1_ on generalseq0_.number=user1_.idd where generalseq0_.number=?
Hibernate: select user0_.email as email1_2_1_, user0_.id as id2_2_1_, user0_.lastname as lastname3_2_1_, user0_.months as months4_2_1_, user0_.name as name5_2_1_, user0_.idd as idd7_2_1_, user0_.password as password6_2_1_, generalseq1_.number as number1_0_0_ from user user0_ left outer join id generalseq1_ on user0_.idd=generalseq1_.number where user0_.idd=?

ChangePassword


PasswordForJanuary
johndoe@acme.com
Hibernate: select user0_.email as email1_2_0_, user0_.id as id2_2_0_, user0_.lastname as lastname3_2_0_, user0_.months as months4_2_0_, user0_.name as name5_2_0_, user0_.idd as idd7_2_0_, user0_.password as password6_2_0_, generalseq1_.number as number1_0_1_ from user user0_ left outer join id generalseq1_ on user0_.idd=generalseq1_.number where user0_.email=?

******************


Hibernate: select user0_.email as email1_2_, user0_.id as id2_2_, user0_.lastname as lastname3_2_, user0_.months as months4_2_, user0_.name as name5_2_, user0_.idd as idd7_2_, user0_.password as password6_2_ from user user0_ where user0_.email=?
Hibernate: select generalseq0_.number as number1_0_0_, user1_.email as email1_2_1_, user1_.id as id2_2_1_, user1_.lastname as lastname3_2_1_, user1_.months as months4_2_1_, user1_.name as name5_2_1_, user1_.idd as idd7_2_1_, user1_.password as password6_2_1_ from id generalseq0_ left outer join user user1_ on generalseq0_.number=user1_.idd where generalseq0_.number=?
Hibernate: select user0_.email as email1_2_1_, user0_.id as id2_2_1_, user0_.lastname as lastname3_2_1_, user0_.months as months4_2_1_, user0_.name as name5_2_1_, user0_.idd as idd7_2_1_, user0_.password as password6_2_1_, generalseq1_.number as number1_0_0_ from user user0_ left outer join id generalseq1_ on user0_.idd=generalseq1_.number where user0_.idd=?

ChangePassword


PasswordForFebruary
johndoe@acme.com
Hibernate: select user0_.email as email1_2_0_, user0_.id as id2_2_0_, user0_.lastname as lastname3_2_0_, user0_.months as months4_2_0_, user0_.name as name5_2_0_, user0_.idd as idd7_2_0_, user0_.password as password6_2_0_, generalseq1_.number as number1_0_1_ from user user0_ left outer join id generalseq1_ on user0_.idd=generalseq1_.number where user0_.email=?

******************


Hibernate: select user0_.email as email1_2_, user0_.id as id2_2_, user0_.lastname as lastname3_2_, user0_.months as months4_2_, user0_.name as name5_2_, user0_.idd as idd7_2_, user0_.password as password6_2_ from user user0_ where user0_.email=?
Hibernate: select generalseq0_.number as number1_0_0_, user1_.email as email1_2_1_, user1_.id as id2_2_1_, user1_.lastname as lastname3_2_1_, user1_.months as months4_2_1_, user1_.name as name5_2_1_, user1_.idd as idd7_2_1_, user1_.password as password6_2_1_ from id generalseq0_ left outer join user user1_ on generalseq0_.number=user1_.idd where generalseq0_.number=?
Hibernate: select user0_.email as email1_2_1_, user0_.id as id2_2_1_, user0_.lastname as lastname3_2_1_, user0_.months as months4_2_1_, user0_.name as name5_2_1_, user0_.idd as idd7_2_1_, user0_.password as password6_2_1_, generalseq1_.number as number1_0_0_ from user user0_ left outer join id generalseq1_ on user0_.idd=generalseq1_.number where user0_.idd=?

ChangePassword


PasswordForMarch
johndoe@acme.com
Hibernate: select user0_.email as email1_2_0_, user0_.id as id2_2_0_, user0_.lastname as lastname3_2_0_, user0_.months as months4_2_0_, user0_.name as name5_2_0_, user0_.idd as idd7_2_0_, user0_.password as password6_2_0_, generalseq1_.number as number1_0_1_ from user user0_ left outer join id generalseq1_ on user0_.idd=generalseq1_.number where user0_.email=?

******************


Hibernate: select user0_.email as email1_2_, user0_.id as id2_2_, user0_.lastname as lastname3_2_, user0_.months as months4_2_, user0_.name as name5_2_, user0_.idd as idd7_2_, user0_.password as password6_2_ from user user0_ where user0_.email=?
Hibernate: select generalseq0_.number as number1_0_0_, user1_.email as email1_2_1_, user1_.id as id2_2_1_, user1_.lastname as lastname3_2_1_, user1_.months as months4_2_1_, user1_.name as name5_2_1_, user1_.idd as idd7_2_1_, user1_.password as password6_2_1_ from id generalseq0_ left outer join user user1_ on generalseq0_.number=user1_.idd where generalseq0_.number=?
Hibernate: select user0_.email as email1_2_1_, user0_.id as id2_2_1_, user0_.lastname as lastname3_2_1_, user0_.months as months4_2_1_, user0_.name as name5_2_1_, user0_.idd as idd7_2_1_, user0_.password as password6_2_1_, generalseq1_.number as number1_0_0_ from user user0_ left outer join id generalseq1_ on user0_.idd=generalseq1_.number where user0_.idd=?

ChangePassword


PasswordForApril
johndoe@acme.com
Hibernate: select user0_.email as email1_2_0_, user0_.id as id2_2_0_, user0_.lastname as lastname3_2_0_, user0_.months as months4_2_0_, user0_.name as name5_2_0_, user0_.idd as idd7_2_0_, user0_.password as password6_2_0_, generalseq1_.number as number1_0_1_ from user user0_ left outer join id generalseq1_ on user0_.idd=generalseq1_.number where user0_.email=?

******************


Hibernate: select user0_.email as email1_2_, user0_.id as id2_2_, user0_.lastname as lastname3_2_, user0_.months as months4_2_, user0_.name as name5_2_, user0_.idd as idd7_2_, user0_.password as password6_2_ from user user0_ where user0_.email=?
Hibernate: select generalseq0_.number as number1_0_0_, user1_.email as email1_2_1_, user1_.id as id2_2_1_, user1_.lastname as lastname3_2_1_, user1_.months as months4_2_1_, user1_.name as name5_2_1_, user1_.idd as idd7_2_1_, user1_.password as password6_2_1_ from id generalseq0_ left outer join user user1_ on generalseq0_.number=user1_.idd where generalseq0_.number=?
Hibernate: select user0_.email as email1_2_1_, user0_.id as id2_2_1_, user0_.lastname as lastname3_2_1_, user0_.months as months4_2_1_, user0_.name as name5_2_1_, user0_.idd as idd7_2_1_, user0_.password as password6_2_1_, generalseq1_.number as number1_0_0_ from user user0_ left outer join id generalseq1_ on user0_.idd=generalseq1_.number where user0_.idd=?

ChangePassword


PasswordForMay
johndoe@acme.com
Hibernate: select user0_.email as email1_2_0_, user0_.id as id2_2_0_, user0_.lastname as lastname3_2_0_, user0_.months as months4_2_0_, user0_.name as name5_2_0_, user0_.idd as idd7_2_0_, user0_.password as password6_2_0_, generalseq1_.number as number1_0_1_ from user user0_ left outer join id generalseq1_ on user0_.idd=generalseq1_.number where user0_.email=?

******************


Hibernate: select user0_.email as email1_2_, user0_.id as id2_2_, user0_.lastname as lastname3_2_, user0_.months as months4_2_, user0_.name as name5_2_, user0_.idd as idd7_2_, user0_.password as password6_2_ from user user0_ where user0_.email=?
Hibernate: select generalseq0_.number as number1_0_0_, user1_.email as email1_2_1_, user1_.id as id2_2_1_, user1_.lastname as lastname3_2_1_, user1_.months as months4_2_1_, user1_.name as name5_2_1_, user1_.idd as idd7_2_1_, user1_.password as password6_2_1_ from id generalseq0_ left outer join user user1_ on generalseq0_.number=user1_.idd where generalseq0_.number=?
Hibernate: select user0_.email as email1_2_1_, user0_.id as id2_2_1_, user0_.lastname as lastname3_2_1_, user0_.months as months4_2_1_, user0_.name as name5_2_1_, user0_.idd as idd7_2_1_, user0_.password as password6_2_1_, generalseq1_.number as number1_0_0_ from user user0_ left outer join id generalseq1_ on user0_.idd=generalseq1_.number where user0_.idd=?

ChangePassword


PasswordForJune
johndoe@acme.com
Hibernate: select user0_.email as email1_2_0_, user0_.id as id2_2_0_, user0_.lastname as lastname3_2_0_, user0_.months as months4_2_0_, user0_.name as name5_2_0_, user0_.idd as idd7_2_0_, user0_.password as password6_2_0_, generalseq1_.number as number1_0_1_ from user user0_ left outer join id generalseq1_ on user0_.idd=generalseq1_.number where user0_.email=?

******************


Hibernate: select user0_.email as email1_2_, user0_.id as id2_2_, user0_.lastname as lastname3_2_, user0_.months as months4_2_, user0_.name as name5_2_, user0_.idd as idd7_2_, user0_.password as password6_2_ from user user0_ where user0_.email=?
Hibernate: select generalseq0_.number as number1_0_0_, user1_.email as email1_2_1_, user1_.id as id2_2_1_, user1_.lastname as lastname3_2_1_, user1_.months as months4_2_1_, user1_.name as name5_2_1_, user1_.idd as idd7_2_1_, user1_.password as password6_2_1_ from id generalseq0_ left outer join user user1_ on generalseq0_.number=user1_.idd where generalseq0_.number=?
Hibernate: select user0_.email as email1_2_1_, user0_.id as id2_2_1_, user0_.lastname as lastname3_2_1_, user0_.months as months4_2_1_, user0_.name as name5_2_1_, user0_.idd as idd7_2_1_, user0_.password as password6_2_1_, generalseq1_.number as number1_0_0_ from user user0_ left outer join id generalseq1_ on user0_.idd=generalseq1_.number where user0_.idd=?

ChangePassword


PasswordForJuly
johndoe@acme.com
Hibernate: select user0_.email as email1_2_0_, user0_.id as id2_2_0_, user0_.lastname as lastname3_2_0_, user0_.months as months4_2_0_, user0_.name as name5_2_0_, user0_.idd as idd7_2_0_, user0_.password as password6_2_0_, generalseq1_.number as number1_0_1_ from user user0_ left outer join id generalseq1_ on user0_.idd=generalseq1_.number where user0_.email=?

******************


Hibernate: select user0_.email as email1_2_, user0_.id as id2_2_, user0_.lastname as lastname3_2_, user0_.months as months4_2_, user0_.name as name5_2_, user0_.idd as idd7_2_, user0_.password as password6_2_ from user user0_ where user0_.email=?
Hibernate: select generalseq0_.number as number1_0_0_, user1_.email as email1_2_1_, user1_.id as id2_2_1_, user1_.lastname as lastname3_2_1_, user1_.months as months4_2_1_, user1_.name as name5_2_1_, user1_.idd as idd7_2_1_, user1_.password as password6_2_1_ from id generalseq0_ left outer join user user1_ on generalseq0_.number=user1_.idd where generalseq0_.number=?
Hibernate: select user0_.email as email1_2_1_, user0_.id as id2_2_1_, user0_.lastname as lastname3_2_1_, user0_.months as months4_2_1_, user0_.name as name5_2_1_, user0_.idd as idd7_2_1_, user0_.password as password6_2_1_, generalseq1_.number as number1_0_0_ from user user0_ left outer join id generalseq1_ on user0_.idd=generalseq1_.number where user0_.idd=?

ChangePassword


PasswordForAugust
johndoe@acme.com
Hibernate: select user0_.email as email1_2_0_, user0_.id as id2_2_0_, user0_.lastname as lastname3_2_0_, user0_.months as months4_2_0_, user0_.name as name5_2_0_, user0_.idd as idd7_2_0_, user0_.password as password6_2_0_, generalseq1_.number as number1_0_1_ from user user0_ left outer join id generalseq1_ on user0_.idd=generalseq1_.number where user0_.email=?

******************


Hibernate: select user0_.email as email1_2_, user0_.id as id2_2_, user0_.lastname as lastname3_2_, user0_.months as months4_2_, user0_.name as name5_2_, user0_.idd as idd7_2_, user0_.password as password6_2_ from user user0_ where user0_.email=?
Hibernate: select generalseq0_.number as number1_0_0_, user1_.email as email1_2_1_, user1_.id as id2_2_1_, user1_.lastname as lastname3_2_1_, user1_.months as months4_2_1_, user1_.name as name5_2_1_, user1_.idd as idd7_2_1_, user1_.password as password6_2_1_ from id generalseq0_ left outer join user user1_ on generalseq0_.number=user1_.idd where generalseq0_.number=?
Hibernate: select user0_.email as email1_2_1_, user0_.id as id2_2_1_, user0_.lastname as lastname3_2_1_, user0_.months as months4_2_1_, user0_.name as name5_2_1_, user0_.idd as idd7_2_1_, user0_.password as password6_2_1_, generalseq1_.number as number1_0_0_ from user user0_ left outer join id generalseq1_ on user0_.idd=generalseq1_.number where user0_.idd=?

ChangePassword


PasswordForSeptember
johndoe@acme.com
Hibernate: select user0_.email as email1_2_0_, user0_.id as id2_2_0_, user0_.lastname as lastname3_2_0_, user0_.months as months4_2_0_, user0_.name as name5_2_0_, user0_.idd as idd7_2_0_, user0_.password as password6_2_0_, generalseq1_.number as number1_0_1_ from user user0_ left outer join id generalseq1_ on user0_.idd=generalseq1_.number where user0_.email=?

******************


Hibernate: select user0_.email as email1_2_, user0_.id as id2_2_, user0_.lastname as lastname3_2_, user0_.months as months4_2_, user0_.name as name5_2_, user0_.idd as idd7_2_, user0_.password as password6_2_ from user user0_ where user0_.email=?
Hibernate: select generalseq0_.number as number1_0_0_, user1_.email as email1_2_1_, user1_.id as id2_2_1_, user1_.lastname as lastname3_2_1_, user1_.months as months4_2_1_, user1_.name as name5_2_1_, user1_.idd as idd7_2_1_, user1_.password as password6_2_1_ from id generalseq0_ left outer join user user1_ on generalseq0_.number=user1_.idd where generalseq0_.number=?
Hibernate: select user0_.email as email1_2_1_, user0_.id as id2_2_1_, user0_.lastname as lastname3_2_1_, user0_.months as months4_2_1_, user0_.name as name5_2_1_, user0_.idd as idd7_2_1_, user0_.password as password6_2_1_, generalseq1_.number as number1_0_0_ from user user0_ left outer join id generalseq1_ on user0_.idd=generalseq1_.number where user0_.idd=?

ChangePassword


PasswordForOctober
johndoe@acme.com
Hibernate: select user0_.email as email1_2_0_, user0_.id as id2_2_0_, user0_.lastname as lastname3_2_0_, user0_.months as months4_2_0_, user0_.name as name5_2_0_, user0_.idd as idd7_2_0_, user0_.password as password6_2_0_, generalseq1_.number as number1_0_1_ from user user0_ left outer join id generalseq1_ on user0_.idd=generalseq1_.number where user0_.email=?

******************


Hibernate: select user0_.email as email1_2_, user0_.id as id2_2_, user0_.lastname as lastname3_2_, user0_.months as months4_2_, user0_.name as name5_2_, user0_.idd as idd7_2_, user0_.password as password6_2_ from user user0_ where user0_.email=?
Hibernate: select generalseq0_.number as number1_0_0_, user1_.email as email1_2_1_, user1_.id as id2_2_1_, user1_.lastname as lastname3_2_1_, user1_.months as months4_2_1_, user1_.name as name5_2_1_, user1_.idd as idd7_2_1_, user1_.password as password6_2_1_ from id generalseq0_ left outer join user user1_ on generalseq0_.number=user1_.idd where generalseq0_.number=?
Hibernate: select user0_.email as email1_2_1_, user0_.id as id2_2_1_, user0_.lastname as lastname3_2_1_, user0_.months as months4_2_1_, user0_.name as name5_2_1_, user0_.idd as idd7_2_1_, user0_.password as password6_2_1_, generalseq1_.number as number1_0_0_ from user user0_ left outer join id generalseq1_ on user0_.idd=generalseq1_.number where user0_.idd=?

ChangePassword


PasswordForNovember
johndoe@acme.com
Hibernate: select user0_.email as email1_2_0_, user0_.id as id2_2_0_, user0_.lastname as lastname3_2_0_, user0_.months as months4_2_0_, user0_.name as name5_2_0_, user0_.idd as idd7_2_0_, user0_.password as password6_2_0_, generalseq1_.number as number1_0_1_ from user user0_ left outer join id generalseq1_ on user0_.idd=generalseq1_.number where user0_.email=?

******************


Hibernate: select user0_.email as email1_2_, user0_.id as id2_2_, user0_.lastname as lastname3_2_, user0_.months as months4_2_, user0_.name as name5_2_, user0_.idd as idd7_2_, user0_.password as password6_2_ from user user0_ where user0_.email=?
Hibernate: select generalseq0_.number as number1_0_0_, user1_.email as email1_2_1_, user1_.id as id2_2_1_, user1_.lastname as lastname3_2_1_, user1_.months as months4_2_1_, user1_.name as name5_2_1_, user1_.idd as idd7_2_1_, user1_.password as password6_2_1_ from id generalseq0_ left outer join user user1_ on generalseq0_.number=user1_.idd where generalseq0_.number=?
Hibernate: select user0_.email as email1_2_1_, user0_.id as id2_2_1_, user0_.lastname as lastname3_2_1_, user0_.months as months4_2_1_, user0_.name as name5_2_1_, user0_.idd as idd7_2_1_, user0_.password as password6_2_1_, generalseq1_.number as number1_0_0_ from user user0_ left outer join id generalseq1_ on user0_.idd=generalseq1_.number where user0_.idd=?

ChangePassword


PasswordForDecember
johndoe@acme.com
Hibernate: select user0_.email as email1_2_0_, user0_.id as id2_2_0_, user0_.lastname as lastname3_2_0_, user0_.months as months4_2_0_, user0_.name as name5_2_0_, user0_.idd as idd7_2_0_, user0_.password as password6_2_0_, generalseq1_.number as number1_0_1_ from user user0_ left outer join id generalseq1_ on user0_.idd=generalseq1_.number where user0_.email=?

******************


?[1;31m
Start test 32?[0m
Hibernate: select user0_.email as email1_2_, user0_.id as id2_2_, user0_.lastname as lastname3_2_, user0_.months as months4_2_, user0_.name as name5_2_, user0_.idd as idd7_2_, user0_.password as password6_2_ from user user0_ where user0_.email=?
Hibernate: select generalseq0_.number as number1_0_0_, user1_.email as email1_2_1_, user1_.id as id2_2_1_, user1_.lastname as lastname3_2_1_, user1_.months as months4_2_1_, user1_.name as name5_2_1_, user1_.idd as idd7_2_1_, user1_.password as password6_2_1_ from id generalseq0_ left outer join user user1_ on generalseq0_.number=user1_.idd where generalseq0_.number=?
Hibernate: select user0_.email as email1_2_1_, user0_.id as id2_2_1_, user0_.lastname as lastname3_2_1_, user0_.months as months4_2_1_, user0_.name as name5_2_1_, user0_.idd as idd7_2_1_, user0_.password as password6_2_1_, generalseq1_.number as number1_0_0_ from user user0_ left outer join id generalseq1_ on user0_.idd=generalseq1_.number where user0_.idd=?

ChangePassword


aNob5VvqzRtb
johndoe@acme.com
Hibernate: select user0_.email as email1_2_0_, user0_.id as id2_2_0_, user0_.lastname as lastname3_2_0_, user0_.months as months4_2_0_, user0_.name as name5_2_0_, user0_.idd as idd7_2_0_, user0_.password as password6_2_0_, generalseq1_.number as number1_0_1_ from user user0_ left outer join id generalseq1_ on user0_.idd=generalseq1_.number where user0_.email=?

******************


Hibernate: update user set id=?, lastname=?, months=?, name=?, idd=?, password=? where email=?
?[1;31m
Start test 33?[0m
Hibernate: select user0_.email as email1_2_, user0_.id as id2_2_, user0_.lastname as lastname3_2_, user0_.months as months4_2_, user0_.name as name5_2_, user0_.idd as idd7_2_, user0_.password as password6_2_ from user user0_ where user0_.email=?
Hibernate: select generalseq0_.number as number1_0_0_, user1_.email as email1_2_1_, user1_.id as id2_2_1_, user1_.lastname as lastname3_2_1_, user1_.months as months4_2_1_, user1_.name as name5_2_1_, user1_.idd as idd7_2_1_, user1_.password as password6_2_1_ from id generalseq0_ left outer join user user1_ on generalseq0_.number=user1_.idd where generalseq0_.number=?
Hibernate: select user0_.email as email1_2_1_, user0_.id as id2_2_1_, user0_.lastname as lastname3_2_1_, user0_.months as months4_2_1_, user0_.name as name5_2_1_, user0_.idd as idd7_2_1_, user0_.password as password6_2_1_, generalseq1_.number as number1_0_0_ from user user0_ left outer join id generalseq1_ on user0_.idd=generalseq1_.number where user0_.idd=?
?[1;31m
Start test 34?[0m
Hibernate: select user0_.email as email1_2_, user0_.id as id2_2_, user0_.lastname as lastname3_2_, user0_.months as months4_2_, user0_.name as name5_2_, user0_.idd as idd7_2_, user0_.password as password6_2_ from user user0_ where user0_.email=?
Hibernate: select generalseq0_.number as number1_0_0_, user1_.email as email1_2_1_, user1_.id as id2_2_1_, user1_.lastname as lastname3_2_1_, user1_.months as months4_2_1_, user1_.name as name5_2_1_, user1_.idd as idd7_2_1_, user1_.password as password6_2_1_ from id generalseq0_ left outer join user user1_ on generalseq0_.number=user1_.idd where generalseq0_.number=?
Hibernate: select user0_.email as email1_2_1_, user0_.id as id2_2_1_, user0_.lastname as lastname3_2_1_, user0_.months as months4_2_1_, user0_.name as name5_2_1_, user0_.idd as idd7_2_1_, user0_.password as password6_2_1_, generalseq1_.number as number1_0_0_ from user user0_ left outer join id generalseq1_ on user0_.idd=generalseq1_.number where user0_.idd=?


******PAYMENT********
johndoe@acme.com
Hibernate: select user0_.email as email1_2_0_, user0_.id as id2_2_0_, user0_.lastname as lastname3_2_0_, user0_.months as months4_2_0_, user0_.name as name5_2_0_, user0_.idd as idd7_2_0_, user0_.password as password6_2_0_, generalseq1_.number as number1_0_1_ from user user0_ left outer join id generalseq1_ on user0_.idd=generalseq1_.number where user0_.email=?
Hibernate: select payslips0_.user_email as user_ema7_1_0_, payslips0_.id as id1_1_0_, payslips0_.id as id1_1_1_, payslips0_.date as date2_1_1_, payslips0_.lastname as lastname3_1_1_, payslips0_.name as name4_1_1_, payslips0_.period as period5_1_1_, payslips0_.salary as salary6_1_1_, payslips0_.user_email as user_ema7_1_1_ from pay_slip payslips0_ where payslips0_.user_email=?
?[1;31m
Start test 35?[0m
2022-08-15 20:57:32.639  INFO 21060 --- [     Thread-336] j.LocalContainerEntityManagerFactoryBean : Closing JPA EntityManagerFactory for persistence unit 'default'
2022-08-15 20:57:32.640  INFO 21060 --- [     Thread-336] o.s.s.concurrent.ThreadPoolTaskExecutor  : Shutting down ExecutorService 'applicationTaskExecutor'
2022-08-15 20:57:32.641  INFO 21060 --- [     Thread-336] com.zaxxer.hikari.HikariDataSource       : HikariPool-1 - Shutdown initiated...
2022-08-15 20:57:32.652  INFO 21060 --- [     Thread-336] com.zaxxer.hikari.HikariDataSource       : HikariPool-1 - Shutdown completed.

  .   ____          _            __ _ _
 /\\ / ___'_ __ _ _(_)_ __  __ _ \ \ \ \
( ( )\___ | '_ | '_| | '_ \/ _` | \ \ \ \
 \\/  ___)| |_)| | | | | || (_| |  ) ) ) )
  '  |____| .__|_| |_|_| |_\__, | / / / /
 =========|_|==============|___/=/_/_/_/
 :: Spring Boot ::        (v2.3.1.RELEASE)

2022-08-15 20:57:32.691  INFO 21060 --- [    Test worker] account.AccountServiceApplication        : Starting AccountServiceApplication on LAPTOP-VBFHQFG2 with PID 21060 (started by Ansis in C:\Users\Ansis\Desktop\maven\Account Service\Account Service\task)
2022-08-15 20:57:32.691  INFO 21060 --- [    Test worker] account.AccountServiceApplication        : No active profile set, falling back to default profiles: default
2022-08-15 20:57:33.024  INFO 21060 --- [    Test worker] .s.d.r.c.RepositoryConfigurationDelegate : Bootstrapping Spring Data JPA repositories in DEFERRED mode.
2022-08-15 20:57:33.041  INFO 21060 --- [    Test worker] .s.d.r.c.RepositoryConfigurationDelegate : Finished Spring Data repository scanning in 17ms. Found 3 JPA repository interfaces.
2022-08-15 20:57:33.127  INFO 21060 --- [    Test worker] o.s.b.w.embedded.tomcat.TomcatWebServer  : Tomcat initialized with port(s): 28852 (http)
2022-08-15 20:57:33.128  INFO 21060 --- [    Test worker] o.apache.catalina.core.StandardService   : Starting service [Tomcat]
2022-08-15 20:57:33.128  INFO 21060 --- [    Test worker] org.apache.catalina.core.StandardEngine  : Starting Servlet engine: [Apache Tomcat/9.0.36]
2022-08-15 20:57:33.155  INFO 21060 --- [    Test worker] o.a.c.c.C.[Tomcat].[localhost].[/]       : Initializing Spring embedded WebApplicationContext
2022-08-15 20:57:33.155  INFO 21060 --- [    Test worker] w.s.c.ServletWebServerApplicationContext : Root WebApplicationContext: initialization completed in 461 ms
2022-08-15 20:57:33.192  INFO 21060 --- [    Test worker] com.zaxxer.hikari.HikariDataSource       : HikariPool-2 - Starting...
2022-08-15 20:57:33.213  INFO 21060 --- [    Test worker] com.zaxxer.hikari.HikariDataSource       : HikariPool-2 - Start completed.
2022-08-15 20:57:33.213  INFO 21060 --- [    Test worker] o.s.b.a.h2.H2ConsoleAutoConfiguration    : H2 console available at '/h2-console'. Database available at 'jdbc:h2:file:../service_db'
2022-08-15 20:57:33.255  INFO 21060 --- [    Test worker] o.s.s.concurrent.ThreadPoolTaskExecutor  : Initializing ExecutorService 'applicationTaskExecutor'
2022-08-15 20:57:33.261  INFO 21060 --- [         task-1] o.hibernate.jpa.internal.util.LogHelper  : HHH000204: Processing PersistenceUnitInfo [name: default]
2022-08-15 20:57:33.268  INFO 21060 --- [         task-1] org.hibernate.dialect.Dialect            : HHH000400: Using dialect: org.hibernate.dialect.H2Dialect
2022-08-15 20:57:33.287  WARN 21060 --- [    Test worker] JpaBaseConfiguration$JpaWebConfiguration : spring.jpa.open-in-view is enabled by default. Therefore, database queries may be performed during view rendering. Explicitly configure spring.jpa.open-in-view to disable this warning
2022-08-15 20:57:33.365  INFO 21060 --- [         task-1] o.h.e.t.j.p.i.JtaPlatformInitiator       : HHH000490: Using JtaPlatform implementation: [org.hibernate.engine.transaction.jta.platform.internal.NoJtaPlatform]
2022-08-15 20:57:33.365  INFO 21060 --- [         task-1] j.LocalContainerEntityManagerFactoryBean : Initialized JPA EntityManagerFactory for persistence unit 'default'
2022-08-15 20:57:34.360  INFO 21060 --- [    Test worker] o.s.b.a.e.web.EndpointLinksResolver      : Exposing 14 endpoint(s) beneath base path '/actuator'
2022-08-15 20:57:34.372  INFO 21060 --- [    Test worker] o.s.s.web.DefaultSecurityFilterChain     : Creating filter chain: any request, [org.springframework.security.web.context.request.async.WebAsyncManagerIntegrationFilter@1cd2e348, org.springframework.security.web.context.SecurityContextPersistenceFilter@6f6c6c70, org.springframework.security.web.header.HeaderWriterFilter@2823b7c5, org.springframework.security.web.authentication.logout.LogoutFilter@7ee9920a, org.springframework.security.web.authentication.www.BasicAuthenticationFilter@4154ecd3, org.springframework.security.web.savedrequest.RequestCacheAwareFilter@75d95b67, org.springframework.security.web.servletapi.SecurityContextHolderAwareRequestFilter@40f15786, org.springframework.security.web.authentication.AnonymousAuthenticationFilter@73bcd9b4, org.springframework.security.web.session.SessionManagementFilter@2ce3d95a, org.springframework.security.web.access.ExceptionTranslationFilter@3dc4ed6f, org.springframework.security.web.access.intercept.FilterSecurityInterceptor@1e0c898c]
2022-08-15 20:57:34.434  INFO 21060 --- [    Test worker] o.s.b.w.embedded.tomcat.TomcatWebServer  : Tomcat started on port(s): 28852 (http) with context path ''
2022-08-15 20:57:34.434  INFO 21060 --- [    Test worker] DeferredRepositoryInitializationListener : Triggering deferred initialization of Spring Data repositoriesâ€¦
2022-08-15 20:57:34.494  INFO 21060 --- [    Test worker] DeferredRepositoryInitializationListener : Spring Data repositories initialized!
2022-08-15 20:57:34.497  INFO 21060 --- [    Test worker] account.AccountServiceApplication        : Started AccountServiceApplication in 1.831 seconds (JVM running for 31.628)
?[1;31m
Start test 36?[0m
2022-08-15 20:57:34.502  INFO 21060 --- [io-28852-exec-1] o.a.c.c.C.[Tomcat].[localhost].[/]       : Initializing Spring DispatcherServlet 'dispatcherServlet'
2022-08-15 20:57:34.502  INFO 21060 --- [io-28852-exec-1] o.s.web.servlet.DispatcherServlet        : Initializing Servlet 'dispatcherServlet'
2022-08-15 20:57:34.504  INFO 21060 --- [io-28852-exec-1] o.s.web.servlet.DispatcherServlet        : Completed initialization in 2 ms
Hibernate: select user0_.email as email1_2_, user0_.id as id2_2_, user0_.lastname as lastname3_2_, user0_.months as months4_2_, user0_.name as name5_2_, user0_.idd as idd7_2_, user0_.password as password6_2_ from user user0_ where user0_.email=?
Hibernate: select generalseq0_.number as number1_0_0_, user1_.email as email1_2_1_, user1_.id as id2_2_1_, user1_.lastname as lastname3_2_1_, user1_.months as months4_2_1_, user1_.name as name5_2_1_, user1_.idd as idd7_2_1_, user1_.password as password6_2_1_ from id generalseq0_ left outer join user user1_ on generalseq0_.number=user1_.idd where generalseq0_.number=?
Hibernate: select user0_.email as email1_2_1_, user0_.id as id2_2_1_, user0_.lastname as lastname3_2_1_, user0_.months as months4_2_1_, user0_.name as name5_2_1_, user0_.idd as idd7_2_1_, user0_.password as password6_2_1_, generalseq1_.number as number1_0_0_ from user user0_ left outer join id generalseq1_ on user0_.idd=generalseq1_.number where user0_.idd=?


******PAYMENT********
maxmustermann@acme.com
Hibernate: select user0_.email as email1_2_0_, user0_.id as id2_2_0_, user0_.lastname as lastname3_2_0_, user0_.months as months4_2_0_, user0_.name as name5_2_0_, user0_.idd as idd7_2_0_, user0_.password as password6_2_0_, generalseq1_.number as number1_0_1_ from user user0_ left outer join id generalseq1_ on user0_.idd=generalseq1_.number where user0_.email=?
Hibernate: select payslips0_.user_email as user_ema7_1_0_, payslips0_.id as id1_1_0_, payslips0_.id as id1_1_1_, payslips0_.date as date2_1_1_, payslips0_.lastname as lastname3_1_1_, payslips0_.name as name4_1_1_, payslips0_.period as period5_1_1_, payslips0_.salary as salary6_1_1_, payslips0_.user_email as user_ema7_1_1_ from pay_slip payslips0_ where payslips0_.user_email=?
?[1;31m
Start test 37?[0m
INSIDE api/acct/payments
Hibernate: select user0_.email as email1_2_0_, user0_.id as id2_2_0_, user0_.lastname as lastname3_2_0_, user0_.months as months4_2_0_, user0_.name as name5_2_0_, user0_.idd as idd7_2_0_, user0_.password as password6_2_0_, generalseq1_.number as number1_0_1_ from user user0_ left outer join id generalseq1_ on user0_.idd=generalseq1_.number where user0_.email=?
Hibernate: call next value for hibernate_sequence
Hibernate: insert into pay_slip (date, lastname, name, period, salary, user_email, id) values (?, ?, ?, ?, ?, ?, ?)
Hibernate: update user set id=?, lastname=?, months=?, name=?, idd=?, password=? where email=?
Hibernate: call next value for hibernate_sequence
Hibernate: insert into pay_slip (date, lastname, name, period, salary, user_email, id) values (?, ?, ?, ?, ?, ?, ?)
Hibernate: update user set id=?, lastname=?, months=?, name=?, idd=?, password=? where email=?
Hibernate: call next value for hibernate_sequence
Hibernate: insert into pay_slip (date, lastname, name, period, salary, user_email, id) values (?, ?, ?, ?, ?, ?, ?)
Hibernate: update user set id=?, lastname=?, months=?, name=?, idd=?, password=? where email=?
Hibernate: select user0_.email as email1_2_0_, user0_.id as id2_2_0_, user0_.lastname as lastname3_2_0_, user0_.months as months4_2_0_, user0_.name as name5_2_0_, user0_.idd as idd7_2_0_, user0_.password as password6_2_0_, generalseq1_.number as number1_0_1_ from user user0_ left outer join id generalseq1_ on user0_.idd=generalseq1_.number where user0_.email=?
Hibernate: call next value for hibernate_sequence
Hibernate: insert into pay_slip (date, lastname, name, period, salary, user_email, id) values (?, ?, ?, ?, ?, ?, ?)
Hibernate: update user set id=?, lastname=?, months=?, name=?, idd=?, password=? where email=?
Hibernate: call next value for hibernate_sequence
Hibernate: insert into pay_slip (date, lastname, name, period, salary, user_email, id) values (?, ?, ?, ?, ?, ?, ?)
Hibernate: update user set id=?, lastname=?, months=?, name=?, idd=?, password=? where email=?
Hibernate: call next value for hibernate_sequence
Hibernate: insert into pay_slip (date, lastname, name, period, salary, user_email, id) values (?, ?, ?, ?, ?, ?, ?)
Hibernate: update user set id=?, lastname=?, months=?, name=?, idd=?, password=? where email=?
?[1;31m
Start test 38?[0m
Hibernate: select user0_.email as email1_2_, user0_.id as id2_2_, user0_.lastname as lastname3_2_, user0_.months as months4_2_, user0_.name as name5_2_, user0_.idd as idd7_2_, user0_.password as password6_2_ from user user0_ where user0_.email=?
Hibernate: select generalseq0_.number as number1_0_0_, user1_.email as email1_2_1_, user1_.id as id2_2_1_, user1_.lastname as lastname3_2_1_, user1_.months as months4_2_1_, user1_.name as name5_2_1_, user1_.idd as idd7_2_1_, user1_.password as password6_2_1_ from id generalseq0_ left outer join user user1_ on generalseq0_.number=user1_.idd where generalseq0_.number=?
Hibernate: select user0_.email as email1_2_1_, user0_.id as id2_2_1_, user0_.lastname as lastname3_2_1_, user0_.months as months4_2_1_, user0_.name as name5_2_1_, user0_.idd as idd7_2_1_, user0_.password as password6_2_1_, generalseq1_.number as number1_0_0_ from user user0_ left outer join id generalseq1_ on user0_.idd=generalseq1_.number where user0_.idd=?


******PAYMENT********
johndoe@acme.com
Hibernate: select user0_.email as email1_2_0_, user0_.id as id2_2_0_, user0_.lastname as lastname3_2_0_, user0_.months as months4_2_0_, user0_.name as name5_2_0_, user0_.idd as idd7_2_0_, user0_.password as password6_2_0_, generalseq1_.number as number1_0_1_ from user user0_ left outer join id generalseq1_ on user0_.idd=generalseq1_.number where user0_.email=?
Hibernate: select payslips0_.user_email as user_ema7_1_0_, payslips0_.id as id1_1_0_, payslips0_.id as id1_1_1_, payslips0_.date as date2_1_1_, payslips0_.lastname as lastname3_1_1_, payslips0_.name as name4_1_1_, payslips0_.period as period5_1_1_, payslips0_.salary as salary6_1_1_, payslips0_.user_email as user_ema7_1_1_ from pay_slip payslips0_ where payslips0_.user_email=?
?[1;31m
Start test 39?[0m
INSIDE api/acct/payments
?[1;31m
Start test 40?[0m
Hibernate: select user0_.email as email1_2_, user0_.id as id2_2_, user0_.lastname as lastname3_2_, user0_.months as months4_2_, user0_.name as name5_2_, user0_.idd as idd7_2_, user0_.password as password6_2_ from user user0_ where user0_.email=?
Hibernate: select generalseq0_.number as number1_0_0_, user1_.email as email1_2_1_, user1_.id as id2_2_1_, user1_.lastname as lastname3_2_1_, user1_.months as months4_2_1_, user1_.name as name5_2_1_, user1_.idd as idd7_2_1_, user1_.password as password6_2_1_ from id generalseq0_ left outer join user user1_ on generalseq0_.number=user1_.idd where generalseq0_.number=?
Hibernate: select user0_.email as email1_2_1_, user0_.id as id2_2_1_, user0_.lastname as lastname3_2_1_, user0_.months as months4_2_1_, user0_.name as name5_2_1_, user0_.idd as idd7_2_1_, user0_.password as password6_2_1_, generalseq1_.number as number1_0_0_ from user user0_ left outer join id generalseq1_ on user0_.idd=generalseq1_.number where user0_.idd=?


******PAYMENT********
johndoe@acme.com
Hibernate: select user0_.email as email1_2_0_, user0_.id as id2_2_0_, user0_.lastname as lastname3_2_0_, user0_.months as months4_2_0_, user0_.name as name5_2_0_, user0_.idd as idd7_2_0_, user0_.password as password6_2_0_, generalseq1_.number as number1_0_1_ from user user0_ left outer join id generalseq1_ on user0_.idd=generalseq1_.number where user0_.email=?
Hibernate: select payslips0_.user_email as user_ema7_1_0_, payslips0_.id as id1_1_0_, payslips0_.id as id1_1_1_, payslips0_.date as date2_1_1_, payslips0_.lastname as lastname3_1_1_, payslips0_.name as name4_1_1_, payslips0_.period as period5_1_1_, payslips0_.salary as salary6_1_1_, payslips0_.user_email as user_ema7_1_1_ from pay_slip payslips0_ where payslips0_.user_email=?
?[1;31m
Start test 41?[0m
INSIDE api/acct/payments
?[1;31m
Start test 42?[0m
Hibernate: select user0_.email as email1_2_, user0_.id as id2_2_, user0_.lastname as lastname3_2_, user0_.months as months4_2_, user0_.name as name5_2_, user0_.idd as idd7_2_, user0_.password as password6_2_ from user user0_ where user0_.email=?
Hibernate: select generalseq0_.number as number1_0_0_, user1_.email as email1_2_1_, user1_.id as id2_2_1_, user1_.lastname as lastname3_2_1_, user1_.months as months4_2_1_, user1_.name as name5_2_1_, user1_.idd as idd7_2_1_, user1_.password as password6_2_1_ from id generalseq0_ left outer join user user1_ on generalseq0_.number=user1_.idd where generalseq0_.number=?
Hibernate: select user0_.email as email1_2_1_, user0_.id as id2_2_1_, user0_.lastname as lastname3_2_1_, user0_.months as months4_2_1_, user0_.name as name5_2_1_, user0_.idd as idd7_2_1_, user0_.password as password6_2_1_, generalseq1_.number as number1_0_0_ from user user0_ left outer join id generalseq1_ on user0_.idd=generalseq1_.number where user0_.idd=?


******PAYMENT********
johndoe@acme.com
Hibernate: select user0_.email as email1_2_0_, user0_.id as id2_2_0_, user0_.lastname as lastname3_2_0_, user0_.months as months4_2_0_, user0_.name as name5_2_0_, user0_.idd as idd7_2_0_, user0_.password as password6_2_0_, generalseq1_.number as number1_0_1_ from user user0_ left outer join id generalseq1_ on user0_.idd=generalseq1_.number where user0_.email=?
Hibernate: select payslips0_.user_email as user_ema7_1_0_, payslips0_.id as id1_1_0_, payslips0_.id as id1_1_1_, payslips0_.date as date2_1_1_, payslips0_.lastname as lastname3_1_1_, payslips0_.name as name4_1_1_, payslips0_.period as period5_1_1_, payslips0_.salary as salary6_1_1_, payslips0_.user_email as user_ema7_1_1_ from pay_slip payslips0_ where payslips0_.user_email=?
?[1;31m
Start test 43?[0m
INSIDE api/acct/payments
Hibernate: select user0_.email as email1_2_0_, user0_.id as id2_2_0_, user0_.lastname as lastname3_2_0_, user0_.months as months4_2_0_, user0_.name as name5_2_0_, user0_.idd as idd7_2_0_, user0_.password as password6_2_0_, generalseq1_.number as number1_0_1_ from user user0_ left outer join id generalseq1_ on user0_.idd=generalseq1_.number where user0_.email=?
?[1;31m
Start test 44?[0m
Hibernate: select user0_.email as email1_2_, user0_.id as id2_2_, user0_.lastname as lastname3_2_, user0_.months as months4_2_, user0_.name as name5_2_, user0_.idd as idd7_2_, user0_.password as password6_2_ from user user0_ where user0_.email=?
Hibernate: select generalseq0_.number as number1_0_0_, user1_.email as email1_2_1_, user1_.id as id2_2_1_, user1_.lastname as lastname3_2_1_, user1_.months as months4_2_1_, user1_.name as name5_2_1_, user1_.idd as idd7_2_1_, user1_.password as password6_2_1_ from id generalseq0_ left outer join user user1_ on generalseq0_.number=user1_.idd where generalseq0_.number=?
Hibernate: select user0_.email as email1_2_1_, user0_.id as id2_2_1_, user0_.lastname as lastname3_2_1_, user0_.months as months4_2_1_, user0_.name as name5_2_1_, user0_.idd as idd7_2_1_, user0_.password as password6_2_1_, generalseq1_.number as number1_0_0_ from user user0_ left outer join id generalseq1_ on user0_.idd=generalseq1_.number where user0_.idd=?


******PAYMENT********
johndoe@acme.com
Hibernate: select user0_.email as email1_2_0_, user0_.id as id2_2_0_, user0_.lastname as lastname3_2_0_, user0_.months as months4_2_0_, user0_.name as name5_2_0_, user0_.idd as idd7_2_0_, user0_.password as password6_2_0_, generalseq1_.number as number1_0_1_ from user user0_ left outer join id generalseq1_ on user0_.idd=generalseq1_.number where user0_.email=?
Hibernate: select payslips0_.user_email as user_ema7_1_0_, payslips0_.id as id1_1_0_, payslips0_.id as id1_1_1_, payslips0_.date as date2_1_1_, payslips0_.lastname as lastname3_1_1_, payslips0_.name as name4_1_1_, payslips0_.period as period5_1_1_, payslips0_.salary as salary6_1_1_, payslips0_.user_email as user_ema7_1_1_ from pay_slip payslips0_ where payslips0_.user_email=?
?[1;31m
Start test 45?[0m


INSIDE PUT api/acct/payments


Hibernate: select user0_.email as email1_2_0_, user0_.id as id2_2_0_, user0_.lastname as lastname3_2_0_, user0_.months as months4_2_0_, user0_.name as name5_2_0_, user0_.idd as idd7_2_0_, user0_.password as password6_2_0_, generalseq1_.number as number1_0_1_ from user user0_ left outer join id generalseq1_ on user0_.idd=generalseq1_.number where user0_.email=?
?[1;31m
Start test 46?[0m


INSIDE PUT api/acct/payments


Hibernate: select user0_.email as email1_2_0_, user0_.id as id2_2_0_, user0_.lastname as lastname3_2_0_, user0_.months as months4_2_0_, user0_.name as name5_2_0_, user0_.idd as idd7_2_0_, user0_.password as password6_2_0_, generalseq1_.number as number1_0_1_ from user user0_ left outer join id generalseq1_ on user0_.idd=generalseq1_.number where user0_.email=?
?[1;31m
Start test 47?[0m


INSIDE PUT api/acct/payments


Hibernate: select user0_.email as email1_2_0_, user0_.id as id2_2_0_, user0_.lastname as lastname3_2_0_, user0_.months as months4_2_0_, user0_.name as name5_2_0_, user0_.idd as idd7_2_0_, user0_.password as password6_2_0_, generalseq1_.number as number1_0_1_ from user user0_ left outer join id generalseq1_ on user0_.idd=generalseq1_.number where user0_.email=?
Hibernate: select payslips0_.user_email as user_ema7_1_0_, payslips0_.id as id1_1_0_, payslips0_.id as id1_1_1_, payslips0_.date as date2_1_1_, payslips0_.lastname as lastname3_1_1_, payslips0_.name as name4_1_1_, payslips0_.period as period5_1_1_, payslips0_.salary as salary6_1_1_, payslips0_.user_email as user_ema7_1_1_ from pay_slip payslips0_ where payslips0_.user_email=?
Hibernate: update pay_slip set date=?, lastname=?, name=?, period=?, salary=?, user_email=? where id=?
?[1;31m
Start test 48?[0m
Hibernate: select user0_.email as email1_2_, user0_.id as id2_2_, user0_.lastname as lastname3_2_, user0_.months as months4_2_, user0_.name as name5_2_, user0_.idd as idd7_2_, user0_.password as password6_2_ from user user0_ where user0_.email=?
Hibernate: select generalseq0_.number as number1_0_0_, user1_.email as email1_2_1_, user1_.id as id2_2_1_, user1_.lastname as lastname3_2_1_, user1_.months as months4_2_1_, user1_.name as name5_2_1_, user1_.idd as idd7_2_1_, user1_.password as password6_2_1_ from id generalseq0_ left outer join user user1_ on generalseq0_.number=user1_.idd where generalseq0_.number=?
Hibernate: select user0_.email as email1_2_1_, user0_.id as id2_2_1_, user0_.lastname as lastname3_2_1_, user0_.months as months4_2_1_, user0_.name as name5_2_1_, user0_.idd as idd7_2_1_, user0_.password as password6_2_1_, generalseq1_.number as number1_0_0_ from user user0_ left outer join id generalseq1_ on user0_.idd=generalseq1_.number where user0_.idd=?


******PAYMENT********
johndoe@acme.com
Hibernate: select user0_.email as email1_2_0_, user0_.id as id2_2_0_, user0_.lastname as lastname3_2_0_, user0_.months as months4_2_0_, user0_.name as name5_2_0_, user0_.idd as idd7_2_0_, user0_.password as password6_2_0_, generalseq1_.number as number1_0_1_ from user user0_ left outer join id generalseq1_ on user0_.idd=generalseq1_.number where user0_.email=?
Hibernate: select payslips0_.user_email as user_ema7_1_0_, payslips0_.id as id1_1_0_, payslips0_.id as id1_1_1_, payslips0_.date as date2_1_1_, payslips0_.lastname as lastname3_1_1_, payslips0_.name as name4_1_1_, payslips0_.period as period5_1_1_, payslips0_.salary as salary6_1_1_, payslips0_.user_email as user_ema7_1_1_ from pay_slip payslips0_ where payslips0_.user_email=?
?[1;31m
Start test 49?[0m
Hibernate: select user0_.email as email1_2_, user0_.id as id2_2_, user0_.lastname as lastname3_2_, user0_.months as months4_2_, user0_.name as name5_2_, user0_.idd as idd7_2_, user0_.password as password6_2_ from user user0_ where user0_.email=?
Hibernate: select generalseq0_.number as number1_0_0_, user1_.email as email1_2_1_, user1_.id as id2_2_1_, user1_.lastname as lastname3_2_1_, user1_.months as months4_2_1_, user1_.name as name5_2_1_, user1_.idd as idd7_2_1_, user1_.password as password6_2_1_ from id generalseq0_ left outer join user user1_ on generalseq0_.number=user1_.idd where generalseq0_.number=?
Hibernate: select user0_.email as email1_2_1_, user0_.id as id2_2_1_, user0_.lastname as lastname3_2_1_, user0_.months as months4_2_1_, user0_.name as name5_2_1_, user0_.idd as idd7_2_1_, user0_.password as password6_2_1_, generalseq1_.number as number1_0_0_ from user user0_ left outer join id generalseq1_ on user0_.idd=generalseq1_.number where user0_.idd=?


******PAYMENT********
johndoe@acme.com
Hibernate: select user0_.email as email1_2_0_, user0_.id as id2_2_0_, user0_.lastname as lastname3_2_0_, user0_.months as months4_2_0_, user0_.name as name5_2_0_, user0_.idd as idd7_2_0_, user0_.password as password6_2_0_, generalseq1_.number as number1_0_1_ from user user0_ left outer join id generalseq1_ on user0_.idd=generalseq1_.number where user0_.email=?
Hibernate: select payslips0_.user_email as user_ema7_1_0_, payslips0_.id as id1_1_0_, payslips0_.id as id1_1_1_, payslips0_.date as date2_1_1_, payslips0_.lastname as lastname3_1_1_, payslips0_.name as name4_1_1_, payslips0_.period as period5_1_1_, payslips0_.salary as salary6_1_1_, payslips0_.user_email as user_ema7_1_1_ from pay_slip payslips0_ where payslips0_.user_email=?
?[1;31m
Start test 50?[0m


INSIDE PUT api/acct/payments


Hibernate: select user0_.email as email1_2_0_, user0_.id as id2_2_0_, user0_.lastname as lastname3_2_0_, user0_.months as months4_2_0_, user0_.name as name5_2_0_, user0_.idd as idd7_2_0_, user0_.password as password6_2_0_, generalseq1_.number as number1_0_1_ from user user0_ left outer join id generalseq1_ on user0_.idd=generalseq1_.number where user0_.email=?
Hibernate: select payslips0_.user_email as user_ema7_1_0_, payslips0_.id as id1_1_0_, payslips0_.id as id1_1_1_, payslips0_.date as date2_1_1_, payslips0_.lastname as lastname3_1_1_, payslips0_.name as name4_1_1_, payslips0_.period as period5_1_1_, payslips0_.salary as salary6_1_1_, payslips0_.user_email as user_ema7_1_1_ from pay_slip payslips0_ where payslips0_.user_email=?
Hibernate: update pay_slip set date=?, lastname=?, name=?, period=?, salary=?, user_email=? where id=?
?[1;31m
Start test 51?[0m
Hibernate: select user0_.email as email1_2_, user0_.id as id2_2_, user0_.lastname as lastname3_2_, user0_.months as months4_2_, user0_.name as name5_2_, user0_.idd as idd7_2_, user0_.password as password6_2_ from user user0_ where user0_.email=?
Hibernate: select generalseq0_.number as number1_0_0_, user1_.email as email1_2_1_, user1_.id as id2_2_1_, user1_.lastname as lastname3_2_1_, user1_.months as months4_2_1_, user1_.name as name5_2_1_, user1_.idd as idd7_2_1_, user1_.password as password6_2_1_ from id generalseq0_ left outer join user user1_ on generalseq0_.number=user1_.idd where generalseq0_.number=?
Hibernate: select user0_.email as email1_2_1_, user0_.id as id2_2_1_, user0_.lastname as lastname3_2_1_, user0_.months as months4_2_1_, user0_.name as name5_2_1_, user0_.idd as idd7_2_1_, user0_.password as password6_2_1_, generalseq1_.number as number1_0_0_ from user user0_ left outer join id generalseq1_ on user0_.idd=generalseq1_.number where user0_.idd=?


******PAYMENT********
johndoe@acme.com
Hibernate: select user0_.email as email1_2_0_, user0_.id as id2_2_0_, user0_.lastname as lastname3_2_0_, user0_.months as months4_2_0_, user0_.name as name5_2_0_, user0_.idd as idd7_2_0_, user0_.password as password6_2_0_, generalseq1_.number as number1_0_1_ from user user0_ left outer join id generalseq1_ on user0_.idd=generalseq1_.number where user0_.email=?
Hibernate: select payslips0_.user_email as user_ema7_1_0_, payslips0_.id as id1_1_0_, payslips0_.id as id1_1_1_, payslips0_.date as date2_1_1_, payslips0_.lastname as lastname3_1_1_, payslips0_.name as name4_1_1_, payslips0_.period as period5_1_1_, payslips0_.salary as salary6_1_1_, payslips0_.user_email as user_ema7_1_1_ from pay_slip payslips0_ where payslips0_.user_email=?
?[1;31m
Start test 52?[0m
Hibernate: select user0_.email as email1_2_, user0_.id as id2_2_, user0_.lastname as lastname3_2_, user0_.months as months4_2_, user0_.name as name5_2_, user0_.idd as idd7_2_, user0_.password as password6_2_ from user user0_ where user0_.email=?
Hibernate: select generalseq0_.number as number1_0_0_, user1_.email as email1_2_1_, user1_.id as id2_2_1_, user1_.lastname as lastname3_2_1_, user1_.months as months4_2_1_, user1_.name as name5_2_1_, user1_.idd as idd7_2_1_, user1_.password as password6_2_1_ from id generalseq0_ left outer join user user1_ on generalseq0_.number=user1_.idd where generalseq0_.number=?
Hibernate: select user0_.email as email1_2_1_, user0_.id as id2_2_1_, user0_.lastname as lastname3_2_1_, user0_.months as months4_2_1_, user0_.name as name5_2_1_, user0_.idd as idd7_2_1_, user0_.password as password6_2_1_, generalseq1_.number as number1_0_0_ from user user0_ left outer join id generalseq1_ on user0_.idd=generalseq1_.number where user0_.idd=?


******PAYMENT********
johndoe@acme.com
Hibernate: select user0_.email as email1_2_0_, user0_.id as id2_2_0_, user0_.lastname as lastname3_2_0_, user0_.months as months4_2_0_, user0_.name as name5_2_0_, user0_.idd as idd7_2_0_, user0_.password as password6_2_0_, generalseq1_.number as number1_0_1_ from user user0_ left outer join id generalseq1_ on user0_.idd=generalseq1_.number where user0_.email=?
Hibernate: select payslips0_.user_email as user_ema7_1_0_, payslips0_.id as id1_1_0_, payslips0_.id as id1_1_1_, payslips0_.date as date2_1_1_, payslips0_.lastname as lastname3_1_1_, payslips0_.name as name4_1_1_, payslips0_.period as period5_1_1_, payslips0_.salary as salary6_1_1_, payslips0_.user_email as user_ema7_1_1_ from pay_slip payslips0_ where payslips0_.user_email=?
?[1;31m
Start test 53?[0m
Hibernate: select user0_.email as email1_2_, user0_.id as id2_2_, user0_.lastname as lastname3_2_, user0_.months as months4_2_, user0_.name as name5_2_, user0_.idd as idd7_2_, user0_.password as password6_2_ from user user0_ where user0_.email=?
Hibernate: select generalseq0_.number as number1_0_0_, user1_.email as email1_2_1_, user1_.id as id2_2_1_, user1_.lastname as lastname3_2_1_, user1_.months as months4_2_1_, user1_.name as name5_2_1_, user1_.idd as idd7_2_1_, user1_.password as password6_2_1_ from id generalseq0_ left outer join user user1_ on generalseq0_.number=user1_.idd where generalseq0_.number=?
Hibernate: select user0_.email as email1_2_1_, user0_.id as id2_2_1_, user0_.lastname as lastname3_2_1_, user0_.months as months4_2_1_, user0_.name as name5_2_1_, user0_.idd as idd7_2_1_, user0_.password as password6_2_1_, generalseq1_.number as number1_0_0_ from user user0_ left outer join id generalseq1_ on user0_.idd=generalseq1_.number where user0_.idd=?


******PAYMENT********
johndoe@acme.com
Hibernate: select user0_.email as email1_2_0_, user0_.id as id2_2_0_, user0_.lastname as lastname3_2_0_, user0_.months as months4_2_0_, user0_.name as name5_2_0_, user0_.idd as idd7_2_0_, user0_.password as password6_2_0_, generalseq1_.number as number1_0_1_ from user user0_ left outer join id generalseq1_ on user0_.idd=generalseq1_.number where user0_.email=?
Hibernate: select payslips0_.user_email as user_ema7_1_0_, payslips0_.id as id1_1_0_, payslips0_.id as id1_1_1_, payslips0_.date as date2_1_1_, payslips0_.lastname as lastname3_1_1_, payslips0_.name as name4_1_1_, payslips0_.period as period5_1_1_, payslips0_.salary as salary6_1_1_, payslips0_.user_email as user_ema7_1_1_ from pay_slip payslips0_ where payslips0_.user_email=?
]]></system-out>
  <system-err><![CDATA[]]></system-err>
</testsuite>
