<?xml version="1.0" encoding="UTF-8"?>
<testsuite name="AccountServiceTest" tests="1" skipped="0" failures="0" errors="0" timestamp="2022-08-15T17:42:41" hostname="LAPTOP-VBFHQFG2" time="37.942">
  <properties/>
  <testcase name="start" classname="AccountServiceTest" time="37.942"/>
  <system-out><![CDATA[?[1;31m
Start test 1?[0m

  .   ____          _            __ _ _
 /\\ / ___'_ __ _ _(_)_ __  __ _ \ \ \ \
( ( )\___ | '_ | '_| | '_ \/ _` | \ \ \ \
 \\/  ___)| |_)| | | | | || (_| |  ) ) ) )
  '  |____| .__|_| |_|_| |_\__, | / / / /
 =========|_|==============|___/=/_/_/_/
 :: Spring Boot ::        (v2.3.1.RELEASE)

2022-08-15 20:42:42.494  INFO 23496 --- [    Test worker] account.AccountServiceApplication        : Starting AccountServiceApplication on LAPTOP-VBFHQFG2 with PID 23496 (started by Ansis in C:\Users\Ansis\Desktop\maven\Account Service\Account Service\task)
2022-08-15 20:42:42.498  INFO 23496 --- [    Test worker] account.AccountServiceApplication        : No active profile set, falling back to default profiles: default
2022-08-15 20:42:43.666  INFO 23496 --- [    Test worker] .s.d.r.c.RepositoryConfigurationDelegate : Bootstrapping Spring Data JPA repositories in DEFERRED mode.
2022-08-15 20:42:43.745  INFO 23496 --- [    Test worker] .s.d.r.c.RepositoryConfigurationDelegate : Finished Spring Data repository scanning in 68ms. Found 3 JPA repository interfaces.
2022-08-15 20:42:44.389  INFO 23496 --- [    Test worker] o.s.b.w.embedded.tomcat.TomcatWebServer  : Tomcat initialized with port(s): 28852 (http)
2022-08-15 20:42:44.401  INFO 23496 --- [    Test worker] o.apache.catalina.core.StandardService   : Starting service [Tomcat]
2022-08-15 20:42:44.402  INFO 23496 --- [    Test worker] org.apache.catalina.core.StandardEngine  : Starting Servlet engine: [Apache Tomcat/9.0.36]
2022-08-15 20:42:44.505  INFO 23496 --- [    Test worker] o.a.c.c.C.[Tomcat].[localhost].[/]       : Initializing Spring embedded WebApplicationContext
2022-08-15 20:42:44.505  INFO 23496 --- [    Test worker] w.s.c.ServletWebServerApplicationContext : Root WebApplicationContext: initialization completed in 1951 ms
2022-08-15 20:42:44.734  INFO 23496 --- [    Test worker] com.zaxxer.hikari.HikariDataSource       : HikariPool-1 - Starting...
2022-08-15 20:42:44.945  INFO 23496 --- [    Test worker] com.zaxxer.hikari.HikariDataSource       : HikariPool-1 - Start completed.
2022-08-15 20:42:44.955  INFO 23496 --- [    Test worker] o.s.b.a.h2.H2ConsoleAutoConfiguration    : H2 console available at '/h2-console'. Database available at 'jdbc:h2:file:../service_db'
2022-08-15 20:42:45.128  INFO 23496 --- [    Test worker] o.s.s.concurrent.ThreadPoolTaskExecutor  : Initializing ExecutorService 'applicationTaskExecutor'
2022-08-15 20:42:45.187  INFO 23496 --- [         task-1] o.hibernate.jpa.internal.util.LogHelper  : HHH000204: Processing PersistenceUnitInfo [name: default]
2022-08-15 20:42:45.244  WARN 23496 --- [    Test worker] JpaBaseConfiguration$JpaWebConfiguration : spring.jpa.open-in-view is enabled by default. Therefore, database queries may be performed during view rendering. Explicitly configure spring.jpa.open-in-view to disable this warning
2022-08-15 20:42:45.261  INFO 23496 --- [         task-1] org.hibernate.Version                    : HHH000412: Hibernate ORM core version 5.4.17.Final
2022-08-15 20:42:45.440  INFO 23496 --- [         task-1] o.hibernate.annotations.common.Version   : HCANN000001: Hibernate Commons Annotations {5.1.0.Final}
2022-08-15 20:42:45.571  INFO 23496 --- [         task-1] org.hibernate.dialect.Dialect            : HHH000400: Using dialect: org.hibernate.dialect.H2Dialect
Hibernate: create table id (number bigint not null, primary key (number))
Hibernate: create table pay_slip (id bigint not null, date varchar(255), lastname varchar(255), name varchar(255), period varchar(255), salary varchar(255), user_email varchar(255) not null, primary key (id))
Hibernate: create table user (email varchar(255) not null, id bigint, lastname varchar(30), months binary(255), name varchar(30), password varchar(255), idd bigint, primary key (email))
Hibernate: create sequence hibernate_sequence start with 1 increment by 1
Hibernate: alter table pay_slip add constraint FK6iq3q6htw3itl605wlhkcjutn foreign key (user_email) references user
Hibernate: alter table user add constraint FK3mi03cam43b65y2a7q2o4mbc0 foreign key (idd) references id
2022-08-15 20:42:46.423  INFO 23496 --- [         task-1] o.h.e.t.j.p.i.JtaPlatformInitiator       : HHH000490: Using JtaPlatform implementation: [org.hibernate.engine.transaction.jta.platform.internal.NoJtaPlatform]
2022-08-15 20:42:46.430  INFO 23496 --- [         task-1] j.LocalContainerEntityManagerFactoryBean : Initialized JPA EntityManagerFactory for persistence unit 'default'
2022-08-15 20:42:46.763  INFO 23496 --- [    Test worker] o.s.b.a.e.web.EndpointLinksResolver      : Exposing 14 endpoint(s) beneath base path '/actuator'
2022-08-15 20:42:46.810  INFO 23496 --- [    Test worker] o.s.s.web.DefaultSecurityFilterChain     : Creating filter chain: any request, [org.springframework.security.web.context.request.async.WebAsyncManagerIntegrationFilter@1bb172dd, org.springframework.security.web.context.SecurityContextPersistenceFilter@5e6522a6, org.springframework.security.web.header.HeaderWriterFilter@a44effb, org.springframework.security.web.authentication.logout.LogoutFilter@70ecf57b, org.springframework.security.web.authentication.www.BasicAuthenticationFilter@569a26ab, org.springframework.security.web.savedrequest.RequestCacheAwareFilter@c4551c6, org.springframework.security.web.servletapi.SecurityContextHolderAwareRequestFilter@77ea960f, org.springframework.security.web.authentication.AnonymousAuthenticationFilter@1cdd31a4, org.springframework.security.web.session.SessionManagementFilter@2b6b487c, org.springframework.security.web.access.ExceptionTranslationFilter@b788dc2, org.springframework.security.web.access.intercept.FilterSecurityInterceptor@120d6cbf]
2022-08-15 20:42:47.092  INFO 23496 --- [    Test worker] o.s.b.w.embedded.tomcat.TomcatWebServer  : Tomcat started on port(s): 28852 (http) with context path ''
2022-08-15 20:42:47.093  INFO 23496 --- [    Test worker] DeferredRepositoryInitializationListener : Triggering deferred initialization of Spring Data repositoriesâ€¦
2022-08-15 20:42:47.453  INFO 23496 --- [    Test worker] DeferredRepositoryInitializationListener : Spring Data repositories initialized!
2022-08-15 20:42:47.464  INFO 23496 --- [    Test worker] account.AccountServiceApplication        : Started AccountServiceApplication in 5.282 seconds (JVM running for 6.186)
2022-08-15 20:42:47.773  INFO 23496 --- [io-28852-exec-1] o.a.c.c.C.[Tomcat].[localhost].[/]       : Initializing Spring DispatcherServlet 'dispatcherServlet'
2022-08-15 20:42:47.773  INFO 23496 --- [io-28852-exec-1] o.s.web.servlet.DispatcherServlet        : Initializing Servlet 'dispatcherServlet'
2022-08-15 20:42:47.781  INFO 23496 --- [io-28852-exec-1] o.s.web.servlet.DispatcherServlet        : Completed initialization in 8 ms


REGISTRATION


Doe
JohnDoe@acme.com
oMoa3VvqnLxW
********************
?[1;31m
Start test 2?[0m


REGISTRATION

null
Doe
JohnDoe@acme.com
oMoa3VvqnLxW
********************
?[1;31m
Start test 3?[0m


REGISTRATION

John

JohnDoe@acme.com
oMoa3VvqnLxW
********************
?[1;31m
Start test 4?[0m


REGISTRATION

John
null
JohnDoe@acme.com
oMoa3VvqnLxW
********************
?[1;31m
Start test 5?[0m


REGISTRATION

John
Doe

oMoa3VvqnLxW
********************
?[1;31m
Start test 6?[0m


REGISTRATION

John
Doe
null
oMoa3VvqnLxW
********************
?[1;31m
Start test 7?[0m


REGISTRATION

John
Doe
JohnDoe@acme.com

********************
?[1;31m
Start test 8?[0m


REGISTRATION

John
Doe
JohnDoe@acme.com
null
********************
?[1;31m
Start test 9?[0m


REGISTRATION

John
Doe
johndoeacme.com
oMoa3VvqnLxW
********************
?[1;31m
Start test 10?[0m


REGISTRATION

John
Doe
johndoe@google.com
oMoa3VvqnLxW
********************
?[1;31m
Start test 11?[0m


REGISTRATION

John
Doe
JohnDoe@acme.com
PasswordForJanuary
********************
Hibernate: select count(*) as col_0_0_ from user user0_ where user0_.email=?


REGISTRATION

John
Doe
JohnDoe@acme.com
PasswordForFebruary
********************
Hibernate: select count(*) as col_0_0_ from user user0_ where user0_.email=?


REGISTRATION

John
Doe
JohnDoe@acme.com
PasswordForMarch
********************
Hibernate: select count(*) as col_0_0_ from user user0_ where user0_.email=?


REGISTRATION

John
Doe
JohnDoe@acme.com
PasswordForApril
********************
Hibernate: select count(*) as col_0_0_ from user user0_ where user0_.email=?


REGISTRATION

John
Doe
JohnDoe@acme.com
PasswordForMay
********************
Hibernate: select count(*) as col_0_0_ from user user0_ where user0_.email=?


REGISTRATION

John
Doe
JohnDoe@acme.com
PasswordForJune
********************
Hibernate: select count(*) as col_0_0_ from user user0_ where user0_.email=?


REGISTRATION

John
Doe
JohnDoe@acme.com
PasswordForJuly
********************
Hibernate: select count(*) as col_0_0_ from user user0_ where user0_.email=?


REGISTRATION

John
Doe
JohnDoe@acme.com
PasswordForAugust
********************
Hibernate: select count(*) as col_0_0_ from user user0_ where user0_.email=?


REGISTRATION

John
Doe
JohnDoe@acme.com
PasswordForSeptember
********************
Hibernate: select count(*) as col_0_0_ from user user0_ where user0_.email=?


REGISTRATION

John
Doe
JohnDoe@acme.com
PasswordForOctober
********************
Hibernate: select count(*) as col_0_0_ from user user0_ where user0_.email=?


REGISTRATION

John
Doe
JohnDoe@acme.com
PasswordForNovember
********************
Hibernate: select count(*) as col_0_0_ from user user0_ where user0_.email=?


REGISTRATION

John
Doe
JohnDoe@acme.com
PasswordForDecember
********************
Hibernate: select count(*) as col_0_0_ from user user0_ where user0_.email=?
?[1;31m
Start test 12?[0m


REGISTRATION

John
Doe
JohnDoe@acme.com
oMoa3VvqnLxW
********************
Hibernate: select count(*) as col_0_0_ from user user0_ where user0_.email=?
SAVED!!!

Hibernate: select user0_.email as email1_2_1_, user0_.id as id2_2_1_, user0_.lastname as lastname3_2_1_, user0_.months as months4_2_1_, user0_.name as name5_2_1_, user0_.idd as idd7_2_1_, user0_.password as password6_2_1_, generalseq1_.number as number1_0_0_ from user user0_ left outer join id generalseq1_ on user0_.idd=generalseq1_.number where user0_.email=?
Hibernate: call next value for hibernate_sequence
Hibernate: insert into id (number) values (?)
Hibernate: insert into user (id, lastname, months, name, idd, password, email) values (?, ?, ?, ?, ?, ?, ?)
Hibernate: update user set id=?, lastname=?, months=?, name=?, idd=?, password=? where email=?


REGISTRATION

John
Doe
JohnDoe@acme.com
oMoa3VvqnLxW
********************
Hibernate: select count(*) as col_0_0_ from user user0_ where user0_.email=?
?[1;31m
Start test 13?[0m


REGISTRATION

John
Doe
JohnDoe@acme.com
oMoa3VvqnLxW
********************
Hibernate: select count(*) as col_0_0_ from user user0_ where user0_.email=?
?[1;31m
Start test 14?[0m


REGISTRATION

John
Doe
JohnDoe@acme.com
oMoa3VvqnLxW
********************
Hibernate: select count(*) as col_0_0_ from user user0_ where user0_.email=?
?[1;31m
Start test 15?[0m


REGISTRATION

John
Doe
johndoe@acme.com
oMoa3VvqnLxW
********************
Hibernate: select count(*) as col_0_0_ from user user0_ where user0_.email=?
?[1;31m
Start test 16?[0m


REGISTRATION

Max
Mustermann
maxmustermann@acme.com
ai0y9bMvyF6G
********************
Hibernate: select count(*) as col_0_0_ from user user0_ where user0_.email=?
SAVED!!!

Hibernate: select user0_.email as email1_2_1_, user0_.id as id2_2_1_, user0_.lastname as lastname3_2_1_, user0_.months as months4_2_1_, user0_.name as name5_2_1_, user0_.idd as idd7_2_1_, user0_.password as password6_2_1_, generalseq1_.number as number1_0_0_ from user user0_ left outer join id generalseq1_ on user0_.idd=generalseq1_.number where user0_.email=?
Hibernate: call next value for hibernate_sequence
Hibernate: insert into id (number) values (?)
Hibernate: insert into user (id, lastname, months, name, idd, password, email) values (?, ?, ?, ?, ?, ?, ?)
Hibernate: update user set id=?, lastname=?, months=?, name=?, idd=?, password=? where email=?


REGISTRATION

Max
Mustermann
maxmustermann@acme.com
ai0y9bMvyF6G
********************
Hibernate: select count(*) as col_0_0_ from user user0_ where user0_.email=?
?[1;31m
Start test 17?[0m


REGISTRATION

Max
Mustermann
maxmustermann@acme.com
ai0y9bMvyF6G
********************
Hibernate: select count(*) as col_0_0_ from user user0_ where user0_.email=?
?[1;31m
Start test 18?[0m


REGISTRATION

Max
Mustermann
MaxMustermann@acme.com
ai0y9bMvyF6G
********************
Hibernate: select count(*) as col_0_0_ from user user0_ where user0_.email=?
?[1;31m
Start test 19?[0m
Hibernate: select user0_.email as email1_2_, user0_.id as id2_2_, user0_.lastname as lastname3_2_, user0_.months as months4_2_, user0_.name as name5_2_, user0_.idd as idd7_2_, user0_.password as password6_2_ from user user0_ where user0_.email=?
Hibernate: select generalseq0_.number as number1_0_0_, user1_.email as email1_2_1_, user1_.id as id2_2_1_, user1_.lastname as lastname3_2_1_, user1_.months as months4_2_1_, user1_.name as name5_2_1_, user1_.idd as idd7_2_1_, user1_.password as password6_2_1_ from id generalseq0_ left outer join user user1_ on generalseq0_.number=user1_.idd where generalseq0_.number=?
Hibernate: select user0_.email as email1_2_1_, user0_.id as id2_2_1_, user0_.lastname as lastname3_2_1_, user0_.months as months4_2_1_, user0_.name as name5_2_1_, user0_.idd as idd7_2_1_, user0_.password as password6_2_1_, generalseq1_.number as number1_0_0_ from user user0_ left outer join id generalseq1_ on user0_.idd=generalseq1_.number where user0_.idd=?


******PAYMENT********
johndoe@acme.com
Hibernate: select user0_.email as email1_2_0_, user0_.id as id2_2_0_, user0_.lastname as lastname3_2_0_, user0_.months as months4_2_0_, user0_.name as name5_2_0_, user0_.idd as idd7_2_0_, user0_.password as password6_2_0_, generalseq1_.number as number1_0_1_ from user user0_ left outer join id generalseq1_ on user0_.idd=generalseq1_.number where user0_.email=?
John
Doe
Hibernate: select payslips0_.user_email as user_ema7_1_0_, payslips0_.id as id1_1_0_, payslips0_.id as id1_1_1_, payslips0_.date as date2_1_1_, payslips0_.lastname as lastname3_1_1_, payslips0_.name as name4_1_1_, payslips0_.period as period5_1_1_, payslips0_.salary as salary6_1_1_, payslips0_.user_email as user_ema7_1_1_ from pay_slip payslips0_ where payslips0_.user_email=?
?[1;31m
Start test 20?[0m
Hibernate: select user0_.email as email1_2_, user0_.id as id2_2_, user0_.lastname as lastname3_2_, user0_.months as months4_2_, user0_.name as name5_2_, user0_.idd as idd7_2_, user0_.password as password6_2_ from user user0_ where user0_.email=?
Hibernate: select generalseq0_.number as number1_0_0_, user1_.email as email1_2_1_, user1_.id as id2_2_1_, user1_.lastname as lastname3_2_1_, user1_.months as months4_2_1_, user1_.name as name5_2_1_, user1_.idd as idd7_2_1_, user1_.password as password6_2_1_ from id generalseq0_ left outer join user user1_ on generalseq0_.number=user1_.idd where generalseq0_.number=?
Hibernate: select user0_.email as email1_2_1_, user0_.id as id2_2_1_, user0_.lastname as lastname3_2_1_, user0_.months as months4_2_1_, user0_.name as name5_2_1_, user0_.idd as idd7_2_1_, user0_.password as password6_2_1_, generalseq1_.number as number1_0_0_ from user user0_ left outer join id generalseq1_ on user0_.idd=generalseq1_.number where user0_.idd=?


******PAYMENT********
johndoe@acme.com
Hibernate: select user0_.email as email1_2_0_, user0_.id as id2_2_0_, user0_.lastname as lastname3_2_0_, user0_.months as months4_2_0_, user0_.name as name5_2_0_, user0_.idd as idd7_2_0_, user0_.password as password6_2_0_, generalseq1_.number as number1_0_1_ from user user0_ left outer join id generalseq1_ on user0_.idd=generalseq1_.number where user0_.email=?
John
Doe
Hibernate: select payslips0_.user_email as user_ema7_1_0_, payslips0_.id as id1_1_0_, payslips0_.id as id1_1_1_, payslips0_.date as date2_1_1_, payslips0_.lastname as lastname3_1_1_, payslips0_.name as name4_1_1_, payslips0_.period as period5_1_1_, payslips0_.salary as salary6_1_1_, payslips0_.user_email as user_ema7_1_1_ from pay_slip payslips0_ where payslips0_.user_email=?
?[1;31m
Start test 21?[0m
Hibernate: select user0_.email as email1_2_, user0_.id as id2_2_, user0_.lastname as lastname3_2_, user0_.months as months4_2_, user0_.name as name5_2_, user0_.idd as idd7_2_, user0_.password as password6_2_ from user user0_ where user0_.email=?
Hibernate: select generalseq0_.number as number1_0_0_, user1_.email as email1_2_1_, user1_.id as id2_2_1_, user1_.lastname as lastname3_2_1_, user1_.months as months4_2_1_, user1_.name as name5_2_1_, user1_.idd as idd7_2_1_, user1_.password as password6_2_1_ from id generalseq0_ left outer join user user1_ on generalseq0_.number=user1_.idd where generalseq0_.number=?
Hibernate: select user0_.email as email1_2_1_, user0_.id as id2_2_1_, user0_.lastname as lastname3_2_1_, user0_.months as months4_2_1_, user0_.name as name5_2_1_, user0_.idd as idd7_2_1_, user0_.password as password6_2_1_, generalseq1_.number as number1_0_0_ from user user0_ left outer join id generalseq1_ on user0_.idd=generalseq1_.number where user0_.idd=?


******PAYMENT********
maxmustermann@acme.com
Hibernate: select user0_.email as email1_2_0_, user0_.id as id2_2_0_, user0_.lastname as lastname3_2_0_, user0_.months as months4_2_0_, user0_.name as name5_2_0_, user0_.idd as idd7_2_0_, user0_.password as password6_2_0_, generalseq1_.number as number1_0_1_ from user user0_ left outer join id generalseq1_ on user0_.idd=generalseq1_.number where user0_.email=?
Max
Mustermann
Hibernate: select payslips0_.user_email as user_ema7_1_0_, payslips0_.id as id1_1_0_, payslips0_.id as id1_1_1_, payslips0_.date as date2_1_1_, payslips0_.lastname as lastname3_1_1_, payslips0_.name as name4_1_1_, payslips0_.period as period5_1_1_, payslips0_.salary as salary6_1_1_, payslips0_.user_email as user_ema7_1_1_ from pay_slip payslips0_ where payslips0_.user_email=?
?[1;31m
Start test 22?[0m
Hibernate: select user0_.email as email1_2_, user0_.id as id2_2_, user0_.lastname as lastname3_2_, user0_.months as months4_2_, user0_.name as name5_2_, user0_.idd as idd7_2_, user0_.password as password6_2_ from user user0_ where user0_.email=?
Hibernate: select generalseq0_.number as number1_0_0_, user1_.email as email1_2_1_, user1_.id as id2_2_1_, user1_.lastname as lastname3_2_1_, user1_.months as months4_2_1_, user1_.name as name5_2_1_, user1_.idd as idd7_2_1_, user1_.password as password6_2_1_ from id generalseq0_ left outer join user user1_ on generalseq0_.number=user1_.idd where generalseq0_.number=?
Hibernate: select user0_.email as email1_2_1_, user0_.id as id2_2_1_, user0_.lastname as lastname3_2_1_, user0_.months as months4_2_1_, user0_.name as name5_2_1_, user0_.idd as idd7_2_1_, user0_.password as password6_2_1_, generalseq1_.number as number1_0_0_ from user user0_ left outer join id generalseq1_ on user0_.idd=generalseq1_.number where user0_.idd=?


******PAYMENT********
maxmustermann@acme.com
Hibernate: select user0_.email as email1_2_0_, user0_.id as id2_2_0_, user0_.lastname as lastname3_2_0_, user0_.months as months4_2_0_, user0_.name as name5_2_0_, user0_.idd as idd7_2_0_, user0_.password as password6_2_0_, generalseq1_.number as number1_0_1_ from user user0_ left outer join id generalseq1_ on user0_.idd=generalseq1_.number where user0_.email=?
Max
Mustermann
Hibernate: select payslips0_.user_email as user_ema7_1_0_, payslips0_.id as id1_1_0_, payslips0_.id as id1_1_1_, payslips0_.date as date2_1_1_, payslips0_.lastname as lastname3_1_1_, payslips0_.name as name4_1_1_, payslips0_.period as period5_1_1_, payslips0_.salary as salary6_1_1_, payslips0_.user_email as user_ema7_1_1_ from pay_slip payslips0_ where payslips0_.user_email=?
?[1;31m
Start test 23?[0m
Hibernate: select user0_.email as email1_2_, user0_.id as id2_2_, user0_.lastname as lastname3_2_, user0_.months as months4_2_, user0_.name as name5_2_, user0_.idd as idd7_2_, user0_.password as password6_2_ from user user0_ where user0_.email=?
Hibernate: select generalseq0_.number as number1_0_0_, user1_.email as email1_2_1_, user1_.id as id2_2_1_, user1_.lastname as lastname3_2_1_, user1_.months as months4_2_1_, user1_.name as name5_2_1_, user1_.idd as idd7_2_1_, user1_.password as password6_2_1_ from id generalseq0_ left outer join user user1_ on generalseq0_.number=user1_.idd where generalseq0_.number=?
Hibernate: select user0_.email as email1_2_1_, user0_.id as id2_2_1_, user0_.lastname as lastname3_2_1_, user0_.months as months4_2_1_, user0_.name as name5_2_1_, user0_.idd as idd7_2_1_, user0_.password as password6_2_1_, generalseq1_.number as number1_0_0_ from user user0_ left outer join id generalseq1_ on user0_.idd=generalseq1_.number where user0_.idd=?
?[1;31m
Start test 24?[0m
Hibernate: select user0_.email as email1_2_, user0_.id as id2_2_, user0_.lastname as lastname3_2_, user0_.months as months4_2_, user0_.name as name5_2_, user0_.idd as idd7_2_, user0_.password as password6_2_ from user user0_ where user0_.email=?
?[1;31m
Start test 25?[0m
Hibernate: select user0_.email as email1_2_, user0_.id as id2_2_, user0_.lastname as lastname3_2_, user0_.months as months4_2_, user0_.name as name5_2_, user0_.idd as idd7_2_, user0_.password as password6_2_ from user user0_ where user0_.email=?
Hibernate: select generalseq0_.number as number1_0_0_, user1_.email as email1_2_1_, user1_.id as id2_2_1_, user1_.lastname as lastname3_2_1_, user1_.months as months4_2_1_, user1_.name as name5_2_1_, user1_.idd as idd7_2_1_, user1_.password as password6_2_1_ from id generalseq0_ left outer join user user1_ on generalseq0_.number=user1_.idd where generalseq0_.number=?
Hibernate: select user0_.email as email1_2_1_, user0_.id as id2_2_1_, user0_.lastname as lastname3_2_1_, user0_.months as months4_2_1_, user0_.name as name5_2_1_, user0_.idd as idd7_2_1_, user0_.password as password6_2_1_, generalseq1_.number as number1_0_0_ from user user0_ left outer join id generalseq1_ on user0_.idd=generalseq1_.number where user0_.idd=?
?[1;31m
Start test 26?[0m
Hibernate: select user0_.email as email1_2_, user0_.id as id2_2_, user0_.lastname as lastname3_2_, user0_.months as months4_2_, user0_.name as name5_2_, user0_.idd as idd7_2_, user0_.password as password6_2_ from user user0_ where user0_.email=?
?[1;31m
Start test 27?[0m
?[1;31m
Start test 28?[0m
?[1;31m
Start test 29?[0m
Hibernate: select user0_.email as email1_2_, user0_.id as id2_2_, user0_.lastname as lastname3_2_, user0_.months as months4_2_, user0_.name as name5_2_, user0_.idd as idd7_2_, user0_.password as password6_2_ from user user0_ where user0_.email=?
Hibernate: select generalseq0_.number as number1_0_0_, user1_.email as email1_2_1_, user1_.id as id2_2_1_, user1_.lastname as lastname3_2_1_, user1_.months as months4_2_1_, user1_.name as name5_2_1_, user1_.idd as idd7_2_1_, user1_.password as password6_2_1_ from id generalseq0_ left outer join user user1_ on generalseq0_.number=user1_.idd where generalseq0_.number=?
Hibernate: select user0_.email as email1_2_1_, user0_.id as id2_2_1_, user0_.lastname as lastname3_2_1_, user0_.months as months4_2_1_, user0_.name as name5_2_1_, user0_.idd as idd7_2_1_, user0_.password as password6_2_1_, generalseq1_.number as number1_0_0_ from user user0_ left outer join id generalseq1_ on user0_.idd=generalseq1_.number where user0_.idd=?

ChangePassword


oMoa3Vvqn
johndoe@acme.com
Hibernate: select user0_.email as email1_2_0_, user0_.id as id2_2_0_, user0_.lastname as lastname3_2_0_, user0_.months as months4_2_0_, user0_.name as name5_2_0_, user0_.idd as idd7_2_0_, user0_.password as password6_2_0_, generalseq1_.number as number1_0_1_ from user user0_ left outer join id generalseq1_ on user0_.idd=generalseq1_.number where user0_.email=?

******************


?[1;31m
Start test 30?[0m
Hibernate: select user0_.email as email1_2_, user0_.id as id2_2_, user0_.lastname as lastname3_2_, user0_.months as months4_2_, user0_.name as name5_2_, user0_.idd as idd7_2_, user0_.password as password6_2_ from user user0_ where user0_.email=?
Hibernate: select generalseq0_.number as number1_0_0_, user1_.email as email1_2_1_, user1_.id as id2_2_1_, user1_.lastname as lastname3_2_1_, user1_.months as months4_2_1_, user1_.name as name5_2_1_, user1_.idd as idd7_2_1_, user1_.password as password6_2_1_ from id generalseq0_ left outer join user user1_ on generalseq0_.number=user1_.idd where generalseq0_.number=?
Hibernate: select user0_.email as email1_2_1_, user0_.id as id2_2_1_, user0_.lastname as lastname3_2_1_, user0_.months as months4_2_1_, user0_.name as name5_2_1_, user0_.idd as idd7_2_1_, user0_.password as password6_2_1_, generalseq1_.number as number1_0_0_ from user user0_ left outer join id generalseq1_ on user0_.idd=generalseq1_.number where user0_.idd=?

ChangePassword


oMoa3VvqnLxW
johndoe@acme.com
Hibernate: select user0_.email as email1_2_0_, user0_.id as id2_2_0_, user0_.lastname as lastname3_2_0_, user0_.months as months4_2_0_, user0_.name as name5_2_0_, user0_.idd as idd7_2_0_, user0_.password as password6_2_0_, generalseq1_.number as number1_0_1_ from user user0_ left outer join id generalseq1_ on user0_.idd=generalseq1_.number where user0_.email=?

******************


?[1;31m
Start test 31?[0m
Hibernate: select user0_.email as email1_2_, user0_.id as id2_2_, user0_.lastname as lastname3_2_, user0_.months as months4_2_, user0_.name as name5_2_, user0_.idd as idd7_2_, user0_.password as password6_2_ from user user0_ where user0_.email=?
Hibernate: select generalseq0_.number as number1_0_0_, user1_.email as email1_2_1_, user1_.id as id2_2_1_, user1_.lastname as lastname3_2_1_, user1_.months as months4_2_1_, user1_.name as name5_2_1_, user1_.idd as idd7_2_1_, user1_.password as password6_2_1_ from id generalseq0_ left outer join user user1_ on generalseq0_.number=user1_.idd where generalseq0_.number=?
Hibernate: select user0_.email as email1_2_1_, user0_.id as id2_2_1_, user0_.lastname as lastname3_2_1_, user0_.months as months4_2_1_, user0_.name as name5_2_1_, user0_.idd as idd7_2_1_, user0_.password as password6_2_1_, generalseq1_.number as number1_0_0_ from user user0_ left outer join id generalseq1_ on user0_.idd=generalseq1_.number where user0_.idd=?

ChangePassword


PasswordForJanuary
johndoe@acme.com
Hibernate: select user0_.email as email1_2_0_, user0_.id as id2_2_0_, user0_.lastname as lastname3_2_0_, user0_.months as months4_2_0_, user0_.name as name5_2_0_, user0_.idd as idd7_2_0_, user0_.password as password6_2_0_, generalseq1_.number as number1_0_1_ from user user0_ left outer join id generalseq1_ on user0_.idd=generalseq1_.number where user0_.email=?

******************


Hibernate: select user0_.email as email1_2_, user0_.id as id2_2_, user0_.lastname as lastname3_2_, user0_.months as months4_2_, user0_.name as name5_2_, user0_.idd as idd7_2_, user0_.password as password6_2_ from user user0_ where user0_.email=?
Hibernate: select generalseq0_.number as number1_0_0_, user1_.email as email1_2_1_, user1_.id as id2_2_1_, user1_.lastname as lastname3_2_1_, user1_.months as months4_2_1_, user1_.name as name5_2_1_, user1_.idd as idd7_2_1_, user1_.password as password6_2_1_ from id generalseq0_ left outer join user user1_ on generalseq0_.number=user1_.idd where generalseq0_.number=?
Hibernate: select user0_.email as email1_2_1_, user0_.id as id2_2_1_, user0_.lastname as lastname3_2_1_, user0_.months as months4_2_1_, user0_.name as name5_2_1_, user0_.idd as idd7_2_1_, user0_.password as password6_2_1_, generalseq1_.number as number1_0_0_ from user user0_ left outer join id generalseq1_ on user0_.idd=generalseq1_.number where user0_.idd=?

ChangePassword


PasswordForFebruary
johndoe@acme.com
Hibernate: select user0_.email as email1_2_0_, user0_.id as id2_2_0_, user0_.lastname as lastname3_2_0_, user0_.months as months4_2_0_, user0_.name as name5_2_0_, user0_.idd as idd7_2_0_, user0_.password as password6_2_0_, generalseq1_.number as number1_0_1_ from user user0_ left outer join id generalseq1_ on user0_.idd=generalseq1_.number where user0_.email=?

******************


Hibernate: select user0_.email as email1_2_, user0_.id as id2_2_, user0_.lastname as lastname3_2_, user0_.months as months4_2_, user0_.name as name5_2_, user0_.idd as idd7_2_, user0_.password as password6_2_ from user user0_ where user0_.email=?
Hibernate: select generalseq0_.number as number1_0_0_, user1_.email as email1_2_1_, user1_.id as id2_2_1_, user1_.lastname as lastname3_2_1_, user1_.months as months4_2_1_, user1_.name as name5_2_1_, user1_.idd as idd7_2_1_, user1_.password as password6_2_1_ from id generalseq0_ left outer join user user1_ on generalseq0_.number=user1_.idd where generalseq0_.number=?
Hibernate: select user0_.email as email1_2_1_, user0_.id as id2_2_1_, user0_.lastname as lastname3_2_1_, user0_.months as months4_2_1_, user0_.name as name5_2_1_, user0_.idd as idd7_2_1_, user0_.password as password6_2_1_, generalseq1_.number as number1_0_0_ from user user0_ left outer join id generalseq1_ on user0_.idd=generalseq1_.number where user0_.idd=?

ChangePassword


PasswordForMarch
johndoe@acme.com
Hibernate: select user0_.email as email1_2_0_, user0_.id as id2_2_0_, user0_.lastname as lastname3_2_0_, user0_.months as months4_2_0_, user0_.name as name5_2_0_, user0_.idd as idd7_2_0_, user0_.password as password6_2_0_, generalseq1_.number as number1_0_1_ from user user0_ left outer join id generalseq1_ on user0_.idd=generalseq1_.number where user0_.email=?

******************


Hibernate: select user0_.email as email1_2_, user0_.id as id2_2_, user0_.lastname as lastname3_2_, user0_.months as months4_2_, user0_.name as name5_2_, user0_.idd as idd7_2_, user0_.password as password6_2_ from user user0_ where user0_.email=?
Hibernate: select generalseq0_.number as number1_0_0_, user1_.email as email1_2_1_, user1_.id as id2_2_1_, user1_.lastname as lastname3_2_1_, user1_.months as months4_2_1_, user1_.name as name5_2_1_, user1_.idd as idd7_2_1_, user1_.password as password6_2_1_ from id generalseq0_ left outer join user user1_ on generalseq0_.number=user1_.idd where generalseq0_.number=?
Hibernate: select user0_.email as email1_2_1_, user0_.id as id2_2_1_, user0_.lastname as lastname3_2_1_, user0_.months as months4_2_1_, user0_.name as name5_2_1_, user0_.idd as idd7_2_1_, user0_.password as password6_2_1_, generalseq1_.number as number1_0_0_ from user user0_ left outer join id generalseq1_ on user0_.idd=generalseq1_.number where user0_.idd=?

ChangePassword


PasswordForApril
johndoe@acme.com
Hibernate: select user0_.email as email1_2_0_, user0_.id as id2_2_0_, user0_.lastname as lastname3_2_0_, user0_.months as months4_2_0_, user0_.name as name5_2_0_, user0_.idd as idd7_2_0_, user0_.password as password6_2_0_, generalseq1_.number as number1_0_1_ from user user0_ left outer join id generalseq1_ on user0_.idd=generalseq1_.number where user0_.email=?

******************


Hibernate: select user0_.email as email1_2_, user0_.id as id2_2_, user0_.lastname as lastname3_2_, user0_.months as months4_2_, user0_.name as name5_2_, user0_.idd as idd7_2_, user0_.password as password6_2_ from user user0_ where user0_.email=?
Hibernate: select generalseq0_.number as number1_0_0_, user1_.email as email1_2_1_, user1_.id as id2_2_1_, user1_.lastname as lastname3_2_1_, user1_.months as months4_2_1_, user1_.name as name5_2_1_, user1_.idd as idd7_2_1_, user1_.password as password6_2_1_ from id generalseq0_ left outer join user user1_ on generalseq0_.number=user1_.idd where generalseq0_.number=?
Hibernate: select user0_.email as email1_2_1_, user0_.id as id2_2_1_, user0_.lastname as lastname3_2_1_, user0_.months as months4_2_1_, user0_.name as name5_2_1_, user0_.idd as idd7_2_1_, user0_.password as password6_2_1_, generalseq1_.number as number1_0_0_ from user user0_ left outer join id generalseq1_ on user0_.idd=generalseq1_.number where user0_.idd=?

ChangePassword


PasswordForMay
johndoe@acme.com
Hibernate: select user0_.email as email1_2_0_, user0_.id as id2_2_0_, user0_.lastname as lastname3_2_0_, user0_.months as months4_2_0_, user0_.name as name5_2_0_, user0_.idd as idd7_2_0_, user0_.password as password6_2_0_, generalseq1_.number as number1_0_1_ from user user0_ left outer join id generalseq1_ on user0_.idd=generalseq1_.number where user0_.email=?

******************


Hibernate: select user0_.email as email1_2_, user0_.id as id2_2_, user0_.lastname as lastname3_2_, user0_.months as months4_2_, user0_.name as name5_2_, user0_.idd as idd7_2_, user0_.password as password6_2_ from user user0_ where user0_.email=?
Hibernate: select generalseq0_.number as number1_0_0_, user1_.email as email1_2_1_, user1_.id as id2_2_1_, user1_.lastname as lastname3_2_1_, user1_.months as months4_2_1_, user1_.name as name5_2_1_, user1_.idd as idd7_2_1_, user1_.password as password6_2_1_ from id generalseq0_ left outer join user user1_ on generalseq0_.number=user1_.idd where generalseq0_.number=?
Hibernate: select user0_.email as email1_2_1_, user0_.id as id2_2_1_, user0_.lastname as lastname3_2_1_, user0_.months as months4_2_1_, user0_.name as name5_2_1_, user0_.idd as idd7_2_1_, user0_.password as password6_2_1_, generalseq1_.number as number1_0_0_ from user user0_ left outer join id generalseq1_ on user0_.idd=generalseq1_.number where user0_.idd=?

ChangePassword


PasswordForJune
johndoe@acme.com
Hibernate: select user0_.email as email1_2_0_, user0_.id as id2_2_0_, user0_.lastname as lastname3_2_0_, user0_.months as months4_2_0_, user0_.name as name5_2_0_, user0_.idd as idd7_2_0_, user0_.password as password6_2_0_, generalseq1_.number as number1_0_1_ from user user0_ left outer join id generalseq1_ on user0_.idd=generalseq1_.number where user0_.email=?

******************


Hibernate: select user0_.email as email1_2_, user0_.id as id2_2_, user0_.lastname as lastname3_2_, user0_.months as months4_2_, user0_.name as name5_2_, user0_.idd as idd7_2_, user0_.password as password6_2_ from user user0_ where user0_.email=?
Hibernate: select generalseq0_.number as number1_0_0_, user1_.email as email1_2_1_, user1_.id as id2_2_1_, user1_.lastname as lastname3_2_1_, user1_.months as months4_2_1_, user1_.name as name5_2_1_, user1_.idd as idd7_2_1_, user1_.password as password6_2_1_ from id generalseq0_ left outer join user user1_ on generalseq0_.number=user1_.idd where generalseq0_.number=?
Hibernate: select user0_.email as email1_2_1_, user0_.id as id2_2_1_, user0_.lastname as lastname3_2_1_, user0_.months as months4_2_1_, user0_.name as name5_2_1_, user0_.idd as idd7_2_1_, user0_.password as password6_2_1_, generalseq1_.number as number1_0_0_ from user user0_ left outer join id generalseq1_ on user0_.idd=generalseq1_.number where user0_.idd=?

ChangePassword


PasswordForJuly
johndoe@acme.com
Hibernate: select user0_.email as email1_2_0_, user0_.id as id2_2_0_, user0_.lastname as lastname3_2_0_, user0_.months as months4_2_0_, user0_.name as name5_2_0_, user0_.idd as idd7_2_0_, user0_.password as password6_2_0_, generalseq1_.number as number1_0_1_ from user user0_ left outer join id generalseq1_ on user0_.idd=generalseq1_.number where user0_.email=?

******************


Hibernate: select user0_.email as email1_2_, user0_.id as id2_2_, user0_.lastname as lastname3_2_, user0_.months as months4_2_, user0_.name as name5_2_, user0_.idd as idd7_2_, user0_.password as password6_2_ from user user0_ where user0_.email=?
Hibernate: select generalseq0_.number as number1_0_0_, user1_.email as email1_2_1_, user1_.id as id2_2_1_, user1_.lastname as lastname3_2_1_, user1_.months as months4_2_1_, user1_.name as name5_2_1_, user1_.idd as idd7_2_1_, user1_.password as password6_2_1_ from id generalseq0_ left outer join user user1_ on generalseq0_.number=user1_.idd where generalseq0_.number=?
Hibernate: select user0_.email as email1_2_1_, user0_.id as id2_2_1_, user0_.lastname as lastname3_2_1_, user0_.months as months4_2_1_, user0_.name as name5_2_1_, user0_.idd as idd7_2_1_, user0_.password as password6_2_1_, generalseq1_.number as number1_0_0_ from user user0_ left outer join id generalseq1_ on user0_.idd=generalseq1_.number where user0_.idd=?

ChangePassword


PasswordForAugust
johndoe@acme.com
Hibernate: select user0_.email as email1_2_0_, user0_.id as id2_2_0_, user0_.lastname as lastname3_2_0_, user0_.months as months4_2_0_, user0_.name as name5_2_0_, user0_.idd as idd7_2_0_, user0_.password as password6_2_0_, generalseq1_.number as number1_0_1_ from user user0_ left outer join id generalseq1_ on user0_.idd=generalseq1_.number where user0_.email=?

******************


Hibernate: select user0_.email as email1_2_, user0_.id as id2_2_, user0_.lastname as lastname3_2_, user0_.months as months4_2_, user0_.name as name5_2_, user0_.idd as idd7_2_, user0_.password as password6_2_ from user user0_ where user0_.email=?
Hibernate: select generalseq0_.number as number1_0_0_, user1_.email as email1_2_1_, user1_.id as id2_2_1_, user1_.lastname as lastname3_2_1_, user1_.months as months4_2_1_, user1_.name as name5_2_1_, user1_.idd as idd7_2_1_, user1_.password as password6_2_1_ from id generalseq0_ left outer join user user1_ on generalseq0_.number=user1_.idd where generalseq0_.number=?
Hibernate: select user0_.email as email1_2_1_, user0_.id as id2_2_1_, user0_.lastname as lastname3_2_1_, user0_.months as months4_2_1_, user0_.name as name5_2_1_, user0_.idd as idd7_2_1_, user0_.password as password6_2_1_, generalseq1_.number as number1_0_0_ from user user0_ left outer join id generalseq1_ on user0_.idd=generalseq1_.number where user0_.idd=?

ChangePassword


PasswordForSeptember
johndoe@acme.com
Hibernate: select user0_.email as email1_2_0_, user0_.id as id2_2_0_, user0_.lastname as lastname3_2_0_, user0_.months as months4_2_0_, user0_.name as name5_2_0_, user0_.idd as idd7_2_0_, user0_.password as password6_2_0_, generalseq1_.number as number1_0_1_ from user user0_ left outer join id generalseq1_ on user0_.idd=generalseq1_.number where user0_.email=?

******************


Hibernate: select user0_.email as email1_2_, user0_.id as id2_2_, user0_.lastname as lastname3_2_, user0_.months as months4_2_, user0_.name as name5_2_, user0_.idd as idd7_2_, user0_.password as password6_2_ from user user0_ where user0_.email=?
Hibernate: select generalseq0_.number as number1_0_0_, user1_.email as email1_2_1_, user1_.id as id2_2_1_, user1_.lastname as lastname3_2_1_, user1_.months as months4_2_1_, user1_.name as name5_2_1_, user1_.idd as idd7_2_1_, user1_.password as password6_2_1_ from id generalseq0_ left outer join user user1_ on generalseq0_.number=user1_.idd where generalseq0_.number=?
Hibernate: select user0_.email as email1_2_1_, user0_.id as id2_2_1_, user0_.lastname as lastname3_2_1_, user0_.months as months4_2_1_, user0_.name as name5_2_1_, user0_.idd as idd7_2_1_, user0_.password as password6_2_1_, generalseq1_.number as number1_0_0_ from user user0_ left outer join id generalseq1_ on user0_.idd=generalseq1_.number where user0_.idd=?

ChangePassword


PasswordForOctober
johndoe@acme.com
Hibernate: select user0_.email as email1_2_0_, user0_.id as id2_2_0_, user0_.lastname as lastname3_2_0_, user0_.months as months4_2_0_, user0_.name as name5_2_0_, user0_.idd as idd7_2_0_, user0_.password as password6_2_0_, generalseq1_.number as number1_0_1_ from user user0_ left outer join id generalseq1_ on user0_.idd=generalseq1_.number where user0_.email=?

******************


Hibernate: select user0_.email as email1_2_, user0_.id as id2_2_, user0_.lastname as lastname3_2_, user0_.months as months4_2_, user0_.name as name5_2_, user0_.idd as idd7_2_, user0_.password as password6_2_ from user user0_ where user0_.email=?
Hibernate: select generalseq0_.number as number1_0_0_, user1_.email as email1_2_1_, user1_.id as id2_2_1_, user1_.lastname as lastname3_2_1_, user1_.months as months4_2_1_, user1_.name as name5_2_1_, user1_.idd as idd7_2_1_, user1_.password as password6_2_1_ from id generalseq0_ left outer join user user1_ on generalseq0_.number=user1_.idd where generalseq0_.number=?
Hibernate: select user0_.email as email1_2_1_, user0_.id as id2_2_1_, user0_.lastname as lastname3_2_1_, user0_.months as months4_2_1_, user0_.name as name5_2_1_, user0_.idd as idd7_2_1_, user0_.password as password6_2_1_, generalseq1_.number as number1_0_0_ from user user0_ left outer join id generalseq1_ on user0_.idd=generalseq1_.number where user0_.idd=?

ChangePassword


PasswordForNovember
johndoe@acme.com
Hibernate: select user0_.email as email1_2_0_, user0_.id as id2_2_0_, user0_.lastname as lastname3_2_0_, user0_.months as months4_2_0_, user0_.name as name5_2_0_, user0_.idd as idd7_2_0_, user0_.password as password6_2_0_, generalseq1_.number as number1_0_1_ from user user0_ left outer join id generalseq1_ on user0_.idd=generalseq1_.number where user0_.email=?

******************


Hibernate: select user0_.email as email1_2_, user0_.id as id2_2_, user0_.lastname as lastname3_2_, user0_.months as months4_2_, user0_.name as name5_2_, user0_.idd as idd7_2_, user0_.password as password6_2_ from user user0_ where user0_.email=?
Hibernate: select generalseq0_.number as number1_0_0_, user1_.email as email1_2_1_, user1_.id as id2_2_1_, user1_.lastname as lastname3_2_1_, user1_.months as months4_2_1_, user1_.name as name5_2_1_, user1_.idd as idd7_2_1_, user1_.password as password6_2_1_ from id generalseq0_ left outer join user user1_ on generalseq0_.number=user1_.idd where generalseq0_.number=?
Hibernate: select user0_.email as email1_2_1_, user0_.id as id2_2_1_, user0_.lastname as lastname3_2_1_, user0_.months as months4_2_1_, user0_.name as name5_2_1_, user0_.idd as idd7_2_1_, user0_.password as password6_2_1_, generalseq1_.number as number1_0_0_ from user user0_ left outer join id generalseq1_ on user0_.idd=generalseq1_.number where user0_.idd=?

ChangePassword


PasswordForDecember
johndoe@acme.com
Hibernate: select user0_.email as email1_2_0_, user0_.id as id2_2_0_, user0_.lastname as lastname3_2_0_, user0_.months as months4_2_0_, user0_.name as name5_2_0_, user0_.idd as idd7_2_0_, user0_.password as password6_2_0_, generalseq1_.number as number1_0_1_ from user user0_ left outer join id generalseq1_ on user0_.idd=generalseq1_.number where user0_.email=?

******************


?[1;31m
Start test 32?[0m
Hibernate: select user0_.email as email1_2_, user0_.id as id2_2_, user0_.lastname as lastname3_2_, user0_.months as months4_2_, user0_.name as name5_2_, user0_.idd as idd7_2_, user0_.password as password6_2_ from user user0_ where user0_.email=?
Hibernate: select generalseq0_.number as number1_0_0_, user1_.email as email1_2_1_, user1_.id as id2_2_1_, user1_.lastname as lastname3_2_1_, user1_.months as months4_2_1_, user1_.name as name5_2_1_, user1_.idd as idd7_2_1_, user1_.password as password6_2_1_ from id generalseq0_ left outer join user user1_ on generalseq0_.number=user1_.idd where generalseq0_.number=?
Hibernate: select user0_.email as email1_2_1_, user0_.id as id2_2_1_, user0_.lastname as lastname3_2_1_, user0_.months as months4_2_1_, user0_.name as name5_2_1_, user0_.idd as idd7_2_1_, user0_.password as password6_2_1_, generalseq1_.number as number1_0_0_ from user user0_ left outer join id generalseq1_ on user0_.idd=generalseq1_.number where user0_.idd=?

ChangePassword


aNob5VvqzRtb
johndoe@acme.com
Hibernate: select user0_.email as email1_2_0_, user0_.id as id2_2_0_, user0_.lastname as lastname3_2_0_, user0_.months as months4_2_0_, user0_.name as name5_2_0_, user0_.idd as idd7_2_0_, user0_.password as password6_2_0_, generalseq1_.number as number1_0_1_ from user user0_ left outer join id generalseq1_ on user0_.idd=generalseq1_.number where user0_.email=?

******************


Hibernate: update user set id=?, lastname=?, months=?, name=?, idd=?, password=? where email=?
******************
?[1;31m
Start test 33?[0m
Hibernate: select user0_.email as email1_2_, user0_.id as id2_2_, user0_.lastname as lastname3_2_, user0_.months as months4_2_, user0_.name as name5_2_, user0_.idd as idd7_2_, user0_.password as password6_2_ from user user0_ where user0_.email=?
Hibernate: select generalseq0_.number as number1_0_0_, user1_.email as email1_2_1_, user1_.id as id2_2_1_, user1_.lastname as lastname3_2_1_, user1_.months as months4_2_1_, user1_.name as name5_2_1_, user1_.idd as idd7_2_1_, user1_.password as password6_2_1_ from id generalseq0_ left outer join user user1_ on generalseq0_.number=user1_.idd where generalseq0_.number=?
Hibernate: select user0_.email as email1_2_1_, user0_.id as id2_2_1_, user0_.lastname as lastname3_2_1_, user0_.months as months4_2_1_, user0_.name as name5_2_1_, user0_.idd as idd7_2_1_, user0_.password as password6_2_1_, generalseq1_.number as number1_0_0_ from user user0_ left outer join id generalseq1_ on user0_.idd=generalseq1_.number where user0_.idd=?
?[1;31m
Start test 34?[0m
Hibernate: select user0_.email as email1_2_, user0_.id as id2_2_, user0_.lastname as lastname3_2_, user0_.months as months4_2_, user0_.name as name5_2_, user0_.idd as idd7_2_, user0_.password as password6_2_ from user user0_ where user0_.email=?
Hibernate: select generalseq0_.number as number1_0_0_, user1_.email as email1_2_1_, user1_.id as id2_2_1_, user1_.lastname as lastname3_2_1_, user1_.months as months4_2_1_, user1_.name as name5_2_1_, user1_.idd as idd7_2_1_, user1_.password as password6_2_1_ from id generalseq0_ left outer join user user1_ on generalseq0_.number=user1_.idd where generalseq0_.number=?
Hibernate: select user0_.email as email1_2_1_, user0_.id as id2_2_1_, user0_.lastname as lastname3_2_1_, user0_.months as months4_2_1_, user0_.name as name5_2_1_, user0_.idd as idd7_2_1_, user0_.password as password6_2_1_, generalseq1_.number as number1_0_0_ from user user0_ left outer join id generalseq1_ on user0_.idd=generalseq1_.number where user0_.idd=?


******PAYMENT********
johndoe@acme.com
Hibernate: select user0_.email as email1_2_0_, user0_.id as id2_2_0_, user0_.lastname as lastname3_2_0_, user0_.months as months4_2_0_, user0_.name as name5_2_0_, user0_.idd as idd7_2_0_, user0_.password as password6_2_0_, generalseq1_.number as number1_0_1_ from user user0_ left outer join id generalseq1_ on user0_.idd=generalseq1_.number where user0_.email=?
John
Doe
Hibernate: select payslips0_.user_email as user_ema7_1_0_, payslips0_.id as id1_1_0_, payslips0_.id as id1_1_1_, payslips0_.date as date2_1_1_, payslips0_.lastname as lastname3_1_1_, payslips0_.name as name4_1_1_, payslips0_.period as period5_1_1_, payslips0_.salary as salary6_1_1_, payslips0_.user_email as user_ema7_1_1_ from pay_slip payslips0_ where payslips0_.user_email=?
?[1;31m
Start test 35?[0m
2022-08-15 20:43:12.314  INFO 23496 --- [     Thread-336] j.LocalContainerEntityManagerFactoryBean : Closing JPA EntityManagerFactory for persistence unit 'default'
2022-08-15 20:43:12.315  INFO 23496 --- [     Thread-336] o.s.s.concurrent.ThreadPoolTaskExecutor  : Shutting down ExecutorService 'applicationTaskExecutor'
2022-08-15 20:43:12.316  INFO 23496 --- [     Thread-336] com.zaxxer.hikari.HikariDataSource       : HikariPool-1 - Shutdown initiated...
2022-08-15 20:43:12.328  INFO 23496 --- [     Thread-336] com.zaxxer.hikari.HikariDataSource       : HikariPool-1 - Shutdown completed.

  .   ____          _            __ _ _
 /\\ / ___'_ __ _ _(_)_ __  __ _ \ \ \ \
( ( )\___ | '_ | '_| | '_ \/ _` | \ \ \ \
 \\/  ___)| |_)| | | | | || (_| |  ) ) ) )
  '  |____| .__|_| |_|_| |_\__, | / / / /
 =========|_|==============|___/=/_/_/_/
 :: Spring Boot ::        (v2.3.1.RELEASE)

2022-08-15 20:43:12.457  INFO 23496 --- [    Test worker] account.AccountServiceApplication        : Starting AccountServiceApplication on LAPTOP-VBFHQFG2 with PID 23496 (started by Ansis in C:\Users\Ansis\Desktop\maven\Account Service\Account Service\task)
2022-08-15 20:43:12.457  INFO 23496 --- [    Test worker] account.AccountServiceApplication        : No active profile set, falling back to default profiles: default
2022-08-15 20:43:12.825  INFO 23496 --- [    Test worker] .s.d.r.c.RepositoryConfigurationDelegate : Bootstrapping Spring Data JPA repositories in DEFERRED mode.
2022-08-15 20:43:12.838  INFO 23496 --- [    Test worker] .s.d.r.c.RepositoryConfigurationDelegate : Finished Spring Data repository scanning in 13ms. Found 3 JPA repository interfaces.
2022-08-15 20:43:12.939  INFO 23496 --- [    Test worker] o.s.b.w.embedded.tomcat.TomcatWebServer  : Tomcat initialized with port(s): 28852 (http)
2022-08-15 20:43:12.940  INFO 23496 --- [    Test worker] o.apache.catalina.core.StandardService   : Starting service [Tomcat]
2022-08-15 20:43:12.941  INFO 23496 --- [    Test worker] org.apache.catalina.core.StandardEngine  : Starting Servlet engine: [Apache Tomcat/9.0.36]
2022-08-15 20:43:12.971  INFO 23496 --- [    Test worker] o.a.c.c.C.[Tomcat].[localhost].[/]       : Initializing Spring embedded WebApplicationContext
2022-08-15 20:43:12.971  INFO 23496 --- [    Test worker] w.s.c.ServletWebServerApplicationContext : Root WebApplicationContext: initialization completed in 506 ms
2022-08-15 20:43:13.010  INFO 23496 --- [    Test worker] com.zaxxer.hikari.HikariDataSource       : HikariPool-2 - Starting...
2022-08-15 20:43:13.021  INFO 23496 --- [    Test worker] com.zaxxer.hikari.HikariDataSource       : HikariPool-2 - Start completed.
2022-08-15 20:43:13.022  INFO 23496 --- [    Test worker] o.s.b.a.h2.H2ConsoleAutoConfiguration    : H2 console available at '/h2-console'. Database available at 'jdbc:h2:file:../service_db'
2022-08-15 20:43:13.067  INFO 23496 --- [    Test worker] o.s.s.concurrent.ThreadPoolTaskExecutor  : Initializing ExecutorService 'applicationTaskExecutor'
2022-08-15 20:43:13.073  INFO 23496 --- [         task-1] o.hibernate.jpa.internal.util.LogHelper  : HHH000204: Processing PersistenceUnitInfo [name: default]
2022-08-15 20:43:13.080  INFO 23496 --- [         task-1] org.hibernate.dialect.Dialect            : HHH000400: Using dialect: org.hibernate.dialect.H2Dialect
2022-08-15 20:43:13.099  WARN 23496 --- [    Test worker] JpaBaseConfiguration$JpaWebConfiguration : spring.jpa.open-in-view is enabled by default. Therefore, database queries may be performed during view rendering. Explicitly configure spring.jpa.open-in-view to disable this warning
2022-08-15 20:43:13.193  INFO 23496 --- [         task-1] o.h.e.t.j.p.i.JtaPlatformInitiator       : HHH000490: Using JtaPlatform implementation: [org.hibernate.engine.transaction.jta.platform.internal.NoJtaPlatform]
2022-08-15 20:43:13.194  INFO 23496 --- [         task-1] j.LocalContainerEntityManagerFactoryBean : Initialized JPA EntityManagerFactory for persistence unit 'default'
2022-08-15 20:43:14.205  INFO 23496 --- [    Test worker] o.s.b.a.e.web.EndpointLinksResolver      : Exposing 14 endpoint(s) beneath base path '/actuator'
2022-08-15 20:43:14.214  INFO 23496 --- [    Test worker] o.s.s.web.DefaultSecurityFilterChain     : Creating filter chain: any request, [org.springframework.security.web.context.request.async.WebAsyncManagerIntegrationFilter@49f9758, org.springframework.security.web.context.SecurityContextPersistenceFilter@5671078e, org.springframework.security.web.header.HeaderWriterFilter@7b11ff9a, org.springframework.security.web.authentication.logout.LogoutFilter@12aa2cca, org.springframework.security.web.authentication.www.BasicAuthenticationFilter@3dc4ed6f, org.springframework.security.web.savedrequest.RequestCacheAwareFilter@3fd21272, org.springframework.security.web.servletapi.SecurityContextHolderAwareRequestFilter@4b4bc73d, org.springframework.security.web.authentication.AnonymousAuthenticationFilter@36e98434, org.springframework.security.web.session.SessionManagementFilter@3bd79444, org.springframework.security.web.access.ExceptionTranslationFilter@42257df7, org.springframework.security.web.access.intercept.FilterSecurityInterceptor@7254a68a]
2022-08-15 20:43:14.284  INFO 23496 --- [    Test worker] o.s.b.w.embedded.tomcat.TomcatWebServer  : Tomcat started on port(s): 28852 (http) with context path ''
2022-08-15 20:43:14.285  INFO 23496 --- [    Test worker] DeferredRepositoryInitializationListener : Triggering deferred initialization of Spring Data repositoriesâ€¦
2022-08-15 20:43:14.345  INFO 23496 --- [    Test worker] DeferredRepositoryInitializationListener : Spring Data repositories initialized!
2022-08-15 20:43:14.350  INFO 23496 --- [    Test worker] account.AccountServiceApplication        : Started AccountServiceApplication in 1.917 seconds (JVM running for 33.072)
?[1;31m
Start test 36?[0m
2022-08-15 20:43:14.357  INFO 23496 --- [io-28852-exec-1] o.a.c.c.C.[Tomcat].[localhost].[/]       : Initializing Spring DispatcherServlet 'dispatcherServlet'
2022-08-15 20:43:14.357  INFO 23496 --- [io-28852-exec-1] o.s.web.servlet.DispatcherServlet        : Initializing Servlet 'dispatcherServlet'
2022-08-15 20:43:14.360  INFO 23496 --- [io-28852-exec-1] o.s.web.servlet.DispatcherServlet        : Completed initialization in 3 ms
Hibernate: select user0_.email as email1_2_, user0_.id as id2_2_, user0_.lastname as lastname3_2_, user0_.months as months4_2_, user0_.name as name5_2_, user0_.idd as idd7_2_, user0_.password as password6_2_ from user user0_ where user0_.email=?
Hibernate: select generalseq0_.number as number1_0_0_, user1_.email as email1_2_1_, user1_.id as id2_2_1_, user1_.lastname as lastname3_2_1_, user1_.months as months4_2_1_, user1_.name as name5_2_1_, user1_.idd as idd7_2_1_, user1_.password as password6_2_1_ from id generalseq0_ left outer join user user1_ on generalseq0_.number=user1_.idd where generalseq0_.number=?
Hibernate: select user0_.email as email1_2_1_, user0_.id as id2_2_1_, user0_.lastname as lastname3_2_1_, user0_.months as months4_2_1_, user0_.name as name5_2_1_, user0_.idd as idd7_2_1_, user0_.password as password6_2_1_, generalseq1_.number as number1_0_0_ from user user0_ left outer join id generalseq1_ on user0_.idd=generalseq1_.number where user0_.idd=?


******PAYMENT********
maxmustermann@acme.com
Hibernate: select user0_.email as email1_2_0_, user0_.id as id2_2_0_, user0_.lastname as lastname3_2_0_, user0_.months as months4_2_0_, user0_.name as name5_2_0_, user0_.idd as idd7_2_0_, user0_.password as password6_2_0_, generalseq1_.number as number1_0_1_ from user user0_ left outer join id generalseq1_ on user0_.idd=generalseq1_.number where user0_.email=?
Max
Mustermann
Hibernate: select payslips0_.user_email as user_ema7_1_0_, payslips0_.id as id1_1_0_, payslips0_.id as id1_1_1_, payslips0_.date as date2_1_1_, payslips0_.lastname as lastname3_1_1_, payslips0_.name as name4_1_1_, payslips0_.period as period5_1_1_, payslips0_.salary as salary6_1_1_, payslips0_.user_email as user_ema7_1_1_ from pay_slip payslips0_ where payslips0_.user_email=?
?[1;31m
Start test 37?[0m
INSIDE api/acct/payments
01-2021   johndoe@acme.com  123456
02-2021   johndoe@acme.com  456789
03-2021   johndoe@acme.com  12
01-2021   maxmustermann@acme.com  54321
02-2021   maxmustermann@acme.com  987654
03-2021   maxmustermann@acme.com  120
message: 
email?:  johndoe@acme.com
Hibernate: select user0_.email as email1_2_0_, user0_.id as id2_2_0_, user0_.lastname as lastname3_2_0_, user0_.months as months4_2_0_, user0_.name as name5_2_0_, user0_.idd as idd7_2_0_, user0_.password as password6_2_0_, generalseq1_.number as number1_0_1_ from user user0_ left outer join id generalseq1_ on user0_.idd=generalseq1_.number where user0_.email=?


AMOUNT: 123456


Hibernate: call next value for hibernate_sequence
Hibernate: insert into pay_slip (date, lastname, name, period, salary, user_email, id) values (?, ?, ?, ?, ?, ?, ?)

****PRINTING PAYSLIP****


John
Doe
January-2021
1234 dollar(s) 56 cent(s)
***************************

Hibernate: update user set id=?, lastname=?, months=?, name=?, idd=?, password=? where email=?
email?:  johndoe@acme.com


AMOUNT: 456789


Hibernate: call next value for hibernate_sequence
Hibernate: insert into pay_slip (date, lastname, name, period, salary, user_email, id) values (?, ?, ?, ?, ?, ?, ?)

****PRINTING PAYSLIP****


John
Doe
February-2021
4567 dollar(s) 89 cent(s)
***************************

Hibernate: update user set id=?, lastname=?, months=?, name=?, idd=?, password=? where email=?
email?:  johndoe@acme.com


AMOUNT: 12


Hibernate: call next value for hibernate_sequence
Hibernate: insert into pay_slip (date, lastname, name, period, salary, user_email, id) values (?, ?, ?, ?, ?, ?, ?)

****PRINTING PAYSLIP****


John
Doe
March-2021
0 dollar(s) 12 cent(s)
***************************

Hibernate: update user set id=?, lastname=?, months=?, name=?, idd=?, password=? where email=?
email?:  maxmustermann@acme.com
Hibernate: select user0_.email as email1_2_0_, user0_.id as id2_2_0_, user0_.lastname as lastname3_2_0_, user0_.months as months4_2_0_, user0_.name as name5_2_0_, user0_.idd as idd7_2_0_, user0_.password as password6_2_0_, generalseq1_.number as number1_0_1_ from user user0_ left outer join id generalseq1_ on user0_.idd=generalseq1_.number where user0_.email=?


AMOUNT: 54321


Hibernate: call next value for hibernate_sequence
Hibernate: insert into pay_slip (date, lastname, name, period, salary, user_email, id) values (?, ?, ?, ?, ?, ?, ?)

****PRINTING PAYSLIP****


Max
Mustermann
January-2021
543 dollar(s) 21 cent(s)
***************************

Hibernate: update user set id=?, lastname=?, months=?, name=?, idd=?, password=? where email=?
email?:  maxmustermann@acme.com


AMOUNT: 987654


Hibernate: call next value for hibernate_sequence
Hibernate: insert into pay_slip (date, lastname, name, period, salary, user_email, id) values (?, ?, ?, ?, ?, ?, ?)

****PRINTING PAYSLIP****


Max
Mustermann
February-2021
9876 dollar(s) 54 cent(s)
***************************

Hibernate: update user set id=?, lastname=?, months=?, name=?, idd=?, password=? where email=?
email?:  maxmustermann@acme.com


AMOUNT: 120


Hibernate: call next value for hibernate_sequence
Hibernate: insert into pay_slip (date, lastname, name, period, salary, user_email, id) values (?, ?, ?, ?, ?, ?, ?)

****PRINTING PAYSLIP****


Max
Mustermann
March-2021
1 dollar(s) 20 cent(s)
***************************

Hibernate: update user set id=?, lastname=?, months=?, name=?, idd=?, password=? where email=?
?[1;31m
Start test 38?[0m
Hibernate: select user0_.email as email1_2_, user0_.id as id2_2_, user0_.lastname as lastname3_2_, user0_.months as months4_2_, user0_.name as name5_2_, user0_.idd as idd7_2_, user0_.password as password6_2_ from user user0_ where user0_.email=?
Hibernate: select generalseq0_.number as number1_0_0_, user1_.email as email1_2_1_, user1_.id as id2_2_1_, user1_.lastname as lastname3_2_1_, user1_.months as months4_2_1_, user1_.name as name5_2_1_, user1_.idd as idd7_2_1_, user1_.password as password6_2_1_ from id generalseq0_ left outer join user user1_ on generalseq0_.number=user1_.idd where generalseq0_.number=?
Hibernate: select user0_.email as email1_2_1_, user0_.id as id2_2_1_, user0_.lastname as lastname3_2_1_, user0_.months as months4_2_1_, user0_.name as name5_2_1_, user0_.idd as idd7_2_1_, user0_.password as password6_2_1_, generalseq1_.number as number1_0_0_ from user user0_ left outer join id generalseq1_ on user0_.idd=generalseq1_.number where user0_.idd=?


******PAYMENT********
johndoe@acme.com
Hibernate: select user0_.email as email1_2_0_, user0_.id as id2_2_0_, user0_.lastname as lastname3_2_0_, user0_.months as months4_2_0_, user0_.name as name5_2_0_, user0_.idd as idd7_2_0_, user0_.password as password6_2_0_, generalseq1_.number as number1_0_1_ from user user0_ left outer join id generalseq1_ on user0_.idd=generalseq1_.number where user0_.email=?
John
Doe
Hibernate: select payslips0_.user_email as user_ema7_1_0_, payslips0_.id as id1_1_0_, payslips0_.id as id1_1_1_, payslips0_.date as date2_1_1_, payslips0_.lastname as lastname3_1_1_, payslips0_.name as name4_1_1_, payslips0_.period as period5_1_1_, payslips0_.salary as salary6_1_1_, payslips0_.user_email as user_ema7_1_1_ from pay_slip payslips0_ where payslips0_.user_email=?
?[1;31m
Start test 39?[0m
INSIDE api/acct/payments
13-2021   johndoe@acme.com  -1
message: payments[0].salary: Salary must be non negative!, payments[0].period: Wrong date!
?[1;31m
Start test 40?[0m
Hibernate: select user0_.email as email1_2_, user0_.id as id2_2_, user0_.lastname as lastname3_2_, user0_.months as months4_2_, user0_.name as name5_2_, user0_.idd as idd7_2_, user0_.password as password6_2_ from user user0_ where user0_.email=?
Hibernate: select generalseq0_.number as number1_0_0_, user1_.email as email1_2_1_, user1_.id as id2_2_1_, user1_.lastname as lastname3_2_1_, user1_.months as months4_2_1_, user1_.name as name5_2_1_, user1_.idd as idd7_2_1_, user1_.password as password6_2_1_ from id generalseq0_ left outer join user user1_ on generalseq0_.number=user1_.idd where generalseq0_.number=?
Hibernate: select user0_.email as email1_2_1_, user0_.id as id2_2_1_, user0_.lastname as lastname3_2_1_, user0_.months as months4_2_1_, user0_.name as name5_2_1_, user0_.idd as idd7_2_1_, user0_.password as password6_2_1_, generalseq1_.number as number1_0_0_ from user user0_ left outer join id generalseq1_ on user0_.idd=generalseq1_.number where user0_.idd=?


******PAYMENT********
johndoe@acme.com
Hibernate: select user0_.email as email1_2_0_, user0_.id as id2_2_0_, user0_.lastname as lastname3_2_0_, user0_.months as months4_2_0_, user0_.name as name5_2_0_, user0_.idd as idd7_2_0_, user0_.password as password6_2_0_, generalseq1_.number as number1_0_1_ from user user0_ left outer join id generalseq1_ on user0_.idd=generalseq1_.number where user0_.email=?
John
Doe
Hibernate: select payslips0_.user_email as user_ema7_1_0_, payslips0_.id as id1_1_0_, payslips0_.id as id1_1_1_, payslips0_.date as date2_1_1_, payslips0_.lastname as lastname3_1_1_, payslips0_.name as name4_1_1_, payslips0_.period as period5_1_1_, payslips0_.salary as salary6_1_1_, payslips0_.user_email as user_ema7_1_1_ from pay_slip payslips0_ where payslips0_.user_email=?
?[1;31m
Start test 41?[0m
INSIDE api/acct/payments
13-2021   johndoe@acme.com  123456
message: payments[0].period: Wrong date!
?[1;31m
Start test 42?[0m
Hibernate: select user0_.email as email1_2_, user0_.id as id2_2_, user0_.lastname as lastname3_2_, user0_.months as months4_2_, user0_.name as name5_2_, user0_.idd as idd7_2_, user0_.password as password6_2_ from user user0_ where user0_.email=?
Hibernate: select generalseq0_.number as number1_0_0_, user1_.email as email1_2_1_, user1_.id as id2_2_1_, user1_.lastname as lastname3_2_1_, user1_.months as months4_2_1_, user1_.name as name5_2_1_, user1_.idd as idd7_2_1_, user1_.password as password6_2_1_ from id generalseq0_ left outer join user user1_ on generalseq0_.number=user1_.idd where generalseq0_.number=?
Hibernate: select user0_.email as email1_2_1_, user0_.id as id2_2_1_, user0_.lastname as lastname3_2_1_, user0_.months as months4_2_1_, user0_.name as name5_2_1_, user0_.idd as idd7_2_1_, user0_.password as password6_2_1_, generalseq1_.number as number1_0_0_ from user user0_ left outer join id generalseq1_ on user0_.idd=generalseq1_.number where user0_.idd=?


******PAYMENT********
johndoe@acme.com
Hibernate: select user0_.email as email1_2_0_, user0_.id as id2_2_0_, user0_.lastname as lastname3_2_0_, user0_.months as months4_2_0_, user0_.name as name5_2_0_, user0_.idd as idd7_2_0_, user0_.password as password6_2_0_, generalseq1_.number as number1_0_1_ from user user0_ left outer join id generalseq1_ on user0_.idd=generalseq1_.number where user0_.email=?
John
Doe
Hibernate: select payslips0_.user_email as user_ema7_1_0_, payslips0_.id as id1_1_0_, payslips0_.id as id1_1_1_, payslips0_.date as date2_1_1_, payslips0_.lastname as lastname3_1_1_, payslips0_.name as name4_1_1_, payslips0_.period as period5_1_1_, payslips0_.salary as salary6_1_1_, payslips0_.user_email as user_ema7_1_1_ from pay_slip payslips0_ where payslips0_.user_email=?
?[1;31m
Start test 43?[0m
INSIDE api/acct/payments
01-2021   johndoe@acme.com  123456
01-2021   johndoe@acme.com  456789
message: 
email?:  johndoe@acme.com
Hibernate: select user0_.email as email1_2_0_, user0_.id as id2_2_0_, user0_.lastname as lastname3_2_0_, user0_.months as months4_2_0_, user0_.name as name5_2_0_, user0_.idd as idd7_2_0_, user0_.password as password6_2_0_, generalseq1_.number as number1_0_1_ from user user0_ left outer join id generalseq1_ on user0_.idd=generalseq1_.number where user0_.email=?


AMOUNT: 123456


?[1;31m
Start test 44?[0m
Hibernate: select user0_.email as email1_2_, user0_.id as id2_2_, user0_.lastname as lastname3_2_, user0_.months as months4_2_, user0_.name as name5_2_, user0_.idd as idd7_2_, user0_.password as password6_2_ from user user0_ where user0_.email=?
Hibernate: select generalseq0_.number as number1_0_0_, user1_.email as email1_2_1_, user1_.id as id2_2_1_, user1_.lastname as lastname3_2_1_, user1_.months as months4_2_1_, user1_.name as name5_2_1_, user1_.idd as idd7_2_1_, user1_.password as password6_2_1_ from id generalseq0_ left outer join user user1_ on generalseq0_.number=user1_.idd where generalseq0_.number=?
Hibernate: select user0_.email as email1_2_1_, user0_.id as id2_2_1_, user0_.lastname as lastname3_2_1_, user0_.months as months4_2_1_, user0_.name as name5_2_1_, user0_.idd as idd7_2_1_, user0_.password as password6_2_1_, generalseq1_.number as number1_0_0_ from user user0_ left outer join id generalseq1_ on user0_.idd=generalseq1_.number where user0_.idd=?


******PAYMENT********
johndoe@acme.com
Hibernate: select user0_.email as email1_2_0_, user0_.id as id2_2_0_, user0_.lastname as lastname3_2_0_, user0_.months as months4_2_0_, user0_.name as name5_2_0_, user0_.idd as idd7_2_0_, user0_.password as password6_2_0_, generalseq1_.number as number1_0_1_ from user user0_ left outer join id generalseq1_ on user0_.idd=generalseq1_.number where user0_.email=?
John
Doe
Hibernate: select payslips0_.user_email as user_ema7_1_0_, payslips0_.id as id1_1_0_, payslips0_.id as id1_1_1_, payslips0_.date as date2_1_1_, payslips0_.lastname as lastname3_1_1_, payslips0_.name as name4_1_1_, payslips0_.period as period5_1_1_, payslips0_.salary as salary6_1_1_, payslips0_.user_email as user_ema7_1_1_ from pay_slip payslips0_ where payslips0_.user_email=?
?[1;31m
Start test 45?[0m


INSIDE PUT api/acct/payments


Hibernate: select user0_.email as email1_2_0_, user0_.id as id2_2_0_, user0_.lastname as lastname3_2_0_, user0_.months as months4_2_0_, user0_.name as name5_2_0_, user0_.idd as idd7_2_0_, user0_.password as password6_2_0_, generalseq1_.number as number1_0_1_ from user user0_ left outer join id generalseq1_ on user0_.idd=generalseq1_.number where user0_.email=?
?[1;31m
Start test 46?[0m


INSIDE PUT api/acct/payments


Hibernate: select user0_.email as email1_2_0_, user0_.id as id2_2_0_, user0_.lastname as lastname3_2_0_, user0_.months as months4_2_0_, user0_.name as name5_2_0_, user0_.idd as idd7_2_0_, user0_.password as password6_2_0_, generalseq1_.number as number1_0_1_ from user user0_ left outer join id generalseq1_ on user0_.idd=generalseq1_.number where user0_.email=?
?[1;31m
Start test 47?[0m


INSIDE PUT api/acct/payments


Hibernate: select user0_.email as email1_2_0_, user0_.id as id2_2_0_, user0_.lastname as lastname3_2_0_, user0_.months as months4_2_0_, user0_.name as name5_2_0_, user0_.idd as idd7_2_0_, user0_.password as password6_2_0_, generalseq1_.number as number1_0_1_ from user user0_ left outer join id generalseq1_ on user0_.idd=generalseq1_.number where user0_.email=?


AMOUNT: 77777


Hibernate: select payslips0_.user_email as user_ema7_1_0_, payslips0_.id as id1_1_0_, payslips0_.id as id1_1_1_, payslips0_.date as date2_1_1_, payslips0_.lastname as lastname3_1_1_, payslips0_.name as name4_1_1_, payslips0_.period as period5_1_1_, payslips0_.salary as salary6_1_1_, payslips0_.user_email as user_ema7_1_1_ from pay_slip payslips0_ where payslips0_.user_email=?
Hibernate: update pay_slip set date=?, lastname=?, name=?, period=?, salary=?, user_email=? where id=?
?[1;31m
Start test 48?[0m
Hibernate: select user0_.email as email1_2_, user0_.id as id2_2_, user0_.lastname as lastname3_2_, user0_.months as months4_2_, user0_.name as name5_2_, user0_.idd as idd7_2_, user0_.password as password6_2_ from user user0_ where user0_.email=?
Hibernate: select generalseq0_.number as number1_0_0_, user1_.email as email1_2_1_, user1_.id as id2_2_1_, user1_.lastname as lastname3_2_1_, user1_.months as months4_2_1_, user1_.name as name5_2_1_, user1_.idd as idd7_2_1_, user1_.password as password6_2_1_ from id generalseq0_ left outer join user user1_ on generalseq0_.number=user1_.idd where generalseq0_.number=?
Hibernate: select user0_.email as email1_2_1_, user0_.id as id2_2_1_, user0_.lastname as lastname3_2_1_, user0_.months as months4_2_1_, user0_.name as name5_2_1_, user0_.idd as idd7_2_1_, user0_.password as password6_2_1_, generalseq1_.number as number1_0_0_ from user user0_ left outer join id generalseq1_ on user0_.idd=generalseq1_.number where user0_.idd=?


******PAYMENT********
johndoe@acme.com
Period: 01-2021

Hibernate: select user0_.email as email1_2_0_, user0_.id as id2_2_0_, user0_.lastname as lastname3_2_0_, user0_.months as months4_2_0_, user0_.name as name5_2_0_, user0_.idd as idd7_2_0_, user0_.password as password6_2_0_, generalseq1_.number as number1_0_1_ from user user0_ left outer join id generalseq1_ on user0_.idd=generalseq1_.number where user0_.email=?
John
Doe
Hibernate: select payslips0_.user_email as user_ema7_1_0_, payslips0_.id as id1_1_0_, payslips0_.id as id1_1_1_, payslips0_.date as date2_1_1_, payslips0_.lastname as lastname3_1_1_, payslips0_.name as name4_1_1_, payslips0_.period as period5_1_1_, payslips0_.salary as salary6_1_1_, payslips0_.user_email as user_ema7_1_1_ from pay_slip payslips0_ where payslips0_.user_email=?
period and date: 01-2021  03-2021
period and date: 01-2021  02-2021
period and date: 01-2021  01-2021
?[1;31m
Start test 49?[0m
Hibernate: select user0_.email as email1_2_, user0_.id as id2_2_, user0_.lastname as lastname3_2_, user0_.months as months4_2_, user0_.name as name5_2_, user0_.idd as idd7_2_, user0_.password as password6_2_ from user user0_ where user0_.email=?
Hibernate: select generalseq0_.number as number1_0_0_, user1_.email as email1_2_1_, user1_.id as id2_2_1_, user1_.lastname as lastname3_2_1_, user1_.months as months4_2_1_, user1_.name as name5_2_1_, user1_.idd as idd7_2_1_, user1_.password as password6_2_1_ from id generalseq0_ left outer join user user1_ on generalseq0_.number=user1_.idd where generalseq0_.number=?
Hibernate: select user0_.email as email1_2_1_, user0_.id as id2_2_1_, user0_.lastname as lastname3_2_1_, user0_.months as months4_2_1_, user0_.name as name5_2_1_, user0_.idd as idd7_2_1_, user0_.password as password6_2_1_, generalseq1_.number as number1_0_0_ from user user0_ left outer join id generalseq1_ on user0_.idd=generalseq1_.number where user0_.idd=?


******PAYMENT********
johndoe@acme.com
Hibernate: select user0_.email as email1_2_0_, user0_.id as id2_2_0_, user0_.lastname as lastname3_2_0_, user0_.months as months4_2_0_, user0_.name as name5_2_0_, user0_.idd as idd7_2_0_, user0_.password as password6_2_0_, generalseq1_.number as number1_0_1_ from user user0_ left outer join id generalseq1_ on user0_.idd=generalseq1_.number where user0_.email=?
John
Doe
Hibernate: select payslips0_.user_email as user_ema7_1_0_, payslips0_.id as id1_1_0_, payslips0_.id as id1_1_1_, payslips0_.date as date2_1_1_, payslips0_.lastname as lastname3_1_1_, payslips0_.name as name4_1_1_, payslips0_.period as period5_1_1_, payslips0_.salary as salary6_1_1_, payslips0_.user_email as user_ema7_1_1_ from pay_slip payslips0_ where payslips0_.user_email=?
?[1;31m
Start test 50?[0m


INSIDE PUT api/acct/payments


Hibernate: select user0_.email as email1_2_0_, user0_.id as id2_2_0_, user0_.lastname as lastname3_2_0_, user0_.months as months4_2_0_, user0_.name as name5_2_0_, user0_.idd as idd7_2_0_, user0_.password as password6_2_0_, generalseq1_.number as number1_0_1_ from user user0_ left outer join id generalseq1_ on user0_.idd=generalseq1_.number where user0_.email=?


AMOUNT: 88777


Hibernate: select payslips0_.user_email as user_ema7_1_0_, payslips0_.id as id1_1_0_, payslips0_.id as id1_1_1_, payslips0_.date as date2_1_1_, payslips0_.lastname as lastname3_1_1_, payslips0_.name as name4_1_1_, payslips0_.period as period5_1_1_, payslips0_.salary as salary6_1_1_, payslips0_.user_email as user_ema7_1_1_ from pay_slip payslips0_ where payslips0_.user_email=?
Hibernate: update pay_slip set date=?, lastname=?, name=?, period=?, salary=?, user_email=? where id=?
?[1;31m
Start test 51?[0m
Hibernate: select user0_.email as email1_2_, user0_.id as id2_2_, user0_.lastname as lastname3_2_, user0_.months as months4_2_, user0_.name as name5_2_, user0_.idd as idd7_2_, user0_.password as password6_2_ from user user0_ where user0_.email=?
Hibernate: select generalseq0_.number as number1_0_0_, user1_.email as email1_2_1_, user1_.id as id2_2_1_, user1_.lastname as lastname3_2_1_, user1_.months as months4_2_1_, user1_.name as name5_2_1_, user1_.idd as idd7_2_1_, user1_.password as password6_2_1_ from id generalseq0_ left outer join user user1_ on generalseq0_.number=user1_.idd where generalseq0_.number=?
Hibernate: select user0_.email as email1_2_1_, user0_.id as id2_2_1_, user0_.lastname as lastname3_2_1_, user0_.months as months4_2_1_, user0_.name as name5_2_1_, user0_.idd as idd7_2_1_, user0_.password as password6_2_1_, generalseq1_.number as number1_0_0_ from user user0_ left outer join id generalseq1_ on user0_.idd=generalseq1_.number where user0_.idd=?


******PAYMENT********
johndoe@acme.com
Period: 01-2021

Hibernate: select user0_.email as email1_2_0_, user0_.id as id2_2_0_, user0_.lastname as lastname3_2_0_, user0_.months as months4_2_0_, user0_.name as name5_2_0_, user0_.idd as idd7_2_0_, user0_.password as password6_2_0_, generalseq1_.number as number1_0_1_ from user user0_ left outer join id generalseq1_ on user0_.idd=generalseq1_.number where user0_.email=?
John
Doe
Hibernate: select payslips0_.user_email as user_ema7_1_0_, payslips0_.id as id1_1_0_, payslips0_.id as id1_1_1_, payslips0_.date as date2_1_1_, payslips0_.lastname as lastname3_1_1_, payslips0_.name as name4_1_1_, payslips0_.period as period5_1_1_, payslips0_.salary as salary6_1_1_, payslips0_.user_email as user_ema7_1_1_ from pay_slip payslips0_ where payslips0_.user_email=?
period and date: 01-2021  03-2021
period and date: 01-2021  02-2021
period and date: 01-2021  01-2021
?[1;31m
Start test 52?[0m
Hibernate: select user0_.email as email1_2_, user0_.id as id2_2_, user0_.lastname as lastname3_2_, user0_.months as months4_2_, user0_.name as name5_2_, user0_.idd as idd7_2_, user0_.password as password6_2_ from user user0_ where user0_.email=?
Hibernate: select generalseq0_.number as number1_0_0_, user1_.email as email1_2_1_, user1_.id as id2_2_1_, user1_.lastname as lastname3_2_1_, user1_.months as months4_2_1_, user1_.name as name5_2_1_, user1_.idd as idd7_2_1_, user1_.password as password6_2_1_ from id generalseq0_ left outer join user user1_ on generalseq0_.number=user1_.idd where generalseq0_.number=?
Hibernate: select user0_.email as email1_2_1_, user0_.id as id2_2_1_, user0_.lastname as lastname3_2_1_, user0_.months as months4_2_1_, user0_.name as name5_2_1_, user0_.idd as idd7_2_1_, user0_.password as password6_2_1_, generalseq1_.number as number1_0_0_ from user user0_ left outer join id generalseq1_ on user0_.idd=generalseq1_.number where user0_.idd=?


******PAYMENT********
johndoe@acme.com
Period: 13-2021

Hibernate: select user0_.email as email1_2_0_, user0_.id as id2_2_0_, user0_.lastname as lastname3_2_0_, user0_.months as months4_2_0_, user0_.name as name5_2_0_, user0_.idd as idd7_2_0_, user0_.password as password6_2_0_, generalseq1_.number as number1_0_1_ from user user0_ left outer join id generalseq1_ on user0_.idd=generalseq1_.number where user0_.email=?
John
Doe
Hibernate: select payslips0_.user_email as user_ema7_1_0_, payslips0_.id as id1_1_0_, payslips0_.id as id1_1_1_, payslips0_.date as date2_1_1_, payslips0_.lastname as lastname3_1_1_, payslips0_.name as name4_1_1_, payslips0_.period as period5_1_1_, payslips0_.salary as salary6_1_1_, payslips0_.user_email as user_ema7_1_1_ from pay_slip payslips0_ where payslips0_.user_email=?
period and date: 13-2021  03-2021
period and date: 13-2021  02-2021
period and date: 13-2021  01-2021
?[1;31m
Start test 53?[0m
Hibernate: select user0_.email as email1_2_, user0_.id as id2_2_, user0_.lastname as lastname3_2_, user0_.months as months4_2_, user0_.name as name5_2_, user0_.idd as idd7_2_, user0_.password as password6_2_ from user user0_ where user0_.email=?
Hibernate: select generalseq0_.number as number1_0_0_, user1_.email as email1_2_1_, user1_.id as id2_2_1_, user1_.lastname as lastname3_2_1_, user1_.months as months4_2_1_, user1_.name as name5_2_1_, user1_.idd as idd7_2_1_, user1_.password as password6_2_1_ from id generalseq0_ left outer join user user1_ on generalseq0_.number=user1_.idd where generalseq0_.number=?
Hibernate: select user0_.email as email1_2_1_, user0_.id as id2_2_1_, user0_.lastname as lastname3_2_1_, user0_.months as months4_2_1_, user0_.name as name5_2_1_, user0_.idd as idd7_2_1_, user0_.password as password6_2_1_, generalseq1_.number as number1_0_0_ from user user0_ left outer join id generalseq1_ on user0_.idd=generalseq1_.number where user0_.idd=?


******PAYMENT********
johndoe@acme.com
Hibernate: select user0_.email as email1_2_0_, user0_.id as id2_2_0_, user0_.lastname as lastname3_2_0_, user0_.months as months4_2_0_, user0_.name as name5_2_0_, user0_.idd as idd7_2_0_, user0_.password as password6_2_0_, generalseq1_.number as number1_0_1_ from user user0_ left outer join id generalseq1_ on user0_.idd=generalseq1_.number where user0_.email=?
John
Doe
Hibernate: select payslips0_.user_email as user_ema7_1_0_, payslips0_.id as id1_1_0_, payslips0_.id as id1_1_1_, payslips0_.date as date2_1_1_, payslips0_.lastname as lastname3_1_1_, payslips0_.name as name4_1_1_, payslips0_.period as period5_1_1_, payslips0_.salary as salary6_1_1_, payslips0_.user_email as user_ema7_1_1_ from pay_slip payslips0_ where payslips0_.user_email=?
]]></system-out>
  <system-err><![CDATA[]]></system-err>
</testsuite>
