<?xml version="1.0" encoding="UTF-8"?>
<testsuite name="AccountServiceTest" tests="1" skipped="0" failures="1" errors="0" timestamp="2022-08-17T18:31:26" hostname="LAPTOP-VBFHQFG2" time="17.711">
  <properties/>
  <testcase name="start" classname="AccountServiceTest" time="17.711">
    <failure message="java.lang.AssertionError: Wrong answer in test #18&#10;&#10;GET /api/empl/payment should respond with status code 401, responded: 500&#10;This api only for authenticated user&#10;Response body:&#10;{&#13;&#10;  &quot;timestamp&quot; : &quot;2022-08-17T18:31:44.504+00:00&quot;,&#13;&#10;  &quot;status&quot; : 500,&#13;&#10;  &quot;error&quot; : &quot;Internal Server Error&quot;,&#13;&#10;  &quot;message&quot; : &quot;Cannot invoke \&quot;String.split(String)\&quot; because \&quot;encoded\&quot; is null&quot;,&#13;&#10;  &quot;path&quot; : &quot;/api/empl/payment&quot;&#13;&#10;}&#10;&#10;Please find below the output of your program during this failed test.&#10;&#10;---&#10;&#10;[last 250 lines of output are shown, 138 skipped]&#10;Hibernate: select count(*) as col_0_0_ from user user0_ where user0_.email=?&#10;SAVED!!!&#10;&#10;Hibernate: select count(*) as col_0_0_ from user user0_&#10;Hibernate: select user0_.email as email1_3_1_, user0_.active as active2_3_1_, user0_.id as id3_3_1_, user0_.lastname as lastname4_3_1_, user0_.months as months5_3_1_, user0_.name as name6_3_1_, user0_.idd as idd9_3_1_, user0_.password as password7_3_1_, user0_.roles as roles8_3_1_, generalseq1_.number as number1_1_0_ from user user0_ left outer join id generalseq1_ on user0_.idd=generalseq1_.number where user0_.email=?&#10;Hibernate: call next value for hibernate_sequence&#10;Hibernate: insert into id (number) values (?)&#10;Hibernate: insert into user (active, id, lastname, months, name, idd, password, roles, email) values (?, ?, ?, ?, ?, ?, ?, ?, ?)&#10;Hibernate: update user set active=?, id=?, lastname=?, months=?, name=?, idd=?, password=?, roles=? where email=?&#10;Hibernate: call next value for hibernate_sequence&#10;Hibernate: insert into event (action, date, object, path, subject, i) values (?, ?, ?, ?, ?, ?)&#10;Hibernate: select user0_.email as email1_3_, user0_.active as active2_3_, user0_.id as id3_3_, user0_.lastname as lastname4_3_, user0_.months as months5_3_, user0_.name as name6_3_, user0_.idd as idd9_3_, user0_.password as password7_3_, user0_.roles as roles8_3_ from user user0_ where user0_.email=?&#10;Hibernate: select generalseq0_.number as number1_1_0_, user1_.email as email1_3_1_, user1_.active as active2_3_1_, user1_.id as id3_3_1_, user1_.lastname as lastname4_3_1_, user1_.months as months5_3_1_, user1_.name as name6_3_1_, user1_.idd as idd9_3_1_, user1_.password as password7_3_1_, user1_.roles as roles8_3_1_ from id generalseq0_ left outer join user user1_ on generalseq0_.number=user1_.idd where generalseq0_.number=?&#10;Hibernate: select user0_.email as email1_3_1_, user0_.active as active2_3_1_, user0_.id as id3_3_1_, user0_.lastname as lastname4_3_1_, user0_.months as months5_3_1_, user0_.name as name6_3_1_, user0_.idd as idd9_3_1_, user0_.password as password7_3_1_, user0_.roles as roles8_3_1_, generalseq1_.number as number1_1_0_ from user user0_ left outer join id generalseq1_ on user0_.idd=generalseq1_.number where user0_.idd=?&#10;&#10;&#10;*******Inside api/security/events**********&#10;&#10;&#10;Hibernate: select event0_.i as i1_0_, event0_.action as action2_0_, event0_.date as date3_0_, event0_.object as object4_0_, event0_.path as path5_0_, event0_.subject as subject6_0_ from event event0_&#10;&#10;&#10;REGISTRATION&#10;&#10;Petr&#10;Petrov&#10;PetrPetrov@acme.com&#10;nWza98hjkLPE&#10;********************&#10;Hibernate: select count(*) as col_0_0_ from user user0_ where user0_.email=?&#10;SAVED!!!&#10;&#10;Hibernate: select count(*) as col_0_0_ from user user0_&#10;Hibernate: select user0_.email as email1_3_1_, user0_.active as active2_3_1_, user0_.id as id3_3_1_, user0_.lastname as lastname4_3_1_, user0_.months as months5_3_1_, user0_.name as name6_3_1_, user0_.idd as idd9_3_1_, user0_.password as password7_3_1_, user0_.roles as roles8_3_1_, generalseq1_.number as number1_1_0_ from user user0_ left outer join id generalseq1_ on user0_.idd=generalseq1_.number where user0_.email=?&#10;Hibernate: call next value for hibernate_sequence&#10;Hibernate: insert into id (number) values (?)&#10;Hibernate: insert into user (active, id, lastname, months, name, idd, password, roles, email) values (?, ?, ?, ?, ?, ?, ?, ?, ?)&#10;Hibernate: update user set active=?, id=?, lastname=?, months=?, name=?, idd=?, password=?, roles=? where email=?&#10;Hibernate: call next value for hibernate_sequence&#10;Hibernate: insert into event (action, date, object, path, subject, i) values (?, ?, ?, ?, ?, ?)&#10;Hibernate: select user0_.email as email1_3_, user0_.active as active2_3_, user0_.id as id3_3_, user0_.lastname as lastname4_3_, user0_.months as months5_3_, user0_.name as name6_3_, user0_.idd as idd9_3_, user0_.password as password7_3_, user0_.roles as roles8_3_ from user user0_ where user0_.email=?&#10;Hibernate: select generalseq0_.number as number1_1_0_, user1_.email as email1_3_1_, user1_.active as active2_3_1_, user1_.id as id3_3_1_, user1_.lastname as lastname4_3_1_, user1_.months as months5_3_1_, user1_.name as name6_3_1_, user1_.idd as idd9_3_1_, user1_.password as password7_3_1_, user1_.roles as roles8_3_1_ from id generalseq0_ left outer join user user1_ on generalseq0_.number=user1_.idd where generalseq0_.number=?&#10;Hibernate: select user0_.email as email1_3_1_, user0_.active as active2_3_1_, user0_.id as id3_3_1_, user0_.lastname as lastname4_3_1_, user0_.months as months5_3_1_, user0_.name as name6_3_1_, user0_.idd as idd9_3_1_, user0_.password as password7_3_1_, user0_.roles as roles8_3_1_, generalseq1_.number as number1_1_0_ from user user0_ left outer join id generalseq1_ on user0_.idd=generalseq1_.number where user0_.idd=?&#10;&#10;&#10;*******Inside api/security/events**********&#10;&#10;&#10;Hibernate: select event0_.i as i1_0_, event0_.action as action2_0_, event0_.date as date3_0_, event0_.object as object4_0_, event0_.path as path5_0_, event0_.subject as subject6_0_ from event event0_&#10;Hibernate: select user0_.email as email1_3_, user0_.active as active2_3_, user0_.id as id3_3_, user0_.lastname as lastname4_3_, user0_.months as months5_3_, user0_.name as name6_3_, user0_.idd as idd9_3_, user0_.password as password7_3_, user0_.roles as roles8_3_ from user user0_ where user0_.email=?&#10;Hibernate: select generalseq0_.number as number1_1_0_, user1_.email as email1_3_1_, user1_.active as active2_3_1_, user1_.id as id3_3_1_, user1_.lastname as lastname4_3_1_, user1_.months as months5_3_1_, user1_.name as name6_3_1_, user1_.idd as idd9_3_1_, user1_.password as password7_3_1_, user1_.roles as roles8_3_1_ from id generalseq0_ left outer join user user1_ on generalseq0_.number=user1_.idd where generalseq0_.number=?&#10;Hibernate: select user0_.email as email1_3_1_, user0_.active as active2_3_1_, user0_.id as id3_3_1_, user0_.lastname as lastname4_3_1_, user0_.months as months5_3_1_, user0_.name as name6_3_1_, user0_.idd as idd9_3_1_, user0_.password as password7_3_1_, user0_.roles as roles8_3_1_, generalseq1_.number as number1_1_0_ from user user0_ left outer join id generalseq1_ on user0_.idd=generalseq1_.number where user0_.idd=?&#10;&#10;&#10;******PAYMENT********&#10;maxmustermann@acme.com&#10;Hibernate: select user0_.email as email1_3_0_, user0_.active as active2_3_0_, user0_.id as id3_3_0_, user0_.lastname as lastname4_3_0_, user0_.months as months5_3_0_, user0_.name as name6_3_0_, user0_.idd as idd9_3_0_, user0_.password as password7_3_0_, user0_.roles as roles8_3_0_, generalseq1_.number as number1_1_1_ from user user0_ left outer join id generalseq1_ on user0_.idd=generalseq1_.number where user0_.email=?&#10;Hibernate: select payslips0_.user_email as user_ema7_2_0_, payslips0_.id as id1_2_0_, payslips0_.id as id1_2_1_, payslips0_.date as date2_2_1_, payslips0_.lastname as lastname3_2_1_, payslips0_.name as name4_2_1_, payslips0_.period as period5_2_1_, payslips0_.salary as salary6_2_1_, payslips0_.user_email as user_ema7_2_1_ from pay_slip payslips0_ where payslips0_.user_email=?&#10;Hibernate: select user0_.email as email1_3_, user0_.active as active2_3_, user0_.id as id3_3_, user0_.lastname as lastname4_3_, user0_.months as months5_3_, user0_.name as name6_3_, user0_.idd as idd9_3_, user0_.password as password7_3_, user0_.roles as roles8_3_ from user user0_ where user0_.email=?&#10;Hibernate: select generalseq0_.number as number1_1_0_, user1_.email as email1_3_1_, user1_.active as active2_3_1_, user1_.id as id3_3_1_, user1_.lastname as lastname4_3_1_, user1_.months as months5_3_1_, user1_.name as name6_3_1_, user1_.idd as idd9_3_1_, user1_.password as password7_3_1_, user1_.roles as roles8_3_1_ from id generalseq0_ left outer join user user1_ on generalseq0_.number=user1_.idd where generalseq0_.number=?&#10;Hibernate: select user0_.email as email1_3_1_, user0_.active as active2_3_1_, user0_.id as id3_3_1_, user0_.lastname as lastname4_3_1_, user0_.months as months5_3_1_, user0_.name as name6_3_1_, user0_.idd as idd9_3_1_, user0_.password as password7_3_1_, user0_.roles as roles8_3_1_, generalseq1_.number as number1_1_0_ from user user0_ left outer join id generalseq1_ on user0_.idd=generalseq1_.number where user0_.idd=?&#10;&#10;&#10;******PAYMENT********&#10;maxmustermann@acme.com&#10;Hibernate: select user0_.email as email1_3_0_, user0_.active as active2_3_0_, user0_.id as id3_3_0_, user0_.lastname as lastname4_3_0_, user0_.months as months5_3_0_, user0_.name as name6_3_0_, user0_.idd as idd9_3_0_, user0_.password as password7_3_0_, user0_.roles as roles8_3_0_, generalseq1_.number as number1_1_1_ from user user0_ left outer join id generalseq1_ on user0_.idd=generalseq1_.number where user0_.email=?&#10;Hibernate: select payslips0_.user_email as user_ema7_2_0_, payslips0_.id as id1_2_0_, payslips0_.id as id1_2_1_, payslips0_.date as date2_2_1_, payslips0_.lastname as lastname3_2_1_, payslips0_.name as name4_2_1_, payslips0_.period as period5_2_1_, payslips0_.salary as salary6_2_1_, payslips0_.user_email as user_ema7_2_1_ from pay_slip payslips0_ where payslips0_.user_email=?&#10;Hibernate: select user0_.email as email1_3_, user0_.active as active2_3_, user0_.id as id3_3_, user0_.lastname as lastname4_3_, user0_.months as months5_3_, user0_.name as name6_3_, user0_.idd as idd9_3_, user0_.password as password7_3_, user0_.roles as roles8_3_ from user user0_ where user0_.email=?&#10;Hibernate: select generalseq0_.number as number1_1_0_, user1_.email as email1_3_1_, user1_.active as active2_3_1_, user1_.id as id3_3_1_, user1_.lastname as lastname4_3_1_, user1_.months as months5_3_1_, user1_.name as name6_3_1_, user1_.idd as idd9_3_1_, user1_.password as password7_3_1_, user1_.roles as roles8_3_1_ from id generalseq0_ left outer join user user1_ on generalseq0_.number=user1_.idd where generalseq0_.number=?&#10;Hibernate: select user0_.email as email1_3_1_, user0_.active as active2_3_1_, user0_.id as id3_3_1_, user0_.lastname as lastname4_3_1_, user0_.months as months5_3_1_, user0_.name as name6_3_1_, user0_.idd as idd9_3_1_, user0_.password as password7_3_1_, user0_.roles as roles8_3_1_, generalseq1_.number as number1_1_0_ from user user0_ left outer join id generalseq1_ on user0_.idd=generalseq1_.number where user0_.idd=?&#10;Hibernate: call next value for hibernate_sequence&#10;Hibernate: insert into event (action, date, object, path, subject, i) values (?, ?, ?, ?, ?, ?)&#10;&#10;&#10;&#10;***** EntryPoint - failed Login *****&#10;&#10;&#10;&#10;Hibernate: select user0_.email as email1_3_, user0_.active as active2_3_, user0_.id as id3_3_, user0_.lastname as lastname4_3_, user0_.months as months5_3_, user0_.name as name6_3_, user0_.idd as idd9_3_, user0_.password as password7_3_, user0_.roles as roles8_3_ from user user0_ where user0_.email=?&#10;Hibernate: select generalseq0_.number as number1_1_0_, user1_.email as email1_3_1_, user1_.active as active2_3_1_, user1_.id as id3_3_1_, user1_.lastname as lastname4_3_1_, user1_.months as months5_3_1_, user1_.name as name6_3_1_, user1_.idd as idd9_3_1_, user1_.password as password7_3_1_, user1_.roles as roles8_3_1_ from id generalseq0_ left outer join user user1_ on generalseq0_.number=user1_.idd where generalseq0_.number=?&#10;Hibernate: select user0_.email as email1_3_1_, user0_.active as active2_3_1_, user0_.id as id3_3_1_, user0_.lastname as lastname4_3_1_, user0_.months as months5_3_1_, user0_.name as name6_3_1_, user0_.idd as idd9_3_1_, user0_.password as password7_3_1_, user0_.roles as roles8_3_1_, generalseq1_.number as number1_1_0_ from user user0_ left outer join id generalseq1_ on user0_.idd=generalseq1_.number where user0_.idd=?&#10;&#10;&#10;*******Inside api/security/events**********&#10;&#10;&#10;Hibernate: select event0_.i as i1_0_, event0_.action as action2_0_, event0_.date as date3_0_, event0_.object as object4_0_, event0_.path as path5_0_, event0_.subject as subject6_0_ from event event0_&#10;Hibernate: select user0_.email as email1_3_, user0_.active as active2_3_, user0_.id as id3_3_, user0_.lastname as lastname4_3_, user0_.months as months5_3_, user0_.name as name6_3_, user0_.idd as idd9_3_, user0_.password as password7_3_, user0_.roles as roles8_3_ from user user0_ where user0_.email=?&#10;Hibernate: call next value for hibernate_sequence&#10;Hibernate: insert into event (action, date, object, path, subject, i) values (?, ?, ?, ?, ?, ?)&#10;&#10;&#10;&#10;***** EntryPoint - failed Login *****&#10;&#10;&#10;&#10;Hibernate: select user0_.email as email1_3_, user0_.active as active2_3_, user0_.id as id3_3_, user0_.lastname as lastname4_3_, user0_.months as months5_3_, user0_.name as name6_3_, user0_.idd as idd9_3_, user0_.password as password7_3_, user0_.roles as roles8_3_ from user user0_ where user0_.email=?&#10;Hibernate: select generalseq0_.number as number1_1_0_, user1_.email as email1_3_1_, user1_.active as active2_3_1_, user1_.id as id3_3_1_, user1_.lastname as lastname4_3_1_, user1_.months as months5_3_1_, user1_.name as name6_3_1_, user1_.idd as idd9_3_1_, user1_.password as password7_3_1_, user1_.roles as roles8_3_1_ from id generalseq0_ left outer join user user1_ on generalseq0_.number=user1_.idd where generalseq0_.number=?&#10;Hibernate: select user0_.email as email1_3_1_, user0_.active as active2_3_1_, user0_.id as id3_3_1_, user0_.lastname as lastname4_3_1_, user0_.months as months5_3_1_, user0_.name as name6_3_1_, user0_.idd as idd9_3_1_, user0_.password as password7_3_1_, user0_.roles as roles8_3_1_, generalseq1_.number as number1_1_0_ from user user0_ left outer join id generalseq1_ on user0_.idd=generalseq1_.number where user0_.idd=?&#10;&#10;&#10;*******Inside api/security/events**********&#10;&#10;&#10;Hibernate: select event0_.i as i1_0_, event0_.action as action2_0_, event0_.date as date3_0_, event0_.object as object4_0_, event0_.path as path5_0_, event0_.subject as subject6_0_ from event event0_&#10;Hibernate: select user0_.email as email1_3_, user0_.active as active2_3_, user0_.id as id3_3_, user0_.lastname as lastname4_3_, user0_.months as months5_3_, user0_.name as name6_3_, user0_.idd as idd9_3_, user0_.password as password7_3_, user0_.roles as roles8_3_ from user user0_ where user0_.email=?&#10;Hibernate: call next value for hibernate_sequence&#10;Hibernate: insert into event (action, date, object, path, subject, i) values (?, ?, ?, ?, ?, ?)&#10;&#10;&#10;&#10;***** EntryPoint - failed Login *****&#10;&#10;&#10;&#10;2022-08-17 21:31:44.488 ERROR 23360 --- [io-28852-exec-3] o.a.c.c.C.[.[.[/].[dispatcherServlet]    : Servlet.service() for servlet [dispatcherServlet] in context with path [] threw exception&#10;&#10;java.lang.NullPointerException: Cannot invoke &quot;String.split(String)&quot; because &quot;encoded&quot; is null&#10;&#9;at account.securityConfig.RestAuthenticationEntryPoint.commence(RestAuthenticationEntryPoint.java:28) ~[main/:na]&#10;&#9;at org.springframework.security.web.access.ExceptionTranslationFilter.sendStartAuthentication(ExceptionTranslationFilter.java:212) ~[spring-security-web-5.3.3.RELEASE.jar:5.3.3.RELEASE]&#10;&#9;at org.springframework.security.web.access.ExceptionTranslationFilter.handleSpringSecurityException(ExceptionTranslationFilter.java:184) ~[spring-security-web-5.3.3.RELEASE.jar:5.3.3.RELEASE]&#10;&#9;at org.springframework.security.web.access.ExceptionTranslationFilter.doFilter(ExceptionTranslationFilter.java:140) ~[spring-security-web-5.3.3.RELEASE.jar:5.3.3.RELEASE]&#10;&#9;at org.springframework.security.web.FilterChainProxy$VirtualFilterChain.doFilter(FilterChainProxy.java:334) ~[spring-security-web-5.3.3.RELEASE.jar:5.3.3.RELEASE]&#10;&#9;at org.springframework.security.web.session.SessionManagementFilter.doFilter(SessionManagementFilter.java:137) ~[spring-security-web-5.3.3.RELEASE.jar:5.3.3.RELEASE]&#10;&#9;at org.springframework.security.web.FilterChainProxy$VirtualFilterChain.doFilter(FilterChainProxy.java:334) ~[spring-security-web-5.3.3.RELEASE.jar:5.3.3.RELEASE]&#10;&#9;at org.springframework.security.web.authentication.AnonymousAuthenticationFilter.doFilter(AnonymousAuthenticationFilter.java:111) ~[spring-security-web-5.3.3.RELEASE.jar:5.3.3.RELEASE]&#10;&#9;at org.springframework.security.web.FilterChainProxy$VirtualFilterChain.doFilter(FilterChainProxy.java:334) ~[spring-security-web-5.3.3.RELEASE.jar:5.3.3.RELEASE]&#10;&#9;at org.springframework.security.web.servletapi.SecurityContextHolderAwareRequestFilter.doFilter(SecurityContextHolderAwareRequestFilter.java:158) ~[spring-security-web-5.3.3.RELEASE.jar:5.3.3.RELEASE]&#10;&#9;at org.springframework.security.web.FilterChainProxy$VirtualFilterChain.doFilter(FilterChainProxy.java:334) ~[spring-security-web-5.3.3.RELEASE.jar:5.3.3.RELEASE]&#10;&#9;at org.springframework.security.web.savedrequest.RequestCacheAwareFilter.doFilter(RequestCacheAwareFilter.java:63) ~[spring-security-web-5.3.3.RELEASE.jar:5.3.3.RELEASE]&#10;&#9;at org.springframework.security.web.FilterChainProxy$VirtualFilterChain.doFilter(FilterChainProxy.java:334) ~[spring-security-web-5.3.3.RELEASE.jar:5.3.3.RELEASE]&#10;&#9;at org.springframework.security.web.authentication.www.BasicAuthenticationFilter.doFilterInternal(BasicAuthenticationFilter.java:155) ~[spring-security-web-5.3.3.RELEASE.jar:5.3.3.RELEASE]&#10;&#9;at org.springframework.web.filter.OncePerRequestFilter.doFilter(OncePerRequestFilter.java:119) ~[spring-web-5.2.7.RELEASE.jar:5.2.7.RELEASE]&#10;&#9;at org.springframework.security.web.FilterChainProxy$VirtualFilterChain.doFilter(FilterChainProxy.java:334) ~[spring-security-web-5.3.3.RELEASE.jar:5.3.3.RELEASE]&#10;&#9;at org.springframework.security.web.authentication.logout.LogoutFilter.doFilter(LogoutFilter.java:116) ~[spring-security-web-5.3.3.RELEASE.jar:5.3.3.RELEASE]&#10;&#9;at org.springframework.security.web.FilterChainProxy$VirtualFilterChain.doFilter(FilterChainProxy.java:334) ~[spring-security-web-5.3.3.RELEASE.jar:5.3.3.RELEASE]&#10;&#9;at org.springframework.security.web.header.HeaderWriterFilter.doHeadersAfter(HeaderWriterFilter.java:92) ~[spring-security-web-5.3.3.RELEASE.jar:5.3.3.RELEASE]&#10;&#9;at org.springframework.security.web.header.HeaderWriterFilter.doFilterInternal(HeaderWriterFilter.java:77) ~[spring-security-web-5.3.3.RELEASE.jar:5.3.3.RELEASE]&#10;&#9;at org.springframework.web.filter.OncePerRequestFilter.doFilter(OncePerRequestFilter.java:119) ~[spring-web-5.2.7.RELEASE.jar:5.2.7.RELEASE]&#10;&#9;at org.springframework.security.web.FilterChainProxy$VirtualFilterChain.doFilter(FilterChainProxy.java:334) ~[spring-security-web-5.3.3.RELEASE.jar:5.3.3.RELEASE]&#10;&#9;at org.springframework.security.web.context.SecurityContextPersistenceFilter.doFilter(SecurityContextPersistenceFilter.java:105) ~[spring-security-web-5.3.3.RELEASE.jar:5.3.3.RELEASE]&#10;&#9;at org.springframework.security.web.FilterChainProxy$VirtualFilterChain.doFilter(FilterChainProxy.java:334) ~[spring-security-web-5.3.3.RELEASE.jar:5.3.3.RELEASE]&#10;&#9;at org.springframework.security.web.context.request.async.WebAsyncManagerIntegrationFilter.doFilterInternal(WebAsyncManagerIntegrationFilter.java:56) ~[spring-security-web-5.3.3.RELEASE.jar:5.3.3.RELEASE]&#10;&#9;at org.springframework.web.filter.OncePerRequestFilter.doFilter(OncePerRequestFilter.java:119) ~[spring-web-5.2.7.RELEASE.jar:5.2.7.RELEASE]&#10;&#9;at org.springframework.security.web.FilterChainProxy$VirtualFilterChain.doFilter(FilterChainProxy.java:334) ~[spring-security-web-5.3.3.RELEASE.jar:5.3.3.RELEASE]&#10;&#9;at org.springframework.security.web.FilterChainProxy.doFilterInternal(FilterChainProxy.java:215) ~[spring-security-web-5.3.3.RELEASE.jar:5.3.3.RELEASE]&#10;&#9;at org.springframework.security.web.FilterChainProxy.doFilter(FilterChainProxy.java:178) ~[spring-security-web-5.3.3.RELEASE.jar:5.3.3.RELEASE]&#10;&#9;at org.springframework.web.filter.DelegatingFilterProxy.invokeDelegate(DelegatingFilterProxy.java:358) ~[spring-web-5.2.7.RELEASE.jar:5.2.7.RELEASE]&#10;&#9;at org.springframework.web.filter.DelegatingFilterProxy.doFilter(DelegatingFilterProxy.java:271) ~[spring-web-5.2.7.RELEASE.jar:5.2.7.RELEASE]&#10;&#9;at jdk.internal.reflect.GeneratedMethodAccessor64.invoke(Unknown Source) ~[na:na]&#10;&#9;at java.base/jdk.internal.reflect.DelegatingMethodAccessorImpl.invoke(DelegatingMethodAccessorImpl.java:43) ~[na:na]&#10;&#9;at java.base/java.lang.reflect.Method.invoke(Method.java:568) ~[na:na]&#10;&#9;at org.apache.catalina.security.SecurityUtil$1.run(SecurityUtil.java:282) ~[tomcat-embed-core-9.0.36.jar:9.0.36]&#10;&#9;at org.apache.catalina.security.SecurityUtil$1.run(SecurityUtil.java:279) ~[tomcat-embed-core-9.0.36.jar:9.0.36]&#10;&#9;at java.base/java.security.AccessController.doPrivileged(AccessController.java:712) ~[na:na]&#10;&#9;at java.base/javax.security.auth.Subject.doAsPrivileged(Subject.java:584) ~[na:na]&#10;&#9;at org.apache.catalina.security.SecurityUtil.execute(SecurityUtil.java:314) ~[tomcat-embed-core-9.0.36.jar:9.0.36]&#10;&#9;at org.apache.catalina.security.SecurityUtil.doAsPrivilege(SecurityUtil.java:253) ~[tomcat-embed-core-9.0.36.jar:9.0.36]&#10;&#9;at org.apache.catalina.core.ApplicationFilterChain.internalDoFilter(ApplicationFilterChain.java:191) ~[tomcat-embed-core-9.0.36.jar:9.0.36]&#10;&#9;at org.apache.catalina.core.ApplicationFilterChain.access$000(ApplicationFilterChain.java:47) ~[tomcat-embed-core-9.0.36.jar:9.0.36]&#10;&#9;at org.apache.catalina.core.ApplicationFilterChain$1.run(ApplicationFilterChain.java:149) ~[tomcat-embed-core-9.0.36.jar:9.0.36]&#10;&#9;at org.apache.catalina.core.ApplicationFilterChain$1.run(ApplicationFilterChain.java:145) ~[tomcat-embed-core-9.0.36.jar:9.0.36]&#10;&#9;at java.base/java.security.AccessController.doPrivileged(AccessController.java:569) ~[na:na]&#10;&#9;at org.apache.catalina.core.ApplicationFilterChain.doFilter(ApplicationFilterChain.java:144) ~[tomcat-embed-core-9.0.36.jar:9.0.36]&#10;&#9;at org.springframework.web.filter.RequestContextFilter.doFilterInternal(RequestContextFilter.java:100) ~[spring-web-5.2.7.RELEASE.jar:5.2.7.RELEASE]&#10;&#9;at org.springframework.web.filter.OncePerRequestFilter.doFilter(OncePerRequestFilter.java:119) ~[spring-web-5.2.7.RELEASE.jar:5.2.7.RELEASE]&#10;&#9;at jdk.internal.reflect.GeneratedMethodAccessor64.invoke(Unknown Source) ~[na:na]&#10;&#9;at java.base/jdk.internal.reflect.DelegatingMethodAccessorImpl.invoke(DelegatingMethodAccessorImpl.java:43) ~[na:na]&#10;&#9;at java.base/java.lang.reflect.Method.invoke(Method.java:568) ~[na:na]&#10;&#9;at org.apache.catalina.security.SecurityUtil$1.run(SecurityUtil.java:282) ~[tomcat-embed-core-9.0.36.jar:9.0.36]&#10;&#9;at org.apache.catalina.security.SecurityUtil$1.run(SecurityUtil.java:279) ~[tomcat-embed-core-9.0.36.jar:9.0.36]&#10;&#9;at java.base/java.security.AccessController.doPrivileged(AccessController.java:712) ~[na:na]&#10;&#9;at java.base/javax.security.auth.Subject.doAsPrivileged(Subject.java:584) ~[na:na]&#10;&#9;at org.apache.catalina.security.SecurityUtil.execute(SecurityUtil.java:314) ~[tomcat-embed-core-9.0.36.jar:9.0.36]&#10;&#9;at org.apache.catalina.security.SecurityUtil.doAsPrivilege(SecurityUtil.java:253) ~[tomcat-embed-core-9.0.36.jar:9.0.36]&#10;&#9;at org.apache.catalina.core.ApplicationFilterChain.internalDoFilter(ApplicationFilterChain.java:191) ~[tomcat-embed-core-9.0.36.jar:9.0.36]&#10;&#9;at org.apache.catalina.core.ApplicationFilterChain.access$000(ApplicationFilterChain.java:47) ~[tomcat-embed-core-9.0.36.jar:9.0.36]&#10;&#9;at org.apache.catalina.core.ApplicationFilterChain$1.run(ApplicationFilterChain.java:149) ~[tomcat-embed-core-9.0.36.jar:9.0.36]&#10;&#9;at org.apache.catalina.core.ApplicationFilterChain$1.run(ApplicationFilterChain.java:145) ~[tomcat-embed-core-9.0.36.jar:9.0.36]&#10;&#9;at java.base/java.security.AccessController.doPrivileged(AccessController.java:569) ~[na:na]&#10;&#9;at org.apache.catalina.core.ApplicationFilterChain.doFilter(ApplicationFilterChain.java:144) ~[tomcat-embed-core-9.0.36.jar:9.0.36]&#10;&#9;at org.springframework.web.filter.FormContentFilter.doFilterInternal(FormContentFilter.java:93) ~[spring-web-5.2.7.RELEASE.jar:5.2.7.RELEASE]&#10;&#9;at org.springframework.web.filter.OncePerRequestFilter.doFilter(OncePerRequestFilter.java:119) ~[spring-web-5.2.7.RELEASE.jar:5.2.7.RELEASE]&#10;&#9;at jdk.internal.reflect.GeneratedMethodAccessor64.invoke(Unknown Source) ~[na:na]&#10;&#9;at java.base/jdk.internal.reflect.DelegatingMethodAccessorImpl.invoke(DelegatingMethodAccessorImpl.java:43) ~[na:na]&#10;&#9;at java.base/java.lang.reflect.Method.invoke(Method.java:568) ~[na:na]&#10;&#9;at org.apache.catalina.security.SecurityUtil$1.run(SecurityUtil.java:282) ~[tomcat-embed-core-9.0.36.jar:9.0.36]&#10;&#9;at org.apache.catalina.security.SecurityUtil$1.run(SecurityUtil.java:279) ~[tomcat-embed-core-9.0.36.jar:9.0.36]&#10;&#9;at java.base/java.security.AccessController.doPrivileged(AccessController.java:712) ~[na:na]&#10;&#9;at java.base/javax.security.auth.Subject.doAsPrivileged(Subject.java:584) ~[na:na]&#10;&#9;at org.apache.catalina.security.SecurityUtil.execute(SecurityUtil.java:314) ~[tomcat-embed-core-9.0.36.jar:9.0.36]&#10;&#9;at org.apache.catalina.security.SecurityUtil.doAsPrivilege(SecurityUtil.java:253) ~[tomcat-embed-core-9.0.36.jar:9.0.36]&#10;&#9;at org.apache.catalina.core.ApplicationFilterChain.internalDoFilter(ApplicationFilterChain.java:191) ~[tomcat-embed-core-9.0.36.jar:9.0.36]&#10;&#9;at org.apache.catalina.core.ApplicationFilterChain.access$000(ApplicationFilterChain.java:47) ~[tomcat-embed-core-9.0.36.jar:9.0.36]&#10;&#9;at org.apache.catalina.core.ApplicationFilterChain$1.run(ApplicationFilterChain.java:149) ~[tomcat-embed-core-9.0.36.jar:9.0.36]&#10;&#9;at org.apache.catalina.core.ApplicationFilterChain$1.run(ApplicationFilterChain.java:145) ~[tomcat-embed-core-9.0.36.jar:9.0.36]&#10;&#9;at java.base/java.security.AccessController.doPrivileged(AccessController.java:569) ~[na:na]&#10;&#9;at org.apache.catalina.core.ApplicationFilterChain.doFilter(ApplicationFilterChain.java:144) ~[tomcat-embed-core-9.0.36.jar:9.0.36]&#10;&#9;at org.springframework.boot.actuate.metrics.web.servlet.WebMvcMetricsFilter.doFilterInternal(WebMvcMetricsFilter.java:93) ~[spring-boot-actuator-2.3.1.RELEASE.jar:2.3.1.RELEASE]&#10;&#9;at org.springframework.web.filter.OncePerRequestFilter.doFilter(OncePerRequestFilter.java:119) ~[spring-web-5.2.7.RELEASE.jar:5.2.7.RELEASE]&#10;&#9;at jdk.internal.reflect.GeneratedMethodAccessor64.invoke(Unknown Source) ~[na:na]&#10;&#9;at java.base/jdk.internal.reflect.DelegatingMethodAccessorImpl.invoke(DelegatingMethodAccessorImpl.java:43) ~[na:na]&#10;&#9;at java.base/java.lang.reflect.Method.invoke(Method.java:568) ~[na:na]&#10;&#9;at org.apache.catalina.security.SecurityUtil$1.run(SecurityUtil.java:282) ~[tomcat-embed-core-9.0.36.jar:9.0.36]&#10;&#9;at org.apache.catalina.security.SecurityUtil$1.run(SecurityUtil.java:279) ~[tomcat-embed-core-9.0.36.jar:9.0.36]&#10;&#9;at java.base/java.security.AccessController.doPrivileged(AccessController.java:712) ~[na:na]&#10;&#9;at java.base/javax.security.auth.Subject.doAsPrivileged(Subject.java:584) ~[na:na]&#10;&#9;at org.apache.catalina.security.SecurityUtil.execute(SecurityUtil.java:314) ~[tomcat-embed-core-9.0.36.jar:9.0.36]&#10;&#9;at org.apache.catalina.security.SecurityUtil.doAsPrivilege(SecurityUtil.java:253) ~[tomcat-embed-core-9.0.36.jar:9.0.36]&#10;&#9;at org.apache.catalina.core.ApplicationFilterChain.internalDoFilter(ApplicationFilterChain.java:191) ~[tomcat-embed-core-9.0.36.jar:9.0.36]&#10;&#9;at org.apache.catalina.core.ApplicationFilterChain.access$000(ApplicationFilterChain.java:47) ~[tomcat-embed-core-9.0.36.jar:9.0.36]&#10;&#9;at org.apache.catalina.core.ApplicationFilterChain$1.run(ApplicationFilterChain.java:149) ~[tomcat-embed-core-9.0.36.jar:9.0.36]&#10;&#9;at org.apache.catalina.core.ApplicationFilterChain$1.run(ApplicationFilterChain.java:145) ~[tomcat-embed-core-9.0.36.jar:9.0.36]&#10;&#9;at java.base/java.security.AccessController.doPrivileged(AccessController.java:569) ~[na:na]&#10;&#9;at org.apache.catalina.core.ApplicationFilterChain.doFilter(ApplicationFilterChain.java:144) ~[tomcat-embed-core-9.0.36.jar:9.0.36]&#10;&#9;at org.springframework.web.filter.CharacterEncodingFilter.doFilterInternal(CharacterEncodingFilter.java:201) ~[spring-web-5.2.7.RELEASE.jar:5.2.7.RELEASE]&#10;&#9;at org.springframework.web.filter.OncePerRequestFilter.doFilter(OncePerRequestFilter.java:119) ~[spring-web-5.2.7.RELEASE.jar:5.2.7.RELEASE]&#10;&#9;at jdk.internal.reflect.GeneratedMethodAccessor64.invoke(Unknown Source) ~[na:na]&#10;&#9;at java.base/jdk.internal.reflect.DelegatingMethodAccessorImpl.invoke(DelegatingMethodAccessorImpl.java:43) ~[na:na]&#10;&#9;at java.base/java.lang.reflect.Method.invoke(Method.java:568) ~[na:na]&#10;&#9;at org.apache.catalina.security.SecurityUtil$1.run(SecurityUtil.java:282) ~[tomcat-embed-core-9.0.36.jar:9.0.36]&#10;&#9;at org.apache.catalina.security.SecurityUtil$1.run(SecurityUtil.java:279) ~[tomcat-embed-core-9.0.36.jar:9.0.36]&#10;&#9;at java.base/java.security.AccessController.doPrivileged(AccessController.java:712) ~[na:na]&#10;&#9;at java.base/javax.security.auth.Subject.doAsPrivileged(Subject.java:584) ~[na:na]&#10;&#9;at org.apache.catalina.security.SecurityUtil.execute(SecurityUtil.java:314) ~[tomcat-embed-core-9.0.36.jar:9.0.36]&#10;&#9;at org.apache.catalina.security.SecurityUtil.doAsPrivilege(SecurityUtil.java:253) ~[tomcat-embed-core-9.0.36.jar:9.0.36]&#10;&#9;at org.apache.catalina.core.ApplicationFilterChain.internalDoFilter(ApplicationFilterChain.java:191) ~[tomcat-embed-core-9.0.36.jar:9.0.36]&#10;&#9;at org.apache.catalina.core.ApplicationFilterChain.access$000(ApplicationFilterChain.java:47) ~[tomcat-embed-core-9.0.36.jar:9.0.36]&#10;&#9;at org.apache.catalina.core.ApplicationFilterChain$1.run(ApplicationFilterChain.java:149) ~[tomcat-embed-core-9.0.36.jar:9.0.36]&#10;&#9;at org.apache.catalina.core.ApplicationFilterChain$1.run(ApplicationFilterChain.java:145) ~[tomcat-embed-core-9.0.36.jar:9.0.36]&#10;&#9;at java.base/java.security.AccessController.doPrivileged(AccessController.java:569) ~[na:na]&#10;&#9;at org.apache.catalina.core.ApplicationFilterChain.doFilter(ApplicationFilterChain.java:144) ~[tomcat-embed-core-9.0.36.jar:9.0.36]&#10;&#9;at org.apache.catalina.core.StandardWrapperValve.invoke(StandardWrapperValve.java:202) ~[tomcat-embed-core-9.0.36.jar:9.0.36]&#10;&#9;at org.apache.catalina.core.StandardContextValve.invoke(StandardContextValve.java:96) ~[tomcat-embed-core-9.0.36.jar:9.0.36]&#10;&#9;at org.apache.catalina.authenticator.AuthenticatorBase.invoke(AuthenticatorBase.java:541) ~[tomcat-embed-core-9.0.36.jar:9.0.36]&#10;&#9;at org.apache.catalina.core.StandardHostValve.invoke(StandardHostValve.java:139) ~[tomcat-embed-core-9.0.36.jar:9.0.36]&#10;&#9;at org.apache.catalina.valves.ErrorReportValve.invoke(ErrorReportValve.java:92) ~[tomcat-embed-core-9.0.36.jar:9.0.36]&#10;&#9;at org.apache.catalina.core.StandardEngineValve.invoke(StandardEngineValve.java:74) ~[tomcat-embed-core-9.0.36.jar:9.0.36]&#10;&#9;at org.apache.catalina.connector.CoyoteAdapter.service(CoyoteAdapter.java:343) ~[tomcat-embed-core-9.0.36.jar:9.0.36]&#10;&#9;at org.apache.coyote.http11.Http11Processor.service(Http11Processor.java:373) ~[tomcat-embed-core-9.0.36.jar:9.0.36]&#10;&#9;at org.apache.coyote.AbstractProcessorLight.process(AbstractProcessorLight.java:65) ~[tomcat-embed-core-9.0.36.jar:9.0.36]&#10;&#9;at org.apache.coyote.AbstractProtocol$ConnectionHandler.process(AbstractProtocol.java:868) ~[tomcat-embed-core-9.0.36.jar:9.0.36]&#10;&#9;at org.apache.tomcat.util.net.NioEndpoint$SocketProcessor.doRun(NioEndpoint.java:1590) ~[tomcat-embed-core-9.0.36.jar:9.0.36]&#10;&#9;at org.apache.tomcat.util.net.SocketProcessorBase.run(SocketProcessorBase.java:49) ~[tomcat-embed-core-9.0.36.jar:9.0.36]&#10;&#9;at java.base/java.util.concurrent.ThreadPoolExecutor.runWorker(ThreadPoolExecutor.java:1136) ~[na:na]&#10;&#9;at java.base/java.util.concurrent.ThreadPoolExecutor$Worker.run(ThreadPoolExecutor.java:635) ~[na:na]&#10;&#9;at org.apache.tomcat.util.threads.TaskThread$WrappingRunnable.run(TaskThread.java:61) ~[tomcat-embed-core-9.0.36.jar:9.0.36]&#10;&#9;at java.base/java.lang.Thread.run(Thread.java:833) ~[na:na]" type="java.lang.AssertionError">java.lang.AssertionError: Wrong answer in test #18

GET /api/empl/payment should respond with status code 401, responded: 500
This api only for authenticated user
Response body:
{
  &quot;timestamp&quot; : &quot;2022-08-17T18:31:44.504+00:00&quot;,
  &quot;status&quot; : 500,
  &quot;error&quot; : &quot;Internal Server Error&quot;,
  &quot;message&quot; : &quot;Cannot invoke \&quot;String.split(String)\&quot; because \&quot;encoded\&quot; is null&quot;,
  &quot;path&quot; : &quot;/api/empl/payment&quot;
}

Please find below the output of your program during this failed test.

---

[last 250 lines of output are shown, 138 skipped]
Hibernate: select count(*) as col_0_0_ from user user0_ where user0_.email=?
SAVED!!!

Hibernate: select count(*) as col_0_0_ from user user0_
Hibernate: select user0_.email as email1_3_1_, user0_.active as active2_3_1_, user0_.id as id3_3_1_, user0_.lastname as lastname4_3_1_, user0_.months as months5_3_1_, user0_.name as name6_3_1_, user0_.idd as idd9_3_1_, user0_.password as password7_3_1_, user0_.roles as roles8_3_1_, generalseq1_.number as number1_1_0_ from user user0_ left outer join id generalseq1_ on user0_.idd=generalseq1_.number where user0_.email=?
Hibernate: call next value for hibernate_sequence
Hibernate: insert into id (number) values (?)
Hibernate: insert into user (active, id, lastname, months, name, idd, password, roles, email) values (?, ?, ?, ?, ?, ?, ?, ?, ?)
Hibernate: update user set active=?, id=?, lastname=?, months=?, name=?, idd=?, password=?, roles=? where email=?
Hibernate: call next value for hibernate_sequence
Hibernate: insert into event (action, date, object, path, subject, i) values (?, ?, ?, ?, ?, ?)
Hibernate: select user0_.email as email1_3_, user0_.active as active2_3_, user0_.id as id3_3_, user0_.lastname as lastname4_3_, user0_.months as months5_3_, user0_.name as name6_3_, user0_.idd as idd9_3_, user0_.password as password7_3_, user0_.roles as roles8_3_ from user user0_ where user0_.email=?
Hibernate: select generalseq0_.number as number1_1_0_, user1_.email as email1_3_1_, user1_.active as active2_3_1_, user1_.id as id3_3_1_, user1_.lastname as lastname4_3_1_, user1_.months as months5_3_1_, user1_.name as name6_3_1_, user1_.idd as idd9_3_1_, user1_.password as password7_3_1_, user1_.roles as roles8_3_1_ from id generalseq0_ left outer join user user1_ on generalseq0_.number=user1_.idd where generalseq0_.number=?
Hibernate: select user0_.email as email1_3_1_, user0_.active as active2_3_1_, user0_.id as id3_3_1_, user0_.lastname as lastname4_3_1_, user0_.months as months5_3_1_, user0_.name as name6_3_1_, user0_.idd as idd9_3_1_, user0_.password as password7_3_1_, user0_.roles as roles8_3_1_, generalseq1_.number as number1_1_0_ from user user0_ left outer join id generalseq1_ on user0_.idd=generalseq1_.number where user0_.idd=?


*******Inside api/security/events**********


Hibernate: select event0_.i as i1_0_, event0_.action as action2_0_, event0_.date as date3_0_, event0_.object as object4_0_, event0_.path as path5_0_, event0_.subject as subject6_0_ from event event0_


REGISTRATION

Petr
Petrov
PetrPetrov@acme.com
nWza98hjkLPE
********************
Hibernate: select count(*) as col_0_0_ from user user0_ where user0_.email=?
SAVED!!!

Hibernate: select count(*) as col_0_0_ from user user0_
Hibernate: select user0_.email as email1_3_1_, user0_.active as active2_3_1_, user0_.id as id3_3_1_, user0_.lastname as lastname4_3_1_, user0_.months as months5_3_1_, user0_.name as name6_3_1_, user0_.idd as idd9_3_1_, user0_.password as password7_3_1_, user0_.roles as roles8_3_1_, generalseq1_.number as number1_1_0_ from user user0_ left outer join id generalseq1_ on user0_.idd=generalseq1_.number where user0_.email=?
Hibernate: call next value for hibernate_sequence
Hibernate: insert into id (number) values (?)
Hibernate: insert into user (active, id, lastname, months, name, idd, password, roles, email) values (?, ?, ?, ?, ?, ?, ?, ?, ?)
Hibernate: update user set active=?, id=?, lastname=?, months=?, name=?, idd=?, password=?, roles=? where email=?
Hibernate: call next value for hibernate_sequence
Hibernate: insert into event (action, date, object, path, subject, i) values (?, ?, ?, ?, ?, ?)
Hibernate: select user0_.email as email1_3_, user0_.active as active2_3_, user0_.id as id3_3_, user0_.lastname as lastname4_3_, user0_.months as months5_3_, user0_.name as name6_3_, user0_.idd as idd9_3_, user0_.password as password7_3_, user0_.roles as roles8_3_ from user user0_ where user0_.email=?
Hibernate: select generalseq0_.number as number1_1_0_, user1_.email as email1_3_1_, user1_.active as active2_3_1_, user1_.id as id3_3_1_, user1_.lastname as lastname4_3_1_, user1_.months as months5_3_1_, user1_.name as name6_3_1_, user1_.idd as idd9_3_1_, user1_.password as password7_3_1_, user1_.roles as roles8_3_1_ from id generalseq0_ left outer join user user1_ on generalseq0_.number=user1_.idd where generalseq0_.number=?
Hibernate: select user0_.email as email1_3_1_, user0_.active as active2_3_1_, user0_.id as id3_3_1_, user0_.lastname as lastname4_3_1_, user0_.months as months5_3_1_, user0_.name as name6_3_1_, user0_.idd as idd9_3_1_, user0_.password as password7_3_1_, user0_.roles as roles8_3_1_, generalseq1_.number as number1_1_0_ from user user0_ left outer join id generalseq1_ on user0_.idd=generalseq1_.number where user0_.idd=?


*******Inside api/security/events**********


Hibernate: select event0_.i as i1_0_, event0_.action as action2_0_, event0_.date as date3_0_, event0_.object as object4_0_, event0_.path as path5_0_, event0_.subject as subject6_0_ from event event0_
Hibernate: select user0_.email as email1_3_, user0_.active as active2_3_, user0_.id as id3_3_, user0_.lastname as lastname4_3_, user0_.months as months5_3_, user0_.name as name6_3_, user0_.idd as idd9_3_, user0_.password as password7_3_, user0_.roles as roles8_3_ from user user0_ where user0_.email=?
Hibernate: select generalseq0_.number as number1_1_0_, user1_.email as email1_3_1_, user1_.active as active2_3_1_, user1_.id as id3_3_1_, user1_.lastname as lastname4_3_1_, user1_.months as months5_3_1_, user1_.name as name6_3_1_, user1_.idd as idd9_3_1_, user1_.password as password7_3_1_, user1_.roles as roles8_3_1_ from id generalseq0_ left outer join user user1_ on generalseq0_.number=user1_.idd where generalseq0_.number=?
Hibernate: select user0_.email as email1_3_1_, user0_.active as active2_3_1_, user0_.id as id3_3_1_, user0_.lastname as lastname4_3_1_, user0_.months as months5_3_1_, user0_.name as name6_3_1_, user0_.idd as idd9_3_1_, user0_.password as password7_3_1_, user0_.roles as roles8_3_1_, generalseq1_.number as number1_1_0_ from user user0_ left outer join id generalseq1_ on user0_.idd=generalseq1_.number where user0_.idd=?


******PAYMENT********
maxmustermann@acme.com
Hibernate: select user0_.email as email1_3_0_, user0_.active as active2_3_0_, user0_.id as id3_3_0_, user0_.lastname as lastname4_3_0_, user0_.months as months5_3_0_, user0_.name as name6_3_0_, user0_.idd as idd9_3_0_, user0_.password as password7_3_0_, user0_.roles as roles8_3_0_, generalseq1_.number as number1_1_1_ from user user0_ left outer join id generalseq1_ on user0_.idd=generalseq1_.number where user0_.email=?
Hibernate: select payslips0_.user_email as user_ema7_2_0_, payslips0_.id as id1_2_0_, payslips0_.id as id1_2_1_, payslips0_.date as date2_2_1_, payslips0_.lastname as lastname3_2_1_, payslips0_.name as name4_2_1_, payslips0_.period as period5_2_1_, payslips0_.salary as salary6_2_1_, payslips0_.user_email as user_ema7_2_1_ from pay_slip payslips0_ where payslips0_.user_email=?
Hibernate: select user0_.email as email1_3_, user0_.active as active2_3_, user0_.id as id3_3_, user0_.lastname as lastname4_3_, user0_.months as months5_3_, user0_.name as name6_3_, user0_.idd as idd9_3_, user0_.password as password7_3_, user0_.roles as roles8_3_ from user user0_ where user0_.email=?
Hibernate: select generalseq0_.number as number1_1_0_, user1_.email as email1_3_1_, user1_.active as active2_3_1_, user1_.id as id3_3_1_, user1_.lastname as lastname4_3_1_, user1_.months as months5_3_1_, user1_.name as name6_3_1_, user1_.idd as idd9_3_1_, user1_.password as password7_3_1_, user1_.roles as roles8_3_1_ from id generalseq0_ left outer join user user1_ on generalseq0_.number=user1_.idd where generalseq0_.number=?
Hibernate: select user0_.email as email1_3_1_, user0_.active as active2_3_1_, user0_.id as id3_3_1_, user0_.lastname as lastname4_3_1_, user0_.months as months5_3_1_, user0_.name as name6_3_1_, user0_.idd as idd9_3_1_, user0_.password as password7_3_1_, user0_.roles as roles8_3_1_, generalseq1_.number as number1_1_0_ from user user0_ left outer join id generalseq1_ on user0_.idd=generalseq1_.number where user0_.idd=?


******PAYMENT********
maxmustermann@acme.com
Hibernate: select user0_.email as email1_3_0_, user0_.active as active2_3_0_, user0_.id as id3_3_0_, user0_.lastname as lastname4_3_0_, user0_.months as months5_3_0_, user0_.name as name6_3_0_, user0_.idd as idd9_3_0_, user0_.password as password7_3_0_, user0_.roles as roles8_3_0_, generalseq1_.number as number1_1_1_ from user user0_ left outer join id generalseq1_ on user0_.idd=generalseq1_.number where user0_.email=?
Hibernate: select payslips0_.user_email as user_ema7_2_0_, payslips0_.id as id1_2_0_, payslips0_.id as id1_2_1_, payslips0_.date as date2_2_1_, payslips0_.lastname as lastname3_2_1_, payslips0_.name as name4_2_1_, payslips0_.period as period5_2_1_, payslips0_.salary as salary6_2_1_, payslips0_.user_email as user_ema7_2_1_ from pay_slip payslips0_ where payslips0_.user_email=?
Hibernate: select user0_.email as email1_3_, user0_.active as active2_3_, user0_.id as id3_3_, user0_.lastname as lastname4_3_, user0_.months as months5_3_, user0_.name as name6_3_, user0_.idd as idd9_3_, user0_.password as password7_3_, user0_.roles as roles8_3_ from user user0_ where user0_.email=?
Hibernate: select generalseq0_.number as number1_1_0_, user1_.email as email1_3_1_, user1_.active as active2_3_1_, user1_.id as id3_3_1_, user1_.lastname as lastname4_3_1_, user1_.months as months5_3_1_, user1_.name as name6_3_1_, user1_.idd as idd9_3_1_, user1_.password as password7_3_1_, user1_.roles as roles8_3_1_ from id generalseq0_ left outer join user user1_ on generalseq0_.number=user1_.idd where generalseq0_.number=?
Hibernate: select user0_.email as email1_3_1_, user0_.active as active2_3_1_, user0_.id as id3_3_1_, user0_.lastname as lastname4_3_1_, user0_.months as months5_3_1_, user0_.name as name6_3_1_, user0_.idd as idd9_3_1_, user0_.password as password7_3_1_, user0_.roles as roles8_3_1_, generalseq1_.number as number1_1_0_ from user user0_ left outer join id generalseq1_ on user0_.idd=generalseq1_.number where user0_.idd=?
Hibernate: call next value for hibernate_sequence
Hibernate: insert into event (action, date, object, path, subject, i) values (?, ?, ?, ?, ?, ?)



***** EntryPoint - failed Login *****



Hibernate: select user0_.email as email1_3_, user0_.active as active2_3_, user0_.id as id3_3_, user0_.lastname as lastname4_3_, user0_.months as months5_3_, user0_.name as name6_3_, user0_.idd as idd9_3_, user0_.password as password7_3_, user0_.roles as roles8_3_ from user user0_ where user0_.email=?
Hibernate: select generalseq0_.number as number1_1_0_, user1_.email as email1_3_1_, user1_.active as active2_3_1_, user1_.id as id3_3_1_, user1_.lastname as lastname4_3_1_, user1_.months as months5_3_1_, user1_.name as name6_3_1_, user1_.idd as idd9_3_1_, user1_.password as password7_3_1_, user1_.roles as roles8_3_1_ from id generalseq0_ left outer join user user1_ on generalseq0_.number=user1_.idd where generalseq0_.number=?
Hibernate: select user0_.email as email1_3_1_, user0_.active as active2_3_1_, user0_.id as id3_3_1_, user0_.lastname as lastname4_3_1_, user0_.months as months5_3_1_, user0_.name as name6_3_1_, user0_.idd as idd9_3_1_, user0_.password as password7_3_1_, user0_.roles as roles8_3_1_, generalseq1_.number as number1_1_0_ from user user0_ left outer join id generalseq1_ on user0_.idd=generalseq1_.number where user0_.idd=?


*******Inside api/security/events**********


Hibernate: select event0_.i as i1_0_, event0_.action as action2_0_, event0_.date as date3_0_, event0_.object as object4_0_, event0_.path as path5_0_, event0_.subject as subject6_0_ from event event0_
Hibernate: select user0_.email as email1_3_, user0_.active as active2_3_, user0_.id as id3_3_, user0_.lastname as lastname4_3_, user0_.months as months5_3_, user0_.name as name6_3_, user0_.idd as idd9_3_, user0_.password as password7_3_, user0_.roles as roles8_3_ from user user0_ where user0_.email=?
Hibernate: call next value for hibernate_sequence
Hibernate: insert into event (action, date, object, path, subject, i) values (?, ?, ?, ?, ?, ?)



***** EntryPoint - failed Login *****



Hibernate: select user0_.email as email1_3_, user0_.active as active2_3_, user0_.id as id3_3_, user0_.lastname as lastname4_3_, user0_.months as months5_3_, user0_.name as name6_3_, user0_.idd as idd9_3_, user0_.password as password7_3_, user0_.roles as roles8_3_ from user user0_ where user0_.email=?
Hibernate: select generalseq0_.number as number1_1_0_, user1_.email as email1_3_1_, user1_.active as active2_3_1_, user1_.id as id3_3_1_, user1_.lastname as lastname4_3_1_, user1_.months as months5_3_1_, user1_.name as name6_3_1_, user1_.idd as idd9_3_1_, user1_.password as password7_3_1_, user1_.roles as roles8_3_1_ from id generalseq0_ left outer join user user1_ on generalseq0_.number=user1_.idd where generalseq0_.number=?
Hibernate: select user0_.email as email1_3_1_, user0_.active as active2_3_1_, user0_.id as id3_3_1_, user0_.lastname as lastname4_3_1_, user0_.months as months5_3_1_, user0_.name as name6_3_1_, user0_.idd as idd9_3_1_, user0_.password as password7_3_1_, user0_.roles as roles8_3_1_, generalseq1_.number as number1_1_0_ from user user0_ left outer join id generalseq1_ on user0_.idd=generalseq1_.number where user0_.idd=?


*******Inside api/security/events**********


Hibernate: select event0_.i as i1_0_, event0_.action as action2_0_, event0_.date as date3_0_, event0_.object as object4_0_, event0_.path as path5_0_, event0_.subject as subject6_0_ from event event0_
Hibernate: select user0_.email as email1_3_, user0_.active as active2_3_, user0_.id as id3_3_, user0_.lastname as lastname4_3_, user0_.months as months5_3_, user0_.name as name6_3_, user0_.idd as idd9_3_, user0_.password as password7_3_, user0_.roles as roles8_3_ from user user0_ where user0_.email=?
Hibernate: call next value for hibernate_sequence
Hibernate: insert into event (action, date, object, path, subject, i) values (?, ?, ?, ?, ?, ?)



***** EntryPoint - failed Login *****



2022-08-17 21:31:44.488 ERROR 23360 --- [io-28852-exec-3] o.a.c.c.C.[.[.[/].[dispatcherServlet]    : Servlet.service() for servlet [dispatcherServlet] in context with path [] threw exception

java.lang.NullPointerException: Cannot invoke &quot;String.split(String)&quot; because &quot;encoded&quot; is null
	at account.securityConfig.RestAuthenticationEntryPoint.commence(RestAuthenticationEntryPoint.java:28) ~[main/:na]
	at org.springframework.security.web.access.ExceptionTranslationFilter.sendStartAuthentication(ExceptionTranslationFilter.java:212) ~[spring-security-web-5.3.3.RELEASE.jar:5.3.3.RELEASE]
	at org.springframework.security.web.access.ExceptionTranslationFilter.handleSpringSecurityException(ExceptionTranslationFilter.java:184) ~[spring-security-web-5.3.3.RELEASE.jar:5.3.3.RELEASE]
	at org.springframework.security.web.access.ExceptionTranslationFilter.doFilter(ExceptionTranslationFilter.java:140) ~[spring-security-web-5.3.3.RELEASE.jar:5.3.3.RELEASE]
	at org.springframework.security.web.FilterChainProxy$VirtualFilterChain.doFilter(FilterChainProxy.java:334) ~[spring-security-web-5.3.3.RELEASE.jar:5.3.3.RELEASE]
	at org.springframework.security.web.session.SessionManagementFilter.doFilter(SessionManagementFilter.java:137) ~[spring-security-web-5.3.3.RELEASE.jar:5.3.3.RELEASE]
	at org.springframework.security.web.FilterChainProxy$VirtualFilterChain.doFilter(FilterChainProxy.java:334) ~[spring-security-web-5.3.3.RELEASE.jar:5.3.3.RELEASE]
	at org.springframework.security.web.authentication.AnonymousAuthenticationFilter.doFilter(AnonymousAuthenticationFilter.java:111) ~[spring-security-web-5.3.3.RELEASE.jar:5.3.3.RELEASE]
	at org.springframework.security.web.FilterChainProxy$VirtualFilterChain.doFilter(FilterChainProxy.java:334) ~[spring-security-web-5.3.3.RELEASE.jar:5.3.3.RELEASE]
	at org.springframework.security.web.servletapi.SecurityContextHolderAwareRequestFilter.doFilter(SecurityContextHolderAwareRequestFilter.java:158) ~[spring-security-web-5.3.3.RELEASE.jar:5.3.3.RELEASE]
	at org.springframework.security.web.FilterChainProxy$VirtualFilterChain.doFilter(FilterChainProxy.java:334) ~[spring-security-web-5.3.3.RELEASE.jar:5.3.3.RELEASE]
	at org.springframework.security.web.savedrequest.RequestCacheAwareFilter.doFilter(RequestCacheAwareFilter.java:63) ~[spring-security-web-5.3.3.RELEASE.jar:5.3.3.RELEASE]
	at org.springframework.security.web.FilterChainProxy$VirtualFilterChain.doFilter(FilterChainProxy.java:334) ~[spring-security-web-5.3.3.RELEASE.jar:5.3.3.RELEASE]
	at org.springframework.security.web.authentication.www.BasicAuthenticationFilter.doFilterInternal(BasicAuthenticationFilter.java:155) ~[spring-security-web-5.3.3.RELEASE.jar:5.3.3.RELEASE]
	at org.springframework.web.filter.OncePerRequestFilter.doFilter(OncePerRequestFilter.java:119) ~[spring-web-5.2.7.RELEASE.jar:5.2.7.RELEASE]
	at org.springframework.security.web.FilterChainProxy$VirtualFilterChain.doFilter(FilterChainProxy.java:334) ~[spring-security-web-5.3.3.RELEASE.jar:5.3.3.RELEASE]
	at org.springframework.security.web.authentication.logout.LogoutFilter.doFilter(LogoutFilter.java:116) ~[spring-security-web-5.3.3.RELEASE.jar:5.3.3.RELEASE]
	at org.springframework.security.web.FilterChainProxy$VirtualFilterChain.doFilter(FilterChainProxy.java:334) ~[spring-security-web-5.3.3.RELEASE.jar:5.3.3.RELEASE]
	at org.springframework.security.web.header.HeaderWriterFilter.doHeadersAfter(HeaderWriterFilter.java:92) ~[spring-security-web-5.3.3.RELEASE.jar:5.3.3.RELEASE]
	at org.springframework.security.web.header.HeaderWriterFilter.doFilterInternal(HeaderWriterFilter.java:77) ~[spring-security-web-5.3.3.RELEASE.jar:5.3.3.RELEASE]
	at org.springframework.web.filter.OncePerRequestFilter.doFilter(OncePerRequestFilter.java:119) ~[spring-web-5.2.7.RELEASE.jar:5.2.7.RELEASE]
	at org.springframework.security.web.FilterChainProxy$VirtualFilterChain.doFilter(FilterChainProxy.java:334) ~[spring-security-web-5.3.3.RELEASE.jar:5.3.3.RELEASE]
	at org.springframework.security.web.context.SecurityContextPersistenceFilter.doFilter(SecurityContextPersistenceFilter.java:105) ~[spring-security-web-5.3.3.RELEASE.jar:5.3.3.RELEASE]
	at org.springframework.security.web.FilterChainProxy$VirtualFilterChain.doFilter(FilterChainProxy.java:334) ~[spring-security-web-5.3.3.RELEASE.jar:5.3.3.RELEASE]
	at org.springframework.security.web.context.request.async.WebAsyncManagerIntegrationFilter.doFilterInternal(WebAsyncManagerIntegrationFilter.java:56) ~[spring-security-web-5.3.3.RELEASE.jar:5.3.3.RELEASE]
	at org.springframework.web.filter.OncePerRequestFilter.doFilter(OncePerRequestFilter.java:119) ~[spring-web-5.2.7.RELEASE.jar:5.2.7.RELEASE]
	at org.springframework.security.web.FilterChainProxy$VirtualFilterChain.doFilter(FilterChainProxy.java:334) ~[spring-security-web-5.3.3.RELEASE.jar:5.3.3.RELEASE]
	at org.springframework.security.web.FilterChainProxy.doFilterInternal(FilterChainProxy.java:215) ~[spring-security-web-5.3.3.RELEASE.jar:5.3.3.RELEASE]
	at org.springframework.security.web.FilterChainProxy.doFilter(FilterChainProxy.java:178) ~[spring-security-web-5.3.3.RELEASE.jar:5.3.3.RELEASE]
	at org.springframework.web.filter.DelegatingFilterProxy.invokeDelegate(DelegatingFilterProxy.java:358) ~[spring-web-5.2.7.RELEASE.jar:5.2.7.RELEASE]
	at org.springframework.web.filter.DelegatingFilterProxy.doFilter(DelegatingFilterProxy.java:271) ~[spring-web-5.2.7.RELEASE.jar:5.2.7.RELEASE]
	at jdk.internal.reflect.GeneratedMethodAccessor64.invoke(Unknown Source) ~[na:na]
	at java.base/jdk.internal.reflect.DelegatingMethodAccessorImpl.invoke(DelegatingMethodAccessorImpl.java:43) ~[na:na]
	at java.base/java.lang.reflect.Method.invoke(Method.java:568) ~[na:na]
	at org.apache.catalina.security.SecurityUtil$1.run(SecurityUtil.java:282) ~[tomcat-embed-core-9.0.36.jar:9.0.36]
	at org.apache.catalina.security.SecurityUtil$1.run(SecurityUtil.java:279) ~[tomcat-embed-core-9.0.36.jar:9.0.36]
	at java.base/java.security.AccessController.doPrivileged(AccessController.java:712) ~[na:na]
	at java.base/javax.security.auth.Subject.doAsPrivileged(Subject.java:584) ~[na:na]
	at org.apache.catalina.security.SecurityUtil.execute(SecurityUtil.java:314) ~[tomcat-embed-core-9.0.36.jar:9.0.36]
	at org.apache.catalina.security.SecurityUtil.doAsPrivilege(SecurityUtil.java:253) ~[tomcat-embed-core-9.0.36.jar:9.0.36]
	at org.apache.catalina.core.ApplicationFilterChain.internalDoFilter(ApplicationFilterChain.java:191) ~[tomcat-embed-core-9.0.36.jar:9.0.36]
	at org.apache.catalina.core.ApplicationFilterChain.access$000(ApplicationFilterChain.java:47) ~[tomcat-embed-core-9.0.36.jar:9.0.36]
	at org.apache.catalina.core.ApplicationFilterChain$1.run(ApplicationFilterChain.java:149) ~[tomcat-embed-core-9.0.36.jar:9.0.36]
	at org.apache.catalina.core.ApplicationFilterChain$1.run(ApplicationFilterChain.java:145) ~[tomcat-embed-core-9.0.36.jar:9.0.36]
	at java.base/java.security.AccessController.doPrivileged(AccessController.java:569) ~[na:na]
	at org.apache.catalina.core.ApplicationFilterChain.doFilter(ApplicationFilterChain.java:144) ~[tomcat-embed-core-9.0.36.jar:9.0.36]
	at org.springframework.web.filter.RequestContextFilter.doFilterInternal(RequestContextFilter.java:100) ~[spring-web-5.2.7.RELEASE.jar:5.2.7.RELEASE]
	at org.springframework.web.filter.OncePerRequestFilter.doFilter(OncePerRequestFilter.java:119) ~[spring-web-5.2.7.RELEASE.jar:5.2.7.RELEASE]
	at jdk.internal.reflect.GeneratedMethodAccessor64.invoke(Unknown Source) ~[na:na]
	at java.base/jdk.internal.reflect.DelegatingMethodAccessorImpl.invoke(DelegatingMethodAccessorImpl.java:43) ~[na:na]
	at java.base/java.lang.reflect.Method.invoke(Method.java:568) ~[na:na]
	at org.apache.catalina.security.SecurityUtil$1.run(SecurityUtil.java:282) ~[tomcat-embed-core-9.0.36.jar:9.0.36]
	at org.apache.catalina.security.SecurityUtil$1.run(SecurityUtil.java:279) ~[tomcat-embed-core-9.0.36.jar:9.0.36]
	at java.base/java.security.AccessController.doPrivileged(AccessController.java:712) ~[na:na]
	at java.base/javax.security.auth.Subject.doAsPrivileged(Subject.java:584) ~[na:na]
	at org.apache.catalina.security.SecurityUtil.execute(SecurityUtil.java:314) ~[tomcat-embed-core-9.0.36.jar:9.0.36]
	at org.apache.catalina.security.SecurityUtil.doAsPrivilege(SecurityUtil.java:253) ~[tomcat-embed-core-9.0.36.jar:9.0.36]
	at org.apache.catalina.core.ApplicationFilterChain.internalDoFilter(ApplicationFilterChain.java:191) ~[tomcat-embed-core-9.0.36.jar:9.0.36]
	at org.apache.catalina.core.ApplicationFilterChain.access$000(ApplicationFilterChain.java:47) ~[tomcat-embed-core-9.0.36.jar:9.0.36]
	at org.apache.catalina.core.ApplicationFilterChain$1.run(ApplicationFilterChain.java:149) ~[tomcat-embed-core-9.0.36.jar:9.0.36]
	at org.apache.catalina.core.ApplicationFilterChain$1.run(ApplicationFilterChain.java:145) ~[tomcat-embed-core-9.0.36.jar:9.0.36]
	at java.base/java.security.AccessController.doPrivileged(AccessController.java:569) ~[na:na]
	at org.apache.catalina.core.ApplicationFilterChain.doFilter(ApplicationFilterChain.java:144) ~[tomcat-embed-core-9.0.36.jar:9.0.36]
	at org.springframework.web.filter.FormContentFilter.doFilterInternal(FormContentFilter.java:93) ~[spring-web-5.2.7.RELEASE.jar:5.2.7.RELEASE]
	at org.springframework.web.filter.OncePerRequestFilter.doFilter(OncePerRequestFilter.java:119) ~[spring-web-5.2.7.RELEASE.jar:5.2.7.RELEASE]
	at jdk.internal.reflect.GeneratedMethodAccessor64.invoke(Unknown Source) ~[na:na]
	at java.base/jdk.internal.reflect.DelegatingMethodAccessorImpl.invoke(DelegatingMethodAccessorImpl.java:43) ~[na:na]
	at java.base/java.lang.reflect.Method.invoke(Method.java:568) ~[na:na]
	at org.apache.catalina.security.SecurityUtil$1.run(SecurityUtil.java:282) ~[tomcat-embed-core-9.0.36.jar:9.0.36]
	at org.apache.catalina.security.SecurityUtil$1.run(SecurityUtil.java:279) ~[tomcat-embed-core-9.0.36.jar:9.0.36]
	at java.base/java.security.AccessController.doPrivileged(AccessController.java:712) ~[na:na]
	at java.base/javax.security.auth.Subject.doAsPrivileged(Subject.java:584) ~[na:na]
	at org.apache.catalina.security.SecurityUtil.execute(SecurityUtil.java:314) ~[tomcat-embed-core-9.0.36.jar:9.0.36]
	at org.apache.catalina.security.SecurityUtil.doAsPrivilege(SecurityUtil.java:253) ~[tomcat-embed-core-9.0.36.jar:9.0.36]
	at org.apache.catalina.core.ApplicationFilterChain.internalDoFilter(ApplicationFilterChain.java:191) ~[tomcat-embed-core-9.0.36.jar:9.0.36]
	at org.apache.catalina.core.ApplicationFilterChain.access$000(ApplicationFilterChain.java:47) ~[tomcat-embed-core-9.0.36.jar:9.0.36]
	at org.apache.catalina.core.ApplicationFilterChain$1.run(ApplicationFilterChain.java:149) ~[tomcat-embed-core-9.0.36.jar:9.0.36]
	at org.apache.catalina.core.ApplicationFilterChain$1.run(ApplicationFilterChain.java:145) ~[tomcat-embed-core-9.0.36.jar:9.0.36]
	at java.base/java.security.AccessController.doPrivileged(AccessController.java:569) ~[na:na]
	at org.apache.catalina.core.ApplicationFilterChain.doFilter(ApplicationFilterChain.java:144) ~[tomcat-embed-core-9.0.36.jar:9.0.36]
	at org.springframework.boot.actuate.metrics.web.servlet.WebMvcMetricsFilter.doFilterInternal(WebMvcMetricsFilter.java:93) ~[spring-boot-actuator-2.3.1.RELEASE.jar:2.3.1.RELEASE]
	at org.springframework.web.filter.OncePerRequestFilter.doFilter(OncePerRequestFilter.java:119) ~[spring-web-5.2.7.RELEASE.jar:5.2.7.RELEASE]
	at jdk.internal.reflect.GeneratedMethodAccessor64.invoke(Unknown Source) ~[na:na]
	at java.base/jdk.internal.reflect.DelegatingMethodAccessorImpl.invoke(DelegatingMethodAccessorImpl.java:43) ~[na:na]
	at java.base/java.lang.reflect.Method.invoke(Method.java:568) ~[na:na]
	at org.apache.catalina.security.SecurityUtil$1.run(SecurityUtil.java:282) ~[tomcat-embed-core-9.0.36.jar:9.0.36]
	at org.apache.catalina.security.SecurityUtil$1.run(SecurityUtil.java:279) ~[tomcat-embed-core-9.0.36.jar:9.0.36]
	at java.base/java.security.AccessController.doPrivileged(AccessController.java:712) ~[na:na]
	at java.base/javax.security.auth.Subject.doAsPrivileged(Subject.java:584) ~[na:na]
	at org.apache.catalina.security.SecurityUtil.execute(SecurityUtil.java:314) ~[tomcat-embed-core-9.0.36.jar:9.0.36]
	at org.apache.catalina.security.SecurityUtil.doAsPrivilege(SecurityUtil.java:253) ~[tomcat-embed-core-9.0.36.jar:9.0.36]
	at org.apache.catalina.core.ApplicationFilterChain.internalDoFilter(ApplicationFilterChain.java:191) ~[tomcat-embed-core-9.0.36.jar:9.0.36]
	at org.apache.catalina.core.ApplicationFilterChain.access$000(ApplicationFilterChain.java:47) ~[tomcat-embed-core-9.0.36.jar:9.0.36]
	at org.apache.catalina.core.ApplicationFilterChain$1.run(ApplicationFilterChain.java:149) ~[tomcat-embed-core-9.0.36.jar:9.0.36]
	at org.apache.catalina.core.ApplicationFilterChain$1.run(ApplicationFilterChain.java:145) ~[tomcat-embed-core-9.0.36.jar:9.0.36]
	at java.base/java.security.AccessController.doPrivileged(AccessController.java:569) ~[na:na]
	at org.apache.catalina.core.ApplicationFilterChain.doFilter(ApplicationFilterChain.java:144) ~[tomcat-embed-core-9.0.36.jar:9.0.36]
	at org.springframework.web.filter.CharacterEncodingFilter.doFilterInternal(CharacterEncodingFilter.java:201) ~[spring-web-5.2.7.RELEASE.jar:5.2.7.RELEASE]
	at org.springframework.web.filter.OncePerRequestFilter.doFilter(OncePerRequestFilter.java:119) ~[spring-web-5.2.7.RELEASE.jar:5.2.7.RELEASE]
	at jdk.internal.reflect.GeneratedMethodAccessor64.invoke(Unknown Source) ~[na:na]
	at java.base/jdk.internal.reflect.DelegatingMethodAccessorImpl.invoke(DelegatingMethodAccessorImpl.java:43) ~[na:na]
	at java.base/java.lang.reflect.Method.invoke(Method.java:568) ~[na:na]
	at org.apache.catalina.security.SecurityUtil$1.run(SecurityUtil.java:282) ~[tomcat-embed-core-9.0.36.jar:9.0.36]
	at org.apache.catalina.security.SecurityUtil$1.run(SecurityUtil.java:279) ~[tomcat-embed-core-9.0.36.jar:9.0.36]
	at java.base/java.security.AccessController.doPrivileged(AccessController.java:712) ~[na:na]
	at java.base/javax.security.auth.Subject.doAsPrivileged(Subject.java:584) ~[na:na]
	at org.apache.catalina.security.SecurityUtil.execute(SecurityUtil.java:314) ~[tomcat-embed-core-9.0.36.jar:9.0.36]
	at org.apache.catalina.security.SecurityUtil.doAsPrivilege(SecurityUtil.java:253) ~[tomcat-embed-core-9.0.36.jar:9.0.36]
	at org.apache.catalina.core.ApplicationFilterChain.internalDoFilter(ApplicationFilterChain.java:191) ~[tomcat-embed-core-9.0.36.jar:9.0.36]
	at org.apache.catalina.core.ApplicationFilterChain.access$000(ApplicationFilterChain.java:47) ~[tomcat-embed-core-9.0.36.jar:9.0.36]
	at org.apache.catalina.core.ApplicationFilterChain$1.run(ApplicationFilterChain.java:149) ~[tomcat-embed-core-9.0.36.jar:9.0.36]
	at org.apache.catalina.core.ApplicationFilterChain$1.run(ApplicationFilterChain.java:145) ~[tomcat-embed-core-9.0.36.jar:9.0.36]
	at java.base/java.security.AccessController.doPrivileged(AccessController.java:569) ~[na:na]
	at org.apache.catalina.core.ApplicationFilterChain.doFilter(ApplicationFilterChain.java:144) ~[tomcat-embed-core-9.0.36.jar:9.0.36]
	at org.apache.catalina.core.StandardWrapperValve.invoke(StandardWrapperValve.java:202) ~[tomcat-embed-core-9.0.36.jar:9.0.36]
	at org.apache.catalina.core.StandardContextValve.invoke(StandardContextValve.java:96) ~[tomcat-embed-core-9.0.36.jar:9.0.36]
	at org.apache.catalina.authenticator.AuthenticatorBase.invoke(AuthenticatorBase.java:541) ~[tomcat-embed-core-9.0.36.jar:9.0.36]
	at org.apache.catalina.core.StandardHostValve.invoke(StandardHostValve.java:139) ~[tomcat-embed-core-9.0.36.jar:9.0.36]
	at org.apache.catalina.valves.ErrorReportValve.invoke(ErrorReportValve.java:92) ~[tomcat-embed-core-9.0.36.jar:9.0.36]
	at org.apache.catalina.core.StandardEngineValve.invoke(StandardEngineValve.java:74) ~[tomcat-embed-core-9.0.36.jar:9.0.36]
	at org.apache.catalina.connector.CoyoteAdapter.service(CoyoteAdapter.java:343) ~[tomcat-embed-core-9.0.36.jar:9.0.36]
	at org.apache.coyote.http11.Http11Processor.service(Http11Processor.java:373) ~[tomcat-embed-core-9.0.36.jar:9.0.36]
	at org.apache.coyote.AbstractProcessorLight.process(AbstractProcessorLight.java:65) ~[tomcat-embed-core-9.0.36.jar:9.0.36]
	at org.apache.coyote.AbstractProtocol$ConnectionHandler.process(AbstractProtocol.java:868) ~[tomcat-embed-core-9.0.36.jar:9.0.36]
	at org.apache.tomcat.util.net.NioEndpoint$SocketProcessor.doRun(NioEndpoint.java:1590) ~[tomcat-embed-core-9.0.36.jar:9.0.36]
	at org.apache.tomcat.util.net.SocketProcessorBase.run(SocketProcessorBase.java:49) ~[tomcat-embed-core-9.0.36.jar:9.0.36]
	at java.base/java.util.concurrent.ThreadPoolExecutor.runWorker(ThreadPoolExecutor.java:1136) ~[na:na]
	at java.base/java.util.concurrent.ThreadPoolExecutor$Worker.run(ThreadPoolExecutor.java:635) ~[na:na]
	at org.apache.tomcat.util.threads.TaskThread$WrappingRunnable.run(TaskThread.java:61) ~[tomcat-embed-core-9.0.36.jar:9.0.36]
	at java.base/java.lang.Thread.run(Thread.java:833) ~[na:na]
	at org.junit.Assert.fail(Assert.java:89)
	at org.hyperskill.hstest.stage.StageTest.start(StageTest.java:155)
	at java.base/jdk.internal.reflect.NativeMethodAccessorImpl.invoke0(Native Method)
	at java.base/jdk.internal.reflect.NativeMethodAccessorImpl.invoke(NativeMethodAccessorImpl.java:77)
	at java.base/jdk.internal.reflect.DelegatingMethodAccessorImpl.invoke(DelegatingMethodAccessorImpl.java:43)
	at java.base/java.lang.reflect.Method.invoke(Method.java:568)
	at org.junit.runners.model.FrameworkMethod$1.runReflectiveCall(FrameworkMethod.java:59)
	at org.junit.internal.runners.model.ReflectiveCallable.run(ReflectiveCallable.java:12)
	at org.junit.runners.model.FrameworkMethod.invokeExplosively(FrameworkMethod.java:56)
	at org.junit.internal.runners.statements.InvokeMethod.evaluate(InvokeMethod.java:17)
	at org.junit.internal.runners.statements.RunAfters.evaluate(RunAfters.java:27)
	at org.junit.runners.ParentRunner$3.evaluate(ParentRunner.java:306)
	at org.junit.runners.BlockJUnit4ClassRunner$1.evaluate(BlockJUnit4ClassRunner.java:100)
	at org.junit.runners.ParentRunner.runLeaf(ParentRunner.java:366)
	at org.junit.runners.BlockJUnit4ClassRunner.runChild(BlockJUnit4ClassRunner.java:103)
	at org.junit.runners.BlockJUnit4ClassRunner.runChild(BlockJUnit4ClassRunner.java:63)
	at org.junit.runners.ParentRunner$4.run(ParentRunner.java:331)
	at org.junit.runners.ParentRunner$1.schedule(ParentRunner.java:79)
	at org.junit.runners.ParentRunner.runChildren(ParentRunner.java:329)
	at org.junit.runners.ParentRunner.access$100(ParentRunner.java:66)
	at org.junit.runners.ParentRunner$2.evaluate(ParentRunner.java:293)
	at org.junit.runners.ParentRunner$3.evaluate(ParentRunner.java:306)
	at org.junit.runners.ParentRunner.run(ParentRunner.java:413)
	at org.gradle.api.internal.tasks.testing.junit.JUnitTestClassExecutor.runTestClass(JUnitTestClassExecutor.java:110)
	at org.gradle.api.internal.tasks.testing.junit.JUnitTestClassExecutor.execute(JUnitTestClassExecutor.java:58)
	at org.gradle.api.internal.tasks.testing.junit.JUnitTestClassExecutor.execute(JUnitTestClassExecutor.java:38)
	at org.gradle.api.internal.tasks.testing.junit.AbstractJUnitTestClassProcessor.processTestClass(AbstractJUnitTestClassProcessor.java:62)
	at org.gradle.api.internal.tasks.testing.SuiteTestClassProcessor.processTestClass(SuiteTestClassProcessor.java:51)
	at java.base/jdk.internal.reflect.NativeMethodAccessorImpl.invoke0(Native Method)
	at java.base/jdk.internal.reflect.NativeMethodAccessorImpl.invoke(NativeMethodAccessorImpl.java:77)
	at java.base/jdk.internal.reflect.DelegatingMethodAccessorImpl.invoke(DelegatingMethodAccessorImpl.java:43)
	at java.base/java.lang.reflect.Method.invoke(Method.java:568)
	at org.gradle.internal.dispatch.ReflectionDispatch.dispatch(ReflectionDispatch.java:36)
	at org.gradle.internal.dispatch.ReflectionDispatch.dispatch(ReflectionDispatch.java:24)
	at org.gradle.internal.dispatch.ContextClassLoaderDispatch.dispatch(ContextClassLoaderDispatch.java:33)
	at org.gradle.internal.dispatch.ProxyDispatchAdapter$DispatchingInvocationHandler.invoke(ProxyDispatchAdapter.java:94)
	at jdk.proxy1/jdk.proxy1.$Proxy2.processTestClass(Unknown Source)
	at org.gradle.api.internal.tasks.testing.worker.TestWorker$2.run(TestWorker.java:176)
	at org.gradle.api.internal.tasks.testing.worker.TestWorker.executeAndMaintainThreadName(TestWorker.java:129)
	at org.gradle.api.internal.tasks.testing.worker.TestWorker.execute(TestWorker.java:100)
	at org.gradle.api.internal.tasks.testing.worker.TestWorker.execute(TestWorker.java:60)
	at org.gradle.process.internal.worker.child.ActionExecutionWorker.execute(ActionExecutionWorker.java:56)
	at org.gradle.process.internal.worker.child.SystemApplicationClassLoaderWorker.call(SystemApplicationClassLoaderWorker.java:133)
	at org.gradle.process.internal.worker.child.SystemApplicationClassLoaderWorker.call(SystemApplicationClassLoaderWorker.java:71)
	at worker.org.gradle.process.internal.worker.GradleWorkerMain.run(GradleWorkerMain.java:69)
	at worker.org.gradle.process.internal.worker.GradleWorkerMain.main(GradleWorkerMain.java:74)
</failure>
  </testcase>
  <system-out><![CDATA[?[1;31m
Start test 1?[0m

  .   ____          _            __ _ _
 /\\ / ___'_ __ _ _(_)_ __  __ _ \ \ \ \
( ( )\___ | '_ | '_| | '_ \/ _` | \ \ \ \
 \\/  ___)| |_)| | | | | || (_| |  ) ) ) )
  '  |____| .__|_| |_|_| |_\__, | / / / /
 =========|_|==============|___/=/_/_/_/
 :: Spring Boot ::        (v2.3.1.RELEASE)

2022-08-17 21:31:27.583  INFO 23360 --- [    Test worker] account.AccountServiceApplication        : Starting AccountServiceApplication on LAPTOP-VBFHQFG2 with PID 23360 (started by Ansis in C:\Users\Ansis\Desktop\maven\Account Service\Account Service\task)
2022-08-17 21:31:27.587  INFO 23360 --- [    Test worker] account.AccountServiceApplication        : No active profile set, falling back to default profiles: default
2022-08-17 21:31:28.922  INFO 23360 --- [    Test worker] .s.d.r.c.RepositoryConfigurationDelegate : Bootstrapping Spring Data JPA repositories in DEFERRED mode.
2022-08-17 21:31:29.016  INFO 23360 --- [    Test worker] .s.d.r.c.RepositoryConfigurationDelegate : Finished Spring Data repository scanning in 80ms. Found 4 JPA repository interfaces.
2022-08-17 21:31:29.437  INFO 23360 --- [    Test worker] trationDelegate$BeanPostProcessorChecker : Bean 'org.springframework.security.access.expression.method.DefaultMethodSecurityExpressionHandler@4792f119' of type [org.springframework.security.access.expression.method.DefaultMethodSecurityExpressionHandler] is not eligible for getting processed by all BeanPostProcessors (for example: not eligible for auto-proxying)
2022-08-17 21:31:29.438  INFO 23360 --- [    Test worker] trationDelegate$BeanPostProcessorChecker : Bean 'methodSecurityConfig' of type [account.securityConfig.MethodSecurityConfig$$EnhancerBySpringCGLIB$$2a1440c6] is not eligible for getting processed by all BeanPostProcessors (for example: not eligible for auto-proxying)
2022-08-17 21:31:29.446  INFO 23360 --- [    Test worker] trationDelegate$BeanPostProcessorChecker : Bean 'methodSecurityMetadataSource' of type [org.springframework.security.access.method.DelegatingMethodSecurityMetadataSource] is not eligible for getting processed by all BeanPostProcessors (for example: not eligible for auto-proxying)
2022-08-17 21:31:29.848  INFO 23360 --- [    Test worker] o.s.b.w.embedded.tomcat.TomcatWebServer  : Tomcat initialized with port(s): 28852 (http)
2022-08-17 21:31:29.871  INFO 23360 --- [    Test worker] o.apache.catalina.core.StandardService   : Starting service [Tomcat]
2022-08-17 21:31:29.871  INFO 23360 --- [    Test worker] org.apache.catalina.core.StandardEngine  : Starting Servlet engine: [Apache Tomcat/9.0.36]
2022-08-17 21:31:30.014  INFO 23360 --- [    Test worker] o.a.c.c.C.[Tomcat].[localhost].[/]       : Initializing Spring embedded WebApplicationContext
2022-08-17 21:31:30.015  INFO 23360 --- [    Test worker] w.s.c.ServletWebServerApplicationContext : Root WebApplicationContext: initialization completed in 2365 ms
2022-08-17 21:31:30.198  INFO 23360 --- [    Test worker] com.zaxxer.hikari.HikariDataSource       : HikariPool-1 - Starting...
2022-08-17 21:31:30.411  INFO 23360 --- [    Test worker] com.zaxxer.hikari.HikariDataSource       : HikariPool-1 - Start completed.
2022-08-17 21:31:30.418  INFO 23360 --- [    Test worker] o.s.b.a.h2.H2ConsoleAutoConfiguration    : H2 console available at '/h2-console'. Database available at 'jdbc:h2:file:../service_db'
2022-08-17 21:31:30.613  INFO 23360 --- [    Test worker] o.s.s.concurrent.ThreadPoolTaskExecutor  : Initializing ExecutorService 'applicationTaskExecutor'
2022-08-17 21:31:30.671  INFO 23360 --- [         task-1] o.hibernate.jpa.internal.util.LogHelper  : HHH000204: Processing PersistenceUnitInfo [name: default]
2022-08-17 21:31:30.749  INFO 23360 --- [         task-1] org.hibernate.Version                    : HHH000412: Hibernate ORM core version 5.4.17.Final
2022-08-17 21:31:30.797  WARN 23360 --- [    Test worker] JpaBaseConfiguration$JpaWebConfiguration : spring.jpa.open-in-view is enabled by default. Therefore, database queries may be performed during view rendering. Explicitly configure spring.jpa.open-in-view to disable this warning
2022-08-17 21:31:30.976  INFO 23360 --- [         task-1] o.hibernate.annotations.common.Version   : HCANN000001: Hibernate Commons Annotations {5.1.0.Final}
2022-08-17 21:31:31.135  INFO 23360 --- [         task-1] org.hibernate.dialect.Dialect            : HHH000400: Using dialect: org.hibernate.dialect.H2Dialect
Hibernate: create table event (i bigint not null, action varchar(255), date varchar(255), object varchar(255), path varchar(255), subject varchar(255), primary key (i))
Hibernate: create table id (number bigint not null, primary key (number))
Hibernate: create table pay_slip (id bigint not null, date varchar(255), lastname varchar(255), name varchar(255), period varchar(255), salary varchar(255), user_email varchar(255) not null, primary key (id))
Hibernate: create table user (email varchar(255) not null, active boolean, id bigint, lastname varchar(30), months binary(255), name varchar(30), password varchar(255), roles binary(255), idd bigint, primary key (email))
Hibernate: create sequence hibernate_sequence start with 1 increment by 1
Hibernate: alter table pay_slip add constraint FK6iq3q6htw3itl605wlhkcjutn foreign key (user_email) references user
Hibernate: alter table user add constraint FK3mi03cam43b65y2a7q2o4mbc0 foreign key (idd) references id
2022-08-17 21:31:32.160  INFO 23360 --- [         task-1] o.h.e.t.j.p.i.JtaPlatformInitiator       : HHH000490: Using JtaPlatform implementation: [org.hibernate.engine.transaction.jta.platform.internal.NoJtaPlatform]
2022-08-17 21:31:32.171  INFO 23360 --- [         task-1] j.LocalContainerEntityManagerFactoryBean : Initialized JPA EntityManagerFactory for persistence unit 'default'
2022-08-17 21:31:32.453  INFO 23360 --- [    Test worker] o.s.b.a.e.web.EndpointLinksResolver      : Exposing 14 endpoint(s) beneath base path '/actuator'
2022-08-17 21:31:32.525  INFO 23360 --- [    Test worker] o.s.s.web.DefaultSecurityFilterChain     : Creating filter chain: any request, [org.springframework.security.web.context.request.async.WebAsyncManagerIntegrationFilter@45b8bbbf, org.springframework.security.web.context.SecurityContextPersistenceFilter@38cf4497, org.springframework.security.web.header.HeaderWriterFilter@5fe3b058, org.springframework.security.web.authentication.logout.LogoutFilter@61836cd9, org.springframework.security.web.authentication.www.BasicAuthenticationFilter@8ee03f5, org.springframework.security.web.savedrequest.RequestCacheAwareFilter@9d3a7a1, org.springframework.security.web.servletapi.SecurityContextHolderAwareRequestFilter@15a484a9, org.springframework.security.web.authentication.AnonymousAuthenticationFilter@1df06ecd, org.springframework.security.web.session.SessionManagementFilter@43d6262c, org.springframework.security.web.access.ExceptionTranslationFilter@5c60c08, org.springframework.security.web.access.intercept.FilterSecurityInterceptor@fd69983]
2022-08-17 21:31:32.802  INFO 23360 --- [    Test worker] o.s.b.w.embedded.tomcat.TomcatWebServer  : Tomcat started on port(s): 28852 (http) with context path ''
2022-08-17 21:31:32.803  INFO 23360 --- [    Test worker] DeferredRepositoryInitializationListener : Triggering deferred initialization of Spring Data repositories…
2022-08-17 21:31:33.181  INFO 23360 --- [    Test worker] DeferredRepositoryInitializationListener : Spring Data repositories initialized!
2022-08-17 21:31:33.192  INFO 23360 --- [    Test worker] account.AccountServiceApplication        : Started AccountServiceApplication in 5.973 seconds (JVM running for 6.838)
2022-08-17 21:31:33.484  INFO 23360 --- [io-28852-exec-1] o.a.c.c.C.[Tomcat].[localhost].[/]       : Initializing Spring DispatcherServlet 'dispatcherServlet'
2022-08-17 21:31:33.484  INFO 23360 --- [io-28852-exec-1] o.s.web.servlet.DispatcherServlet        : Initializing Servlet 'dispatcherServlet'
2022-08-17 21:31:33.490  INFO 23360 --- [io-28852-exec-1] o.s.web.servlet.DispatcherServlet        : Completed initialization in 6 ms


REGISTRATION

John
Doe
JohnDoe@acme.com
oMoa3VvqnLxW
********************
Hibernate: select count(*) as col_0_0_ from user user0_ where user0_.email=?
SAVED!!!

Hibernate: select count(*) as col_0_0_ from user user0_
Hibernate: select user0_.email as email1_3_1_, user0_.active as active2_3_1_, user0_.id as id3_3_1_, user0_.lastname as lastname4_3_1_, user0_.months as months5_3_1_, user0_.name as name6_3_1_, user0_.idd as idd9_3_1_, user0_.password as password7_3_1_, user0_.roles as roles8_3_1_, generalseq1_.number as number1_1_0_ from user user0_ left outer join id generalseq1_ on user0_.idd=generalseq1_.number where user0_.email=?
Hibernate: call next value for hibernate_sequence
Hibernate: insert into id (number) values (?)
Hibernate: insert into user (active, id, lastname, months, name, idd, password, roles, email) values (?, ?, ?, ?, ?, ?, ?, ?, ?)
Hibernate: update user set active=?, id=?, lastname=?, months=?, name=?, idd=?, password=?, roles=? where email=?
Hibernate: call next value for hibernate_sequence
Hibernate: insert into event (action, date, object, path, subject, i) values (?, ?, ?, ?, ?, ?)
?[1;31m
Start test 2?[0m


REGISTRATION

Ivan
Ivanov
IvanIvanov@acme.com
rXoa4CvqpLxW
********************
Hibernate: select count(*) as col_0_0_ from user user0_ where user0_.email=?
SAVED!!!

Hibernate: select count(*) as col_0_0_ from user user0_
Hibernate: select user0_.email as email1_3_1_, user0_.active as active2_3_1_, user0_.id as id3_3_1_, user0_.lastname as lastname4_3_1_, user0_.months as months5_3_1_, user0_.name as name6_3_1_, user0_.idd as idd9_3_1_, user0_.password as password7_3_1_, user0_.roles as roles8_3_1_, generalseq1_.number as number1_1_0_ from user user0_ left outer join id generalseq1_ on user0_.idd=generalseq1_.number where user0_.email=?
Hibernate: call next value for hibernate_sequence
Hibernate: insert into id (number) values (?)
Hibernate: insert into user (active, id, lastname, months, name, idd, password, roles, email) values (?, ?, ?, ?, ?, ?, ?, ?, ?)
Hibernate: update user set active=?, id=?, lastname=?, months=?, name=?, idd=?, password=?, roles=? where email=?
Hibernate: call next value for hibernate_sequence
Hibernate: insert into event (action, date, object, path, subject, i) values (?, ?, ?, ?, ?, ?)
?[1;31m
Start test 3?[0m
Hibernate: select user0_.email as email1_3_, user0_.active as active2_3_, user0_.id as id3_3_, user0_.lastname as lastname4_3_, user0_.months as months5_3_, user0_.name as name6_3_, user0_.idd as idd9_3_, user0_.password as password7_3_, user0_.roles as roles8_3_ from user user0_ where user0_.email=?
Hibernate: select generalseq0_.number as number1_1_0_, user1_.email as email1_3_1_, user1_.active as active2_3_1_, user1_.id as id3_3_1_, user1_.lastname as lastname4_3_1_, user1_.months as months5_3_1_, user1_.name as name6_3_1_, user1_.idd as idd9_3_1_, user1_.password as password7_3_1_, user1_.roles as roles8_3_1_ from id generalseq0_ left outer join user user1_ on generalseq0_.number=user1_.idd where generalseq0_.number=?
Hibernate: select user0_.email as email1_3_1_, user0_.active as active2_3_1_, user0_.id as id3_3_1_, user0_.lastname as lastname4_3_1_, user0_.months as months5_3_1_, user0_.name as name6_3_1_, user0_.idd as idd9_3_1_, user0_.password as password7_3_1_, user0_.roles as roles8_3_1_, generalseq1_.number as number1_1_0_ from user user0_ left outer join id generalseq1_ on user0_.idd=generalseq1_.number where user0_.idd=?

********api/admin/user/role***********


IvanIvanov@acme.com
AUDITOR
GRANT
Hibernate: select user0_.email as email1_3_0_, user0_.active as active2_3_0_, user0_.id as id3_3_0_, user0_.lastname as lastname4_3_0_, user0_.months as months5_3_0_, user0_.name as name6_3_0_, user0_.idd as idd9_3_0_, user0_.password as password7_3_0_, user0_.roles as roles8_3_0_, generalseq1_.number as number1_1_1_ from user user0_ left outer join id generalseq1_ on user0_.idd=generalseq1_.number where user0_.email=?
Hibernate: update user set active=?, id=?, lastname=?, months=?, name=?, idd=?, password=?, roles=? where email=?
Hibernate: call next value for hibernate_sequence
Hibernate: insert into event (action, date, object, path, subject, i) values (?, ?, ?, ?, ?, ?)
?[1;31m
Start test 4?[0m
Hibernate: select user0_.email as email1_3_, user0_.active as active2_3_, user0_.id as id3_3_, user0_.lastname as lastname4_3_, user0_.months as months5_3_, user0_.name as name6_3_, user0_.idd as idd9_3_, user0_.password as password7_3_, user0_.roles as roles8_3_ from user user0_ where user0_.email=?
Hibernate: select generalseq0_.number as number1_1_0_, user1_.email as email1_3_1_, user1_.active as active2_3_1_, user1_.id as id3_3_1_, user1_.lastname as lastname4_3_1_, user1_.months as months5_3_1_, user1_.name as name6_3_1_, user1_.idd as idd9_3_1_, user1_.password as password7_3_1_, user1_.roles as roles8_3_1_ from id generalseq0_ left outer join user user1_ on generalseq0_.number=user1_.idd where generalseq0_.number=?
Hibernate: select user0_.email as email1_3_1_, user0_.active as active2_3_1_, user0_.id as id3_3_1_, user0_.lastname as lastname4_3_1_, user0_.months as months5_3_1_, user0_.name as name6_3_1_, user0_.idd as idd9_3_1_, user0_.password as password7_3_1_, user0_.roles as roles8_3_1_, generalseq1_.number as number1_1_0_ from user user0_ left outer join id generalseq1_ on user0_.idd=generalseq1_.number where user0_.idd=?


*******Inside api/security/events**********


Hibernate: select event0_.i as i1_0_, event0_.action as action2_0_, event0_.date as date3_0_, event0_.object as object4_0_, event0_.path as path5_0_, event0_.subject as subject6_0_ from event event0_
?[1;31m
Start test 5?[0m
Hibernate: select user0_.email as email1_3_, user0_.active as active2_3_, user0_.id as id3_3_, user0_.lastname as lastname4_3_, user0_.months as months5_3_, user0_.name as name6_3_, user0_.idd as idd9_3_, user0_.password as password7_3_, user0_.roles as roles8_3_ from user user0_ where user0_.email=?
Hibernate: select generalseq0_.number as number1_1_0_, user1_.email as email1_3_1_, user1_.active as active2_3_1_, user1_.id as id3_3_1_, user1_.lastname as lastname4_3_1_, user1_.months as months5_3_1_, user1_.name as name6_3_1_, user1_.idd as idd9_3_1_, user1_.password as password7_3_1_, user1_.roles as roles8_3_1_ from id generalseq0_ left outer join user user1_ on generalseq0_.number=user1_.idd where generalseq0_.number=?
Hibernate: select user0_.email as email1_3_1_, user0_.active as active2_3_1_, user0_.id as id3_3_1_, user0_.lastname as lastname4_3_1_, user0_.months as months5_3_1_, user0_.name as name6_3_1_, user0_.idd as idd9_3_1_, user0_.password as password7_3_1_, user0_.roles as roles8_3_1_, generalseq1_.number as number1_1_0_ from user user0_ left outer join id generalseq1_ on user0_.idd=generalseq1_.number where user0_.idd=?


*******Inside api/security/events**********


Hibernate: select event0_.i as i1_0_, event0_.action as action2_0_, event0_.date as date3_0_, event0_.object as object4_0_, event0_.path as path5_0_, event0_.subject as subject6_0_ from event event0_
?[1;31m
Start test 6?[0m
Hibernate: select user0_.email as email1_3_, user0_.active as active2_3_, user0_.id as id3_3_, user0_.lastname as lastname4_3_, user0_.months as months5_3_, user0_.name as name6_3_, user0_.idd as idd9_3_, user0_.password as password7_3_, user0_.roles as roles8_3_ from user user0_ where user0_.email=?
Hibernate: select generalseq0_.number as number1_1_0_, user1_.email as email1_3_1_, user1_.active as active2_3_1_, user1_.id as id3_3_1_, user1_.lastname as lastname4_3_1_, user1_.months as months5_3_1_, user1_.name as name6_3_1_, user1_.idd as idd9_3_1_, user1_.password as password7_3_1_, user1_.roles as roles8_3_1_ from id generalseq0_ left outer join user user1_ on generalseq0_.number=user1_.idd where generalseq0_.number=?
Hibernate: select user0_.email as email1_3_1_, user0_.active as active2_3_1_, user0_.id as id3_3_1_, user0_.lastname as lastname4_3_1_, user0_.months as months5_3_1_, user0_.name as name6_3_1_, user0_.idd as idd9_3_1_, user0_.password as password7_3_1_, user0_.roles as roles8_3_1_, generalseq1_.number as number1_1_0_ from user user0_ left outer join id generalseq1_ on user0_.idd=generalseq1_.number where user0_.idd=?


*******Inside api/security/events**********


Hibernate: select event0_.i as i1_0_, event0_.action as action2_0_, event0_.date as date3_0_, event0_.object as object4_0_, event0_.path as path5_0_, event0_.subject as subject6_0_ from event event0_
?[1;31m
Start test 7?[0m


REGISTRATION

Max
Mustermann
maxmustermann@acme.com
ai0y9bMvyF6G
********************
Hibernate: select count(*) as col_0_0_ from user user0_ where user0_.email=?
SAVED!!!

Hibernate: select count(*) as col_0_0_ from user user0_
Hibernate: select user0_.email as email1_3_1_, user0_.active as active2_3_1_, user0_.id as id3_3_1_, user0_.lastname as lastname4_3_1_, user0_.months as months5_3_1_, user0_.name as name6_3_1_, user0_.idd as idd9_3_1_, user0_.password as password7_3_1_, user0_.roles as roles8_3_1_, generalseq1_.number as number1_1_0_ from user user0_ left outer join id generalseq1_ on user0_.idd=generalseq1_.number where user0_.email=?
Hibernate: call next value for hibernate_sequence
Hibernate: insert into id (number) values (?)
Hibernate: insert into user (active, id, lastname, months, name, idd, password, roles, email) values (?, ?, ?, ?, ?, ?, ?, ?, ?)
Hibernate: update user set active=?, id=?, lastname=?, months=?, name=?, idd=?, password=?, roles=? where email=?
Hibernate: call next value for hibernate_sequence
Hibernate: insert into event (action, date, object, path, subject, i) values (?, ?, ?, ?, ?, ?)
?[1;31m
Start test 8?[0m
Hibernate: select user0_.email as email1_3_, user0_.active as active2_3_, user0_.id as id3_3_, user0_.lastname as lastname4_3_, user0_.months as months5_3_, user0_.name as name6_3_, user0_.idd as idd9_3_, user0_.password as password7_3_, user0_.roles as roles8_3_ from user user0_ where user0_.email=?
Hibernate: select generalseq0_.number as number1_1_0_, user1_.email as email1_3_1_, user1_.active as active2_3_1_, user1_.id as id3_3_1_, user1_.lastname as lastname4_3_1_, user1_.months as months5_3_1_, user1_.name as name6_3_1_, user1_.idd as idd9_3_1_, user1_.password as password7_3_1_, user1_.roles as roles8_3_1_ from id generalseq0_ left outer join user user1_ on generalseq0_.number=user1_.idd where generalseq0_.number=?
Hibernate: select user0_.email as email1_3_1_, user0_.active as active2_3_1_, user0_.id as id3_3_1_, user0_.lastname as lastname4_3_1_, user0_.months as months5_3_1_, user0_.name as name6_3_1_, user0_.idd as idd9_3_1_, user0_.password as password7_3_1_, user0_.roles as roles8_3_1_, generalseq1_.number as number1_1_0_ from user user0_ left outer join id generalseq1_ on user0_.idd=generalseq1_.number where user0_.idd=?


*******Inside api/security/events**********


Hibernate: select event0_.i as i1_0_, event0_.action as action2_0_, event0_.date as date3_0_, event0_.object as object4_0_, event0_.path as path5_0_, event0_.subject as subject6_0_ from event event0_
?[1;31m
Start test 9?[0m


REGISTRATION

Petr
Petrov
PetrPetrov@acme.com
nWza98hjkLPE
********************
Hibernate: select count(*) as col_0_0_ from user user0_ where user0_.email=?
SAVED!!!

Hibernate: select count(*) as col_0_0_ from user user0_
Hibernate: select user0_.email as email1_3_1_, user0_.active as active2_3_1_, user0_.id as id3_3_1_, user0_.lastname as lastname4_3_1_, user0_.months as months5_3_1_, user0_.name as name6_3_1_, user0_.idd as idd9_3_1_, user0_.password as password7_3_1_, user0_.roles as roles8_3_1_, generalseq1_.number as number1_1_0_ from user user0_ left outer join id generalseq1_ on user0_.idd=generalseq1_.number where user0_.email=?
Hibernate: call next value for hibernate_sequence
Hibernate: insert into id (number) values (?)
Hibernate: insert into user (active, id, lastname, months, name, idd, password, roles, email) values (?, ?, ?, ?, ?, ?, ?, ?, ?)
Hibernate: update user set active=?, id=?, lastname=?, months=?, name=?, idd=?, password=?, roles=? where email=?
Hibernate: call next value for hibernate_sequence
Hibernate: insert into event (action, date, object, path, subject, i) values (?, ?, ?, ?, ?, ?)
?[1;31m
Start test 10?[0m
Hibernate: select user0_.email as email1_3_, user0_.active as active2_3_, user0_.id as id3_3_, user0_.lastname as lastname4_3_, user0_.months as months5_3_, user0_.name as name6_3_, user0_.idd as idd9_3_, user0_.password as password7_3_, user0_.roles as roles8_3_ from user user0_ where user0_.email=?
Hibernate: select generalseq0_.number as number1_1_0_, user1_.email as email1_3_1_, user1_.active as active2_3_1_, user1_.id as id3_3_1_, user1_.lastname as lastname4_3_1_, user1_.months as months5_3_1_, user1_.name as name6_3_1_, user1_.idd as idd9_3_1_, user1_.password as password7_3_1_, user1_.roles as roles8_3_1_ from id generalseq0_ left outer join user user1_ on generalseq0_.number=user1_.idd where generalseq0_.number=?
Hibernate: select user0_.email as email1_3_1_, user0_.active as active2_3_1_, user0_.id as id3_3_1_, user0_.lastname as lastname4_3_1_, user0_.months as months5_3_1_, user0_.name as name6_3_1_, user0_.idd as idd9_3_1_, user0_.password as password7_3_1_, user0_.roles as roles8_3_1_, generalseq1_.number as number1_1_0_ from user user0_ left outer join id generalseq1_ on user0_.idd=generalseq1_.number where user0_.idd=?


*******Inside api/security/events**********


Hibernate: select event0_.i as i1_0_, event0_.action as action2_0_, event0_.date as date3_0_, event0_.object as object4_0_, event0_.path as path5_0_, event0_.subject as subject6_0_ from event event0_
?[1;31m
Start test 11?[0m
Hibernate: select user0_.email as email1_3_, user0_.active as active2_3_, user0_.id as id3_3_, user0_.lastname as lastname4_3_, user0_.months as months5_3_, user0_.name as name6_3_, user0_.idd as idd9_3_, user0_.password as password7_3_, user0_.roles as roles8_3_ from user user0_ where user0_.email=?
Hibernate: select generalseq0_.number as number1_1_0_, user1_.email as email1_3_1_, user1_.active as active2_3_1_, user1_.id as id3_3_1_, user1_.lastname as lastname4_3_1_, user1_.months as months5_3_1_, user1_.name as name6_3_1_, user1_.idd as idd9_3_1_, user1_.password as password7_3_1_, user1_.roles as roles8_3_1_ from id generalseq0_ left outer join user user1_ on generalseq0_.number=user1_.idd where generalseq0_.number=?
Hibernate: select user0_.email as email1_3_1_, user0_.active as active2_3_1_, user0_.id as id3_3_1_, user0_.lastname as lastname4_3_1_, user0_.months as months5_3_1_, user0_.name as name6_3_1_, user0_.idd as idd9_3_1_, user0_.password as password7_3_1_, user0_.roles as roles8_3_1_, generalseq1_.number as number1_1_0_ from user user0_ left outer join id generalseq1_ on user0_.idd=generalseq1_.number where user0_.idd=?


******PAYMENT********
maxmustermann@acme.com
Hibernate: select user0_.email as email1_3_0_, user0_.active as active2_3_0_, user0_.id as id3_3_0_, user0_.lastname as lastname4_3_0_, user0_.months as months5_3_0_, user0_.name as name6_3_0_, user0_.idd as idd9_3_0_, user0_.password as password7_3_0_, user0_.roles as roles8_3_0_, generalseq1_.number as number1_1_1_ from user user0_ left outer join id generalseq1_ on user0_.idd=generalseq1_.number where user0_.email=?
Hibernate: select payslips0_.user_email as user_ema7_2_0_, payslips0_.id as id1_2_0_, payslips0_.id as id1_2_1_, payslips0_.date as date2_2_1_, payslips0_.lastname as lastname3_2_1_, payslips0_.name as name4_2_1_, payslips0_.period as period5_2_1_, payslips0_.salary as salary6_2_1_, payslips0_.user_email as user_ema7_2_1_ from pay_slip payslips0_ where payslips0_.user_email=?
?[1;31m
Start test 12?[0m
Hibernate: select user0_.email as email1_3_, user0_.active as active2_3_, user0_.id as id3_3_, user0_.lastname as lastname4_3_, user0_.months as months5_3_, user0_.name as name6_3_, user0_.idd as idd9_3_, user0_.password as password7_3_, user0_.roles as roles8_3_ from user user0_ where user0_.email=?
Hibernate: select generalseq0_.number as number1_1_0_, user1_.email as email1_3_1_, user1_.active as active2_3_1_, user1_.id as id3_3_1_, user1_.lastname as lastname4_3_1_, user1_.months as months5_3_1_, user1_.name as name6_3_1_, user1_.idd as idd9_3_1_, user1_.password as password7_3_1_, user1_.roles as roles8_3_1_ from id generalseq0_ left outer join user user1_ on generalseq0_.number=user1_.idd where generalseq0_.number=?
Hibernate: select user0_.email as email1_3_1_, user0_.active as active2_3_1_, user0_.id as id3_3_1_, user0_.lastname as lastname4_3_1_, user0_.months as months5_3_1_, user0_.name as name6_3_1_, user0_.idd as idd9_3_1_, user0_.password as password7_3_1_, user0_.roles as roles8_3_1_, generalseq1_.number as number1_1_0_ from user user0_ left outer join id generalseq1_ on user0_.idd=generalseq1_.number where user0_.idd=?


******PAYMENT********
maxmustermann@acme.com
Hibernate: select user0_.email as email1_3_0_, user0_.active as active2_3_0_, user0_.id as id3_3_0_, user0_.lastname as lastname4_3_0_, user0_.months as months5_3_0_, user0_.name as name6_3_0_, user0_.idd as idd9_3_0_, user0_.password as password7_3_0_, user0_.roles as roles8_3_0_, generalseq1_.number as number1_1_1_ from user user0_ left outer join id generalseq1_ on user0_.idd=generalseq1_.number where user0_.email=?
Hibernate: select payslips0_.user_email as user_ema7_2_0_, payslips0_.id as id1_2_0_, payslips0_.id as id1_2_1_, payslips0_.date as date2_2_1_, payslips0_.lastname as lastname3_2_1_, payslips0_.name as name4_2_1_, payslips0_.period as period5_2_1_, payslips0_.salary as salary6_2_1_, payslips0_.user_email as user_ema7_2_1_ from pay_slip payslips0_ where payslips0_.user_email=?
?[1;31m
Start test 13?[0m
Hibernate: select user0_.email as email1_3_, user0_.active as active2_3_, user0_.id as id3_3_, user0_.lastname as lastname4_3_, user0_.months as months5_3_, user0_.name as name6_3_, user0_.idd as idd9_3_, user0_.password as password7_3_, user0_.roles as roles8_3_ from user user0_ where user0_.email=?
Hibernate: select generalseq0_.number as number1_1_0_, user1_.email as email1_3_1_, user1_.active as active2_3_1_, user1_.id as id3_3_1_, user1_.lastname as lastname4_3_1_, user1_.months as months5_3_1_, user1_.name as name6_3_1_, user1_.idd as idd9_3_1_, user1_.password as password7_3_1_, user1_.roles as roles8_3_1_ from id generalseq0_ left outer join user user1_ on generalseq0_.number=user1_.idd where generalseq0_.number=?
Hibernate: select user0_.email as email1_3_1_, user0_.active as active2_3_1_, user0_.id as id3_3_1_, user0_.lastname as lastname4_3_1_, user0_.months as months5_3_1_, user0_.name as name6_3_1_, user0_.idd as idd9_3_1_, user0_.password as password7_3_1_, user0_.roles as roles8_3_1_, generalseq1_.number as number1_1_0_ from user user0_ left outer join id generalseq1_ on user0_.idd=generalseq1_.number where user0_.idd=?
Hibernate: call next value for hibernate_sequence
Hibernate: insert into event (action, date, object, path, subject, i) values (?, ?, ?, ?, ?, ?)



***** EntryPoint - failed Login *****



?[1;31m
Start test 14?[0m
Hibernate: select user0_.email as email1_3_, user0_.active as active2_3_, user0_.id as id3_3_, user0_.lastname as lastname4_3_, user0_.months as months5_3_, user0_.name as name6_3_, user0_.idd as idd9_3_, user0_.password as password7_3_, user0_.roles as roles8_3_ from user user0_ where user0_.email=?
Hibernate: select generalseq0_.number as number1_1_0_, user1_.email as email1_3_1_, user1_.active as active2_3_1_, user1_.id as id3_3_1_, user1_.lastname as lastname4_3_1_, user1_.months as months5_3_1_, user1_.name as name6_3_1_, user1_.idd as idd9_3_1_, user1_.password as password7_3_1_, user1_.roles as roles8_3_1_ from id generalseq0_ left outer join user user1_ on generalseq0_.number=user1_.idd where generalseq0_.number=?
Hibernate: select user0_.email as email1_3_1_, user0_.active as active2_3_1_, user0_.id as id3_3_1_, user0_.lastname as lastname4_3_1_, user0_.months as months5_3_1_, user0_.name as name6_3_1_, user0_.idd as idd9_3_1_, user0_.password as password7_3_1_, user0_.roles as roles8_3_1_, generalseq1_.number as number1_1_0_ from user user0_ left outer join id generalseq1_ on user0_.idd=generalseq1_.number where user0_.idd=?


*******Inside api/security/events**********


Hibernate: select event0_.i as i1_0_, event0_.action as action2_0_, event0_.date as date3_0_, event0_.object as object4_0_, event0_.path as path5_0_, event0_.subject as subject6_0_ from event event0_
?[1;31m
Start test 15?[0m
Hibernate: select user0_.email as email1_3_, user0_.active as active2_3_, user0_.id as id3_3_, user0_.lastname as lastname4_3_, user0_.months as months5_3_, user0_.name as name6_3_, user0_.idd as idd9_3_, user0_.password as password7_3_, user0_.roles as roles8_3_ from user user0_ where user0_.email=?
Hibernate: call next value for hibernate_sequence
Hibernate: insert into event (action, date, object, path, subject, i) values (?, ?, ?, ?, ?, ?)



***** EntryPoint - failed Login *****



?[1;31m
Start test 16?[0m
Hibernate: select user0_.email as email1_3_, user0_.active as active2_3_, user0_.id as id3_3_, user0_.lastname as lastname4_3_, user0_.months as months5_3_, user0_.name as name6_3_, user0_.idd as idd9_3_, user0_.password as password7_3_, user0_.roles as roles8_3_ from user user0_ where user0_.email=?
Hibernate: select generalseq0_.number as number1_1_0_, user1_.email as email1_3_1_, user1_.active as active2_3_1_, user1_.id as id3_3_1_, user1_.lastname as lastname4_3_1_, user1_.months as months5_3_1_, user1_.name as name6_3_1_, user1_.idd as idd9_3_1_, user1_.password as password7_3_1_, user1_.roles as roles8_3_1_ from id generalseq0_ left outer join user user1_ on generalseq0_.number=user1_.idd where generalseq0_.number=?
Hibernate: select user0_.email as email1_3_1_, user0_.active as active2_3_1_, user0_.id as id3_3_1_, user0_.lastname as lastname4_3_1_, user0_.months as months5_3_1_, user0_.name as name6_3_1_, user0_.idd as idd9_3_1_, user0_.password as password7_3_1_, user0_.roles as roles8_3_1_, generalseq1_.number as number1_1_0_ from user user0_ left outer join id generalseq1_ on user0_.idd=generalseq1_.number where user0_.idd=?


*******Inside api/security/events**********


Hibernate: select event0_.i as i1_0_, event0_.action as action2_0_, event0_.date as date3_0_, event0_.object as object4_0_, event0_.path as path5_0_, event0_.subject as subject6_0_ from event event0_
?[1;31m
Start test 17?[0m
Hibernate: select user0_.email as email1_3_, user0_.active as active2_3_, user0_.id as id3_3_, user0_.lastname as lastname4_3_, user0_.months as months5_3_, user0_.name as name6_3_, user0_.idd as idd9_3_, user0_.password as password7_3_, user0_.roles as roles8_3_ from user user0_ where user0_.email=?
Hibernate: call next value for hibernate_sequence
Hibernate: insert into event (action, date, object, path, subject, i) values (?, ?, ?, ?, ?, ?)



***** EntryPoint - failed Login *****



?[1;31m
Start test 18?[0m
2022-08-17 21:31:44.488 ERROR 23360 --- [io-28852-exec-3] o.a.c.c.C.[.[.[/].[dispatcherServlet]    : Servlet.service() for servlet [dispatcherServlet] in context with path [] threw exception

java.lang.NullPointerException: Cannot invoke "String.split(String)" because "encoded" is null
	at account.securityConfig.RestAuthenticationEntryPoint.commence(RestAuthenticationEntryPoint.java:28) ~[main/:na]
	at org.springframework.security.web.access.ExceptionTranslationFilter.sendStartAuthentication(ExceptionTranslationFilter.java:212) ~[spring-security-web-5.3.3.RELEASE.jar:5.3.3.RELEASE]
	at org.springframework.security.web.access.ExceptionTranslationFilter.handleSpringSecurityException(ExceptionTranslationFilter.java:184) ~[spring-security-web-5.3.3.RELEASE.jar:5.3.3.RELEASE]
	at org.springframework.security.web.access.ExceptionTranslationFilter.doFilter(ExceptionTranslationFilter.java:140) ~[spring-security-web-5.3.3.RELEASE.jar:5.3.3.RELEASE]
	at org.springframework.security.web.FilterChainProxy$VirtualFilterChain.doFilter(FilterChainProxy.java:334) ~[spring-security-web-5.3.3.RELEASE.jar:5.3.3.RELEASE]
	at org.springframework.security.web.session.SessionManagementFilter.doFilter(SessionManagementFilter.java:137) ~[spring-security-web-5.3.3.RELEASE.jar:5.3.3.RELEASE]
	at org.springframework.security.web.FilterChainProxy$VirtualFilterChain.doFilter(FilterChainProxy.java:334) ~[spring-security-web-5.3.3.RELEASE.jar:5.3.3.RELEASE]
	at org.springframework.security.web.authentication.AnonymousAuthenticationFilter.doFilter(AnonymousAuthenticationFilter.java:111) ~[spring-security-web-5.3.3.RELEASE.jar:5.3.3.RELEASE]
	at org.springframework.security.web.FilterChainProxy$VirtualFilterChain.doFilter(FilterChainProxy.java:334) ~[spring-security-web-5.3.3.RELEASE.jar:5.3.3.RELEASE]
	at org.springframework.security.web.servletapi.SecurityContextHolderAwareRequestFilter.doFilter(SecurityContextHolderAwareRequestFilter.java:158) ~[spring-security-web-5.3.3.RELEASE.jar:5.3.3.RELEASE]
	at org.springframework.security.web.FilterChainProxy$VirtualFilterChain.doFilter(FilterChainProxy.java:334) ~[spring-security-web-5.3.3.RELEASE.jar:5.3.3.RELEASE]
	at org.springframework.security.web.savedrequest.RequestCacheAwareFilter.doFilter(RequestCacheAwareFilter.java:63) ~[spring-security-web-5.3.3.RELEASE.jar:5.3.3.RELEASE]
	at org.springframework.security.web.FilterChainProxy$VirtualFilterChain.doFilter(FilterChainProxy.java:334) ~[spring-security-web-5.3.3.RELEASE.jar:5.3.3.RELEASE]
	at org.springframework.security.web.authentication.www.BasicAuthenticationFilter.doFilterInternal(BasicAuthenticationFilter.java:155) ~[spring-security-web-5.3.3.RELEASE.jar:5.3.3.RELEASE]
	at org.springframework.web.filter.OncePerRequestFilter.doFilter(OncePerRequestFilter.java:119) ~[spring-web-5.2.7.RELEASE.jar:5.2.7.RELEASE]
	at org.springframework.security.web.FilterChainProxy$VirtualFilterChain.doFilter(FilterChainProxy.java:334) ~[spring-security-web-5.3.3.RELEASE.jar:5.3.3.RELEASE]
	at org.springframework.security.web.authentication.logout.LogoutFilter.doFilter(LogoutFilter.java:116) ~[spring-security-web-5.3.3.RELEASE.jar:5.3.3.RELEASE]
	at org.springframework.security.web.FilterChainProxy$VirtualFilterChain.doFilter(FilterChainProxy.java:334) ~[spring-security-web-5.3.3.RELEASE.jar:5.3.3.RELEASE]
	at org.springframework.security.web.header.HeaderWriterFilter.doHeadersAfter(HeaderWriterFilter.java:92) ~[spring-security-web-5.3.3.RELEASE.jar:5.3.3.RELEASE]
	at org.springframework.security.web.header.HeaderWriterFilter.doFilterInternal(HeaderWriterFilter.java:77) ~[spring-security-web-5.3.3.RELEASE.jar:5.3.3.RELEASE]
	at org.springframework.web.filter.OncePerRequestFilter.doFilter(OncePerRequestFilter.java:119) ~[spring-web-5.2.7.RELEASE.jar:5.2.7.RELEASE]
	at org.springframework.security.web.FilterChainProxy$VirtualFilterChain.doFilter(FilterChainProxy.java:334) ~[spring-security-web-5.3.3.RELEASE.jar:5.3.3.RELEASE]
	at org.springframework.security.web.context.SecurityContextPersistenceFilter.doFilter(SecurityContextPersistenceFilter.java:105) ~[spring-security-web-5.3.3.RELEASE.jar:5.3.3.RELEASE]
	at org.springframework.security.web.FilterChainProxy$VirtualFilterChain.doFilter(FilterChainProxy.java:334) ~[spring-security-web-5.3.3.RELEASE.jar:5.3.3.RELEASE]
	at org.springframework.security.web.context.request.async.WebAsyncManagerIntegrationFilter.doFilterInternal(WebAsyncManagerIntegrationFilter.java:56) ~[spring-security-web-5.3.3.RELEASE.jar:5.3.3.RELEASE]
	at org.springframework.web.filter.OncePerRequestFilter.doFilter(OncePerRequestFilter.java:119) ~[spring-web-5.2.7.RELEASE.jar:5.2.7.RELEASE]
	at org.springframework.security.web.FilterChainProxy$VirtualFilterChain.doFilter(FilterChainProxy.java:334) ~[spring-security-web-5.3.3.RELEASE.jar:5.3.3.RELEASE]
	at org.springframework.security.web.FilterChainProxy.doFilterInternal(FilterChainProxy.java:215) ~[spring-security-web-5.3.3.RELEASE.jar:5.3.3.RELEASE]
	at org.springframework.security.web.FilterChainProxy.doFilter(FilterChainProxy.java:178) ~[spring-security-web-5.3.3.RELEASE.jar:5.3.3.RELEASE]
	at org.springframework.web.filter.DelegatingFilterProxy.invokeDelegate(DelegatingFilterProxy.java:358) ~[spring-web-5.2.7.RELEASE.jar:5.2.7.RELEASE]
	at org.springframework.web.filter.DelegatingFilterProxy.doFilter(DelegatingFilterProxy.java:271) ~[spring-web-5.2.7.RELEASE.jar:5.2.7.RELEASE]
	at jdk.internal.reflect.GeneratedMethodAccessor64.invoke(Unknown Source) ~[na:na]
	at java.base/jdk.internal.reflect.DelegatingMethodAccessorImpl.invoke(DelegatingMethodAccessorImpl.java:43) ~[na:na]
	at java.base/java.lang.reflect.Method.invoke(Method.java:568) ~[na:na]
	at org.apache.catalina.security.SecurityUtil$1.run(SecurityUtil.java:282) ~[tomcat-embed-core-9.0.36.jar:9.0.36]
	at org.apache.catalina.security.SecurityUtil$1.run(SecurityUtil.java:279) ~[tomcat-embed-core-9.0.36.jar:9.0.36]
	at java.base/java.security.AccessController.doPrivileged(AccessController.java:712) ~[na:na]
	at java.base/javax.security.auth.Subject.doAsPrivileged(Subject.java:584) ~[na:na]
	at org.apache.catalina.security.SecurityUtil.execute(SecurityUtil.java:314) ~[tomcat-embed-core-9.0.36.jar:9.0.36]
	at org.apache.catalina.security.SecurityUtil.doAsPrivilege(SecurityUtil.java:253) ~[tomcat-embed-core-9.0.36.jar:9.0.36]
	at org.apache.catalina.core.ApplicationFilterChain.internalDoFilter(ApplicationFilterChain.java:191) ~[tomcat-embed-core-9.0.36.jar:9.0.36]
	at org.apache.catalina.core.ApplicationFilterChain.access$000(ApplicationFilterChain.java:47) ~[tomcat-embed-core-9.0.36.jar:9.0.36]
	at org.apache.catalina.core.ApplicationFilterChain$1.run(ApplicationFilterChain.java:149) ~[tomcat-embed-core-9.0.36.jar:9.0.36]
	at org.apache.catalina.core.ApplicationFilterChain$1.run(ApplicationFilterChain.java:145) ~[tomcat-embed-core-9.0.36.jar:9.0.36]
	at java.base/java.security.AccessController.doPrivileged(AccessController.java:569) ~[na:na]
	at org.apache.catalina.core.ApplicationFilterChain.doFilter(ApplicationFilterChain.java:144) ~[tomcat-embed-core-9.0.36.jar:9.0.36]
	at org.springframework.web.filter.RequestContextFilter.doFilterInternal(RequestContextFilter.java:100) ~[spring-web-5.2.7.RELEASE.jar:5.2.7.RELEASE]
	at org.springframework.web.filter.OncePerRequestFilter.doFilter(OncePerRequestFilter.java:119) ~[spring-web-5.2.7.RELEASE.jar:5.2.7.RELEASE]
	at jdk.internal.reflect.GeneratedMethodAccessor64.invoke(Unknown Source) ~[na:na]
	at java.base/jdk.internal.reflect.DelegatingMethodAccessorImpl.invoke(DelegatingMethodAccessorImpl.java:43) ~[na:na]
	at java.base/java.lang.reflect.Method.invoke(Method.java:568) ~[na:na]
	at org.apache.catalina.security.SecurityUtil$1.run(SecurityUtil.java:282) ~[tomcat-embed-core-9.0.36.jar:9.0.36]
	at org.apache.catalina.security.SecurityUtil$1.run(SecurityUtil.java:279) ~[tomcat-embed-core-9.0.36.jar:9.0.36]
	at java.base/java.security.AccessController.doPrivileged(AccessController.java:712) ~[na:na]
	at java.base/javax.security.auth.Subject.doAsPrivileged(Subject.java:584) ~[na:na]
	at org.apache.catalina.security.SecurityUtil.execute(SecurityUtil.java:314) ~[tomcat-embed-core-9.0.36.jar:9.0.36]
	at org.apache.catalina.security.SecurityUtil.doAsPrivilege(SecurityUtil.java:253) ~[tomcat-embed-core-9.0.36.jar:9.0.36]
	at org.apache.catalina.core.ApplicationFilterChain.internalDoFilter(ApplicationFilterChain.java:191) ~[tomcat-embed-core-9.0.36.jar:9.0.36]
	at org.apache.catalina.core.ApplicationFilterChain.access$000(ApplicationFilterChain.java:47) ~[tomcat-embed-core-9.0.36.jar:9.0.36]
	at org.apache.catalina.core.ApplicationFilterChain$1.run(ApplicationFilterChain.java:149) ~[tomcat-embed-core-9.0.36.jar:9.0.36]
	at org.apache.catalina.core.ApplicationFilterChain$1.run(ApplicationFilterChain.java:145) ~[tomcat-embed-core-9.0.36.jar:9.0.36]
	at java.base/java.security.AccessController.doPrivileged(AccessController.java:569) ~[na:na]
	at org.apache.catalina.core.ApplicationFilterChain.doFilter(ApplicationFilterChain.java:144) ~[tomcat-embed-core-9.0.36.jar:9.0.36]
	at org.springframework.web.filter.FormContentFilter.doFilterInternal(FormContentFilter.java:93) ~[spring-web-5.2.7.RELEASE.jar:5.2.7.RELEASE]
	at org.springframework.web.filter.OncePerRequestFilter.doFilter(OncePerRequestFilter.java:119) ~[spring-web-5.2.7.RELEASE.jar:5.2.7.RELEASE]
	at jdk.internal.reflect.GeneratedMethodAccessor64.invoke(Unknown Source) ~[na:na]
	at java.base/jdk.internal.reflect.DelegatingMethodAccessorImpl.invoke(DelegatingMethodAccessorImpl.java:43) ~[na:na]
	at java.base/java.lang.reflect.Method.invoke(Method.java:568) ~[na:na]
	at org.apache.catalina.security.SecurityUtil$1.run(SecurityUtil.java:282) ~[tomcat-embed-core-9.0.36.jar:9.0.36]
	at org.apache.catalina.security.SecurityUtil$1.run(SecurityUtil.java:279) ~[tomcat-embed-core-9.0.36.jar:9.0.36]
	at java.base/java.security.AccessController.doPrivileged(AccessController.java:712) ~[na:na]
	at java.base/javax.security.auth.Subject.doAsPrivileged(Subject.java:584) ~[na:na]
	at org.apache.catalina.security.SecurityUtil.execute(SecurityUtil.java:314) ~[tomcat-embed-core-9.0.36.jar:9.0.36]
	at org.apache.catalina.security.SecurityUtil.doAsPrivilege(SecurityUtil.java:253) ~[tomcat-embed-core-9.0.36.jar:9.0.36]
	at org.apache.catalina.core.ApplicationFilterChain.internalDoFilter(ApplicationFilterChain.java:191) ~[tomcat-embed-core-9.0.36.jar:9.0.36]
	at org.apache.catalina.core.ApplicationFilterChain.access$000(ApplicationFilterChain.java:47) ~[tomcat-embed-core-9.0.36.jar:9.0.36]
	at org.apache.catalina.core.ApplicationFilterChain$1.run(ApplicationFilterChain.java:149) ~[tomcat-embed-core-9.0.36.jar:9.0.36]
	at org.apache.catalina.core.ApplicationFilterChain$1.run(ApplicationFilterChain.java:145) ~[tomcat-embed-core-9.0.36.jar:9.0.36]
	at java.base/java.security.AccessController.doPrivileged(AccessController.java:569) ~[na:na]
	at org.apache.catalina.core.ApplicationFilterChain.doFilter(ApplicationFilterChain.java:144) ~[tomcat-embed-core-9.0.36.jar:9.0.36]
	at org.springframework.boot.actuate.metrics.web.servlet.WebMvcMetricsFilter.doFilterInternal(WebMvcMetricsFilter.java:93) ~[spring-boot-actuator-2.3.1.RELEASE.jar:2.3.1.RELEASE]
	at org.springframework.web.filter.OncePerRequestFilter.doFilter(OncePerRequestFilter.java:119) ~[spring-web-5.2.7.RELEASE.jar:5.2.7.RELEASE]
	at jdk.internal.reflect.GeneratedMethodAccessor64.invoke(Unknown Source) ~[na:na]
	at java.base/jdk.internal.reflect.DelegatingMethodAccessorImpl.invoke(DelegatingMethodAccessorImpl.java:43) ~[na:na]
	at java.base/java.lang.reflect.Method.invoke(Method.java:568) ~[na:na]
	at org.apache.catalina.security.SecurityUtil$1.run(SecurityUtil.java:282) ~[tomcat-embed-core-9.0.36.jar:9.0.36]
	at org.apache.catalina.security.SecurityUtil$1.run(SecurityUtil.java:279) ~[tomcat-embed-core-9.0.36.jar:9.0.36]
	at java.base/java.security.AccessController.doPrivileged(AccessController.java:712) ~[na:na]
	at java.base/javax.security.auth.Subject.doAsPrivileged(Subject.java:584) ~[na:na]
	at org.apache.catalina.security.SecurityUtil.execute(SecurityUtil.java:314) ~[tomcat-embed-core-9.0.36.jar:9.0.36]
	at org.apache.catalina.security.SecurityUtil.doAsPrivilege(SecurityUtil.java:253) ~[tomcat-embed-core-9.0.36.jar:9.0.36]
	at org.apache.catalina.core.ApplicationFilterChain.internalDoFilter(ApplicationFilterChain.java:191) ~[tomcat-embed-core-9.0.36.jar:9.0.36]
	at org.apache.catalina.core.ApplicationFilterChain.access$000(ApplicationFilterChain.java:47) ~[tomcat-embed-core-9.0.36.jar:9.0.36]
	at org.apache.catalina.core.ApplicationFilterChain$1.run(ApplicationFilterChain.java:149) ~[tomcat-embed-core-9.0.36.jar:9.0.36]
	at org.apache.catalina.core.ApplicationFilterChain$1.run(ApplicationFilterChain.java:145) ~[tomcat-embed-core-9.0.36.jar:9.0.36]
	at java.base/java.security.AccessController.doPrivileged(AccessController.java:569) ~[na:na]
	at org.apache.catalina.core.ApplicationFilterChain.doFilter(ApplicationFilterChain.java:144) ~[tomcat-embed-core-9.0.36.jar:9.0.36]
	at org.springframework.web.filter.CharacterEncodingFilter.doFilterInternal(CharacterEncodingFilter.java:201) ~[spring-web-5.2.7.RELEASE.jar:5.2.7.RELEASE]
	at org.springframework.web.filter.OncePerRequestFilter.doFilter(OncePerRequestFilter.java:119) ~[spring-web-5.2.7.RELEASE.jar:5.2.7.RELEASE]
	at jdk.internal.reflect.GeneratedMethodAccessor64.invoke(Unknown Source) ~[na:na]
	at java.base/jdk.internal.reflect.DelegatingMethodAccessorImpl.invoke(DelegatingMethodAccessorImpl.java:43) ~[na:na]
	at java.base/java.lang.reflect.Method.invoke(Method.java:568) ~[na:na]
	at org.apache.catalina.security.SecurityUtil$1.run(SecurityUtil.java:282) ~[tomcat-embed-core-9.0.36.jar:9.0.36]
	at org.apache.catalina.security.SecurityUtil$1.run(SecurityUtil.java:279) ~[tomcat-embed-core-9.0.36.jar:9.0.36]
	at java.base/java.security.AccessController.doPrivileged(AccessController.java:712) ~[na:na]
	at java.base/javax.security.auth.Subject.doAsPrivileged(Subject.java:584) ~[na:na]
	at org.apache.catalina.security.SecurityUtil.execute(SecurityUtil.java:314) ~[tomcat-embed-core-9.0.36.jar:9.0.36]
	at org.apache.catalina.security.SecurityUtil.doAsPrivilege(SecurityUtil.java:253) ~[tomcat-embed-core-9.0.36.jar:9.0.36]
	at org.apache.catalina.core.ApplicationFilterChain.internalDoFilter(ApplicationFilterChain.java:191) ~[tomcat-embed-core-9.0.36.jar:9.0.36]
	at org.apache.catalina.core.ApplicationFilterChain.access$000(ApplicationFilterChain.java:47) ~[tomcat-embed-core-9.0.36.jar:9.0.36]
	at org.apache.catalina.core.ApplicationFilterChain$1.run(ApplicationFilterChain.java:149) ~[tomcat-embed-core-9.0.36.jar:9.0.36]
	at org.apache.catalina.core.ApplicationFilterChain$1.run(ApplicationFilterChain.java:145) ~[tomcat-embed-core-9.0.36.jar:9.0.36]
	at java.base/java.security.AccessController.doPrivileged(AccessController.java:569) ~[na:na]
	at org.apache.catalina.core.ApplicationFilterChain.doFilter(ApplicationFilterChain.java:144) ~[tomcat-embed-core-9.0.36.jar:9.0.36]
	at org.apache.catalina.core.StandardWrapperValve.invoke(StandardWrapperValve.java:202) ~[tomcat-embed-core-9.0.36.jar:9.0.36]
	at org.apache.catalina.core.StandardContextValve.invoke(StandardContextValve.java:96) ~[tomcat-embed-core-9.0.36.jar:9.0.36]
	at org.apache.catalina.authenticator.AuthenticatorBase.invoke(AuthenticatorBase.java:541) ~[tomcat-embed-core-9.0.36.jar:9.0.36]
	at org.apache.catalina.core.StandardHostValve.invoke(StandardHostValve.java:139) ~[tomcat-embed-core-9.0.36.jar:9.0.36]
	at org.apache.catalina.valves.ErrorReportValve.invoke(ErrorReportValve.java:92) ~[tomcat-embed-core-9.0.36.jar:9.0.36]
	at org.apache.catalina.core.StandardEngineValve.invoke(StandardEngineValve.java:74) ~[tomcat-embed-core-9.0.36.jar:9.0.36]
	at org.apache.catalina.connector.CoyoteAdapter.service(CoyoteAdapter.java:343) ~[tomcat-embed-core-9.0.36.jar:9.0.36]
	at org.apache.coyote.http11.Http11Processor.service(Http11Processor.java:373) ~[tomcat-embed-core-9.0.36.jar:9.0.36]
	at org.apache.coyote.AbstractProcessorLight.process(AbstractProcessorLight.java:65) ~[tomcat-embed-core-9.0.36.jar:9.0.36]
	at org.apache.coyote.AbstractProtocol$ConnectionHandler.process(AbstractProtocol.java:868) ~[tomcat-embed-core-9.0.36.jar:9.0.36]
	at org.apache.tomcat.util.net.NioEndpoint$SocketProcessor.doRun(NioEndpoint.java:1590) ~[tomcat-embed-core-9.0.36.jar:9.0.36]
	at org.apache.tomcat.util.net.SocketProcessorBase.run(SocketProcessorBase.java:49) ~[tomcat-embed-core-9.0.36.jar:9.0.36]
	at java.base/java.util.concurrent.ThreadPoolExecutor.runWorker(ThreadPoolExecutor.java:1136) ~[na:na]
	at java.base/java.util.concurrent.ThreadPoolExecutor$Worker.run(ThreadPoolExecutor.java:635) ~[na:na]
	at org.apache.tomcat.util.threads.TaskThread$WrappingRunnable.run(TaskThread.java:61) ~[tomcat-embed-core-9.0.36.jar:9.0.36]
	at java.base/java.lang.Thread.run(Thread.java:833) ~[na:na]

]]></system-out>
  <system-err><![CDATA[]]></system-err>
</testsuite>
